
#####
[2018-10-18 01:59:55]
TYPE: mobile
OS: Android 5.0
Model: Shamu
UUID: 6b356755575fce31
GEO: 

#####
[2018-10-18 02:01:03]
TYPE: mobile
OS: Android 5.0
Model: Shamu
UUID: 6b356755575fce31
GEO: 

#####
[2018-10-18 02:01:44]
TYPE: mobile
OS: Android 5.0
Model: Shamu
UUID: 6b356755575fce31
GEO: 

#####
[2018-10-18 02:04:06]
TYPE: mobile
OS: Android 5.0
Model: Shamu
UUID: 6b356755575fce31
GEO: [object Object]

#####
[2018-10-18 02:09:20]
TYPE: mobile
OS: Android 5.0
Model: Shamu
UUID: 6b356755575fce31
GEO: 

#####
[2018-10-18 02:12:03]
TYPE: mobile
OS: Android 5.0
Model: Shamu
UUID: 6b356755575fce31
GEO: 

#####
[2018-10-18 02:12:32]
TYPE: mobile
OS: Android 5.0
Model: Shamu
UUID: 6b356755575fce31
GEO: 

#####
[2018-10-18 02:13:48]
TYPE: mobile
OS: Android 5.0
Model: Shamu
UUID: 6b356755575fce31
GEO: 

#####
[2018-10-18 02:15:12]
TYPE: mobile
OS: Android 5.0
Model: Shamu
UUID: 6b356755575fce31
GEO: 

#####
[2018-10-18 02:15:26]
TYPE: mobile
OS: Android 5.0
Model: Shamu
UUID: 6b356755575fce31
GEO: 

#####
[2018-10-18 02:18:11]
TYPE: mobile
OS: Android 5.0
Model: Shamu
UUID: 6b356755575fce31
GEO: 

#####
[2018-10-18 10:57:17]
TYPE: mobile
OS: Android 5.0
Model: Shamu
UUID: 6b356755575fce31
GEO: undefined

#####
[2018-10-18 10:58:03]
TYPE: mobile
OS: Android 5.0
Model: Shamu
UUID: 6b356755575fce31
GEO: undefined

#####
[2018-10-18 11:00:18]
TYPE: mobile
OS: Android 5.0
Model: Shamu
UUID: 6b356755575fce31
GEO: undefined

#####
[2018-10-18 11:20:33]
TYPE: mobile
OS: Android 5.0
Model: Shamu
UUID: 6b356755575fce31
GEO: undefined

#####
[2018-10-18 11:22:20]
TYPE: mobile
OS: Android 5.0
Model: Shamu
UUID: 6b356755575fce31
GEO: undefined

#####
[2018-10-18 11:25:23]
TYPE: mobile
OS: Android 5.0
Model: Shamu
UUID: 6b356755575fce31
GEO: null

#####
[2018-10-18 11:26:44]
TYPE: mobile
OS: Android 5.0
Model: Shamu
UUID: 6b356755575fce31
GEO: null

#####
[2018-10-18 11:28:20]
TYPE: mobile
OS: Android 5.0
Model: Shamu
UUID: 6b356755575fce31
GEO: ["Latitude": "43.46564338060829";"Longitude": "-80.49907935484705";"Altitude": "100";"Accuracy": "150";"Altitude Accuracy": "80";"Heading": "NaN";"Speed": "null";"Timestamp": "Thu Oct 18 2018 11:28:13 GMT 0300 (%u041C%u043E%u0441%u043A%u0432%u0430, %u0441%u0442%u0430%u043D%u0434%u0430%u0440%u0442%u043D%u043E%u0435 %u0432%u0440%u0435%u043C%u044F)";]

#####
[2018-10-18 11:28:32]
TYPE: mobile
OS: Android 5.0
Model: Shamu
UUID: 6b356755575fce31
GEO: ["Latitude": "43.46564338060829";"Longitude": "-80.49907935484705";"Altitude": "100";"Accuracy": "150";"Altitude Accuracy": "80";"Heading": "NaN";"Speed": "null";"Timestamp": "Thu Oct 18 2018 11:28:25 GMT 0300 (%u041C%u043E%u0441%u043A%u0432%u0430, %u0441%u0442%u0430%u043D%u0434%u0430%u0440%u0442%u043D%u043E%u0435 %u0432%u0440%u0435%u043C%u044F)";]

#####
[2018-10-18 11:30:42]
TYPE: mobile
OS: Android 5.0
Model: Shamu
UUID: 6b356755575fce31
GEO: ["Latitude": "43.46564338060829";"Longitude": "-80.49907935484705";"Altitude": "100";"Accuracy": "150";"Altitude Accuracy": "80";"Heading": "NaN";"Speed": "null";]

#####
[2018-10-18 11:47:51]
TYPE: mobile
OS: Android 5.0
Model: Shamu
UUID: 6b356755575fce31
GEO: {"Latitude": "43.46564338060829";"Longitude": "-80.49907935484705";"Altitude": "100";"Accuracy": "150";"Altitude Accuracy": "80";"Heading": "NaN";"Speed": "null";}

#####
[2018-10-18 11:56:24]
TYPE: mobile
OS: Android 5.0
Model: Shamu
UUID: 6b356755575fce31
GEO: {"Latitude": 43.46564338060829;"Longitude": -80.49907935484705;"Altitude": 100;"Accuracy": 150;"Altitude Accuracy": 80";"Heading": NaN;"Speed": null;}

#####
[2018-10-18 11:56:40]
TYPE: mobile
OS: Android 5.0
Model: Shamu
UUID: 6b356755575fce31
GEO: {"Latitude": 43.46564338060829;"Longitude": -80.49907935484705;"Altitude": 100;"Accuracy": 150;"Altitude Accuracy": 80";"Heading": NaN;"Speed": null;}

#####
[2018-10-18 15:32:32]
TYPE: mobile
OS: Android 5.0
Model: Shamu
UUID: 6b356755575fce31
GEO: {"Latitude": 43.46564338060829;"Longitude": -80.49907935484705;"Altitude": 100;"Accuracy": 150;"Altitude Accuracy": 80";"Heading": NaN;"Speed": null;}

#####
[2018-10-18 16:38:35]
TYPE: mobile
OS: Android 5.0
Model: Shamu
UUID: 6b356755575fce31
GEO: {"Latitude": 43.46564338060829;"Longitude": -80.49907935484705;"Altitude": 100;"Accuracy": 150;"Altitude Accuracy": 80";"Heading": NaN;"Speed": null;}
