
#####
[2018-11-26 08:55:13]
TYPE: mobile
OS: Android 5.0
Model: Shamu
UUID: 6b356755575fce31
GEO: {"Latitude": 43.46564338060829;"Longitude": -80.49907935484705;"Altitude": 100;"Accuracy": 150;"Altitude Accuracy": 80";"Heading": NaN;"Speed": null;}
IP: 127.0.0.1

#####
[2018-11-26 08:55:17]
TYPE: mobile
OS: Android 5.0
Model: Shamu
UUID: 6b356755575fce31
GEO: {"Latitude": 43.46564338060829;"Longitude": -80.49907935484705;"Altitude": 100;"Accuracy": 150;"Altitude Accuracy": 80";"Heading": NaN;"Speed": null;}
TEST-RESULT:{[0, 0, 13, 0, 7, 15]}
IP: 127.0.0.1

#####
[2018-11-26 08:55:33]
TYPE: mobile
OS: Android 5.0
Model: Shamu
UUID: 6b356755575fce31
GEO: {"Latitude": 43.46564338060829;"Longitude": -80.49907935484705;"Altitude": 100;"Accuracy": 150;"Altitude Accuracy": 80";"Heading": NaN;"Speed": null;}
IP: 127.0.0.1

#####
[2018-11-26 08:55:35]
TYPE: mobile
OS: Android 5.0
Model: Shamu
UUID: 6b356755575fce31
GEO: {"Latitude": 43.46564338060829;"Longitude": -80.49907935484705;"Altitude": 100;"Accuracy": 150;"Altitude Accuracy": 80";"Heading": NaN;"Speed": null;}
IP: 127.0.0.1

#####
[2018-11-26 08:55:38]
TYPE: mobile
OS: Android 5.0
Model: Shamu
UUID: 6b356755575fce31
GEO: {"Latitude": 43.46564338060829;"Longitude": -80.49907935484705;"Altitude": 100;"Accuracy": 150;"Altitude Accuracy": 80";"Heading": NaN;"Speed": null;}
IP: 127.0.0.1

#####
[2018-11-26 09:00:52]
TYPE: mobile
OS: Android 5.0
Model: Shamu
UUID: 6b356755575fce31
GEO: {"Latitude": 43.46564338060829;"Longitude": -80.49907935484705;"Altitude": 100;"Accuracy": 150;"Altitude Accuracy": 80";"Heading": NaN;"Speed": null;}
IP: 127.0.0.1

#####
[2018-11-26 09:00:59]
TYPE: mobile
OS: Android 5.0
Model: Shamu
UUID: 6b356755575fce31
GEO: {"Latitude": 43.46564338060829;"Longitude": -80.49907935484705;"Altitude": 100;"Accuracy": 150;"Altitude Accuracy": 80";"Heading": NaN;"Speed": null;}
IP: 127.0.0.1

#####
[2018-11-26 09:02:29]
TYPE: mobile
OS: Android 5.0
Model: Shamu
UUID: 6b356755575fce31
GEO: {"Latitude": 43.46564338060829;"Longitude": -80.49907935484705;"Altitude": 100;"Accuracy": 150;"Altitude Accuracy": 80";"Heading": NaN;"Speed": null;}
IP: 127.0.0.1

#####
[2018-11-26 09:03:13]
TYPE: mobile
OS: Android 5.0
Model: Shamu
UUID: 6b356755575fce31
GEO: {"Latitude": 43.46564338060829;"Longitude": -80.49907935484705;"Altitude": 100;"Accuracy": 150;"Altitude Accuracy": 80";"Heading": NaN;"Speed": null;}
IP: 127.0.0.1

#####
[2018-11-26 09:06:05]
TYPE: mobile
OS: Android 5.0
Model: Shamu
UUID: 6b356755575fce31
GEO: {"Latitude": 43.46564338060829;"Longitude": -80.49907935484705;"Altitude": 100;"Accuracy": 150;"Altitude Accuracy": 80";"Heading": NaN;"Speed": null;}
IP: 127.0.0.1

#####
[2018-11-26 09:07:30]
TYPE: mobile
OS: Android 5.0
Model: Shamu
UUID: 6b356755575fce31
GEO: {"Latitude": 43.46564338060829;"Longitude": -80.49907935484705;"Altitude": 100;"Accuracy": 150;"Altitude Accuracy": 80";"Heading": NaN;"Speed": null;}
IP: 127.0.0.1

#####
[2018-11-26 09:09:50]
TYPE: mobile
OS: Android 5.0
Model: Shamu
UUID: 6b356755575fce31
GEO: {"Latitude": 43.46564338060829;"Longitude": -80.49907935484705;"Altitude": 100;"Accuracy": 150;"Altitude Accuracy": 80";"Heading": NaN;"Speed": null;}
IP: 127.0.0.1

#####
[2018-11-26 09:10:38]
TYPE: mobile
OS: Android 5.0
Model: Shamu
UUID: 6b356755575fce31
GEO: {"Latitude": 43.46564338060829;"Longitude": -80.49907935484705;"Altitude": 100;"Accuracy": 150;"Altitude Accuracy": 80";"Heading": NaN;"Speed": null;}
IP: 127.0.0.1

#####
[2018-11-26 09:11:55]
TYPE: mobile
OS: Android 5.0
Model: Shamu
UUID: 6b356755575fce31
GEO: {"Latitude": 43.46564338060829;"Longitude": -80.49907935484705;"Altitude": 100;"Accuracy": 150;"Altitude Accuracy": 80";"Heading": NaN;"Speed": null;}
IP: 127.0.0.1

#####
[2018-11-26 09:13:39]
TYPE: mobile
OS: Android 5.0
Model: Shamu
UUID: 6b356755575fce31
GEO: {"Latitude": 43.46564338060829;"Longitude": -80.49907935484705;"Altitude": 100;"Accuracy": 150;"Altitude Accuracy": 80";"Heading": NaN;"Speed": null;}
IP: 127.0.0.1

#####
[2018-11-26 09:14:22]
TYPE: mobile
OS: Android 5.0
Model: Shamu
UUID: 6b356755575fce31
GEO: {"Latitude": 43.46564338060829;"Longitude": -80.49907935484705;"Altitude": 100;"Accuracy": 150;"Altitude Accuracy": 80";"Heading": NaN;"Speed": null;}
IP: 127.0.0.1

#####
[2018-11-26 09:14:27]
TYPE: mobile
OS: Android 5.0
Model: Shamu
UUID: 6b356755575fce31
GEO: {"Latitude": 43.46564338060829;"Longitude": -80.49907935484705;"Altitude": 100;"Accuracy": 150;"Altitude Accuracy": 80";"Heading": NaN;"Speed": null;}
IP: 127.0.0.1

#####
[2018-11-26 09:16:49]
TYPE: mobile
OS: Android 5.0
Model: Shamu
UUID: 6b356755575fce31
GEO: {"Latitude": 43.46564338060829;"Longitude": -80.49907935484705;"Altitude": 100;"Accuracy": 150;"Altitude Accuracy": 80";"Heading": NaN;"Speed": null;}
IP: 127.0.0.1

#####
[2018-11-26 09:24:20]
TYPE: mobile
OS: Android 5.0
Model: Shamu
UUID: 6b356755575fce31
GEO: {"Latitude": 43.46564338060829;"Longitude": -80.49907935484705;"Altitude": 100;"Accuracy": 150;"Altitude Accuracy": 80";"Heading": NaN;"Speed": null;}
IP: 127.0.0.1

#####
[2018-11-26 09:25:34]
TYPE: mobile
OS: Android 5.0
Model: Shamu
UUID: 6b356755575fce31
GEO: {"Latitude": 43.46564338060829;"Longitude": -80.49907935484705;"Altitude": 100;"Accuracy": 150;"Altitude Accuracy": 80";"Heading": NaN;"Speed": null;}
IP: 127.0.0.1

#####
[2018-11-26 09:26:41]
TYPE: mobile
OS: Android 5.0
Model: Shamu
UUID: 6b356755575fce31
GEO: {"Latitude": 43.46564338060829;"Longitude": -80.49907935484705;"Altitude": 100;"Accuracy": 150;"Altitude Accuracy": 80";"Heading": NaN;"Speed": null;}
IP: 127.0.0.1

#####
[2018-11-26 09:28:27]
TYPE: mobile
OS: Android 5.0
Model: Shamu
UUID: 6b356755575fce31
GEO: {"Latitude": 43.46564338060829;"Longitude": -80.49907935484705;"Altitude": 100;"Accuracy": 150;"Altitude Accuracy": 80";"Heading": NaN;"Speed": null;}
IP: 127.0.0.1

#####
[2018-11-26 09:29:47]
TYPE: mobile
OS: Android 5.0
Model: Shamu
UUID: 6b356755575fce31
GEO: {"Latitude": 43.46564338060829;"Longitude": -80.49907935484705;"Altitude": 100;"Accuracy": 150;"Altitude Accuracy": 80";"Heading": NaN;"Speed": null;}
IP: 127.0.0.1

#####
[2018-11-26 09:31:15]
TYPE: mobile
OS: Android 5.0
Model: Shamu
UUID: 6b356755575fce31
GEO: {"Latitude": 43.46564338060829;"Longitude": -80.49907935484705;"Altitude": 100;"Accuracy": 150;"Altitude Accuracy": 80";"Heading": NaN;"Speed": null;}
IP: 127.0.0.1

#####
[2018-11-26 09:33:23]
TYPE: web
DATA: {"browser":{"fullName":"Chrome","name":"chrome","version":"70.0.3538","majorVersion":70,"minorVersion":0,"patchVersion":3538,"engine":"webkit"},"os":{"fullName":"Windows","name":"win","version":"10.0","versionName":"10","versionAltNames":[],"majorVersion":10,"minorVersion":0,"patchVersion":null},"features":{"bw":false,"mobile":false,"tv":false,"proxy":false}}
DID: SCREEN: {"width":1600,"height":900}
http://project/#::load-page
IP: 127.0.0.1

#####
[2018-11-26 09:34:44]
TYPE: mobile
OS: Android 5.0
Model: Shamu
UUID: 6b356755575fce31
GEO: {"Latitude": 43.46564338060829;"Longitude": -80.49907935484705;"Altitude": 100;"Accuracy": 150;"Altitude Accuracy": 80";"Heading": NaN;"Speed": null;}
IP: 127.0.0.1

#####
[2018-11-26 09:35:52]
TYPE: mobile
OS: Android 5.0
Model: Shamu
UUID: 6b356755575fce31
GEO: {"Latitude": 43.46564338060829;"Longitude": -80.49907935484705;"Altitude": 100;"Accuracy": 150;"Altitude Accuracy": 80";"Heading": NaN;"Speed": null;}
IP: 127.0.0.1

#####
[2018-11-26 09:38:46]
TYPE: mobile
OS: Android 5.0
Model: Shamu
UUID: 6b356755575fce31
GEO: {"Latitude": 43.46564338060829;"Longitude": -80.49907935484705;"Altitude": 100;"Accuracy": 150;"Altitude Accuracy": 80";"Heading": NaN;"Speed": null;}
IP: 127.0.0.1

#####
[2018-11-26 09:39:48]
TYPE: mobile
OS: Android 5.0
Model: Shamu
UUID: 6b356755575fce31
GEO: {"Latitude": 43.46564338060829;"Longitude": -80.49907935484705;"Altitude": 100;"Accuracy": 150;"Altitude Accuracy": 80";"Heading": NaN;"Speed": null;}
IP: 127.0.0.1

#####
[2018-11-26 09:39:56]
TYPE: mobile
OS: Android 5.0
Model: Shamu
UUID: 6b356755575fce31
GEO: {"Latitude": 43.46564338060829;"Longitude": -80.49907935484705;"Altitude": 100;"Accuracy": 150;"Altitude Accuracy": 80";"Heading": NaN;"Speed": null;}
IP: 127.0.0.1

#####
[2018-11-26 09:46:11]
TYPE: mobile
OS: Android 5.0
Model: Shamu
UUID: 6b356755575fce31
GEO: {"Latitude": 43.46564338060829;"Longitude": -80.49907935484705;"Altitude": 100;"Accuracy": 150;"Altitude Accuracy": 80";"Heading": NaN;"Speed": null;}
IP: 127.0.0.1

#####
[2018-11-26 09:46:20]
TYPE: mobile
OS: Android 5.0
Model: Shamu
UUID: 6b356755575fce31
GEO: {"Latitude": 43.46564338060829;"Longitude": -80.49907935484705;"Altitude": 100;"Accuracy": 150;"Altitude Accuracy": 80";"Heading": NaN;"Speed": null;}
IP: 127.0.0.1

#####
[2018-11-26 09:52:46]
TYPE: mobile
OS: Android 5.0
Model: Shamu
UUID: 6b356755575fce31
GEO: {"Latitude": 43.46564338060829;"Longitude": -80.49907935484705;"Altitude": 100;"Accuracy": 150;"Altitude Accuracy": 80";"Heading": NaN;"Speed": null;}
IP: 127.0.0.1

#####
[2018-11-26 09:53:10]
TYPE: mobile
OS: Android 5.0
Model: Shamu
UUID: 6b356755575fce31
GEO: {"Latitude": 43.46564338060829;"Longitude": -80.49907935484705;"Altitude": 100;"Accuracy": 150;"Altitude Accuracy": 80";"Heading": NaN;"Speed": null;}
TEST-RESULT:{[0, 0, 7, 7, 7, 8]}
IP: 127.0.0.1

#####
[2018-11-26 09:54:33]
TYPE: mobile
OS: Android 5.0
Model: Shamu
UUID: 6b356755575fce31
GEO: {"Latitude": 43.46564338060829;"Longitude": -80.49907935484705;"Altitude": 100;"Accuracy": 150;"Altitude Accuracy": 80";"Heading": NaN;"Speed": null;}
IP: 127.0.0.1

#####
[2018-11-26 09:54:41]
TYPE: mobile
OS: Android 5.0
Model: Shamu
UUID: 6b356755575fce31
GEO: {"Latitude": 43.46564338060829;"Longitude": -80.49907935484705;"Altitude": 100;"Accuracy": 150;"Altitude Accuracy": 80";"Heading": NaN;"Speed": null;}
TEST-RESULT:{[0, 0, 7, 0, 7, 8]}
IP: 127.0.0.1

#####
[2018-11-26 09:58:30]
TYPE: mobile
OS: Android 5.0
Model: Shamu
UUID: 6b356755575fce31
GEO: {"Latitude": 43.46564338060829;"Longitude": -80.49907935484705;"Altitude": 100;"Accuracy": 150;"Altitude Accuracy": 80";"Heading": NaN;"Speed": null;}
IP: 127.0.0.1

#####
[2018-11-26 09:58:41]
TYPE: mobile
OS: Android 5.0
Model: Shamu
UUID: 6b356755575fce31
GEO: {"Latitude": 43.46564338060829;"Longitude": -80.49907935484705;"Altitude": 100;"Accuracy": 150;"Altitude Accuracy": 80";"Heading": NaN;"Speed": null;}
TEST-RESULT:{[0, 0, 0, 0, 14, 8]}
IP: 127.0.0.1

#####
[2018-11-26 09:58:48]
TYPE: mobile
OS: Android 5.0
Model: Shamu
UUID: 6b356755575fce31
GEO: {"Latitude": 43.46564338060829;"Longitude": -80.49907935484705;"Altitude": 100;"Accuracy": 150;"Altitude Accuracy": 80";"Heading": NaN;"Speed": null;}
TEST-RESULT:{[0, 0, 0, 0, 100, 62]}
IP: 127.0.0.1

#####
[2018-11-26 09:58:49]
TYPE: mobile
OS: Android 5.0
Model: Shamu
UUID: 6b356755575fce31
GEO: {"Latitude": 43.46564338060829;"Longitude": -80.49907935484705;"Altitude": 100;"Accuracy": 150;"Altitude Accuracy": 80";"Heading": NaN;"Speed": null;}
TEST-RESULT:{[0, 0, 0, 0, 714, 477]}
IP: 127.0.0.1

#####
[2018-11-26 09:58:49]
TYPE: mobile
OS: Android 5.0
Model: Shamu
UUID: 6b356755575fce31
GEO: {"Latitude": 43.46564338060829;"Longitude": -80.49907935484705;"Altitude": 100;"Accuracy": 150;"Altitude Accuracy": 80";"Heading": NaN;"Speed": null;}
TEST-RESULT:{[0, 0, 0, 0, 5100, 3669]}
IP: 127.0.0.1

#####
[2018-11-26 09:58:50]
TYPE: mobile
OS: Android 5.0
Model: Shamu
UUID: 6b356755575fce31
GEO: {"Latitude": 43.46564338060829;"Longitude": -80.49907935484705;"Altitude": 100;"Accuracy": 150;"Altitude Accuracy": 80";"Heading": NaN;"Speed": null;}
TEST-RESULT:{[0, 0, 0, 0, 36429, 28223]}
IP: 127.0.0.1

#####
[2018-11-26 10:01:13]
TYPE: mobile
OS: Android 5.0
Model: Shamu
UUID: 6b356755575fce31
GEO: {"Latitude": 43.46564338060829;"Longitude": -80.49907935484705;"Altitude": 100;"Accuracy": 150;"Altitude Accuracy": 80";"Heading": NaN;"Speed": null;}
IP: 127.0.0.1

#####
[2018-11-26 10:01:23]
TYPE: mobile
OS: Android 5.0
Model: Shamu
UUID: 6b356755575fce31
GEO: {"Latitude": 43.46564338060829;"Longitude": -80.49907935484705;"Altitude": 100;"Accuracy": 150;"Altitude Accuracy": 80";"Heading": NaN;"Speed": null;}
TEST-RESULT:{[0, 0, 0, 0, 14, 8]}
IP: 127.0.0.1

#####
[2018-11-26 10:02:50]
TYPE: mobile
OS: Android 5.0
Model: Shamu
UUID: 6b356755575fce31
GEO: {"Latitude": 43.46564338060829;"Longitude": -80.49907935484705;"Altitude": 100;"Accuracy": 150;"Altitude Accuracy": 80";"Heading": NaN;"Speed": null;}
IP: 127.0.0.1

#####
[2018-11-26 10:03:00]
TYPE: mobile
OS: Android 5.0
Model: Shamu
UUID: 6b356755575fce31
GEO: {"Latitude": 43.46564338060829;"Longitude": -80.49907935484705;"Altitude": 100;"Accuracy": 150;"Altitude Accuracy": 80";"Heading": NaN;"Speed": null;}
TEST-RESULT:{[0, 0, 13, 14, 7, 8]}
IP: 127.0.0.1

#####
[2018-11-26 10:04:05]
TYPE: mobile
OS: Android 5.0
Model: Shamu
UUID: 6b356755575fce31
GEO: {"Latitude": 43.46564338060829;"Longitude": -80.49907935484705;"Altitude": 100;"Accuracy": 150;"Altitude Accuracy": 80";"Heading": NaN;"Speed": null;}
IP: 127.0.0.1

#####
[2018-11-26 10:04:12]
TYPE: mobile
OS: Android 5.0
Model: Shamu
UUID: 6b356755575fce31
GEO: {"Latitude": 43.46564338060829;"Longitude": -80.49907935484705;"Altitude": 100;"Accuracy": 150;"Altitude Accuracy": 80";"Heading": NaN;"Speed": null;}
TEST-RESULT:{[0, 0, 7, 0, 14, 8]}
IP: 127.0.0.1

#####
[2018-11-26 10:31:49]
TYPE: mobile
OS: Android 5.0
Model: Shamu
UUID: 6b356755575fce31
GEO: {"Latitude": 43.46564338060829;"Longitude": -80.49907935484705;"Altitude": 100;"Accuracy": 150;"Altitude Accuracy": 80";"Heading": NaN;"Speed": null;}
IP: 127.0.0.1

#####
[2018-11-26 10:34:58]
TYPE: mobile
OS: Android 5.0
Model: Shamu
UUID: 6b356755575fce31
GEO: {"Latitude": 43.46564338060829;"Longitude": -80.49907935484705;"Altitude": 100;"Accuracy": 150;"Altitude Accuracy": 80";"Heading": NaN;"Speed": null;}
IP: 127.0.0.1

#####
[2018-11-26 10:36:06]
TYPE: mobile
OS: Android 5.0
Model: Shamu
UUID: 6b356755575fce31
GEO: {"Latitude": 43.46564338060829;"Longitude": -80.49907935484705;"Altitude": 100;"Accuracy": 150;"Altitude Accuracy": 80";"Heading": NaN;"Speed": null;}
IP: 127.0.0.1

#####
[2018-11-26 10:36:15]
TYPE: mobile
OS: Android 5.0
Model: Shamu
UUID: 6b356755575fce31
GEO: {"Latitude": 43.46564338060829;"Longitude": -80.49907935484705;"Altitude": 100;"Accuracy": 150;"Altitude Accuracy": 80";"Heading": NaN;"Speed": null;}
IP: 127.0.0.1

#####
[2018-11-26 10:36:18]
TYPE: mobile
OS: Android 5.0
Model: Shamu
UUID: 6b356755575fce31
GEO: {"Latitude": 43.46564338060829;"Longitude": -80.49907935484705;"Altitude": 100;"Accuracy": 150;"Altitude Accuracy": 80";"Heading": NaN;"Speed": null;}
IP: 127.0.0.1

#####
[2018-11-26 10:37:05]
TYPE: mobile
OS: Android 5.0
Model: Shamu
UUID: 6b356755575fce31
GEO: {"Latitude": 43.46564338060829;"Longitude": -80.49907935484705;"Altitude": 100;"Accuracy": 150;"Altitude Accuracy": 80";"Heading": NaN;"Speed": null;}
IP: 127.0.0.1

#####
[2018-11-26 10:37:07]
TYPE: mobile
OS: Android 5.0
Model: Shamu
UUID: 6b356755575fce31
GEO: {"Latitude": 43.46564338060829;"Longitude": -80.49907935484705;"Altitude": 100;"Accuracy": 150;"Altitude Accuracy": 80";"Heading": NaN;"Speed": null;}
IP: 127.0.0.1

#####
[2018-11-26 10:37:49]
TYPE: mobile
OS: Android 5.0
Model: Shamu
UUID: 6b356755575fce31
GEO: {"Latitude": 43.46564338060829;"Longitude": -80.49907935484705;"Altitude": 100;"Accuracy": 150;"Altitude Accuracy": 80";"Heading": NaN;"Speed": null;}
TEST-RESULT:{[0, 0, 0, 7, 14, 8]}
IP: 127.0.0.1

#####
[2018-11-26 10:38:02]
TYPE: mobile
OS: Android 5.0
Model: Shamu
UUID: 6b356755575fce31
GEO: {"Latitude": 43.46564338060829;"Longitude": -80.49907935484705;"Altitude": 100;"Accuracy": 150;"Altitude Accuracy": 80";"Heading": NaN;"Speed": null;}
IP: 127.0.0.1

#####
[2018-11-26 11:38:30]
TYPE: mobile
OS: Android 5.0
Model: Shamu
UUID: 6b356755575fce31
GEO: {"Latitude": 43.46564338060829;"Longitude": -80.49907935484705;"Altitude": 100;"Accuracy": 150;"Altitude Accuracy": 80";"Heading": NaN;"Speed": null;}
IP: 127.0.0.1

#####
[2018-11-26 11:38:43]
TYPE: mobile
OS: Android 5.0
Model: Shamu
UUID: 6b356755575fce31
GEO: {"Latitude": 43.46564338060829;"Longitude": -80.49907935484705;"Altitude": 100;"Accuracy": 150;"Altitude Accuracy": 80";"Heading": NaN;"Speed": null;}
IP: 127.0.0.1

#####
[2018-11-26 11:39:53]
TYPE: mobile
OS: Android 5.0
Model: Shamu
UUID: 6b356755575fce31
GEO: {"Latitude": 43.46564338060829;"Longitude": -80.49907935484705;"Altitude": 100;"Accuracy": 150;"Altitude Accuracy": 80";"Heading": NaN;"Speed": null;}
IP: 127.0.0.1

#####
[2018-11-26 11:40:03]
TYPE: mobile
OS: Android 5.0
Model: Shamu
UUID: 6b356755575fce31
GEO: {"Latitude": 43.46564338060829;"Longitude": -80.49907935484705;"Altitude": 100;"Accuracy": 150;"Altitude Accuracy": 80";"Heading": NaN;"Speed": null;}
IP: 127.0.0.1

#####
[2018-11-26 11:40:19]
TYPE: mobile
OS: Android 5.0
Model: Shamu
UUID: 6b356755575fce31
GEO: {"Latitude": 43.46564338060829;"Longitude": -80.49907935484705;"Altitude": 100;"Accuracy": 150;"Altitude Accuracy": 80";"Heading": NaN;"Speed": null;}
IP: 127.0.0.1

#####
[2018-11-26 11:46:43]
TYPE: mobile
OS: Android 5.0
Model: Shamu
UUID: 6b356755575fce31
GEO: {"Latitude": 43.46564338060829;"Longitude": -80.49907935484705;"Altitude": 100;"Accuracy": 150;"Altitude Accuracy": 80";"Heading": NaN;"Speed": null;}
IP: 127.0.0.1

#####
[2018-11-26 11:47:23]
TYPE: mobile
OS: Android 5.0
Model: Shamu
UUID: 6b356755575fce31
GEO: {"Latitude": 43.46564338060829;"Longitude": -80.49907935484705;"Altitude": 100;"Accuracy": 150;"Altitude Accuracy": 80";"Heading": NaN;"Speed": null;}
IP: 127.0.0.1

#####
[2018-11-26 11:48:04]
TYPE: mobile
OS: Android 5.0
Model: Shamu
UUID: 6b356755575fce31
GEO: {"Latitude": 43.46564338060829;"Longitude": -80.49907935484705;"Altitude": 100;"Accuracy": 150;"Altitude Accuracy": 80";"Heading": NaN;"Speed": null;}
IP: 127.0.0.1

#####
[2018-11-26 11:48:08]
TYPE: mobile
OS: Android 5.0
Model: Shamu
UUID: 6b356755575fce31
GEO: {"Latitude": 43.46564338060829;"Longitude": -80.49907935484705;"Altitude": 100;"Accuracy": 150;"Altitude Accuracy": 80";"Heading": NaN;"Speed": null;}
IP: 127.0.0.1

#####
[2018-11-26 11:48:15]
TYPE: mobile
OS: Android 5.0
Model: Shamu
UUID: 6b356755575fce31
GEO: {"Latitude": 43.46564338060829;"Longitude": -80.49907935484705;"Altitude": 100;"Accuracy": 150;"Altitude Accuracy": 80";"Heading": NaN;"Speed": null;}
TEST-RESULT:{[0, 7, 7, 0, 7, 0]}
IP: 127.0.0.1

#####
[2018-11-26 11:48:31]
TYPE: mobile
OS: Android 5.0
Model: Shamu
UUID: 6b356755575fce31
GEO: {"Latitude": 43.46564338060829;"Longitude": -80.49907935484705;"Altitude": 100;"Accuracy": 150;"Altitude Accuracy": 80";"Heading": NaN;"Speed": null;}
IP: 127.0.0.1

#####
[2018-11-26 11:51:29]
TYPE: mobile
OS: Android 5.0
Model: Shamu
UUID: 6b356755575fce31
GEO: {"Latitude": 43.46564338060829;"Longitude": -80.49907935484705;"Altitude": 100;"Accuracy": 150;"Altitude Accuracy": 80";"Heading": NaN;"Speed": null;}
IP: 127.0.0.1

#####
[2018-11-26 11:51:52]
TYPE: mobile
OS: Android 5.0
Model: Shamu
UUID: 6b356755575fce31
GEO: {"Latitude": 43.46564338060829;"Longitude": -80.49907935484705;"Altitude": 100;"Accuracy": 150;"Altitude Accuracy": 80";"Heading": NaN;"Speed": null;}
IP: 127.0.0.1

#####
[2018-11-26 11:54:04]
TYPE: mobile
OS: Android 5.0
Model: Shamu
UUID: 6b356755575fce31
GEO: {"Latitude": 43.46564338060829;"Longitude": -80.49907935484705;"Altitude": 100;"Accuracy": 150;"Altitude Accuracy": 80";"Heading": NaN;"Speed": null;}
IP: 127.0.0.1

#####
[2018-11-26 11:54:07]
TYPE: mobile
OS: Android 5.0
Model: Shamu
UUID: 6b356755575fce31
GEO: {"Latitude": 43.46564338060829;"Longitude": -80.49907935484705;"Altitude": 100;"Accuracy": 150;"Altitude Accuracy": 80";"Heading": NaN;"Speed": null;}
IP: 127.0.0.1

#####
[2018-11-26 11:55:07]
TYPE: mobile
OS: Android 5.0
Model: Shamu
UUID: 6b356755575fce31
GEO: {"Latitude": 43.46564338060829;"Longitude": -80.49907935484705;"Altitude": 100;"Accuracy": 150;"Altitude Accuracy": 80";"Heading": NaN;"Speed": null;}
IP: 127.0.0.1

#####
[2018-11-26 11:55:13]
TYPE: mobile
OS: Android 5.0
Model: Shamu
UUID: 6b356755575fce31
GEO: {"Latitude": 43.46564338060829;"Longitude": -80.49907935484705;"Altitude": 100;"Accuracy": 150;"Altitude Accuracy": 80";"Heading": NaN;"Speed": null;}
IP: 127.0.0.1

#####
[2018-11-26 11:55:27]
TYPE: mobile
OS: Android 5.0
Model: Shamu
UUID: 6b356755575fce31
GEO: {"Latitude": 43.46564338060829;"Longitude": -80.49907935484705;"Altitude": 100;"Accuracy": 150;"Altitude Accuracy": 80";"Heading": NaN;"Speed": null;}
IP: 127.0.0.1

#####
[2018-11-26 11:56:47]
TYPE: mobile
OS: Android 5.0
Model: Shamu
UUID: 6b356755575fce31
GEO: {"Latitude": 43.46564338060829;"Longitude": -80.49907935484705;"Altitude": 100;"Accuracy": 150;"Altitude Accuracy": 80";"Heading": NaN;"Speed": null;}
IP: 127.0.0.1

#####
[2018-11-26 11:57:23]
TYPE: mobile
OS: Android 5.0
Model: Shamu
UUID: 6b356755575fce31
GEO: {"Latitude": 43.46564338060829;"Longitude": -80.49907935484705;"Altitude": 100;"Accuracy": 150;"Altitude Accuracy": 80";"Heading": NaN;"Speed": null;}
IP: 127.0.0.1

#####
[2018-11-26 11:58:40]
TYPE: mobile
OS: Android 5.0
Model: Shamu
UUID: 6b356755575fce31
GEO: {"Latitude": 43.46564338060829;"Longitude": -80.49907935484705;"Altitude": 100;"Accuracy": 150;"Altitude Accuracy": 80";"Heading": NaN;"Speed": null;}
IP: 127.0.0.1

#####
[2018-11-26 11:58:44]
TYPE: mobile
OS: Android 5.0
Model: Shamu
UUID: 6b356755575fce31
GEO: {"Latitude": 43.46564338060829;"Longitude": -80.49907935484705;"Altitude": 100;"Accuracy": 150;"Altitude Accuracy": 80";"Heading": NaN;"Speed": null;}
IP: 127.0.0.1

#####
[2018-11-26 11:58:54]
TYPE: mobile
OS: Android 5.0
Model: Shamu
UUID: 6b356755575fce31
GEO: {"Latitude": 43.46564338060829;"Longitude": -80.49907935484705;"Altitude": 100;"Accuracy": 150;"Altitude Accuracy": 80";"Heading": NaN;"Speed": null;}
IP: 127.0.0.1

#####
[2018-11-26 11:58:57]
TYPE: mobile
OS: Android 5.0
Model: Shamu
UUID: 6b356755575fce31
GEO: {"Latitude": 43.46564338060829;"Longitude": -80.49907935484705;"Altitude": 100;"Accuracy": 150;"Altitude Accuracy": 80";"Heading": NaN;"Speed": null;}
IP: 127.0.0.1

#####
[2018-11-26 13:18:37]
TYPE: mobile
OS: Android 5.0
Model: Shamu
UUID: 6b356755575fce31
GEO: {"Latitude": 43.46564338060829;"Longitude": -80.49907935484705;"Altitude": 100;"Accuracy": 150;"Altitude Accuracy": 80";"Heading": NaN;"Speed": null;}
IP: 127.0.0.1

#####
[2018-11-26 13:18:40]
TYPE: mobile
OS: Android 5.0
Model: Shamu
UUID: 6b356755575fce31
GEO: {"Latitude": 43.46564338060829;"Longitude": -80.49907935484705;"Altitude": 100;"Accuracy": 150;"Altitude Accuracy": 80";"Heading": NaN;"Speed": null;}
IP: 127.0.0.1

#####
[2018-11-26 13:18:49]
TYPE: mobile
OS: Android 5.0
Model: Shamu
UUID: 6b356755575fce31
GEO: {"Latitude": 43.46564338060829;"Longitude": -80.49907935484705;"Altitude": 100;"Accuracy": 150;"Altitude Accuracy": 80";"Heading": NaN;"Speed": null;}
IP: 127.0.0.1

#####
[2018-11-26 13:19:00]
TYPE: mobile
OS: Android 5.0
Model: Shamu
UUID: 6b356755575fce31
GEO: {"Latitude": 43.46564338060829;"Longitude": -80.49907935484705;"Altitude": 100;"Accuracy": 150;"Altitude Accuracy": 80";"Heading": NaN;"Speed": null;}
TEST-RESULT:{[0, 20, 20, 14, 14, 15]}
IP: 127.0.0.1

#####
[2018-11-26 13:19:16]
TYPE: mobile
OS: Android 5.0
Model: Shamu
UUID: 6b356755575fce31
GEO: {"Latitude": 43.46564338060829;"Longitude": -80.49907935484705;"Altitude": 100;"Accuracy": 150;"Altitude Accuracy": 80";"Heading": NaN;"Speed": null;}
IP: 127.0.0.1

#####
[2018-11-26 13:19:19]
TYPE: mobile
OS: Android 5.0
Model: Shamu
UUID: 6b356755575fce31
GEO: {"Latitude": 43.46564338060829;"Longitude": -80.49907935484705;"Altitude": 100;"Accuracy": 150;"Altitude Accuracy": 80";"Heading": NaN;"Speed": null;}
IP: 127.0.0.1

#####
[2018-11-26 13:23:35]
TYPE: mobile
OS: Android 5.0
Model: Shamu
UUID: 6b356755575fce31
GEO: {"Latitude": 43.46564338060829;"Longitude": -80.49907935484705;"Altitude": 100;"Accuracy": 150;"Altitude Accuracy": 80";"Heading": NaN;"Speed": null;}
IP: 127.0.0.1

#####
[2018-11-26 13:23:38]
TYPE: mobile
OS: Android 5.0
Model: Shamu
UUID: 6b356755575fce31
GEO: {"Latitude": 43.46564338060829;"Longitude": -80.49907935484705;"Altitude": 100;"Accuracy": 150;"Altitude Accuracy": 80";"Heading": NaN;"Speed": null;}
IP: 127.0.0.1

#####
[2018-11-26 13:24:55]
TYPE: mobile
OS: Android 5.0
Model: Shamu
UUID: 6b356755575fce31
GEO: {"Latitude": 43.46564338060829;"Longitude": -80.49907935484705;"Altitude": 100;"Accuracy": 150;"Altitude Accuracy": 80";"Heading": NaN;"Speed": null;}
IP: 127.0.0.1

#####
[2018-11-26 13:24:58]
TYPE: mobile
OS: Android 5.0
Model: Shamu
UUID: 6b356755575fce31
GEO: {"Latitude": 43.46564338060829;"Longitude": -80.49907935484705;"Altitude": 100;"Accuracy": 150;"Altitude Accuracy": 80";"Heading": NaN;"Speed": null;}
IP: 127.0.0.1

#####
[2018-11-26 13:25:41]
TYPE: mobile
OS: Android 5.0
Model: Shamu
UUID: 6b356755575fce31
GEO: {"Latitude": 43.46564338060829;"Longitude": -80.49907935484705;"Altitude": 100;"Accuracy": 150;"Altitude Accuracy": 80";"Heading": NaN;"Speed": null;}
IP: 127.0.0.1

#####
[2018-11-26 13:31:54]
TYPE: mobile
OS: Android 5.0
Model: Shamu
UUID: 6b356755575fce31
GEO: {"Latitude": 43.46564338060829;"Longitude": -80.49907935484705;"Altitude": 100;"Accuracy": 150;"Altitude Accuracy": 80";"Heading": NaN;"Speed": null;}
IP: 127.0.0.1

#####
[2018-11-26 13:31:57]
TYPE: mobile
OS: Android 5.0
Model: Shamu
UUID: 6b356755575fce31
GEO: {"Latitude": 43.46564338060829;"Longitude": -80.49907935484705;"Altitude": 100;"Accuracy": 150;"Altitude Accuracy": 80";"Heading": NaN;"Speed": null;}
IP: 127.0.0.1

#####
[2018-11-26 13:32:08]
TYPE: mobile
OS: Android 5.0
Model: Shamu
UUID: 6b356755575fce31
GEO: {"Latitude": 43.46564338060829;"Longitude": -80.49907935484705;"Altitude": 100;"Accuracy": 150;"Altitude Accuracy": 80";"Heading": NaN;"Speed": null;}
IP: 127.0.0.1

#####
[2018-11-26 13:32:16]
TYPE: mobile
OS: Android 5.0
Model: Shamu
UUID: 6b356755575fce31
GEO: {"Latitude": 43.46564338060829;"Longitude": -80.49907935484705;"Altitude": 100;"Accuracy": 150;"Altitude Accuracy": 80";"Heading": NaN;"Speed": null;}
TEST-RESULT:{[0, 0, 7, 7, 7, 8]}
IP: 127.0.0.1

#####
[2018-11-26 13:32:28]
TYPE: mobile
OS: Android 5.0
Model: Shamu
UUID: 6b356755575fce31
GEO: {"Latitude": 43.46564338060829;"Longitude": -80.49907935484705;"Altitude": 100;"Accuracy": 150;"Altitude Accuracy": 80";"Heading": NaN;"Speed": null;}
IP: 127.0.0.1

#####
[2018-11-26 22:44:35]
TYPE: mobile
OS: Android 5.0
Model: Shamu
UUID: 6b356755575fce31
GEO: {"Latitude": 43.46564338060829;"Longitude": -80.49907935484705;"Altitude": 100;"Accuracy": 150;"Altitude Accuracy": 80";"Heading": NaN;"Speed": null;}
IP: 127.0.0.1

#####
[2018-11-26 22:44:39]
TYPE: mobile
OS: Android 5.0
Model: Shamu
UUID: 6b356755575fce31
GEO: {"Latitude": 43.46564338060829;"Longitude": -80.49907935484705;"Altitude": 100;"Accuracy": 150;"Altitude Accuracy": 80";"Heading": NaN;"Speed": null;}
IP: 127.0.0.1

#####
[2018-11-26 22:56:14]
TYPE: web
DATA: {"browser":{"fullName":"Chrome","name":"chrome","version":"70.0.3538","majorVersion":70,"minorVersion":0,"patchVersion":3538,"engine":"webkit"},"os":{"fullName":"Windows","name":"win","version":"10.0","versionName":"10","versionAltNames":[],"majorVersion":10,"minorVersion":0,"patchVersion":null},"features":{"bw":false,"mobile":false,"tv":false,"proxy":false}}
DID: SCREEN: {"width":1600,"height":900}
http://project/#::load-page
IP: 127.0.0.1

#####
[2018-11-26 22:58:29]
TYPE: web
DATA: {"browser":{"fullName":"Chrome","name":"chrome","version":"70.0.3538","majorVersion":70,"minorVersion":0,"patchVersion":3538,"engine":"webkit"},"os":{"fullName":"Windows","name":"win","version":"10.0","versionName":"10","versionAltNames":[],"majorVersion":10,"minorVersion":0,"patchVersion":null},"features":{"bw":false,"mobile":false,"tv":false,"proxy":false}}
DID: SCREEN: {"width":1600,"height":900}
http://project/#::load-page
IP: 127.0.0.1

#####
[2018-11-26 22:59:26]
TYPE: web
DATA: {"browser":{"fullName":"Chrome","name":"chrome","version":"70.0.3538","majorVersion":70,"minorVersion":0,"patchVersion":3538,"engine":"webkit"},"os":{"fullName":"Windows","name":"win","version":"10.0","versionName":"10","versionAltNames":[],"majorVersion":10,"minorVersion":0,"patchVersion":null},"features":{"bw":false,"mobile":false,"tv":false,"proxy":false}}
DID: SCREEN: {"width":1600,"height":900}
http://project/#::load-page
IP: 127.0.0.1

#####
[2018-11-26 23:02:02]
TYPE: web
DATA: {"browser":{"fullName":"Chrome","name":"chrome","version":"70.0.3538","majorVersion":70,"minorVersion":0,"patchVersion":3538,"engine":"webkit"},"os":{"fullName":"Windows","name":"win","version":"10.0","versionName":"10","versionAltNames":[],"majorVersion":10,"minorVersion":0,"patchVersion":null},"features":{"bw":false,"mobile":false,"tv":false,"proxy":false}}
DID: SCREEN: {"width":1600,"height":900}
http://project/#::load-page
IP: 127.0.0.1

#####
[2018-11-26 23:04:14]
TYPE: web
DATA: {"browser":{"fullName":"Chrome","name":"chrome","version":"70.0.3538","majorVersion":70,"minorVersion":0,"patchVersion":3538,"engine":"webkit"},"os":{"fullName":"Windows","name":"win","version":"10.0","versionName":"10","versionAltNames":[],"majorVersion":10,"minorVersion":0,"patchVersion":null},"features":{"bw":false,"mobile":false,"tv":false,"proxy":false}}
DID: SCREEN: {"width":1600,"height":900}
http://project/#::load-page
IP: 127.0.0.1

#####
[2018-11-26 23:05:24]
TYPE: web
DATA: {"browser":{"fullName":"Chrome","name":"chrome","version":"70.0.3538","majorVersion":70,"minorVersion":0,"patchVersion":3538,"engine":"webkit"},"os":{"fullName":"Windows","name":"win","version":"10.0","versionName":"10","versionAltNames":[],"majorVersion":10,"minorVersion":0,"patchVersion":null},"features":{"bw":false,"mobile":false,"tv":false,"proxy":false}}
DID: SCREEN: {"width":1600,"height":900}
http://project/#::load-page
IP: 127.0.0.1
