
#####
[2018-12-21 13:11:46]
TYPE: web
DATA: {"browser":{"fullName":"Chrome","name":"chrome","version":"71.0.3578","majorVersion":71,"minorVersion":0,"patchVersion":3578,"engine":"webkit"},"os":{"fullName":"Windows","name":"win","version":"10.0","versionName":"10","versionAltNames":[],"majorVersion":10,"minorVersion":0,"patchVersion":null},"features":{"bw":false,"mobile":false,"tv":false,"proxy":false}}
DID: SCREEN: {"width":1600,"height":900}
http://project/::load-page
IP: 127.0.0.1

#####
[2018-12-21 13:12:52]
TYPE: web
DATA: {"browser":{"fullName":"Chrome","name":"chrome","version":"71.0.3578","majorVersion":71,"minorVersion":0,"patchVersion":3578,"engine":"webkit"},"os":{"fullName":"Windows","name":"win","version":"10.0","versionName":"10","versionAltNames":[],"majorVersion":10,"minorVersion":0,"patchVersion":null},"features":{"bw":false,"mobile":false,"tv":false,"proxy":false}}
DID: SCREEN: {"width":1600,"height":900}
http://project/::load-page
IP: 127.0.0.1

#####
[2018-12-21 13:12:58]
TYPE: web
DATA: {"browser":{"fullName":"Chrome","name":"chrome","version":"71.0.3578","majorVersion":71,"minorVersion":0,"patchVersion":3578,"engine":"webkit"},"os":{"fullName":"Windows","name":"win","version":"10.0","versionName":"10","versionAltNames":[],"majorVersion":10,"minorVersion":0,"patchVersion":null},"features":{"bw":false,"mobile":false,"tv":false,"proxy":false}}
DID: SCREEN: {"width":1600,"height":900}
http://project/#::load-page
IP: 127.0.0.1

#####
[2018-12-21 13:14:24]
TYPE: web
DATA: {"browser":{"fullName":"Chrome","name":"chrome","version":"71.0.3578","majorVersion":71,"minorVersion":0,"patchVersion":3578,"engine":"webkit"},"os":{"fullName":"Windows","name":"win","version":"10.0","versionName":"10","versionAltNames":[],"majorVersion":10,"minorVersion":0,"patchVersion":null},"features":{"bw":false,"mobile":false,"tv":false,"proxy":false}}
DID: SCREEN: {"width":1600,"height":900}
http://project/#::load-page
IP: 127.0.0.1

#####
[2018-12-21 13:14:47]
TYPE: web
DATA: {"browser":{"fullName":"Chrome","name":"chrome","version":"71.0.3578","majorVersion":71,"minorVersion":0,"patchVersion":3578,"engine":"webkit"},"os":{"fullName":"Windows","name":"win","version":"10.0","versionName":"10","versionAltNames":[],"majorVersion":10,"minorVersion":0,"patchVersion":null},"features":{"bw":false,"mobile":false,"tv":false,"proxy":false}}
DID: SCREEN: {"width":1600,"height":900}
http://project/#::load-page
IP: 127.0.0.1

#####
[2018-12-21 13:15:12]
TYPE: web
DATA: {"browser":{"fullName":"Chrome","name":"chrome","version":"71.0.3578","majorVersion":71,"minorVersion":0,"patchVersion":3578,"engine":"webkit"},"os":{"fullName":"Windows","name":"win","version":"10.0","versionName":"10","versionAltNames":[],"majorVersion":10,"minorVersion":0,"patchVersion":null},"features":{"bw":false,"mobile":false,"tv":false,"proxy":false}}
DID: SCREEN: {"width":1600,"height":900}
http://project/#::load-page
IP: 127.0.0.1

#####
[2018-12-21 13:15:39]
TYPE: web
DATA: {"browser":{"fullName":"Chrome","name":"chrome","version":"71.0.3578","majorVersion":71,"minorVersion":0,"patchVersion":3578,"engine":"webkit"},"os":{"fullName":"Windows","name":"win","version":"10.0","versionName":"10","versionAltNames":[],"majorVersion":10,"minorVersion":0,"patchVersion":null},"features":{"bw":false,"mobile":false,"tv":false,"proxy":false}}
DID: SCREEN: {"width":1600,"height":900}
http://project/#::load-page
IP: 127.0.0.1

#####
[2018-12-21 13:16:34]
TYPE: web
DATA: {"browser":{"fullName":"Chrome","name":"chrome","version":"71.0.3578","majorVersion":71,"minorVersion":0,"patchVersion":3578,"engine":"webkit"},"os":{"fullName":"Windows","name":"win","version":"10.0","versionName":"10","versionAltNames":[],"majorVersion":10,"minorVersion":0,"patchVersion":null},"features":{"bw":false,"mobile":false,"tv":false,"proxy":false}}
DID: SCREEN: {"width":1600,"height":900}
http://project/#::load-page
IP: 127.0.0.1

#####
[2018-12-21 13:16:49]
TYPE: web
DATA: {"browser":{"fullName":"Chrome","name":"chrome","version":"71.0.3578","majorVersion":71,"minorVersion":0,"patchVersion":3578,"engine":"webkit"},"os":{"fullName":"Windows","name":"win","version":"10.0","versionName":"10","versionAltNames":[],"majorVersion":10,"minorVersion":0,"patchVersion":null},"features":{"bw":false,"mobile":false,"tv":false,"proxy":false}}
DID: SCREEN: {"width":1600,"height":900}
http://project/#::load-page
IP: 127.0.0.1

#####
[2018-12-21 13:17:06]
TYPE: web
DATA: {"browser":{"fullName":"Chrome","name":"chrome","version":"71.0.3578","majorVersion":71,"minorVersion":0,"patchVersion":3578,"engine":"webkit"},"os":{"fullName":"Windows","name":"win","version":"10.0","versionName":"10","versionAltNames":[],"majorVersion":10,"minorVersion":0,"patchVersion":null},"features":{"bw":false,"mobile":false,"tv":false,"proxy":false}}
DID: SCREEN: {"width":1600,"height":900}
http://project/#::load-page
IP: 127.0.0.1

#####
[2018-12-21 13:17:14]
TYPE: web
DATA: {"browser":{"fullName":"Chrome","name":"chrome","version":"71.0.3578","majorVersion":71,"minorVersion":0,"patchVersion":3578,"engine":"webkit"},"os":{"fullName":"Windows","name":"win","version":"10.0","versionName":"10","versionAltNames":[],"majorVersion":10,"minorVersion":0,"patchVersion":null},"features":{"bw":false,"mobile":false,"tv":false,"proxy":false}}
DID: SCREEN: {"width":1600,"height":900}
http://project/#::load-page
IP: 127.0.0.1

#####
[2018-12-21 13:17:29]
TYPE: web
DATA: {"browser":{"fullName":"Chrome","name":"chrome","version":"71.0.3578","majorVersion":71,"minorVersion":0,"patchVersion":3578,"engine":"webkit"},"os":{"fullName":"Windows","name":"win","version":"10.0","versionName":"10","versionAltNames":[],"majorVersion":10,"minorVersion":0,"patchVersion":null},"features":{"bw":false,"mobile":false,"tv":false,"proxy":false}}
DID: SCREEN: {"width":1600,"height":900}
http://project/#::load-page
IP: 127.0.0.1

#####
[2018-12-21 13:17:51]
TYPE: web
DATA: {"browser":{"fullName":"Chrome","name":"chrome","version":"71.0.3578","majorVersion":71,"minorVersion":0,"patchVersion":3578,"engine":"webkit"},"os":{"fullName":"Windows","name":"win","version":"10.0","versionName":"10","versionAltNames":[],"majorVersion":10,"minorVersion":0,"patchVersion":null},"features":{"bw":false,"mobile":false,"tv":false,"proxy":false}}
DID: SCREEN: {"width":1600,"height":900}
http://project/#::load-page
IP: 127.0.0.1

#####
[2018-12-21 13:18:23]
TYPE: web
DATA: {"browser":{"fullName":"Chrome","name":"chrome","version":"71.0.3578","majorVersion":71,"minorVersion":0,"patchVersion":3578,"engine":"webkit"},"os":{"fullName":"Windows","name":"win","version":"10.0","versionName":"10","versionAltNames":[],"majorVersion":10,"minorVersion":0,"patchVersion":null},"features":{"bw":false,"mobile":false,"tv":false,"proxy":false}}
DID: SCREEN: {"width":1600,"height":900}
http://project/#::load-page
IP: 127.0.0.1

#####
[2018-12-21 13:19:07]
TYPE: web
DATA: {"browser":{"fullName":"Chrome","name":"chrome","version":"71.0.3578","majorVersion":71,"minorVersion":0,"patchVersion":3578,"engine":"webkit"},"os":{"fullName":"Windows","name":"win","version":"10.0","versionName":"10","versionAltNames":[],"majorVersion":10,"minorVersion":0,"patchVersion":null},"features":{"bw":false,"mobile":false,"tv":false,"proxy":false}}
DID: SCREEN: {"width":1600,"height":900}
http://project/#::load-page
IP: 127.0.0.1

#####
[2018-12-21 13:19:23]
TYPE: web
DATA: {"browser":{"fullName":"Chrome","name":"chrome","version":"71.0.3578","majorVersion":71,"minorVersion":0,"patchVersion":3578,"engine":"webkit"},"os":{"fullName":"Windows","name":"win","version":"10.0","versionName":"10","versionAltNames":[],"majorVersion":10,"minorVersion":0,"patchVersion":null},"features":{"bw":false,"mobile":false,"tv":false,"proxy":false}}
DID: SCREEN: {"width":1600,"height":900}
http://project/#::load-page
IP: 127.0.0.1
