
#####
[2018-12-27 01:46:13]
TYPE: web
DATA: {"browser":{"fullName":"Chrome","name":"chrome","version":"71.0.3578","majorVersion":71,"minorVersion":0,"patchVersion":3578,"engine":"webkit"},"os":{"fullName":"Windows","name":"win","version":"10.0","versionName":"10","versionAltNames":[],"majorVersion":10,"minorVersion":0,"patchVersion":null},"features":{"bw":false,"mobile":false,"tv":false,"proxy":false}}
DID: SCREEN: {"width":1600,"height":900}
http://project/admin/::load-page
IP: 127.0.0.1

#####
[2018-12-27 01:46:20]
TYPE: web
DATA: {"browser":{"fullName":"Chrome","name":"chrome","version":"71.0.3578","majorVersion":71,"minorVersion":0,"patchVersion":3578,"engine":"webkit"},"os":{"fullName":"Windows","name":"win","version":"10.0","versionName":"10","versionAltNames":[],"majorVersion":10,"minorVersion":0,"patchVersion":null},"features":{"bw":false,"mobile":false,"tv":false,"proxy":false}}
DID: SCREEN: {"width":1600,"height":900}
http://project/#::load-page
IP: 127.0.0.1

#####
[2018-12-27 01:46:31]
TYPE: web
DATA: {"browser":{"fullName":"Chrome","name":"chrome","version":"71.0.3578","majorVersion":71,"minorVersion":0,"patchVersion":3578,"engine":"webkit"},"os":{"fullName":"Windows","name":"win","version":"10.0","versionName":"10","versionAltNames":[],"majorVersion":10,"minorVersion":0,"patchVersion":null},"features":{"bw":false,"mobile":false,"tv":false,"proxy":false}}
DID: SCREEN: {"width":1600,"height":900}
http://project/download-app/::load-page
IP: 127.0.0.1

#####
[2018-12-27 01:46:53]
TYPE: web
DATA: {"browser":{"fullName":"Chrome","name":"chrome","version":"71.0.3578","majorVersion":71,"minorVersion":0,"patchVersion":3578,"engine":"webkit"},"os":{"fullName":"Windows","name":"win","version":"10.0","versionName":"10","versionAltNames":[],"majorVersion":10,"minorVersion":0,"patchVersion":null},"features":{"bw":false,"mobile":false,"tv":false,"proxy":false}}
DID: SCREEN: {"width":1600,"height":900}
http://project/test/::load-page
IP: 127.0.0.1

#####
[2018-12-27 01:47:09]
TYPE: web
DATA: {"browser":{"fullName":"Chrome","name":"chrome","version":"71.0.3578","majorVersion":71,"minorVersion":0,"patchVersion":3578,"engine":"webkit"},"os":{"fullName":"Windows","name":"win","version":"10.0","versionName":"10","versionAltNames":[],"majorVersion":10,"minorVersion":0,"patchVersion":null},"features":{"bw":false,"mobile":false,"tv":false,"proxy":false}}
DID: SCREEN: {"width":1600,"height":900}
http://project/#::load-page
IP: 127.0.0.1

#####
[2018-12-27 01:47:12]
TYPE: web
DATA: {"browser":{"fullName":"Chrome","name":"chrome","version":"71.0.3578","majorVersion":71,"minorVersion":0,"patchVersion":3578,"engine":"webkit"},"os":{"fullName":"Windows","name":"win","version":"10.0","versionName":"10","versionAltNames":[],"majorVersion":10,"minorVersion":0,"patchVersion":null},"features":{"bw":false,"mobile":false,"tv":false,"proxy":false}}
DID: SCREEN: {"width":1600,"height":900}
http://project/news/19/::load-page
IP: 127.0.0.1

#####
[2018-12-27 01:48:22]
TYPE: web
DATA: {"browser":{"fullName":"Chrome","name":"chrome","version":"71.0.3578","majorVersion":71,"minorVersion":0,"patchVersion":3578,"engine":"webkit"},"os":{"fullName":"Windows","name":"win","version":"10.0","versionName":"10","versionAltNames":[],"majorVersion":10,"minorVersion":0,"patchVersion":null},"features":{"bw":false,"mobile":false,"tv":false,"proxy":false}}
DID: SCREEN: {"width":1600,"height":900}
http://project/::load-page
IP: 127.0.0.1

#####
[2018-12-27 02:02:23]
TYPE: web
DATA: {"browser":{"fullName":"Chrome","name":"chrome","version":"71.0.3578","majorVersion":71,"minorVersion":0,"patchVersion":3578,"engine":"webkit"},"os":{"fullName":"Windows","name":"win","version":"10.0","versionName":"10","versionAltNames":[],"majorVersion":10,"minorVersion":0,"patchVersion":null},"features":{"bw":false,"mobile":false,"tv":false,"proxy":false}}
DID: SCREEN: {"width":1600,"height":900}
http://project/::load-page
IP: 127.0.0.1

#####
[2018-12-27 23:51:54]
TYPE: web
DATA: {"browser":{"fullName":"Chrome","name":"chrome","version":"71.0.3578","majorVersion":71,"minorVersion":0,"patchVersion":3578,"engine":"webkit"},"os":{"fullName":"Windows","name":"win","version":"10.0","versionName":"10","versionAltNames":[],"majorVersion":10,"minorVersion":0,"patchVersion":null},"features":{"bw":false,"mobile":false,"tv":false,"proxy":false}}
DID: SCREEN: {"width":1600,"height":900}
http://project/news/3/::load-page
IP: 127.0.0.1

#####
[2018-12-27 23:52:01]
TYPE: web
DATA: {"browser":{"fullName":"Chrome","name":"chrome","version":"71.0.3578","majorVersion":71,"minorVersion":0,"patchVersion":3578,"engine":"webkit"},"os":{"fullName":"Windows","name":"win","version":"10.0","versionName":"10","versionAltNames":[],"majorVersion":10,"minorVersion":0,"patchVersion":null},"features":{"bw":false,"mobile":false,"tv":false,"proxy":false}}
DID: SCREEN: {"width":1600,"height":900}
http://project/::load-page
IP: 127.0.0.1

#####
[2018-12-27 23:52:11]
TYPE: web
DATA: {"browser":{"fullName":"Chrome","name":"chrome","version":"71.0.3578","majorVersion":71,"minorVersion":0,"patchVersion":3578,"engine":"webkit"},"os":{"fullName":"Windows","name":"win","version":"10.0","versionName":"10","versionAltNames":[],"majorVersion":10,"minorVersion":0,"patchVersion":null},"features":{"bw":false,"mobile":false,"tv":false,"proxy":false}}
DID: SCREEN: {"width":1600,"height":900}
http://project/download-app/::load-page
IP: 127.0.0.1

#####
[2018-12-27 23:52:17]
TYPE: web
DATA: {"browser":{"fullName":"Chrome","name":"chrome","version":"71.0.3578","majorVersion":71,"minorVersion":0,"patchVersion":3578,"engine":"webkit"},"os":{"fullName":"Windows","name":"win","version":"10.0","versionName":"10","versionAltNames":[],"majorVersion":10,"minorVersion":0,"patchVersion":null},"features":{"bw":false,"mobile":false,"tv":false,"proxy":false}}
DID: SCREEN: {"width":1600,"height":900}
http://project/professions/::load-page
IP: 127.0.0.1

#####
[2018-12-27 23:52:19]
TYPE: web
DATA: {"browser":{"fullName":"Chrome","name":"chrome","version":"71.0.3578","majorVersion":71,"minorVersion":0,"patchVersion":3578,"engine":"webkit"},"os":{"fullName":"Windows","name":"win","version":"10.0","versionName":"10","versionAltNames":[],"majorVersion":10,"minorVersion":0,"patchVersion":null},"features":{"bw":false,"mobile":false,"tv":false,"proxy":false}}
DID: SCREEN: {"width":1600,"height":900}
http://project/#::load-page
IP: 127.0.0.1

#####
[2018-12-27 23:52:21]
TYPE: web
DATA: {"browser":{"fullName":"Chrome","name":"chrome","version":"71.0.3578","majorVersion":71,"minorVersion":0,"patchVersion":3578,"engine":"webkit"},"os":{"fullName":"Windows","name":"win","version":"10.0","versionName":"10","versionAltNames":[],"majorVersion":10,"minorVersion":0,"patchVersion":null},"features":{"bw":false,"mobile":false,"tv":false,"proxy":false}}
DID: SCREEN: {"width":1600,"height":900}
http://project/test/::load-page
IP: 127.0.0.1

#####
[2018-12-27 23:52:42]
TYPE: web
DATA: {"browser":{"fullName":"Chrome","name":"chrome","version":"71.0.3578","majorVersion":71,"minorVersion":0,"patchVersion":3578,"engine":"webkit"},"os":{"fullName":"Windows","name":"win","version":"10.0","versionName":"10","versionAltNames":[],"majorVersion":10,"minorVersion":0,"patchVersion":null},"features":{"bw":false,"mobile":false,"tv":false,"proxy":false}}
DID: SCREEN: {"width":1600,"height":900}
http://project/test/::test-result::[{"result":[33,0,20,36,21,31]}]
IP: 127.0.0.1

#####
[2018-12-27 23:52:48]
TYPE: web
DATA: {"browser":{"fullName":"Chrome","name":"chrome","version":"71.0.3578","majorVersion":71,"minorVersion":0,"patchVersion":3578,"engine":"webkit"},"os":{"fullName":"Windows","name":"win","version":"10.0","versionName":"10","versionAltNames":[],"majorVersion":10,"minorVersion":0,"patchVersion":null},"features":{"bw":false,"mobile":false,"tv":false,"proxy":false}}
DID: SCREEN: {"width":1600,"height":900}
http://project/#::load-page
IP: 127.0.0.1
