
#####
[2018-11-22 08:42:32]
TYPE: web
DATA: {"browser":{"fullName":"Chrome","name":"chrome","version":"70.0.3538","majorVersion":70,"minorVersion":0,"patchVersion":3538,"engine":"webkit"},"os":{"fullName":"Windows","name":"win","version":"10.0","versionName":"10","versionAltNames":[],"majorVersion":10,"minorVersion":0,"patchVersion":null},"features":{"bw":false,"mobile":false,"tv":false,"proxy":false}}
DID: SCREEN: {"width":1600,"height":900}
http://project/#::load-page
IP: 127.0.0.1

#####
[2018-11-22 08:43:00]
TYPE: web
DATA: {"browser":{"fullName":"Chrome","name":"chrome","version":"70.0.3538","majorVersion":70,"minorVersion":0,"patchVersion":3538,"engine":"webkit"},"os":{"fullName":"Windows","name":"win","version":"10.0","versionName":"10","versionAltNames":[],"majorVersion":10,"minorVersion":0,"patchVersion":null},"features":{"bw":false,"mobile":false,"tv":false,"proxy":false}}
DID: SCREEN: {"width":1600,"height":900}
http://project/#::load-page
IP: 127.0.0.1

#####
[2018-11-22 08:43:46]
TYPE: web
DATA: {"browser":{"fullName":"Chrome","name":"chrome","version":"70.0.3538","majorVersion":70,"minorVersion":0,"patchVersion":3538,"engine":"webkit"},"os":{"fullName":"Windows","name":"win","version":"10.0","versionName":"10","versionAltNames":[],"majorVersion":10,"minorVersion":0,"patchVersion":null},"features":{"bw":false,"mobile":false,"tv":false,"proxy":false}}
DID: SCREEN: {"width":1600,"height":900}
http://project/#::load-page
IP: 127.0.0.1

#####
[2018-11-22 08:44:15]
TYPE: web
DATA: {"browser":{"fullName":"Chrome","name":"chrome","version":"70.0.3538","majorVersion":70,"minorVersion":0,"patchVersion":3538,"engine":"webkit"},"os":{"fullName":"Windows","name":"win","version":"10.0","versionName":"10","versionAltNames":[],"majorVersion":10,"minorVersion":0,"patchVersion":null},"features":{"bw":false,"mobile":false,"tv":false,"proxy":false}}
DID: SCREEN: {"width":1600,"height":900}
http://project/#::load-page
IP: 127.0.0.1

#####
[2018-11-22 08:49:59]
TYPE: web
DATA: {"browser":{"fullName":"Chrome","name":"chrome","version":"70.0.3538","majorVersion":70,"minorVersion":0,"patchVersion":3538,"engine":"webkit"},"os":{"fullName":"Windows","name":"win","version":"10.0","versionName":"10","versionAltNames":[],"majorVersion":10,"minorVersion":0,"patchVersion":null},"features":{"bw":false,"mobile":false,"tv":false,"proxy":false}}
DID: SCREEN: {"width":1600,"height":900}
http://project/#::load-page
IP: 127.0.0.1

#####
[2018-11-22 08:50:45]
TYPE: web
DATA: {"browser":{"fullName":"Chrome","name":"chrome","version":"70.0.3538","majorVersion":70,"minorVersion":0,"patchVersion":3538,"engine":"webkit"},"os":{"fullName":"Windows","name":"win","version":"10.0","versionName":"10","versionAltNames":[],"majorVersion":10,"minorVersion":0,"patchVersion":null},"features":{"bw":false,"mobile":false,"tv":false,"proxy":false}}
DID: SCREEN: {"width":1600,"height":900}
http://project/#::load-page
IP: 127.0.0.1

#####
[2018-11-22 08:50:51]
TYPE: web
DATA: {"browser":{"fullName":"Chrome","name":"chrome","version":"70.0.3538","majorVersion":70,"minorVersion":0,"patchVersion":3538,"engine":"webkit"},"os":{"fullName":"Windows","name":"win","version":"10.0","versionName":"10","versionAltNames":[],"majorVersion":10,"minorVersion":0,"patchVersion":null},"features":{"bw":false,"mobile":false,"tv":false,"proxy":false}}
DID: SCREEN: {"width":1600,"height":900}
http://project/#::load-page
IP: 127.0.0.1

#####
[2018-11-22 08:52:04]
TYPE: web
DATA: {"browser":{"fullName":"Chrome","name":"chrome","version":"70.0.3538","majorVersion":70,"minorVersion":0,"patchVersion":3538,"engine":"webkit"},"os":{"fullName":"Windows","name":"win","version":"10.0","versionName":"10","versionAltNames":[],"majorVersion":10,"minorVersion":0,"patchVersion":null},"features":{"bw":false,"mobile":false,"tv":false,"proxy":false}}
DID: SCREEN: {"width":1600,"height":900}
http://project/#::load-page
IP: 127.0.0.1

#####
[2018-11-22 08:52:22]
TYPE: web
DATA: {"browser":{"fullName":"Chrome","name":"chrome","version":"70.0.3538","majorVersion":70,"minorVersion":0,"patchVersion":3538,"engine":"webkit"},"os":{"fullName":"Windows","name":"win","version":"10.0","versionName":"10","versionAltNames":[],"majorVersion":10,"minorVersion":0,"patchVersion":null},"features":{"bw":false,"mobile":false,"tv":false,"proxy":false}}
DID: SCREEN: {"width":1600,"height":900}
http://project/#::load-page
IP: 127.0.0.1

#####
[2018-11-22 08:53:56]
TYPE: web
DATA: {"browser":{"fullName":"Chrome","name":"chrome","version":"70.0.3538","majorVersion":70,"minorVersion":0,"patchVersion":3538,"engine":"webkit"},"os":{"fullName":"Windows","name":"win","version":"10.0","versionName":"10","versionAltNames":[],"majorVersion":10,"minorVersion":0,"patchVersion":null},"features":{"bw":false,"mobile":false,"tv":false,"proxy":false}}
DID: SCREEN: {"width":1600,"height":900}
http://project/#::load-page
IP: 127.0.0.1

#####
[2018-11-22 08:54:42]
TYPE: web
DATA: {"browser":{"fullName":"Chrome","name":"chrome","version":"70.0.3538","majorVersion":70,"minorVersion":0,"patchVersion":3538,"engine":"webkit"},"os":{"fullName":"Windows","name":"win","version":"10.0","versionName":"10","versionAltNames":[],"majorVersion":10,"minorVersion":0,"patchVersion":null},"features":{"bw":false,"mobile":false,"tv":false,"proxy":false}}
DID: SCREEN: {"width":1600,"height":900}
http://project/#::load-page
IP: 127.0.0.1

#####
[2018-11-22 08:55:11]
TYPE: web
DATA: {"browser":{"fullName":"Chrome","name":"chrome","version":"70.0.3538","majorVersion":70,"minorVersion":0,"patchVersion":3538,"engine":"webkit"},"os":{"fullName":"Windows","name":"win","version":"10.0","versionName":"10","versionAltNames":[],"majorVersion":10,"minorVersion":0,"patchVersion":null},"features":{"bw":false,"mobile":false,"tv":false,"proxy":false}}
DID: SCREEN: {"width":1600,"height":900}
http://project/#::load-page
IP: 127.0.0.1

#####
[2018-11-22 08:57:04]
TYPE: web
DATA: {"browser":{"fullName":"Chrome","name":"chrome","version":"70.0.3538","majorVersion":70,"minorVersion":0,"patchVersion":3538,"engine":"webkit"},"os":{"fullName":"Windows","name":"win","version":"10.0","versionName":"10","versionAltNames":[],"majorVersion":10,"minorVersion":0,"patchVersion":null},"features":{"bw":false,"mobile":false,"tv":false,"proxy":false}}
DID: SCREEN: {"width":1600,"height":900}
http://project/#::load-page
IP: 127.0.0.1

#####
[2018-11-22 08:58:08]
TYPE: web
DATA: {"browser":{"fullName":"Chrome","name":"chrome","version":"70.0.3538","majorVersion":70,"minorVersion":0,"patchVersion":3538,"engine":"webkit"},"os":{"fullName":"Windows","name":"win","version":"10.0","versionName":"10","versionAltNames":[],"majorVersion":10,"minorVersion":0,"patchVersion":null},"features":{"bw":false,"mobile":false,"tv":false,"proxy":false}}
DID: SCREEN: {"width":1600,"height":900}
http://project/#::load-page
IP: 127.0.0.1

#####
[2018-11-22 08:58:48]
TYPE: web
DATA: {"browser":{"fullName":"Chrome","name":"chrome","version":"70.0.3538","majorVersion":70,"minorVersion":0,"patchVersion":3538,"engine":"webkit"},"os":{"fullName":"Windows","name":"win","version":"10.0","versionName":"10","versionAltNames":[],"majorVersion":10,"minorVersion":0,"patchVersion":null},"features":{"bw":false,"mobile":false,"tv":false,"proxy":false}}
DID: SCREEN: {"width":1600,"height":900}
http://project/#::load-page
IP: 127.0.0.1

#####
[2018-11-22 09:01:51]
TYPE: web
DATA: {"browser":{"fullName":"Chrome","name":"chrome","version":"70.0.3538","majorVersion":70,"minorVersion":0,"patchVersion":3538,"engine":"webkit"},"os":{"fullName":"Windows","name":"win","version":"10.0","versionName":"10","versionAltNames":[],"majorVersion":10,"minorVersion":0,"patchVersion":null},"features":{"bw":false,"mobile":false,"tv":false,"proxy":false}}
DID: SCREEN: {"width":1600,"height":900}
http://project/#::load-page
IP: 127.0.0.1

#####
[2018-11-22 09:02:36]
TYPE: web
DATA: {"browser":{"fullName":"Chrome","name":"chrome","version":"70.0.3538","majorVersion":70,"minorVersion":0,"patchVersion":3538,"engine":"webkit"},"os":{"fullName":"Windows","name":"win","version":"10.0","versionName":"10","versionAltNames":[],"majorVersion":10,"minorVersion":0,"patchVersion":null},"features":{"bw":false,"mobile":false,"tv":false,"proxy":false}}
DID: SCREEN: {"width":1600,"height":900}
http://project/#::load-page
IP: 127.0.0.1

#####
[2018-11-22 09:03:53]
TYPE: web
DATA: {"browser":{"fullName":"Chrome","name":"chrome","version":"70.0.3538","majorVersion":70,"minorVersion":0,"patchVersion":3538,"engine":"webkit"},"os":{"fullName":"Windows","name":"win","version":"10.0","versionName":"10","versionAltNames":[],"majorVersion":10,"minorVersion":0,"patchVersion":null},"features":{"bw":false,"mobile":false,"tv":false,"proxy":false}}
DID: SCREEN: {"width":1600,"height":900}
http://project/#::load-page
IP: 127.0.0.1

#####
[2018-11-22 09:05:49]
TYPE: web
DATA: {"browser":{"fullName":"Chrome","name":"chrome","version":"70.0.3538","majorVersion":70,"minorVersion":0,"patchVersion":3538,"engine":"webkit"},"os":{"fullName":"Windows","name":"win","version":"10.0","versionName":"10","versionAltNames":[],"majorVersion":10,"minorVersion":0,"patchVersion":null},"features":{"bw":false,"mobile":false,"tv":false,"proxy":false}}
DID: SCREEN: {"width":1600,"height":900}
http://project/#::load-page
IP: 127.0.0.1

#####
[2018-11-22 09:06:46]
TYPE: web
DATA: {"browser":{"fullName":"Chrome","name":"chrome","version":"70.0.3538","majorVersion":70,"minorVersion":0,"patchVersion":3538,"engine":"webkit"},"os":{"fullName":"Windows","name":"win","version":"10.0","versionName":"10","versionAltNames":[],"majorVersion":10,"minorVersion":0,"patchVersion":null},"features":{"bw":false,"mobile":false,"tv":false,"proxy":false}}
DID: SCREEN: {"width":1600,"height":900}
http://project/#::load-page
IP: 127.0.0.1

#####
[2018-11-22 09:07:30]
TYPE: web
DATA: {"browser":{"fullName":"Chrome","name":"chrome","version":"70.0.3538","majorVersion":70,"minorVersion":0,"patchVersion":3538,"engine":"webkit"},"os":{"fullName":"Windows","name":"win","version":"10.0","versionName":"10","versionAltNames":[],"majorVersion":10,"minorVersion":0,"patchVersion":null},"features":{"bw":false,"mobile":false,"tv":false,"proxy":false}}
DID: SCREEN: {"width":1600,"height":900}
http://project/#::load-page
IP: 127.0.0.1

#####
[2018-11-22 09:07:42]
TYPE: web
DATA: {"browser":{"fullName":"Chrome","name":"chrome","version":"70.0.3538","majorVersion":70,"minorVersion":0,"patchVersion":3538,"engine":"webkit"},"os":{"fullName":"Windows","name":"win","version":"10.0","versionName":"10","versionAltNames":[],"majorVersion":10,"minorVersion":0,"patchVersion":null},"features":{"bw":false,"mobile":false,"tv":false,"proxy":false}}
DID: SCREEN: {"width":1600,"height":900}
http://project/#::load-page
IP: 127.0.0.1

#####
[2018-11-22 09:08:36]
TYPE: web
DATA: {"browser":{"fullName":"Chrome","name":"chrome","version":"70.0.3538","majorVersion":70,"minorVersion":0,"patchVersion":3538,"engine":"webkit"},"os":{"fullName":"Windows","name":"win","version":"10.0","versionName":"10","versionAltNames":[],"majorVersion":10,"minorVersion":0,"patchVersion":null},"features":{"bw":false,"mobile":false,"tv":false,"proxy":false}}
DID: SCREEN: {"width":1600,"height":900}
http://project/#::load-page
IP: 127.0.0.1

#####
[2018-11-22 09:09:02]
TYPE: web
DATA: {"browser":{"fullName":"Chrome","name":"chrome","version":"70.0.3538","majorVersion":70,"minorVersion":0,"patchVersion":3538,"engine":"webkit"},"os":{"fullName":"Windows","name":"win","version":"10.0","versionName":"10","versionAltNames":[],"majorVersion":10,"minorVersion":0,"patchVersion":null},"features":{"bw":false,"mobile":false,"tv":false,"proxy":false}}
DID: SCREEN: {"width":1600,"height":900}
http://project/#::load-page
IP: 127.0.0.1

#####
[2018-11-22 09:11:12]
TYPE: web
DATA: {"browser":{"fullName":"Chrome","name":"chrome","version":"70.0.3538","majorVersion":70,"minorVersion":0,"patchVersion":3538,"engine":"webkit"},"os":{"fullName":"Windows","name":"win","version":"10.0","versionName":"10","versionAltNames":[],"majorVersion":10,"minorVersion":0,"patchVersion":null},"features":{"bw":false,"mobile":false,"tv":false,"proxy":false}}
DID: SCREEN: {"width":1600,"height":900}
http://project/#::load-page
IP: 127.0.0.1

#####
[2018-11-22 09:13:04]
TYPE: web
DATA: {"browser":{"fullName":"Chrome","name":"chrome","version":"70.0.3538","majorVersion":70,"minorVersion":0,"patchVersion":3538,"engine":"webkit"},"os":{"fullName":"Windows","name":"win","version":"10.0","versionName":"10","versionAltNames":[],"majorVersion":10,"minorVersion":0,"patchVersion":null},"features":{"bw":false,"mobile":false,"tv":false,"proxy":false}}
DID: SCREEN: {"width":1600,"height":900}
http://project/#::load-page
IP: 127.0.0.1

#####
[2018-11-22 09:14:33]
TYPE: web
DATA: {"browser":{"fullName":"Chrome","name":"chrome","version":"70.0.3538","majorVersion":70,"minorVersion":0,"patchVersion":3538,"engine":"webkit"},"os":{"fullName":"Windows","name":"win","version":"10.0","versionName":"10","versionAltNames":[],"majorVersion":10,"minorVersion":0,"patchVersion":null},"features":{"bw":false,"mobile":false,"tv":false,"proxy":false}}
DID: SCREEN: {"width":1600,"height":900}
http://project/#::load-page
IP: 127.0.0.1

#####
[2018-11-22 09:15:05]
TYPE: web
DATA: {"browser":{"fullName":"Chrome","name":"chrome","version":"70.0.3538","majorVersion":70,"minorVersion":0,"patchVersion":3538,"engine":"webkit"},"os":{"fullName":"Windows","name":"win","version":"10.0","versionName":"10","versionAltNames":[],"majorVersion":10,"minorVersion":0,"patchVersion":null},"features":{"bw":false,"mobile":false,"tv":false,"proxy":false}}
DID: SCREEN: {"width":1600,"height":900}
http://project/#::load-page
IP: 127.0.0.1

#####
[2018-11-22 09:17:32]
TYPE: web
DATA: {"browser":{"fullName":"Chrome","name":"chrome","version":"70.0.3538","majorVersion":70,"minorVersion":0,"patchVersion":3538,"engine":"webkit"},"os":{"fullName":"Windows","name":"win","version":"10.0","versionName":"10","versionAltNames":[],"majorVersion":10,"minorVersion":0,"patchVersion":null},"features":{"bw":false,"mobile":false,"tv":false,"proxy":false}}
DID: SCREEN: {"width":1600,"height":900}
http://project/#::load-page
IP: 127.0.0.1

#####
[2018-11-22 09:26:23]
TYPE: web
DATA: {"browser":{"fullName":"Chrome","name":"chrome","version":"70.0.3538","majorVersion":70,"minorVersion":0,"patchVersion":3538,"engine":"webkit"},"os":{"fullName":"Windows","name":"win","version":"10.0","versionName":"10","versionAltNames":[],"majorVersion":10,"minorVersion":0,"patchVersion":null},"features":{"bw":false,"mobile":false,"tv":false,"proxy":false}}
DID: SCREEN: {"width":1600,"height":900}
http://project/#::load-page
IP: 127.0.0.1

#####
[2018-11-22 09:26:40]
TYPE: web
DATA: {"browser":{"fullName":"Chrome","name":"chrome","version":"70.0.3538","majorVersion":70,"minorVersion":0,"patchVersion":3538,"engine":"webkit"},"os":{"fullName":"Windows","name":"win","version":"10.0","versionName":"10","versionAltNames":[],"majorVersion":10,"minorVersion":0,"patchVersion":null},"features":{"bw":false,"mobile":false,"tv":false,"proxy":false}}
DID: SCREEN: {"width":1600,"height":900}
http://project/#::load-page
IP: 127.0.0.1

#####
[2018-11-22 09:27:18]
TYPE: web
DATA: {"browser":{"fullName":"Chrome","name":"chrome","version":"70.0.3538","majorVersion":70,"minorVersion":0,"patchVersion":3538,"engine":"webkit"},"os":{"fullName":"Windows","name":"win","version":"10.0","versionName":"10","versionAltNames":[],"majorVersion":10,"minorVersion":0,"patchVersion":null},"features":{"bw":false,"mobile":false,"tv":false,"proxy":false}}
DID: SCREEN: {"width":1600,"height":900}
http://project/#::load-page
IP: 127.0.0.1

#####
[2018-11-22 09:27:24]
TYPE: web
DATA: {"browser":{"fullName":"Chrome","name":"chrome","version":"70.0.3538","majorVersion":70,"minorVersion":0,"patchVersion":3538,"engine":"webkit"},"os":{"fullName":"Windows","name":"win","version":"10.0","versionName":"10","versionAltNames":[],"majorVersion":10,"minorVersion":0,"patchVersion":null},"features":{"bw":false,"mobile":false,"tv":false,"proxy":false}}
DID: SCREEN: {"width":1600,"height":900}
http://project/#::load-page
IP: 127.0.0.1

#####
[2018-11-22 09:27:38]
TYPE: web
DATA: {"browser":{"fullName":"Chrome","name":"chrome","version":"70.0.3538","majorVersion":70,"minorVersion":0,"patchVersion":3538,"engine":"webkit"},"os":{"fullName":"Windows","name":"win","version":"10.0","versionName":"10","versionAltNames":[],"majorVersion":10,"minorVersion":0,"patchVersion":null},"features":{"bw":false,"mobile":false,"tv":false,"proxy":false}}
DID: SCREEN: {"width":1600,"height":900}
http://project/#::load-page
IP: 127.0.0.1

#####
[2018-11-22 09:28:48]
TYPE: web
DATA: {"browser":{"fullName":"Chrome","name":"chrome","version":"70.0.3538","majorVersion":70,"minorVersion":0,"patchVersion":3538,"engine":"webkit"},"os":{"fullName":"Windows","name":"win","version":"10.0","versionName":"10","versionAltNames":[],"majorVersion":10,"minorVersion":0,"patchVersion":null},"features":{"bw":false,"mobile":false,"tv":false,"proxy":false}}
DID: SCREEN: {"width":1600,"height":900}
http://project/#::load-page
IP: 127.0.0.1

#####
[2018-11-22 09:29:36]
TYPE: web
DATA: {"browser":{"fullName":"Chrome","name":"chrome","version":"70.0.3538","majorVersion":70,"minorVersion":0,"patchVersion":3538,"engine":"webkit"},"os":{"fullName":"Windows","name":"win","version":"10.0","versionName":"10","versionAltNames":[],"majorVersion":10,"minorVersion":0,"patchVersion":null},"features":{"bw":false,"mobile":false,"tv":false,"proxy":false}}
DID: SCREEN: {"width":1600,"height":900}
http://project/#::load-page
IP: 127.0.0.1

#####
[2018-11-22 09:30:11]
TYPE: web
DATA: {"browser":{"fullName":"Chrome","name":"chrome","version":"70.0.3538","majorVersion":70,"minorVersion":0,"patchVersion":3538,"engine":"webkit"},"os":{"fullName":"Windows","name":"win","version":"10.0","versionName":"10","versionAltNames":[],"majorVersion":10,"minorVersion":0,"patchVersion":null},"features":{"bw":false,"mobile":false,"tv":false,"proxy":false}}
DID: SCREEN: {"width":1600,"height":900}
http://project/#::load-page
IP: 127.0.0.1

#####
[2018-11-22 09:32:53]
TYPE: web
DATA: {"browser":{"fullName":"Chrome","name":"chrome","version":"70.0.3538","majorVersion":70,"minorVersion":0,"patchVersion":3538,"engine":"webkit"},"os":{"fullName":"Windows","name":"win","version":"10.0","versionName":"10","versionAltNames":[],"majorVersion":10,"minorVersion":0,"patchVersion":null},"features":{"bw":false,"mobile":false,"tv":false,"proxy":false}}
DID: SCREEN: {"width":1600,"height":900}
http://project/#::load-page
IP: 127.0.0.1

#####
[2018-11-22 09:33:58]
TYPE: web
DATA: {"browser":{"fullName":"Chrome","name":"chrome","version":"70.0.3538","majorVersion":70,"minorVersion":0,"patchVersion":3538,"engine":"webkit"},"os":{"fullName":"Windows","name":"win","version":"10.0","versionName":"10","versionAltNames":[],"majorVersion":10,"minorVersion":0,"patchVersion":null},"features":{"bw":false,"mobile":false,"tv":false,"proxy":false}}
DID: SCREEN: {"width":1600,"height":900}
http://project/#::load-page
IP: 127.0.0.1

#####
[2018-11-22 09:34:13]
TYPE: web
DATA: {"browser":{"fullName":"Chrome","name":"chrome","version":"70.0.3538","majorVersion":70,"minorVersion":0,"patchVersion":3538,"engine":"webkit"},"os":{"fullName":"Windows","name":"win","version":"10.0","versionName":"10","versionAltNames":[],"majorVersion":10,"minorVersion":0,"patchVersion":null},"features":{"bw":false,"mobile":false,"tv":false,"proxy":false}}
DID: SCREEN: {"width":1600,"height":900}
http://project/#::load-page
IP: 127.0.0.1

#####
[2018-11-22 09:35:22]
TYPE: web
DATA: {"browser":{"fullName":"Chrome","name":"chrome","version":"70.0.3538","majorVersion":70,"minorVersion":0,"patchVersion":3538,"engine":"webkit"},"os":{"fullName":"Windows","name":"win","version":"10.0","versionName":"10","versionAltNames":[],"majorVersion":10,"minorVersion":0,"patchVersion":null},"features":{"bw":false,"mobile":false,"tv":false,"proxy":false}}
DID: SCREEN: {"width":1600,"height":900}
http://project/#::load-page
IP: 127.0.0.1

#####
[2018-11-22 09:41:16]
TYPE: web
DATA: {"browser":{"fullName":"Chrome","name":"chrome","version":"70.0.3538","majorVersion":70,"minorVersion":0,"patchVersion":3538,"engine":"webkit"},"os":{"fullName":"Windows","name":"win","version":"10.0","versionName":"10","versionAltNames":[],"majorVersion":10,"minorVersion":0,"patchVersion":null},"features":{"bw":false,"mobile":false,"tv":false,"proxy":false}}
DID: SCREEN: {"width":1600,"height":900}
http://project/#::load-page
IP: 127.0.0.1

#####
[2018-11-22 09:44:45]
TYPE: web
DATA: {"browser":{"fullName":"Chrome","name":"chrome","version":"70.0.3538","majorVersion":70,"minorVersion":0,"patchVersion":3538,"engine":"webkit"},"os":{"fullName":"Windows","name":"win","version":"10.0","versionName":"10","versionAltNames":[],"majorVersion":10,"minorVersion":0,"patchVersion":null},"features":{"bw":false,"mobile":false,"tv":false,"proxy":false}}
DID: SCREEN: {"width":1600,"height":900}
http://project/#::load-page
IP: 127.0.0.1

#####
[2018-11-22 09:48:26]
TYPE: web
DATA: {"browser":{"fullName":"Chrome","name":"chrome","version":"70.0.3538","majorVersion":70,"minorVersion":0,"patchVersion":3538,"engine":"webkit"},"os":{"fullName":"Windows","name":"win","version":"10.0","versionName":"10","versionAltNames":[],"majorVersion":10,"minorVersion":0,"patchVersion":null},"features":{"bw":false,"mobile":false,"tv":false,"proxy":false}}
DID: SCREEN: {"width":1600,"height":900}
http://project/#::load-page
IP: 127.0.0.1

#####
[2018-11-22 09:51:28]
TYPE: web
DATA: {"browser":{"fullName":"Chrome","name":"chrome","version":"70.0.3538","majorVersion":70,"minorVersion":0,"patchVersion":3538,"engine":"webkit"},"os":{"fullName":"Windows","name":"win","version":"10.0","versionName":"10","versionAltNames":[],"majorVersion":10,"minorVersion":0,"patchVersion":null},"features":{"bw":false,"mobile":false,"tv":false,"proxy":false}}
DID: SCREEN: {"width":1600,"height":900}
http://project/#::load-page
IP: 127.0.0.1

#####
[2018-11-22 09:52:17]
TYPE: web
DATA: {"browser":{"fullName":"Chrome","name":"chrome","version":"70.0.3538","majorVersion":70,"minorVersion":0,"patchVersion":3538,"engine":"webkit"},"os":{"fullName":"Windows","name":"win","version":"10.0","versionName":"10","versionAltNames":[],"majorVersion":10,"minorVersion":0,"patchVersion":null},"features":{"bw":false,"mobile":false,"tv":false,"proxy":false}}
DID: SCREEN: {"width":1600,"height":900}
http://project/#::load-page
IP: 127.0.0.1

#####
[2018-11-22 09:52:35]
TYPE: web
DATA: {"browser":{"fullName":"Chrome","name":"chrome","version":"70.0.3538","majorVersion":70,"minorVersion":0,"patchVersion":3538,"engine":"webkit"},"os":{"fullName":"Windows","name":"win","version":"10.0","versionName":"10","versionAltNames":[],"majorVersion":10,"minorVersion":0,"patchVersion":null},"features":{"bw":false,"mobile":false,"tv":false,"proxy":false}}
DID: SCREEN: {"width":1600,"height":900}
http://project/#::load-page
IP: 127.0.0.1

#####
[2018-11-22 09:56:36]
TYPE: web
DATA: {"browser":{"fullName":"Chrome","name":"chrome","version":"70.0.3538","majorVersion":70,"minorVersion":0,"patchVersion":3538,"engine":"webkit"},"os":{"fullName":"Windows","name":"win","version":"10.0","versionName":"10","versionAltNames":[],"majorVersion":10,"minorVersion":0,"patchVersion":null},"features":{"bw":false,"mobile":false,"tv":false,"proxy":false}}
DID: SCREEN: {"width":1600,"height":900}
http://project/#::load-page
IP: 127.0.0.1

#####
[2018-11-22 09:57:28]
TYPE: web
DATA: {"browser":{"fullName":"Chrome","name":"chrome","version":"70.0.3538","majorVersion":70,"minorVersion":0,"patchVersion":3538,"engine":"webkit"},"os":{"fullName":"Windows","name":"win","version":"10.0","versionName":"10","versionAltNames":[],"majorVersion":10,"minorVersion":0,"patchVersion":null},"features":{"bw":false,"mobile":false,"tv":false,"proxy":false}}
DID: SCREEN: {"width":1600,"height":900}
http://project/#::load-page
IP: 127.0.0.1

#####
[2018-11-22 09:58:47]
TYPE: web
DATA: {"browser":{"fullName":"Chrome","name":"chrome","version":"70.0.3538","majorVersion":70,"minorVersion":0,"patchVersion":3538,"engine":"webkit"},"os":{"fullName":"Windows","name":"win","version":"10.0","versionName":"10","versionAltNames":[],"majorVersion":10,"minorVersion":0,"patchVersion":null},"features":{"bw":false,"mobile":false,"tv":false,"proxy":false}}
DID: SCREEN: {"width":1600,"height":900}
http://project/#::load-page
IP: 127.0.0.1

#####
[2018-11-22 09:59:03]
TYPE: web
DATA: {"browser":{"fullName":"Chrome","name":"chrome","version":"70.0.3538","majorVersion":70,"minorVersion":0,"patchVersion":3538,"engine":"webkit"},"os":{"fullName":"Windows","name":"win","version":"10.0","versionName":"10","versionAltNames":[],"majorVersion":10,"minorVersion":0,"patchVersion":null},"features":{"bw":false,"mobile":false,"tv":false,"proxy":false}}
DID: SCREEN: {"width":1600,"height":900}
http://project/#::load-page
IP: 127.0.0.1

#####
[2018-11-22 09:59:20]
TYPE: web
DATA: {"browser":{"fullName":"Chrome","name":"chrome","version":"70.0.3538","majorVersion":70,"minorVersion":0,"patchVersion":3538,"engine":"webkit"},"os":{"fullName":"Windows","name":"win","version":"10.0","versionName":"10","versionAltNames":[],"majorVersion":10,"minorVersion":0,"patchVersion":null},"features":{"bw":false,"mobile":false,"tv":false,"proxy":false}}
DID: SCREEN: {"width":1600,"height":900}
http://project/#::load-page
IP: 127.0.0.1

#####
[2018-11-22 10:00:26]
TYPE: web
DATA: {"browser":{"fullName":"Chrome","name":"chrome","version":"70.0.3538","majorVersion":70,"minorVersion":0,"patchVersion":3538,"engine":"webkit"},"os":{"fullName":"Windows","name":"win","version":"10.0","versionName":"10","versionAltNames":[],"majorVersion":10,"minorVersion":0,"patchVersion":null},"features":{"bw":false,"mobile":false,"tv":false,"proxy":false}}
DID: SCREEN: {"width":1600,"height":900}
http://project/#::load-page
IP: 127.0.0.1

#####
[2018-11-22 10:00:50]
TYPE: web
DATA: {"browser":{"fullName":"Chrome","name":"chrome","version":"70.0.3538","majorVersion":70,"minorVersion":0,"patchVersion":3538,"engine":"webkit"},"os":{"fullName":"Windows","name":"win","version":"10.0","versionName":"10","versionAltNames":[],"majorVersion":10,"minorVersion":0,"patchVersion":null},"features":{"bw":false,"mobile":false,"tv":false,"proxy":false}}
DID: SCREEN: {"width":1600,"height":900}
http://project/#::load-page
IP: 127.0.0.1

#####
[2018-11-22 10:02:08]
TYPE: web
DATA: {"browser":{"fullName":"Chrome","name":"chrome","version":"70.0.3538","majorVersion":70,"minorVersion":0,"patchVersion":3538,"engine":"webkit"},"os":{"fullName":"Windows","name":"win","version":"10.0","versionName":"10","versionAltNames":[],"majorVersion":10,"minorVersion":0,"patchVersion":null},"features":{"bw":false,"mobile":false,"tv":false,"proxy":false}}
DID: SCREEN: {"width":1600,"height":900}
http://project/#::load-page
IP: 127.0.0.1

#####
[2018-11-22 10:02:41]
TYPE: web
DATA: {"browser":{"fullName":"Chrome","name":"chrome","version":"70.0.3538","majorVersion":70,"minorVersion":0,"patchVersion":3538,"engine":"webkit"},"os":{"fullName":"Windows","name":"win","version":"10.0","versionName":"10","versionAltNames":[],"majorVersion":10,"minorVersion":0,"patchVersion":null},"features":{"bw":false,"mobile":false,"tv":false,"proxy":false}}
DID: SCREEN: {"width":1600,"height":900}
http://project/#::load-page
IP: 127.0.0.1

#####
[2018-11-22 10:02:55]
TYPE: web
DATA: {"browser":{"fullName":"Chrome","name":"chrome","version":"70.0.3538","majorVersion":70,"minorVersion":0,"patchVersion":3538,"engine":"webkit"},"os":{"fullName":"Windows","name":"win","version":"10.0","versionName":"10","versionAltNames":[],"majorVersion":10,"minorVersion":0,"patchVersion":null},"features":{"bw":false,"mobile":false,"tv":false,"proxy":false}}
DID: SCREEN: {"width":1600,"height":900}
http://project/#::load-page
IP: 127.0.0.1

#####
[2018-11-22 10:04:21]
TYPE: web
DATA: {"browser":{"fullName":"Chrome","name":"chrome","version":"70.0.3538","majorVersion":70,"minorVersion":0,"patchVersion":3538,"engine":"webkit"},"os":{"fullName":"Windows","name":"win","version":"10.0","versionName":"10","versionAltNames":[],"majorVersion":10,"minorVersion":0,"patchVersion":null},"features":{"bw":false,"mobile":false,"tv":false,"proxy":false}}
DID: SCREEN: {"width":1600,"height":900}
http://project/#::load-page
IP: 127.0.0.1

#####
[2018-11-22 16:18:26]
TYPE: web
DATA: {"browser":{"fullName":"Chrome","name":"chrome","version":"70.0.3538","majorVersion":70,"minorVersion":0,"patchVersion":3538,"engine":"webkit"},"os":{"fullName":"Windows","name":"win","version":"10.0","versionName":"10","versionAltNames":[],"majorVersion":10,"minorVersion":0,"patchVersion":null},"features":{"bw":false,"mobile":false,"tv":false,"proxy":false}}
DID: SCREEN: {"width":1600,"height":900}
http://project/#::load-page
IP: 127.0.0.1

#####
[2018-11-22 16:18:34]
TYPE: web
DATA: {"browser":{"fullName":"Chrome","name":"chrome","version":"70.0.3538","majorVersion":70,"minorVersion":0,"patchVersion":3538,"engine":"webkit"},"os":{"fullName":"Windows","name":"win","version":"10.0","versionName":"10","versionAltNames":[],"majorVersion":10,"minorVersion":0,"patchVersion":null},"features":{"bw":false,"mobile":false,"tv":false,"proxy":false}}
DID: SCREEN: {"width":1600,"height":900}
http://project/test/::load-page
IP: 127.0.0.1

#####
[2018-11-22 16:18:38]
TYPE: web
DATA: {"browser":{"fullName":"Chrome","name":"chrome","version":"70.0.3538","majorVersion":70,"minorVersion":0,"patchVersion":3538,"engine":"webkit"},"os":{"fullName":"Windows","name":"win","version":"10.0","versionName":"10","versionAltNames":[],"majorVersion":10,"minorVersion":0,"patchVersion":null},"features":{"bw":false,"mobile":false,"tv":false,"proxy":false}}
DID: SCREEN: {"width":1600,"height":900}
http://project/test/::test-result::[{"result":[0,0,0,7,14,8]}]
IP: 127.0.0.1

#####
[2018-11-22 16:18:42]
TYPE: web
DATA: {"browser":{"fullName":"Chrome","name":"chrome","version":"70.0.3538","majorVersion":70,"minorVersion":0,"patchVersion":3538,"engine":"webkit"},"os":{"fullName":"Windows","name":"win","version":"10.0","versionName":"10","versionAltNames":[],"majorVersion":10,"minorVersion":0,"patchVersion":null},"features":{"bw":false,"mobile":false,"tv":false,"proxy":false}}
DID: SCREEN: {"width":1600,"height":900}
http://project/download-app/::load-page
IP: 127.0.0.1

#####
[2018-11-22 16:18:49]
TYPE: web
DATA: {"browser":{"fullName":"Chrome","name":"chrome","version":"70.0.3538","majorVersion":70,"minorVersion":0,"patchVersion":3538,"engine":"webkit"},"os":{"fullName":"Windows","name":"win","version":"10.0","versionName":"10","versionAltNames":[],"majorVersion":10,"minorVersion":0,"patchVersion":null},"features":{"bw":false,"mobile":false,"tv":false,"proxy":false}}
DID: SCREEN: {"width":1600,"height":900}
http://project/#::load-page
IP: 127.0.0.1
