#####
[2018-10-18 00:59:th]
OS%3A%20Android%205.0%0AModel%3A%20Shamu%0AUUID%3A%206b356755575fce31#####
[2018-10-18 01:00:35]
OS: Android 5.0
Model: Shamu
UUID: 6b356755575fce31#####
[2018-10-18 01:10:25]
OS: Android 5.0
Model: Shamu
UUID: 6b356755575fce31

#####
[2018-10-18 01:11:10]
OS: Android 5.0
Model: Shamu
UUID: 6b356755575fce31

#####
[2018-10-18 01:39:42]
OS: Android 5.0
Model: Shamu
UUID: 6b356755575fce31GEO: undefined

#####
[2018-10-18 01:41:18]
OS: Android 5.0
Model: Shamu
UUID: 6b356755575fce31GEO: [object Object]

#####
[2018-10-18 01:54:28]
OS: Android 5.0
Model: Shamu
UUID: 6b356755575fce31GEO: 
