
#####
[2018-12-11 02:00:28]
TYPE: web
DATA: {"browser":{"fullName":"Chrome","name":"chrome","version":"71.0.3578","majorVersion":71,"minorVersion":0,"patchVersion":3578,"engine":"webkit"},"os":{"fullName":"Windows","name":"win","version":"10.0","versionName":"10","versionAltNames":[],"majorVersion":10,"minorVersion":0,"patchVersion":null},"features":{"bw":false,"mobile":false,"tv":false,"proxy":false}}
DID: SCREEN: {"width":1600,"height":900}
http://project/#::load-page
IP: 127.0.0.1

#####
[2018-12-11 13:47:19]
TYPE: web
DATA: {"browser":{"fullName":"Chrome","name":"chrome","version":"71.0.3578","majorVersion":71,"minorVersion":0,"patchVersion":3578,"engine":"webkit"},"os":{"fullName":"Windows","name":"win","version":"10.0","versionName":"10","versionAltNames":[],"majorVersion":10,"minorVersion":0,"patchVersion":null},"features":{"bw":false,"mobile":false,"tv":false,"proxy":false}}
DID: SCREEN: {"width":1600,"height":900}
http://project/#::load-page
IP: 127.0.0.1

#####
[2018-12-11 13:47:20]
TYPE: web
DATA: {"browser":{"fullName":"Chrome","name":"chrome","version":"71.0.3578","majorVersion":71,"minorVersion":0,"patchVersion":3578,"engine":"webkit"},"os":{"fullName":"Windows","name":"win","version":"10.0","versionName":"10","versionAltNames":[],"majorVersion":10,"minorVersion":0,"patchVersion":null},"features":{"bw":false,"mobile":false,"tv":false,"proxy":false}}
DID: SCREEN: {"width":1600,"height":900}
http://project/professions/::load-page
IP: 127.0.0.1

#####
[2018-12-11 13:47:22]
TYPE: web
DATA: {"browser":{"fullName":"Chrome","name":"chrome","version":"71.0.3578","majorVersion":71,"minorVersion":0,"patchVersion":3578,"engine":"webkit"},"os":{"fullName":"Windows","name":"win","version":"10.0","versionName":"10","versionAltNames":[],"majorVersion":10,"minorVersion":0,"patchVersion":null},"features":{"bw":false,"mobile":false,"tv":false,"proxy":false}}
DID: SCREEN: {"width":1600,"height":900}
http://project/download-app/::load-page
IP: 127.0.0.1

#####
[2018-12-11 13:47:26]
TYPE: web
DATA: {"browser":{"fullName":"Chrome","name":"chrome","version":"71.0.3578","majorVersion":71,"minorVersion":0,"patchVersion":3578,"engine":"webkit"},"os":{"fullName":"Windows","name":"win","version":"10.0","versionName":"10","versionAltNames":[],"majorVersion":10,"minorVersion":0,"patchVersion":null},"features":{"bw":false,"mobile":false,"tv":false,"proxy":false}}
DID: SCREEN: {"width":1600,"height":900}
http://project/#::load-page
IP: 127.0.0.1

#####
[2018-12-11 13:47:28]
TYPE: web
DATA: {"browser":{"fullName":"Chrome","name":"chrome","version":"71.0.3578","majorVersion":71,"minorVersion":0,"patchVersion":3578,"engine":"webkit"},"os":{"fullName":"Windows","name":"win","version":"10.0","versionName":"10","versionAltNames":[],"majorVersion":10,"minorVersion":0,"patchVersion":null},"features":{"bw":false,"mobile":false,"tv":false,"proxy":false}}
DID: SCREEN: {"width":1600,"height":900}
http://project/professions/::load-page
IP: 127.0.0.1
