
#####
[2018-12-14 04:19:06]
TYPE: web
DATA: {"browser":{"fullName":"Chrome","name":"chrome","version":"71.0.3578","majorVersion":71,"minorVersion":0,"patchVersion":3578,"engine":"webkit"},"os":{"fullName":"Windows","name":"win","version":"10.0","versionName":"10","versionAltNames":[],"majorVersion":10,"minorVersion":0,"patchVersion":null},"features":{"bw":false,"mobile":false,"tv":false,"proxy":false}}
DID: SCREEN: {"width":1600,"height":900}
http://project/#::load-page
IP: 127.0.0.1

#####
[2018-12-14 04:22:32]
TYPE: web
DATA: {"browser":{"fullName":"Chrome","name":"chrome","version":"71.0.3578","majorVersion":71,"minorVersion":0,"patchVersion":3578,"engine":"webkit"},"os":{"fullName":"Windows","name":"win","version":"10.0","versionName":"10","versionAltNames":[],"majorVersion":10,"minorVersion":0,"patchVersion":null},"features":{"bw":false,"mobile":false,"tv":false,"proxy":false}}
DID: SCREEN: {"width":1600,"height":900}
http://project/admin/::load-page
IP: 127.0.0.1

#####
[2018-12-14 04:22:46]
TYPE: web
DATA: {"browser":{"fullName":"Chrome","name":"chrome","version":"71.0.3578","majorVersion":71,"minorVersion":0,"patchVersion":3578,"engine":"webkit"},"os":{"fullName":"Windows","name":"win","version":"10.0","versionName":"10","versionAltNames":[],"majorVersion":10,"minorVersion":0,"patchVersion":null},"features":{"bw":false,"mobile":false,"tv":false,"proxy":false}}
DID: SCREEN: {"width":1600,"height":900}
http://project/admin/::load-page
IP: 127.0.0.1

#####
[2018-12-14 04:23:05]
TYPE: web
DATA: {"browser":{"fullName":"Chrome","name":"chrome","version":"71.0.3578","majorVersion":71,"minorVersion":0,"patchVersion":3578,"engine":"webkit"},"os":{"fullName":"Windows","name":"win","version":"10.0","versionName":"10","versionAltNames":[],"majorVersion":10,"minorVersion":0,"patchVersion":null},"features":{"bw":false,"mobile":false,"tv":false,"proxy":false}}
DID: SCREEN: {"width":1600,"height":900}
http://project/#::load-page
IP: 127.0.0.1

#####
[2018-12-14 04:23:07]
TYPE: web
DATA: {"browser":{"fullName":"Chrome","name":"chrome","version":"71.0.3578","majorVersion":71,"minorVersion":0,"patchVersion":3578,"engine":"webkit"},"os":{"fullName":"Windows","name":"win","version":"10.0","versionName":"10","versionAltNames":[],"majorVersion":10,"minorVersion":0,"patchVersion":null},"features":{"bw":false,"mobile":false,"tv":false,"proxy":false}}
DID: SCREEN: {"width":1600,"height":900}
http://project/admin/::load-page
IP: 127.0.0.1

#####
[2018-12-14 04:23:41]
TYPE: web
DATA: {"browser":{"fullName":"Chrome","name":"chrome","version":"71.0.3578","majorVersion":71,"minorVersion":0,"patchVersion":3578,"engine":"webkit"},"os":{"fullName":"Windows","name":"win","version":"10.0","versionName":"10","versionAltNames":[],"majorVersion":10,"minorVersion":0,"patchVersion":null},"features":{"bw":false,"mobile":false,"tv":false,"proxy":false}}
DID: SCREEN: {"width":1600,"height":900}
http://project/admin/::load-page
IP: 127.0.0.1

#####
[2018-12-14 04:23:45]
TYPE: web
DATA: {"browser":{"fullName":"Chrome","name":"chrome","version":"71.0.3578","majorVersion":71,"minorVersion":0,"patchVersion":3578,"engine":"webkit"},"os":{"fullName":"Windows","name":"win","version":"10.0","versionName":"10","versionAltNames":[],"majorVersion":10,"minorVersion":0,"patchVersion":null},"features":{"bw":false,"mobile":false,"tv":false,"proxy":false}}
DID: SCREEN: {"width":1600,"height":900}
http://project/admin/::load-page
IP: 127.0.0.1

#####
[2018-12-14 17:09:48]
TYPE: web
DATA: {"browser":{"fullName":"Chrome","name":"chrome","version":"71.0.3578","majorVersion":71,"minorVersion":0,"patchVersion":3578,"engine":"webkit"},"os":{"fullName":"Windows","name":"win","version":"10.0","versionName":"10","versionAltNames":[],"majorVersion":10,"minorVersion":0,"patchVersion":null},"features":{"bw":false,"mobile":false,"tv":false,"proxy":false}}
DID: SCREEN: {"width":1600,"height":900}
http://project/#::load-page
IP: 127.0.0.1

#####
[2018-12-14 17:12:06]
TYPE: web
DATA: {"browser":{"fullName":"Chrome","name":"chrome","version":"71.0.3578","majorVersion":71,"minorVersion":0,"patchVersion":3578,"engine":"webkit"},"os":{"fullName":"Windows","name":"win","version":"10.0","versionName":"10","versionAltNames":[],"majorVersion":10,"minorVersion":0,"patchVersion":null},"features":{"bw":false,"mobile":false,"tv":false,"proxy":false}}
DID: SCREEN: {"width":1600,"height":900}
http://project/admin/::load-page
IP: 127.0.0.1

#####
[2018-12-14 17:12:08]
TYPE: web
DATA: {"browser":{"fullName":"Chrome","name":"chrome","version":"71.0.3578","majorVersion":71,"minorVersion":0,"patchVersion":3578,"engine":"webkit"},"os":{"fullName":"Windows","name":"win","version":"10.0","versionName":"10","versionAltNames":[],"majorVersion":10,"minorVersion":0,"patchVersion":null},"features":{"bw":false,"mobile":false,"tv":false,"proxy":false}}
DID: SCREEN: {"width":1600,"height":900}
http://project/admin/::load-page
IP: 127.0.0.1

#####
[2018-12-14 17:12:15]
TYPE: web
DATA: {"browser":{"fullName":"Chrome","name":"chrome","version":"71.0.3578","majorVersion":71,"minorVersion":0,"patchVersion":3578,"engine":"webkit"},"os":{"fullName":"Windows","name":"win","version":"10.0","versionName":"10","versionAltNames":[],"majorVersion":10,"minorVersion":0,"patchVersion":null},"features":{"bw":false,"mobile":false,"tv":false,"proxy":false}}
DID: SCREEN: {"width":1600,"height":900}
http://project/admin/::load-page
IP: 127.0.0.1

#####
[2018-12-14 17:12:18]
TYPE: web
DATA: {"browser":{"fullName":"Chrome","name":"chrome","version":"71.0.3578","majorVersion":71,"minorVersion":0,"patchVersion":3578,"engine":"webkit"},"os":{"fullName":"Windows","name":"win","version":"10.0","versionName":"10","versionAltNames":[],"majorVersion":10,"minorVersion":0,"patchVersion":null},"features":{"bw":false,"mobile":false,"tv":false,"proxy":false}}
DID: SCREEN: {"width":1600,"height":900}
http://project/admin/::load-page
IP: 127.0.0.1

#####
[2018-12-14 17:12:30]
TYPE: web
DATA: {"browser":{"fullName":"Chrome","name":"chrome","version":"71.0.3578","majorVersion":71,"minorVersion":0,"patchVersion":3578,"engine":"webkit"},"os":{"fullName":"Windows","name":"win","version":"10.0","versionName":"10","versionAltNames":[],"majorVersion":10,"minorVersion":0,"patchVersion":null},"features":{"bw":false,"mobile":false,"tv":false,"proxy":false}}
DID: SCREEN: {"width":1600,"height":900}
http://project/admin/::load-page
IP: 127.0.0.1

#####
[2018-12-14 17:12:32]
TYPE: web
DATA: {"browser":{"fullName":"Chrome","name":"chrome","version":"71.0.3578","majorVersion":71,"minorVersion":0,"patchVersion":3578,"engine":"webkit"},"os":{"fullName":"Windows","name":"win","version":"10.0","versionName":"10","versionAltNames":[],"majorVersion":10,"minorVersion":0,"patchVersion":null},"features":{"bw":false,"mobile":false,"tv":false,"proxy":false}}
DID: SCREEN: {"width":1600,"height":900}
http://project/admin/::load-page
IP: 127.0.0.1

#####
[2018-12-14 17:13:03]
TYPE: web
DATA: {"browser":{"fullName":"Chrome","name":"chrome","version":"71.0.3578","majorVersion":71,"minorVersion":0,"patchVersion":3578,"engine":"webkit"},"os":{"fullName":"Windows","name":"win","version":"10.0","versionName":"10","versionAltNames":[],"majorVersion":10,"minorVersion":0,"patchVersion":null},"features":{"bw":false,"mobile":false,"tv":false,"proxy":false}}
DID: SCREEN: {"width":1600,"height":900}
http://project/admin/::load-page
IP: 127.0.0.1

#####
[2018-12-14 17:13:45]
TYPE: web
DATA: {"browser":{"fullName":"Chrome","name":"chrome","version":"71.0.3578","majorVersion":71,"minorVersion":0,"patchVersion":3578,"engine":"webkit"},"os":{"fullName":"Windows","name":"win","version":"10.0","versionName":"10","versionAltNames":[],"majorVersion":10,"minorVersion":0,"patchVersion":null},"features":{"bw":false,"mobile":false,"tv":false,"proxy":false}}
DID: SCREEN: {"width":1600,"height":900}
http://project/admin/::load-page
IP: 127.0.0.1

#####
[2018-12-14 17:24:10]
TYPE: web
DATA: {"browser":{"fullName":"Chrome","name":"chrome","version":"71.0.3578","majorVersion":71,"minorVersion":0,"patchVersion":3578,"engine":"webkit"},"os":{"fullName":"Windows","name":"win","version":"10.0","versionName":"10","versionAltNames":[],"majorVersion":10,"minorVersion":0,"patchVersion":null},"features":{"bw":false,"mobile":false,"tv":false,"proxy":false}}
DID: SCREEN: {"width":1600,"height":900}
http://project/admin/::load-page
IP: 127.0.0.1

#####
[2018-12-14 17:24:31]
TYPE: web
DATA: {"browser":{"fullName":"Chrome","name":"chrome","version":"71.0.3578","majorVersion":71,"minorVersion":0,"patchVersion":3578,"engine":"webkit"},"os":{"fullName":"Windows","name":"win","version":"10.0","versionName":"10","versionAltNames":[],"majorVersion":10,"minorVersion":0,"patchVersion":null},"features":{"bw":false,"mobile":false,"tv":false,"proxy":false}}
DID: SCREEN: {"width":1600,"height":900}
http://project/admin/::load-page
IP: 127.0.0.1

#####
[2018-12-14 17:24:33]
TYPE: web
DATA: {"browser":{"fullName":"Chrome","name":"chrome","version":"71.0.3578","majorVersion":71,"minorVersion":0,"patchVersion":3578,"engine":"webkit"},"os":{"fullName":"Windows","name":"win","version":"10.0","versionName":"10","versionAltNames":[],"majorVersion":10,"minorVersion":0,"patchVersion":null},"features":{"bw":false,"mobile":false,"tv":false,"proxy":false}}
DID: SCREEN: {"width":1600,"height":900}
http://project/admin/::load-page
IP: 127.0.0.1

#####
[2018-12-14 23:50:13]
TYPE: web
DATA: {"browser":{"fullName":"Chrome","name":"chrome","version":"71.0.3578","majorVersion":71,"minorVersion":0,"patchVersion":3578,"engine":"webkit"},"os":{"fullName":"Windows","name":"win","version":"10.0","versionName":"10","versionAltNames":[],"majorVersion":10,"minorVersion":0,"patchVersion":null},"features":{"bw":false,"mobile":false,"tv":false,"proxy":false}}
DID: SCREEN: {"width":1600,"height":900}
http://project/admin/::load-page
IP: 127.0.0.1

#####
[2018-12-14 23:50:33]
TYPE: web
DATA: {"browser":{"fullName":"Chrome","name":"chrome","version":"71.0.3578","majorVersion":71,"minorVersion":0,"patchVersion":3578,"engine":"webkit"},"os":{"fullName":"Windows","name":"win","version":"10.0","versionName":"10","versionAltNames":[],"majorVersion":10,"minorVersion":0,"patchVersion":null},"features":{"bw":false,"mobile":false,"tv":false,"proxy":false}}
DID: SCREEN: {"width":1600,"height":900}
http://project/admin/::load-page
IP: 127.0.0.1

#####
[2018-12-14 23:51:35]
TYPE: web
DATA: {"browser":{"fullName":"Chrome","name":"chrome","version":"71.0.3578","majorVersion":71,"minorVersion":0,"patchVersion":3578,"engine":"webkit"},"os":{"fullName":"Windows","name":"win","version":"10.0","versionName":"10","versionAltNames":[],"majorVersion":10,"minorVersion":0,"patchVersion":null},"features":{"bw":false,"mobile":false,"tv":false,"proxy":false}}
DID: SCREEN: {"width":1600,"height":900}
http://project/admin/::load-page
IP: 127.0.0.1

#####
[2018-12-14 23:51:42]
TYPE: web
DATA: {"browser":{"fullName":"Chrome","name":"chrome","version":"71.0.3578","majorVersion":71,"minorVersion":0,"patchVersion":3578,"engine":"webkit"},"os":{"fullName":"Windows","name":"win","version":"10.0","versionName":"10","versionAltNames":[],"majorVersion":10,"minorVersion":0,"patchVersion":null},"features":{"bw":false,"mobile":false,"tv":false,"proxy":false}}
DID: SCREEN: {"width":1600,"height":900}
http://project/admin/::load-page
IP: 127.0.0.1

#####
[2018-12-14 23:52:00]
TYPE: web
DATA: {"browser":{"fullName":"Chrome","name":"chrome","version":"71.0.3578","majorVersion":71,"minorVersion":0,"patchVersion":3578,"engine":"webkit"},"os":{"fullName":"Windows","name":"win","version":"10.0","versionName":"10","versionAltNames":[],"majorVersion":10,"minorVersion":0,"patchVersion":null},"features":{"bw":false,"mobile":false,"tv":false,"proxy":false}}
DID: SCREEN: {"width":1600,"height":900}
http://project/#::load-page
IP: 127.0.0.1

#####
[2018-12-14 23:52:02]
TYPE: web
DATA: {"browser":{"fullName":"Chrome","name":"chrome","version":"71.0.3578","majorVersion":71,"minorVersion":0,"patchVersion":3578,"engine":"webkit"},"os":{"fullName":"Windows","name":"win","version":"10.0","versionName":"10","versionAltNames":[],"majorVersion":10,"minorVersion":0,"patchVersion":null},"features":{"bw":false,"mobile":false,"tv":false,"proxy":false}}
DID: SCREEN: {"width":1600,"height":900}
http://project/admin/::load-page
IP: 127.0.0.1

#####
[2018-12-14 23:52:19]
TYPE: web
DATA: {"browser":{"fullName":"Chrome","name":"chrome","version":"71.0.3578","majorVersion":71,"minorVersion":0,"patchVersion":3578,"engine":"webkit"},"os":{"fullName":"Windows","name":"win","version":"10.0","versionName":"10","versionAltNames":[],"majorVersion":10,"minorVersion":0,"patchVersion":null},"features":{"bw":false,"mobile":false,"tv":false,"proxy":false}}
DID: SCREEN: {"width":1600,"height":900}
http://project/admin/::load-page
IP: 127.0.0.1

#####
[2018-12-14 23:53:23]
TYPE: web
DATA: {"browser":{"fullName":"Chrome","name":"chrome","version":"71.0.3578","majorVersion":71,"minorVersion":0,"patchVersion":3578,"engine":"webkit"},"os":{"fullName":"Windows","name":"win","version":"10.0","versionName":"10","versionAltNames":[],"majorVersion":10,"minorVersion":0,"patchVersion":null},"features":{"bw":false,"mobile":false,"tv":false,"proxy":false}}
DID: SCREEN: {"width":1600,"height":900}
http://project/#::load-page
IP: 127.0.0.1
