
#####
[2018-11-21 10:30:57]
TYPE: web
DATA: {"browser":{"fullName":"Chrome","name":"chrome","version":"55.0.2883","majorVersion":55,"minorVersion":0,"patchVersion":2883,"engine":"webkit"},"os":{"fullName":"Windows","name":"win","version":"10.0","versionName":"10","versionAltNames":[],"majorVersion":10,"minorVersion":0,"patchVersion":null},"features":{"bw":false,"mobile":false,"tv":false,"proxy":false}}
DID: SCREEN: {"width":1366,"height":768}
http://fy/::load-page
IP: 127.0.0.1

#####
[2018-11-21 10:32:20]
TYPE: web
DATA: {"browser":{"fullName":"Chrome","name":"chrome","version":"55.0.2883","majorVersion":55,"minorVersion":0,"patchVersion":2883,"engine":"webkit"},"os":{"fullName":"Windows","name":"win","version":"10.0","versionName":"10","versionAltNames":[],"majorVersion":10,"minorVersion":0,"patchVersion":null},"features":{"bw":false,"mobile":false,"tv":false,"proxy":false}}
DID: SCREEN: {"width":1366,"height":768}
http://fy/#::load-page
IP: 127.0.0.1

#####
[2018-11-21 10:35:10]
TYPE: web
DATA: {"browser":{"fullName":"Chrome","name":"chrome","version":"55.0.2883","majorVersion":55,"minorVersion":0,"patchVersion":2883,"engine":"webkit"},"os":{"fullName":"Windows","name":"win","version":"10.0","versionName":"10","versionAltNames":[],"majorVersion":10,"minorVersion":0,"patchVersion":null},"features":{"bw":false,"mobile":false,"tv":false,"proxy":false}}
DID: SCREEN: {"width":1366,"height":768}
http://fy/#::load-page
IP: 127.0.0.1

#####
[2018-11-21 10:48:43]
TYPE: web
DATA: {"browser":{"fullName":"Chrome","name":"chrome","version":"70.0.3538","majorVersion":70,"minorVersion":0,"patchVersion":3538,"engine":"webkit"},"os":{"fullName":"Windows","name":"win","version":"10.0","versionName":"10","versionAltNames":[],"majorVersion":10,"minorVersion":0,"patchVersion":null},"features":{"bw":false,"mobile":false,"tv":false,"proxy":false}}
DID: SCREEN: {"width":1600,"height":900}
http://project/#::load-page
IP: 127.0.0.1

#####
[2018-11-21 14:24:29]
TYPE: web
DATA: {"browser":{"fullName":"Chrome","name":"chrome","version":"70.0.3538","majorVersion":70,"minorVersion":0,"patchVersion":3538,"engine":"webkit"},"os":{"fullName":"Windows","name":"win","version":"10.0","versionName":"10","versionAltNames":[],"majorVersion":10,"minorVersion":0,"patchVersion":null},"features":{"bw":false,"mobile":false,"tv":false,"proxy":false}}
DID: SCREEN: {"width":1600,"height":900}
http://project/#::load-page
IP: 127.0.0.1

#####
[2018-11-21 14:25:12]
TYPE: web
DATA: {"browser":{"fullName":"Chrome","name":"chrome","version":"70.0.3538","majorVersion":70,"minorVersion":0,"patchVersion":3538,"engine":"webkit"},"os":{"fullName":"Windows","name":"win","version":"10.0","versionName":"10","versionAltNames":[],"majorVersion":10,"minorVersion":0,"patchVersion":null},"features":{"bw":false,"mobile":false,"tv":false,"proxy":false}}
DID: SCREEN: {"width":1600,"height":900}
http://project/#::load-page
IP: 127.0.0.1

#####
[2018-11-21 14:25:44]
TYPE: web
DATA: {"browser":{"fullName":"Chrome","name":"chrome","version":"70.0.3538","majorVersion":70,"minorVersion":0,"patchVersion":3538,"engine":"webkit"},"os":{"fullName":"Windows","name":"win","version":"10.0","versionName":"10","versionAltNames":[],"majorVersion":10,"minorVersion":0,"patchVersion":null},"features":{"bw":false,"mobile":false,"tv":false,"proxy":false}}
DID: SCREEN: {"width":1600,"height":900}
http://project/#::load-page
IP: 127.0.0.1

#####
[2018-11-21 14:26:34]
TYPE: web
DATA: {"browser":{"fullName":"Chrome","name":"chrome","version":"70.0.3538","majorVersion":70,"minorVersion":0,"patchVersion":3538,"engine":"webkit"},"os":{"fullName":"Windows","name":"win","version":"10.0","versionName":"10","versionAltNames":[],"majorVersion":10,"minorVersion":0,"patchVersion":null},"features":{"bw":false,"mobile":false,"tv":false,"proxy":false}}
DID: SCREEN: {"width":1600,"height":900}
http://project/#::load-page
IP: 127.0.0.1

#####
[2018-11-21 14:26:45]
TYPE: web
DATA: {"browser":{"fullName":"Chrome","name":"chrome","version":"70.0.3538","majorVersion":70,"minorVersion":0,"patchVersion":3538,"engine":"webkit"},"os":{"fullName":"Windows","name":"win","version":"10.0","versionName":"10","versionAltNames":[],"majorVersion":10,"minorVersion":0,"patchVersion":null},"features":{"bw":false,"mobile":false,"tv":false,"proxy":false}}
DID: SCREEN: {"width":1600,"height":900}
http://project/#::load-page
IP: 127.0.0.1

#####
[2018-11-21 14:31:01]
TYPE: web
DATA: {"browser":{"fullName":"Chrome","name":"chrome","version":"70.0.3538","majorVersion":70,"minorVersion":0,"patchVersion":3538,"engine":"webkit"},"os":{"fullName":"Windows","name":"win","version":"10.0","versionName":"10","versionAltNames":[],"majorVersion":10,"minorVersion":0,"patchVersion":null},"features":{"bw":false,"mobile":false,"tv":false,"proxy":false}}
DID: SCREEN: {"width":1600,"height":900}
http://project/#::load-page
IP: 127.0.0.1

#####
[2018-11-21 14:31:17]
TYPE: web
DATA: {"browser":{"fullName":"Chrome","name":"chrome","version":"70.0.3538","majorVersion":70,"minorVersion":0,"patchVersion":3538,"engine":"webkit"},"os":{"fullName":"Windows","name":"win","version":"10.0","versionName":"10","versionAltNames":[],"majorVersion":10,"minorVersion":0,"patchVersion":null},"features":{"bw":false,"mobile":false,"tv":false,"proxy":false}}
DID: SCREEN: {"width":1600,"height":900}
http://project/#::load-page
IP: 127.0.0.1

#####
[2018-11-21 14:32:48]
TYPE: web
DATA: {"browser":{"fullName":"Chrome","name":"chrome","version":"70.0.3538","majorVersion":70,"minorVersion":0,"patchVersion":3538,"engine":"webkit"},"os":{"fullName":"Windows","name":"win","version":"10.0","versionName":"10","versionAltNames":[],"majorVersion":10,"minorVersion":0,"patchVersion":null},"features":{"bw":false,"mobile":false,"tv":false,"proxy":false}}
DID: SCREEN: {"width":1600,"height":900}
http://project/#::load-page
IP: 127.0.0.1

#####
[2018-11-21 14:35:21]
TYPE: web
DATA: {"browser":{"fullName":"Chrome","name":"chrome","version":"70.0.3538","majorVersion":70,"minorVersion":0,"patchVersion":3538,"engine":"webkit"},"os":{"fullName":"Windows","name":"win","version":"10.0","versionName":"10","versionAltNames":[],"majorVersion":10,"minorVersion":0,"patchVersion":null},"features":{"bw":false,"mobile":false,"tv":false,"proxy":false}}
DID: SCREEN: {"width":1600,"height":900}
http://project/#::load-page
IP: 127.0.0.1
