
#####
[2018-12-15 02:01:10]
TYPE: web
DATA: {"browser":{"fullName":"Chrome","name":"chrome","version":"71.0.3578","majorVersion":71,"minorVersion":0,"patchVersion":3578,"engine":"webkit"},"os":{"fullName":"Windows","name":"win","version":"10.0","versionName":"10","versionAltNames":[],"majorVersion":10,"minorVersion":0,"patchVersion":null},"features":{"bw":false,"mobile":false,"tv":false,"proxy":false}}
DID: SCREEN: {"width":1600,"height":900}
http://project/::load-page
IP: 127.0.0.1

#####
[2018-12-15 21:58:26]
TYPE: web
DATA: {"browser":{"fullName":"Chrome","name":"chrome","version":"71.0.3578","majorVersion":71,"minorVersion":0,"patchVersion":3578,"engine":"webkit"},"os":{"fullName":"Windows","name":"win","version":"10.0","versionName":"10","versionAltNames":[],"majorVersion":10,"minorVersion":0,"patchVersion":null},"features":{"bw":false,"mobile":false,"tv":false,"proxy":false}}
DID: SCREEN: {"width":1600,"height":900}
http://project/download-app/::load-page
IP: 127.0.0.1

#####
[2018-12-15 22:09:19]
TYPE: web
DATA: {"browser":{"fullName":"Chrome","name":"chrome","version":"71.0.3578","majorVersion":71,"minorVersion":0,"patchVersion":3578,"engine":"webkit"},"os":{"fullName":"Windows","name":"win","version":"10.0","versionName":"10","versionAltNames":[],"majorVersion":10,"minorVersion":0,"patchVersion":null},"features":{"bw":false,"mobile":false,"tv":false,"proxy":false}}
DID: SCREEN: {"width":1600,"height":900}
http://project/download-app/::load-page
IP: 127.0.0.1

#####
[2018-12-15 22:11:59]
TYPE: web
DATA: {"browser":{"fullName":"Chrome","name":"chrome","version":"71.0.3578","majorVersion":71,"minorVersion":0,"patchVersion":3578,"engine":"webkit"},"os":{"fullName":"Windows","name":"win","version":"10.0","versionName":"10","versionAltNames":[],"majorVersion":10,"minorVersion":0,"patchVersion":null},"features":{"bw":false,"mobile":false,"tv":false,"proxy":false}}
DID: SCREEN: {"width":1600,"height":900}
http://project/download-app/::load-page
IP: 127.0.0.1

#####
[2018-12-15 22:12:24]
TYPE: web
DATA: {"browser":{"fullName":"Chrome","name":"chrome","version":"71.0.3578","majorVersion":71,"minorVersion":0,"patchVersion":3578,"engine":"webkit"},"os":{"fullName":"Windows","name":"win","version":"10.0","versionName":"10","versionAltNames":[],"majorVersion":10,"minorVersion":0,"patchVersion":null},"features":{"bw":false,"mobile":false,"tv":false,"proxy":false}}
DID: SCREEN: {"width":1600,"height":900}
http://project/download-app/::load-page
IP: 127.0.0.1

#####
[2018-12-15 22:12:50]
TYPE: web
DATA: {"browser":{"fullName":"Chrome","name":"chrome","version":"71.0.3578","majorVersion":71,"minorVersion":0,"patchVersion":3578,"engine":"webkit"},"os":{"fullName":"Windows","name":"win","version":"10.0","versionName":"10","versionAltNames":[],"majorVersion":10,"minorVersion":0,"patchVersion":null},"features":{"bw":false,"mobile":false,"tv":false,"proxy":false}}
DID: SCREEN: {"width":1600,"height":900}
http://project/download-app/::load-page
IP: 127.0.0.1

#####
[2018-12-15 22:13:08]
TYPE: web
DATA: {"browser":{"fullName":"Chrome","name":"chrome","version":"71.0.3578","majorVersion":71,"minorVersion":0,"patchVersion":3578,"engine":"webkit"},"os":{"fullName":"Windows","name":"win","version":"10.0","versionName":"10","versionAltNames":[],"majorVersion":10,"minorVersion":0,"patchVersion":null},"features":{"bw":false,"mobile":false,"tv":false,"proxy":false}}
DID: SCREEN: {"width":1600,"height":900}
http://project/download-app/::load-page
IP: 127.0.0.1

#####
[2018-12-15 22:42:53]
TYPE: web
DATA: {"browser":{"fullName":"Chrome","name":"chrome","version":"71.0.3578","majorVersion":71,"minorVersion":0,"patchVersion":3578,"engine":"webkit"},"os":{"fullName":"Windows","name":"win","version":"10.0","versionName":"10","versionAltNames":[],"majorVersion":10,"minorVersion":0,"patchVersion":null},"features":{"bw":false,"mobile":false,"tv":false,"proxy":false}}
DID: SCREEN: {"width":1600,"height":900}
http://project/download-app/::load-page
IP: 127.0.0.1

#####
[2018-12-15 22:46:51]
TYPE: web
DATA: {"browser":{"fullName":"Chrome","name":"chrome","version":"71.0.3578","majorVersion":71,"minorVersion":0,"patchVersion":3578,"engine":"webkit"},"os":{"fullName":"Windows","name":"win","version":"10.0","versionName":"10","versionAltNames":[],"majorVersion":10,"minorVersion":0,"patchVersion":null},"features":{"bw":false,"mobile":false,"tv":false,"proxy":false}}
DID: SCREEN: {"width":1600,"height":900}
http://project/test/::load-page
IP: 127.0.0.1

#####
[2018-12-15 22:50:58]
TYPE: web
DATA: {"browser":{"fullName":"Chrome","name":"chrome","version":"71.0.3578","majorVersion":71,"minorVersion":0,"patchVersion":3578,"engine":"webkit"},"os":{"fullName":"Windows","name":"win","version":"10.0","versionName":"10","versionAltNames":[],"majorVersion":10,"minorVersion":0,"patchVersion":null},"features":{"bw":false,"mobile":false,"tv":false,"proxy":false}}
DID: SCREEN: {"width":1600,"height":900}
http://project/download-app/::load-page
IP: 127.0.0.1

#####
[2018-12-15 22:51:01]
TYPE: web
DATA: {"browser":{"fullName":"Chrome","name":"chrome","version":"71.0.3578","majorVersion":71,"minorVersion":0,"patchVersion":3578,"engine":"webkit"},"os":{"fullName":"Windows","name":"win","version":"10.0","versionName":"10","versionAltNames":[],"majorVersion":10,"minorVersion":0,"patchVersion":null},"features":{"bw":false,"mobile":false,"tv":false,"proxy":false}}
DID: SCREEN: {"width":1600,"height":900}
http://project/download-app/::load-page
IP: 127.0.0.1

#####
[2018-12-15 22:51:38]
TYPE: web
DATA: {"browser":{"fullName":"Chrome","name":"chrome","version":"71.0.3578","majorVersion":71,"minorVersion":0,"patchVersion":3578,"engine":"webkit"},"os":{"fullName":"Windows","name":"win","version":"10.0","versionName":"10","versionAltNames":[],"majorVersion":10,"minorVersion":0,"patchVersion":null},"features":{"bw":false,"mobile":false,"tv":false,"proxy":false}}
DID: SCREEN: {"width":1600,"height":900}
http://project/download-app/::load-page
IP: 127.0.0.1

#####
[2018-12-15 22:52:06]
TYPE: web
DATA: {"browser":{"fullName":"Chrome","name":"chrome","version":"71.0.3578","majorVersion":71,"minorVersion":0,"patchVersion":3578,"engine":"webkit"},"os":{"fullName":"Windows","name":"win","version":"10.0","versionName":"10","versionAltNames":[],"majorVersion":10,"minorVersion":0,"patchVersion":null},"features":{"bw":false,"mobile":false,"tv":false,"proxy":false}}
DID: SCREEN: {"width":1600,"height":900}
http://project/download-app/::load-page
IP: 127.0.0.1

#####
[2018-12-15 23:09:42]
TYPE: web
DATA: {"browser":{"fullName":"Chrome","name":"chrome","version":"71.0.3578","majorVersion":71,"minorVersion":0,"patchVersion":3578,"engine":"webkit"},"os":{"fullName":"Windows","name":"win","version":"10.0","versionName":"10","versionAltNames":[],"majorVersion":10,"minorVersion":0,"patchVersion":null},"features":{"bw":false,"mobile":false,"tv":false,"proxy":false}}
DID: SCREEN: {"width":1600,"height":900}
http://project/download-app/::load-page
IP: 127.0.0.1

#####
[2018-12-15 23:10:47]
TYPE: web
DATA: {"browser":{"fullName":"Chrome","name":"chrome","version":"71.0.3578","majorVersion":71,"minorVersion":0,"patchVersion":3578,"engine":"webkit"},"os":{"fullName":"Windows","name":"win","version":"10.0","versionName":"10","versionAltNames":[],"majorVersion":10,"minorVersion":0,"patchVersion":null},"features":{"bw":false,"mobile":false,"tv":false,"proxy":false}}
DID: SCREEN: {"width":1600,"height":900}
http://project/download-app/::load-page
IP: 127.0.0.1

#####
[2018-12-15 23:12:46]
TYPE: web
DATA: {"browser":{"fullName":"Chrome","name":"chrome","version":"71.0.3578","majorVersion":71,"minorVersion":0,"patchVersion":3578,"engine":"webkit"},"os":{"fullName":"Windows","name":"win","version":"10.0","versionName":"10","versionAltNames":[],"majorVersion":10,"minorVersion":0,"patchVersion":null},"features":{"bw":false,"mobile":false,"tv":false,"proxy":false}}
DID: SCREEN: {"width":1600,"height":900}
http://project/download-app/::load-page
IP: 127.0.0.1

#####
[2018-12-15 23:17:20]
TYPE: web
DATA: {"browser":{"fullName":"Chrome","name":"chrome","version":"71.0.3578","majorVersion":71,"minorVersion":0,"patchVersion":3578,"engine":"webkit"},"os":{"fullName":"Windows","name":"win","version":"10.0","versionName":"10","versionAltNames":[],"majorVersion":10,"minorVersion":0,"patchVersion":null},"features":{"bw":false,"mobile":false,"tv":false,"proxy":false}}
DID: SCREEN: {"width":1600,"height":900}
http://project/download-app/::load-page
IP: 127.0.0.1

#####
[2018-12-15 23:18:42]
TYPE: web
DATA: {"browser":{"fullName":"Chrome","name":"chrome","version":"71.0.3578","majorVersion":71,"minorVersion":0,"patchVersion":3578,"engine":"webkit"},"os":{"fullName":"Windows","name":"win","version":"10.0","versionName":"10","versionAltNames":[],"majorVersion":10,"minorVersion":0,"patchVersion":null},"features":{"bw":false,"mobile":false,"tv":false,"proxy":false}}
DID: SCREEN: {"width":1600,"height":900}
http://project/download-app/::load-page
IP: 127.0.0.1

#####
[2018-12-15 23:18:59]
TYPE: web
DATA: {"browser":{"fullName":"Chrome","name":"chrome","version":"71.0.3578","majorVersion":71,"minorVersion":0,"patchVersion":3578,"engine":"webkit"},"os":{"fullName":"Windows","name":"win","version":"10.0","versionName":"10","versionAltNames":[],"majorVersion":10,"minorVersion":0,"patchVersion":null},"features":{"bw":false,"mobile":false,"tv":false,"proxy":false}}
DID: SCREEN: {"width":1600,"height":900}
http://project/download-app/::load-page
IP: 127.0.0.1

#####
[2018-12-15 23:24:45]
TYPE: web
DATA: {"browser":{"fullName":"Chrome","name":"chrome","version":"71.0.3578","majorVersion":71,"minorVersion":0,"patchVersion":3578,"engine":"webkit"},"os":{"fullName":"Windows","name":"win","version":"10.0","versionName":"10","versionAltNames":[],"majorVersion":10,"minorVersion":0,"patchVersion":null},"features":{"bw":false,"mobile":false,"tv":false,"proxy":false}}
DID: SCREEN: {"width":1600,"height":900}
http://project/download-app/::load-page
IP: 127.0.0.1

#####
[2018-12-15 23:25:41]
TYPE: web
DATA: {"browser":{"fullName":"Chrome","name":"chrome","version":"71.0.3578","majorVersion":71,"minorVersion":0,"patchVersion":3578,"engine":"webkit"},"os":{"fullName":"Windows","name":"win","version":"10.0","versionName":"10","versionAltNames":[],"majorVersion":10,"minorVersion":0,"patchVersion":null},"features":{"bw":false,"mobile":false,"tv":false,"proxy":false}}
DID: SCREEN: {"width":1600,"height":900}
http://project/download-app/::load-page
IP: 127.0.0.1

#####
[2018-12-15 23:26:27]
TYPE: web
DATA: {"browser":{"fullName":"Chrome","name":"chrome","version":"71.0.3578","majorVersion":71,"minorVersion":0,"patchVersion":3578,"engine":"webkit"},"os":{"fullName":"Windows","name":"win","version":"10.0","versionName":"10","versionAltNames":[],"majorVersion":10,"minorVersion":0,"patchVersion":null},"features":{"bw":false,"mobile":false,"tv":false,"proxy":false}}
DID: SCREEN: {"width":1600,"height":900}
http://project/download-app/::load-page
IP: 127.0.0.1

#####
[2018-12-15 23:26:44]
TYPE: web
DATA: {"browser":{"fullName":"Chrome","name":"chrome","version":"71.0.3578","majorVersion":71,"minorVersion":0,"patchVersion":3578,"engine":"webkit"},"os":{"fullName":"Windows","name":"win","version":"10.0","versionName":"10","versionAltNames":[],"majorVersion":10,"minorVersion":0,"patchVersion":null},"features":{"bw":false,"mobile":false,"tv":false,"proxy":false}}
DID: SCREEN: {"width":1600,"height":900}
http://project/download-app/::load-page
IP: 127.0.0.1

#####
[2018-12-15 23:27:08]
TYPE: web
DATA: {"browser":{"fullName":"Chrome","name":"chrome","version":"71.0.3578","majorVersion":71,"minorVersion":0,"patchVersion":3578,"engine":"webkit"},"os":{"fullName":"Windows","name":"win","version":"10.0","versionName":"10","versionAltNames":[],"majorVersion":10,"minorVersion":0,"patchVersion":null},"features":{"bw":false,"mobile":false,"tv":false,"proxy":false}}
DID: SCREEN: {"width":1600,"height":900}
http://project/download-app/::load-page
IP: 127.0.0.1

#####
[2018-12-15 23:27:25]
TYPE: web
DATA: {"browser":{"fullName":"Chrome","name":"chrome","version":"71.0.3578","majorVersion":71,"minorVersion":0,"patchVersion":3578,"engine":"webkit"},"os":{"fullName":"Windows","name":"win","version":"10.0","versionName":"10","versionAltNames":[],"majorVersion":10,"minorVersion":0,"patchVersion":null},"features":{"bw":false,"mobile":false,"tv":false,"proxy":false}}
DID: SCREEN: {"width":1600,"height":900}
http://project/download-app/::load-page
IP: 127.0.0.1

#####
[2018-12-15 23:33:13]
TYPE: web
DATA: {"browser":{"fullName":"Chrome","name":"chrome","version":"71.0.3578","majorVersion":71,"minorVersion":0,"patchVersion":3578,"engine":"webkit"},"os":{"fullName":"Windows","name":"win","version":"10.0","versionName":"10","versionAltNames":[],"majorVersion":10,"minorVersion":0,"patchVersion":null},"features":{"bw":false,"mobile":false,"tv":false,"proxy":false}}
DID: SCREEN: {"width":1600,"height":900}
http://project/download-app/::load-page
IP: 127.0.0.1

#####
[2018-12-15 23:33:56]
TYPE: web
DATA: {"browser":{"fullName":"Chrome","name":"chrome","version":"71.0.3578","majorVersion":71,"minorVersion":0,"patchVersion":3578,"engine":"webkit"},"os":{"fullName":"Windows","name":"win","version":"10.0","versionName":"10","versionAltNames":[],"majorVersion":10,"minorVersion":0,"patchVersion":null},"features":{"bw":false,"mobile":false,"tv":false,"proxy":false}}
DID: SCREEN: {"width":1600,"height":900}
http://project/download-app/::load-page
IP: 127.0.0.1

#####
[2018-12-15 23:37:49]
TYPE: web
DATA: {"browser":{"fullName":"Chrome","name":"chrome","version":"71.0.3578","majorVersion":71,"minorVersion":0,"patchVersion":3578,"engine":"webkit"},"os":{"fullName":"Windows","name":"win","version":"10.0","versionName":"10","versionAltNames":[],"majorVersion":10,"minorVersion":0,"patchVersion":null},"features":{"bw":false,"mobile":false,"tv":false,"proxy":false}}
DID: SCREEN: {"width":1600,"height":900}
http://project/download-app/::load-page
IP: 127.0.0.1

#####
[2018-12-15 23:38:23]
TYPE: web
DATA: {"browser":{"fullName":"Chrome","name":"chrome","version":"71.0.3578","majorVersion":71,"minorVersion":0,"patchVersion":3578,"engine":"webkit"},"os":{"fullName":"Windows","name":"win","version":"10.0","versionName":"10","versionAltNames":[],"majorVersion":10,"minorVersion":0,"patchVersion":null},"features":{"bw":false,"mobile":false,"tv":false,"proxy":false}}
DID: SCREEN: {"width":1600,"height":900}
http://project/download-app/::load-page
IP: 127.0.0.1

#####
[2018-12-15 23:38:39]
TYPE: web
DATA: {"browser":{"fullName":"Chrome","name":"chrome","version":"71.0.3578","majorVersion":71,"minorVersion":0,"patchVersion":3578,"engine":"webkit"},"os":{"fullName":"Windows","name":"win","version":"10.0","versionName":"10","versionAltNames":[],"majorVersion":10,"minorVersion":0,"patchVersion":null},"features":{"bw":false,"mobile":false,"tv":false,"proxy":false}}
DID: SCREEN: {"width":1600,"height":900}
http://project/download-app/::load-page
IP: 127.0.0.1

#####
[2018-12-15 23:39:12]
TYPE: web
DATA: {"browser":{"fullName":"Chrome","name":"chrome","version":"71.0.3578","majorVersion":71,"minorVersion":0,"patchVersion":3578,"engine":"webkit"},"os":{"fullName":"Windows","name":"win","version":"10.0","versionName":"10","versionAltNames":[],"majorVersion":10,"minorVersion":0,"patchVersion":null},"features":{"bw":false,"mobile":false,"tv":false,"proxy":false}}
DID: SCREEN: {"width":1600,"height":900}
http://project/download-app/::load-page
IP: 127.0.0.1

#####
[2018-12-15 23:40:10]
TYPE: web
DATA: {"browser":{"fullName":"Chrome","name":"chrome","version":"71.0.3578","majorVersion":71,"minorVersion":0,"patchVersion":3578,"engine":"webkit"},"os":{"fullName":"Windows","name":"win","version":"10.0","versionName":"10","versionAltNames":[],"majorVersion":10,"minorVersion":0,"patchVersion":null},"features":{"bw":false,"mobile":false,"tv":false,"proxy":false}}
DID: SCREEN: {"width":1600,"height":900}
http://project/download-app/::load-page
IP: 127.0.0.1

#####
[2018-12-15 23:41:05]
TYPE: web
DATA: {"browser":{"fullName":"Chrome","name":"chrome","version":"71.0.3578","majorVersion":71,"minorVersion":0,"patchVersion":3578,"engine":"webkit"},"os":{"fullName":"Windows","name":"win","version":"10.0","versionName":"10","versionAltNames":[],"majorVersion":10,"minorVersion":0,"patchVersion":null},"features":{"bw":false,"mobile":false,"tv":false,"proxy":false}}
DID: SCREEN: {"width":1600,"height":900}
http://project/download-app/::load-page
IP: 127.0.0.1

#####
[2018-12-15 23:41:51]
TYPE: web
DATA: {"browser":{"fullName":"Chrome","name":"chrome","version":"71.0.3578","majorVersion":71,"minorVersion":0,"patchVersion":3578,"engine":"webkit"},"os":{"fullName":"Windows","name":"win","version":"10.0","versionName":"10","versionAltNames":[],"majorVersion":10,"minorVersion":0,"patchVersion":null},"features":{"bw":false,"mobile":false,"tv":false,"proxy":false}}
DID: SCREEN: {"width":1600,"height":900}
http://project/download-app/::load-page
IP: 127.0.0.1

#####
[2018-12-15 23:42:44]
TYPE: web
DATA: {"browser":{"fullName":"Chrome","name":"chrome","version":"71.0.3578","majorVersion":71,"minorVersion":0,"patchVersion":3578,"engine":"webkit"},"os":{"fullName":"Windows","name":"win","version":"10.0","versionName":"10","versionAltNames":[],"majorVersion":10,"minorVersion":0,"patchVersion":null},"features":{"bw":false,"mobile":false,"tv":false,"proxy":false}}
DID: SCREEN: {"width":1600,"height":900}
http://project/download-app/::load-page
IP: 127.0.0.1

#####
[2018-12-15 23:43:39]
TYPE: web
DATA: {"browser":{"fullName":"Chrome","name":"chrome","version":"71.0.3578","majorVersion":71,"minorVersion":0,"patchVersion":3578,"engine":"webkit"},"os":{"fullName":"Windows","name":"win","version":"10.0","versionName":"10","versionAltNames":[],"majorVersion":10,"minorVersion":0,"patchVersion":null},"features":{"bw":false,"mobile":false,"tv":false,"proxy":false}}
DID: SCREEN: {"width":1600,"height":900}
http://project/download-app/::load-page
IP: 127.0.0.1

#####
[2018-12-15 23:44:05]
TYPE: web
DATA: {"browser":{"fullName":"Chrome","name":"chrome","version":"71.0.3578","majorVersion":71,"minorVersion":0,"patchVersion":3578,"engine":"webkit"},"os":{"fullName":"Windows","name":"win","version":"10.0","versionName":"10","versionAltNames":[],"majorVersion":10,"minorVersion":0,"patchVersion":null},"features":{"bw":false,"mobile":false,"tv":false,"proxy":false}}
DID: SCREEN: {"width":1600,"height":900}
http://project/download-app/::load-page
IP: 127.0.0.1

#####
[2018-12-15 23:44:28]
TYPE: web
DATA: {"browser":{"fullName":"Chrome","name":"chrome","version":"71.0.3578","majorVersion":71,"minorVersion":0,"patchVersion":3578,"engine":"webkit"},"os":{"fullName":"Windows","name":"win","version":"10.0","versionName":"10","versionAltNames":[],"majorVersion":10,"minorVersion":0,"patchVersion":null},"features":{"bw":false,"mobile":false,"tv":false,"proxy":false}}
DID: SCREEN: {"width":1600,"height":900}
http://project/download-app/::load-page
IP: 127.0.0.1

#####
[2018-12-15 23:44:56]
TYPE: web
DATA: {"browser":{"fullName":"Chrome","name":"chrome","version":"71.0.3578","majorVersion":71,"minorVersion":0,"patchVersion":3578,"engine":"webkit"},"os":{"fullName":"Windows","name":"win","version":"10.0","versionName":"10","versionAltNames":[],"majorVersion":10,"minorVersion":0,"patchVersion":null},"features":{"bw":false,"mobile":false,"tv":false,"proxy":false}}
DID: SCREEN: {"width":1600,"height":900}
http://project/download-app/::load-page
IP: 127.0.0.1

#####
[2018-12-15 23:44:56]
TYPE: web
DATA: {"browser":{"fullName":"Chrome","name":"chrome","version":"71.0.3578","majorVersion":71,"minorVersion":0,"patchVersion":3578,"engine":"webkit"},"os":{"fullName":"Windows","name":"win","version":"10.0","versionName":"10","versionAltNames":[],"majorVersion":10,"minorVersion":0,"patchVersion":null},"features":{"bw":false,"mobile":false,"tv":false,"proxy":false}}
DID: SCREEN: {"width":1600,"height":900}
http://project/download-app/::load-page
IP: 127.0.0.1

#####
[2018-12-15 23:45:39]
TYPE: web
DATA: {"browser":{"fullName":"Chrome","name":"chrome","version":"71.0.3578","majorVersion":71,"minorVersion":0,"patchVersion":3578,"engine":"webkit"},"os":{"fullName":"Windows","name":"win","version":"10.0","versionName":"10","versionAltNames":[],"majorVersion":10,"minorVersion":0,"patchVersion":null},"features":{"bw":false,"mobile":false,"tv":false,"proxy":false}}
DID: SCREEN: {"width":1600,"height":900}
http://project/download-app/::load-page
IP: 127.0.0.1

#####
[2018-12-15 23:45:52]
TYPE: web
DATA: {"browser":{"fullName":"Chrome","name":"chrome","version":"71.0.3578","majorVersion":71,"minorVersion":0,"patchVersion":3578,"engine":"webkit"},"os":{"fullName":"Windows","name":"win","version":"10.0","versionName":"10","versionAltNames":[],"majorVersion":10,"minorVersion":0,"patchVersion":null},"features":{"bw":false,"mobile":false,"tv":false,"proxy":false}}
DID: SCREEN: {"width":1600,"height":900}
http://project/download-app/::load-page
IP: 127.0.0.1

#####
[2018-12-15 23:47:27]
TYPE: web
DATA: {"browser":{"fullName":"Chrome","name":"chrome","version":"71.0.3578","majorVersion":71,"minorVersion":0,"patchVersion":3578,"engine":"webkit"},"os":{"fullName":"Windows","name":"win","version":"10.0","versionName":"10","versionAltNames":[],"majorVersion":10,"minorVersion":0,"patchVersion":null},"features":{"bw":false,"mobile":false,"tv":false,"proxy":false}}
DID: SCREEN: {"width":1600,"height":900}
http://project/download-app/::load-page
IP: 127.0.0.1

#####
[2018-12-15 23:48:08]
TYPE: web
DATA: {"browser":{"fullName":"Chrome","name":"chrome","version":"71.0.3578","majorVersion":71,"minorVersion":0,"patchVersion":3578,"engine":"webkit"},"os":{"fullName":"Windows","name":"win","version":"10.0","versionName":"10","versionAltNames":[],"majorVersion":10,"minorVersion":0,"patchVersion":null},"features":{"bw":false,"mobile":false,"tv":false,"proxy":false}}
DID: SCREEN: {"width":1600,"height":900}
http://project/download-app/::load-page
IP: 127.0.0.1

#####
[2018-12-15 23:48:19]
TYPE: web
DATA: {"browser":{"fullName":"Chrome","name":"chrome","version":"71.0.3578","majorVersion":71,"minorVersion":0,"patchVersion":3578,"engine":"webkit"},"os":{"fullName":"Windows","name":"win","version":"10.0","versionName":"10","versionAltNames":[],"majorVersion":10,"minorVersion":0,"patchVersion":null},"features":{"bw":false,"mobile":false,"tv":false,"proxy":false}}
DID: SCREEN: {"width":1600,"height":900}
http://project/download-app/::load-page
IP: 127.0.0.1

#####
[2018-12-15 23:48:38]
TYPE: web
DATA: {"browser":{"fullName":"Chrome","name":"chrome","version":"71.0.3578","majorVersion":71,"minorVersion":0,"patchVersion":3578,"engine":"webkit"},"os":{"fullName":"Windows","name":"win","version":"10.0","versionName":"10","versionAltNames":[],"majorVersion":10,"minorVersion":0,"patchVersion":null},"features":{"bw":false,"mobile":false,"tv":false,"proxy":false}}
DID: SCREEN: {"width":1600,"height":900}
http://project/download-app/::load-page
IP: 127.0.0.1

#####
[2018-12-15 23:49:57]
TYPE: web
DATA: {"browser":{"fullName":"Chrome","name":"chrome","version":"71.0.3578","majorVersion":71,"minorVersion":0,"patchVersion":3578,"engine":"webkit"},"os":{"fullName":"Windows","name":"win","version":"10.0","versionName":"10","versionAltNames":[],"majorVersion":10,"minorVersion":0,"patchVersion":null},"features":{"bw":false,"mobile":false,"tv":false,"proxy":false}}
DID: SCREEN: {"width":1600,"height":900}
http://project/download-app/::load-page
IP: 127.0.0.1

#####
[2018-12-15 23:50:35]
TYPE: web
DATA: {"browser":{"fullName":"Chrome","name":"chrome","version":"71.0.3578","majorVersion":71,"minorVersion":0,"patchVersion":3578,"engine":"webkit"},"os":{"fullName":"Windows","name":"win","version":"10.0","versionName":"10","versionAltNames":[],"majorVersion":10,"minorVersion":0,"patchVersion":null},"features":{"bw":false,"mobile":false,"tv":false,"proxy":false}}
DID: SCREEN: {"width":1600,"height":900}
http://project/download-app/::load-page
IP: 127.0.0.1

#####
[2018-12-15 23:50:55]
TYPE: web
DATA: {"browser":{"fullName":"Chrome","name":"chrome","version":"71.0.3578","majorVersion":71,"minorVersion":0,"patchVersion":3578,"engine":"webkit"},"os":{"fullName":"Windows","name":"win","version":"10.0","versionName":"10","versionAltNames":[],"majorVersion":10,"minorVersion":0,"patchVersion":null},"features":{"bw":false,"mobile":false,"tv":false,"proxy":false}}
DID: SCREEN: {"width":1600,"height":900}
http://project/download-app/::load-page
IP: 127.0.0.1

#####
[2018-12-15 23:51:56]
TYPE: web
DATA: {"browser":{"fullName":"Chrome","name":"chrome","version":"71.0.3578","majorVersion":71,"minorVersion":0,"patchVersion":3578,"engine":"webkit"},"os":{"fullName":"Windows","name":"win","version":"10.0","versionName":"10","versionAltNames":[],"majorVersion":10,"minorVersion":0,"patchVersion":null},"features":{"bw":false,"mobile":false,"tv":false,"proxy":false}}
DID: SCREEN: {"width":1600,"height":900}
http://project/download-app/::load-page
IP: 127.0.0.1

#####
[2018-12-15 23:52:22]
TYPE: web
DATA: {"browser":{"fullName":"Chrome","name":"chrome","version":"71.0.3578","majorVersion":71,"minorVersion":0,"patchVersion":3578,"engine":"webkit"},"os":{"fullName":"Windows","name":"win","version":"10.0","versionName":"10","versionAltNames":[],"majorVersion":10,"minorVersion":0,"patchVersion":null},"features":{"bw":false,"mobile":false,"tv":false,"proxy":false}}
DID: SCREEN: {"width":1600,"height":900}
http://project/download-app/::load-page
IP: 127.0.0.1

#####
[2018-12-15 23:57:27]
TYPE: web
DATA: {"browser":{"fullName":"Chrome","name":"chrome","version":"71.0.3578","majorVersion":71,"minorVersion":0,"patchVersion":3578,"engine":"webkit"},"os":{"fullName":"Windows","name":"win","version":"10.0","versionName":"10","versionAltNames":[],"majorVersion":10,"minorVersion":0,"patchVersion":null},"features":{"bw":false,"mobile":false,"tv":false,"proxy":false}}
DID: SCREEN: {"width":1600,"height":900}
http://project/#::load-page
IP: 127.0.0.1

#####
[2018-12-15 23:57:48]
TYPE: web
DATA: {"browser":{"fullName":"Chrome","name":"chrome","version":"71.0.3578","majorVersion":71,"minorVersion":0,"patchVersion":3578,"engine":"webkit"},"os":{"fullName":"Windows","name":"win","version":"10.0","versionName":"10","versionAltNames":[],"majorVersion":10,"minorVersion":0,"patchVersion":null},"features":{"bw":false,"mobile":false,"tv":false,"proxy":false}}
DID: SCREEN: {"width":1600,"height":900}
http://project/download-app/::load-page
IP: 127.0.0.1
