
#####
[2018-11-19 08:53:11]
TYPE: web
DATA: {"browser":{"fullName":"Chrome","name":"chrome","version":"55.0.2883","majorVersion":55,"minorVersion":0,"patchVersion":2883,"engine":"webkit"},"os":{"fullName":"Windows","name":"win","version":"10.0","versionName":"10","versionAltNames":[],"majorVersion":10,"minorVersion":0,"patchVersion":null},"features":{"bw":false,"mobile":false,"tv":false,"proxy":false}}
DID: SCREEN: {"width":1366,"height":768}
http://fy/::load-page
IP: 127.0.0.1

#####
[2018-11-19 08:58:04]
TYPE: web
DATA: {"browser":{"fullName":"Chrome","name":"chrome","version":"55.0.2883","majorVersion":55,"minorVersion":0,"patchVersion":2883,"engine":"webkit"},"os":{"fullName":"Windows","name":"win","version":"10.0","versionName":"10","versionAltNames":[],"majorVersion":10,"minorVersion":0,"patchVersion":null},"features":{"bw":false,"mobile":false,"tv":false,"proxy":false}}
DID: SCREEN: {"width":1366,"height":768}
http://fy/::load-page
IP: 127.0.0.1

#####
[2018-11-19 08:59:36]
TYPE: web
DATA: {"browser":{"fullName":"Chrome","name":"chrome","version":"55.0.2883","majorVersion":55,"minorVersion":0,"patchVersion":2883,"engine":"webkit"},"os":{"fullName":"Windows","name":"win","version":"10.0","versionName":"10","versionAltNames":[],"majorVersion":10,"minorVersion":0,"patchVersion":null},"features":{"bw":false,"mobile":false,"tv":false,"proxy":false}}
DID: SCREEN: {"width":1366,"height":768}
http://fy/::load-page
IP: 127.0.0.1

#####
[2018-11-19 08:59:50]
TYPE: web
DATA: {"browser":{"fullName":"Chrome","name":"chrome","version":"55.0.2883","majorVersion":55,"minorVersion":0,"patchVersion":2883,"engine":"webkit"},"os":{"fullName":"Windows","name":"win","version":"10.0","versionName":"10","versionAltNames":[],"majorVersion":10,"minorVersion":0,"patchVersion":null},"features":{"bw":false,"mobile":false,"tv":false,"proxy":false}}
DID: SCREEN: {"width":1366,"height":768}
http://fy/::load-page
IP: 127.0.0.1

#####
[2018-11-19 09:00:31]
TYPE: web
DATA: {"browser":{"fullName":"Chrome","name":"chrome","version":"55.0.2883","majorVersion":55,"minorVersion":0,"patchVersion":2883,"engine":"webkit"},"os":{"fullName":"Windows","name":"win","version":"10.0","versionName":"10","versionAltNames":[],"majorVersion":10,"minorVersion":0,"patchVersion":null},"features":{"bw":false,"mobile":false,"tv":false,"proxy":false}}
DID: SCREEN: {"width":1366,"height":768}
http://fy/::load-page
IP: 127.0.0.1

#####
[2018-11-19 09:00:57]
TYPE: web
DATA: {"browser":{"fullName":"Chrome","name":"chrome","version":"55.0.2883","majorVersion":55,"minorVersion":0,"patchVersion":2883,"engine":"webkit"},"os":{"fullName":"Windows","name":"win","version":"10.0","versionName":"10","versionAltNames":[],"majorVersion":10,"minorVersion":0,"patchVersion":null},"features":{"bw":false,"mobile":false,"tv":false,"proxy":false}}
DID: SCREEN: {"width":1366,"height":768}
http://fy/::load-page
IP: 127.0.0.1

#####
[2018-11-19 09:01:12]
TYPE: web
DATA: {"browser":{"fullName":"Chrome","name":"chrome","version":"55.0.2883","majorVersion":55,"minorVersion":0,"patchVersion":2883,"engine":"webkit"},"os":{"fullName":"Windows","name":"win","version":"10.0","versionName":"10","versionAltNames":[],"majorVersion":10,"minorVersion":0,"patchVersion":null},"features":{"bw":false,"mobile":false,"tv":false,"proxy":false}}
DID: SCREEN: {"width":1366,"height":768}
http://fy/::load-page
IP: 127.0.0.1

#####
[2018-11-19 09:01:24]
TYPE: web
DATA: {"browser":{"fullName":"Chrome","name":"chrome","version":"55.0.2883","majorVersion":55,"minorVersion":0,"patchVersion":2883,"engine":"webkit"},"os":{"fullName":"Windows","name":"win","version":"10.0","versionName":"10","versionAltNames":[],"majorVersion":10,"minorVersion":0,"patchVersion":null},"features":{"bw":false,"mobile":false,"tv":false,"proxy":false}}
DID: SCREEN: {"width":1366,"height":768}
http://fy/::load-page
IP: 127.0.0.1

#####
[2018-11-19 09:01:36]
TYPE: web
DATA: {"browser":{"fullName":"Chrome","name":"chrome","version":"55.0.2883","majorVersion":55,"minorVersion":0,"patchVersion":2883,"engine":"webkit"},"os":{"fullName":"Windows","name":"win","version":"10.0","versionName":"10","versionAltNames":[],"majorVersion":10,"minorVersion":0,"patchVersion":null},"features":{"bw":false,"mobile":false,"tv":false,"proxy":false}}
DID: SCREEN: {"width":1366,"height":768}
http://fy/::load-page
IP: 127.0.0.1

#####
[2018-11-19 09:01:37]
TYPE: web
DATA: {"browser":{"fullName":"Chrome","name":"chrome","version":"55.0.2883","majorVersion":55,"minorVersion":0,"patchVersion":2883,"engine":"webkit"},"os":{"fullName":"Windows","name":"win","version":"10.0","versionName":"10","versionAltNames":[],"majorVersion":10,"minorVersion":0,"patchVersion":null},"features":{"bw":false,"mobile":false,"tv":false,"proxy":false}}
DID: SCREEN: {"width":1366,"height":768}
http://fy/::load-page
IP: 127.0.0.1

#####
[2018-11-19 09:01:54]
TYPE: web
DATA: {"browser":{"fullName":"Chrome","name":"chrome","version":"55.0.2883","majorVersion":55,"minorVersion":0,"patchVersion":2883,"engine":"webkit"},"os":{"fullName":"Windows","name":"win","version":"10.0","versionName":"10","versionAltNames":[],"majorVersion":10,"minorVersion":0,"patchVersion":null},"features":{"bw":false,"mobile":false,"tv":false,"proxy":false}}
DID: SCREEN: {"width":1366,"height":768}
http://fy/::load-page
IP: 127.0.0.1

#####
[2018-11-19 09:02:01]
TYPE: web
DATA: {"browser":{"fullName":"Chrome","name":"chrome","version":"55.0.2883","majorVersion":55,"minorVersion":0,"patchVersion":2883,"engine":"webkit"},"os":{"fullName":"Windows","name":"win","version":"10.0","versionName":"10","versionAltNames":[],"majorVersion":10,"minorVersion":0,"patchVersion":null},"features":{"bw":false,"mobile":false,"tv":false,"proxy":false}}
DID: SCREEN: {"width":1366,"height":768}
http://fy/::load-page
IP: 127.0.0.1

#####
[2018-11-19 09:10:35]
TYPE: web
DATA: {"browser":{"fullName":"Chrome","name":"chrome","version":"55.0.2883","majorVersion":55,"minorVersion":0,"patchVersion":2883,"engine":"webkit"},"os":{"fullName":"Windows","name":"win","version":"10.0","versionName":"10","versionAltNames":[],"majorVersion":10,"minorVersion":0,"patchVersion":null},"features":{"bw":false,"mobile":false,"tv":false,"proxy":false}}
DID: SCREEN: {"width":1366,"height":768}
http://fy/::load-page
IP: 127.0.0.1

#####
[2018-11-19 09:11:15]
TYPE: web
DATA: {"browser":{"fullName":"Chrome","name":"chrome","version":"55.0.2883","majorVersion":55,"minorVersion":0,"patchVersion":2883,"engine":"webkit"},"os":{"fullName":"Windows","name":"win","version":"10.0","versionName":"10","versionAltNames":[],"majorVersion":10,"minorVersion":0,"patchVersion":null},"features":{"bw":false,"mobile":false,"tv":false,"proxy":false}}
DID: SCREEN: {"width":1366,"height":768}
http://fy/::load-page
IP: 127.0.0.1

#####
[2018-11-19 09:11:21]
TYPE: web
DATA: {"browser":{"fullName":"Chrome","name":"chrome","version":"55.0.2883","majorVersion":55,"minorVersion":0,"patchVersion":2883,"engine":"webkit"},"os":{"fullName":"Windows","name":"win","version":"10.0","versionName":"10","versionAltNames":[],"majorVersion":10,"minorVersion":0,"patchVersion":null},"features":{"bw":false,"mobile":false,"tv":false,"proxy":false}}
DID: SCREEN: {"width":1366,"height":768}
http://fy/::load-page
IP: 127.0.0.1

#####
[2018-11-19 09:11:46]
TYPE: web
DATA: {"browser":{"fullName":"Chrome","name":"chrome","version":"55.0.2883","majorVersion":55,"minorVersion":0,"patchVersion":2883,"engine":"webkit"},"os":{"fullName":"Windows","name":"win","version":"10.0","versionName":"10","versionAltNames":[],"majorVersion":10,"minorVersion":0,"patchVersion":null},"features":{"bw":false,"mobile":false,"tv":false,"proxy":false}}
DID: SCREEN: {"width":1366,"height":768}
http://fy/::load-page
IP: 127.0.0.1

#####
[2018-11-19 09:13:20]
TYPE: web
DATA: {"browser":{"fullName":"Chrome","name":"chrome","version":"55.0.2883","majorVersion":55,"minorVersion":0,"patchVersion":2883,"engine":"webkit"},"os":{"fullName":"Windows","name":"win","version":"10.0","versionName":"10","versionAltNames":[],"majorVersion":10,"minorVersion":0,"patchVersion":null},"features":{"bw":false,"mobile":false,"tv":false,"proxy":false}}
DID: SCREEN: {"width":1366,"height":768}
http://fy/::load-page
IP: 127.0.0.1

#####
[2018-11-19 09:15:36]
TYPE: web
DATA: {"browser":{"fullName":"Chrome","name":"chrome","version":"55.0.2883","majorVersion":55,"minorVersion":0,"patchVersion":2883,"engine":"webkit"},"os":{"fullName":"Windows","name":"win","version":"10.0","versionName":"10","versionAltNames":[],"majorVersion":10,"minorVersion":0,"patchVersion":null},"features":{"bw":false,"mobile":false,"tv":false,"proxy":false}}
DID: SCREEN: {"width":1366,"height":768}
http://fy/::load-page
IP: 127.0.0.1

#####
[2018-11-19 09:19:50]
TYPE: web
DATA: {"browser":{"fullName":"Chrome","name":"chrome","version":"55.0.2883","majorVersion":55,"minorVersion":0,"patchVersion":2883,"engine":"webkit"},"os":{"fullName":"Windows","name":"win","version":"10.0","versionName":"10","versionAltNames":[],"majorVersion":10,"minorVersion":0,"patchVersion":null},"features":{"bw":false,"mobile":false,"tv":false,"proxy":false}}
DID: SCREEN: {"width":1366,"height":768}
http://fy/::load-page
IP: 127.0.0.1

#####
[2018-11-19 09:21:03]
TYPE: web
DATA: {"browser":{"fullName":"Chrome","name":"chrome","version":"55.0.2883","majorVersion":55,"minorVersion":0,"patchVersion":2883,"engine":"webkit"},"os":{"fullName":"Windows","name":"win","version":"10.0","versionName":"10","versionAltNames":[],"majorVersion":10,"minorVersion":0,"patchVersion":null},"features":{"bw":false,"mobile":false,"tv":false,"proxy":false}}
DID: SCREEN: {"width":1366,"height":768}
http://fy/::load-page
IP: 127.0.0.1

#####
[2018-11-19 09:21:29]
TYPE: web
DATA: {"browser":{"fullName":"Chrome","name":"chrome","version":"55.0.2883","majorVersion":55,"minorVersion":0,"patchVersion":2883,"engine":"webkit"},"os":{"fullName":"Windows","name":"win","version":"10.0","versionName":"10","versionAltNames":[],"majorVersion":10,"minorVersion":0,"patchVersion":null},"features":{"bw":false,"mobile":false,"tv":false,"proxy":false}}
DID: SCREEN: {"width":1366,"height":768}
http://fy/::load-page
IP: 127.0.0.1

#####
[2018-11-19 09:21:55]
TYPE: web
DATA: {"browser":{"fullName":"Chrome","name":"chrome","version":"55.0.2883","majorVersion":55,"minorVersion":0,"patchVersion":2883,"engine":"webkit"},"os":{"fullName":"Windows","name":"win","version":"10.0","versionName":"10","versionAltNames":[],"majorVersion":10,"minorVersion":0,"patchVersion":null},"features":{"bw":false,"mobile":false,"tv":false,"proxy":false}}
DID: SCREEN: {"width":1366,"height":768}
http://fy/::load-page
IP: 127.0.0.1

#####
[2018-11-19 09:23:45]
TYPE: web
DATA: {"browser":{"fullName":"Chrome","name":"chrome","version":"55.0.2883","majorVersion":55,"minorVersion":0,"patchVersion":2883,"engine":"webkit"},"os":{"fullName":"Windows","name":"win","version":"10.0","versionName":"10","versionAltNames":[],"majorVersion":10,"minorVersion":0,"patchVersion":null},"features":{"bw":false,"mobile":false,"tv":false,"proxy":false}}
DID: SCREEN: {"width":1366,"height":768}
http://fy/#::load-page
IP: 127.0.0.1

#####
[2018-11-19 09:24:28]
TYPE: web
DATA: {"browser":{"fullName":"Chrome","name":"chrome","version":"55.0.2883","majorVersion":55,"minorVersion":0,"patchVersion":2883,"engine":"webkit"},"os":{"fullName":"Windows","name":"win","version":"10.0","versionName":"10","versionAltNames":[],"majorVersion":10,"minorVersion":0,"patchVersion":null},"features":{"bw":false,"mobile":false,"tv":false,"proxy":false}}
DID: SCREEN: {"width":1366,"height":768}
http://fy/#::load-page
IP: 127.0.0.1

#####
[2018-11-19 09:27:18]
TYPE: web
DATA: {"browser":{"fullName":"Chrome","name":"chrome","version":"55.0.2883","majorVersion":55,"minorVersion":0,"patchVersion":2883,"engine":"webkit"},"os":{"fullName":"Windows","name":"win","version":"10.0","versionName":"10","versionAltNames":[],"majorVersion":10,"minorVersion":0,"patchVersion":null},"features":{"bw":false,"mobile":false,"tv":false,"proxy":false}}
DID: SCREEN: {"width":1366,"height":768}
http://fy/#::load-page
IP: 127.0.0.1

#####
[2018-11-19 09:27:36]
TYPE: web
DATA: {"browser":{"fullName":"Chrome","name":"chrome","version":"55.0.2883","majorVersion":55,"minorVersion":0,"patchVersion":2883,"engine":"webkit"},"os":{"fullName":"Windows","name":"win","version":"10.0","versionName":"10","versionAltNames":[],"majorVersion":10,"minorVersion":0,"patchVersion":null},"features":{"bw":false,"mobile":false,"tv":false,"proxy":false}}
DID: SCREEN: {"width":1366,"height":768}
http://fy/#::load-page
IP: 127.0.0.1

#####
[2018-11-19 09:28:09]
TYPE: web
DATA: {"browser":{"fullName":"Chrome","name":"chrome","version":"55.0.2883","majorVersion":55,"minorVersion":0,"patchVersion":2883,"engine":"webkit"},"os":{"fullName":"Windows","name":"win","version":"10.0","versionName":"10","versionAltNames":[],"majorVersion":10,"minorVersion":0,"patchVersion":null},"features":{"bw":false,"mobile":false,"tv":false,"proxy":false}}
DID: SCREEN: {"width":1366,"height":768}
http://fy/#::load-page
IP: 127.0.0.1

#####
[2018-11-19 09:28:31]
TYPE: web
DATA: {"browser":{"fullName":"Chrome","name":"chrome","version":"55.0.2883","majorVersion":55,"minorVersion":0,"patchVersion":2883,"engine":"webkit"},"os":{"fullName":"Windows","name":"win","version":"10.0","versionName":"10","versionAltNames":[],"majorVersion":10,"minorVersion":0,"patchVersion":null},"features":{"bw":false,"mobile":false,"tv":false,"proxy":false}}
DID: SCREEN: {"width":1366,"height":768}
http://fy/#::load-page
IP: 127.0.0.1

#####
[2018-11-19 09:28:41]
TYPE: web
DATA: {"browser":{"fullName":"Chrome","name":"chrome","version":"55.0.2883","majorVersion":55,"minorVersion":0,"patchVersion":2883,"engine":"webkit"},"os":{"fullName":"Windows","name":"win","version":"10.0","versionName":"10","versionAltNames":[],"majorVersion":10,"minorVersion":0,"patchVersion":null},"features":{"bw":false,"mobile":false,"tv":false,"proxy":false}}
DID: SCREEN: {"width":1366,"height":768}
http://fy/#::load-page
IP: 127.0.0.1

#####
[2018-11-19 09:29:44]
TYPE: web
DATA: {"browser":{"fullName":"Chrome","name":"chrome","version":"55.0.2883","majorVersion":55,"minorVersion":0,"patchVersion":2883,"engine":"webkit"},"os":{"fullName":"Windows","name":"win","version":"10.0","versionName":"10","versionAltNames":[],"majorVersion":10,"minorVersion":0,"patchVersion":null},"features":{"bw":false,"mobile":false,"tv":false,"proxy":false}}
DID: SCREEN: {"width":1366,"height":768}
http://fy/#::load-page
IP: 127.0.0.1

#####
[2018-11-19 09:31:26]
TYPE: web
DATA: {"browser":{"fullName":"Chrome","name":"chrome","version":"55.0.2883","majorVersion":55,"minorVersion":0,"patchVersion":2883,"engine":"webkit"},"os":{"fullName":"Windows","name":"win","version":"10.0","versionName":"10","versionAltNames":[],"majorVersion":10,"minorVersion":0,"patchVersion":null},"features":{"bw":false,"mobile":false,"tv":false,"proxy":false}}
DID: SCREEN: {"width":1366,"height":768}
http://fy/#::load-page
IP: 127.0.0.1

#####
[2018-11-19 09:31:38]
TYPE: web
DATA: {"browser":{"fullName":"Chrome","name":"chrome","version":"55.0.2883","majorVersion":55,"minorVersion":0,"patchVersion":2883,"engine":"webkit"},"os":{"fullName":"Windows","name":"win","version":"10.0","versionName":"10","versionAltNames":[],"majorVersion":10,"minorVersion":0,"patchVersion":null},"features":{"bw":false,"mobile":false,"tv":false,"proxy":false}}
DID: SCREEN: {"width":1366,"height":768}
http://fy/#::load-page
IP: 127.0.0.1

#####
[2018-11-19 09:31:57]
TYPE: web
DATA: {"browser":{"fullName":"Chrome","name":"chrome","version":"55.0.2883","majorVersion":55,"minorVersion":0,"patchVersion":2883,"engine":"webkit"},"os":{"fullName":"Windows","name":"win","version":"10.0","versionName":"10","versionAltNames":[],"majorVersion":10,"minorVersion":0,"patchVersion":null},"features":{"bw":false,"mobile":false,"tv":false,"proxy":false}}
DID: SCREEN: {"width":1366,"height":768}
http://fy/::load-page
IP: 127.0.0.1

#####
[2018-11-19 09:38:01]
TYPE: web
DATA: {"browser":{"fullName":"Chrome","name":"chrome","version":"55.0.2883","majorVersion":55,"minorVersion":0,"patchVersion":2883,"engine":"webkit"},"os":{"fullName":"Windows","name":"win","version":"10.0","versionName":"10","versionAltNames":[],"majorVersion":10,"minorVersion":0,"patchVersion":null},"features":{"bw":false,"mobile":false,"tv":false,"proxy":false}}
DID: SCREEN: {"width":1366,"height":768}
http://fy/#::load-page
IP: 127.0.0.1

#####
[2018-11-19 09:38:33]
TYPE: web
DATA: {"browser":{"fullName":"Chrome","name":"chrome","version":"55.0.2883","majorVersion":55,"minorVersion":0,"patchVersion":2883,"engine":"webkit"},"os":{"fullName":"Windows","name":"win","version":"10.0","versionName":"10","versionAltNames":[],"majorVersion":10,"minorVersion":0,"patchVersion":null},"features":{"bw":false,"mobile":false,"tv":false,"proxy":false}}
DID: SCREEN: {"width":1366,"height":768}
http://fy/#::load-page
IP: 127.0.0.1

#####
[2018-11-19 09:40:42]
TYPE: web
DATA: {"browser":{"fullName":"Chrome","name":"chrome","version":"55.0.2883","majorVersion":55,"minorVersion":0,"patchVersion":2883,"engine":"webkit"},"os":{"fullName":"Windows","name":"win","version":"10.0","versionName":"10","versionAltNames":[],"majorVersion":10,"minorVersion":0,"patchVersion":null},"features":{"bw":false,"mobile":false,"tv":false,"proxy":false}}
DID: SCREEN: {"width":1366,"height":768}
http://fy/#::load-page
IP: 127.0.0.1

#####
[2018-11-19 09:41:29]
TYPE: web
DATA: {"browser":{"fullName":"Chrome","name":"chrome","version":"55.0.2883","majorVersion":55,"minorVersion":0,"patchVersion":2883,"engine":"webkit"},"os":{"fullName":"Windows","name":"win","version":"10.0","versionName":"10","versionAltNames":[],"majorVersion":10,"minorVersion":0,"patchVersion":null},"features":{"bw":false,"mobile":false,"tv":false,"proxy":false}}
DID: SCREEN: {"width":1366,"height":768}
http://fy/#::load-page
IP: 127.0.0.1

#####
[2018-11-19 09:41:51]
TYPE: web
DATA: {"browser":{"fullName":"Chrome","name":"chrome","version":"55.0.2883","majorVersion":55,"minorVersion":0,"patchVersion":2883,"engine":"webkit"},"os":{"fullName":"Windows","name":"win","version":"10.0","versionName":"10","versionAltNames":[],"majorVersion":10,"minorVersion":0,"patchVersion":null},"features":{"bw":false,"mobile":false,"tv":false,"proxy":false}}
DID: SCREEN: {"width":1366,"height":768}
http://fy/#::load-page
IP: 127.0.0.1

#####
[2018-11-19 09:42:27]
TYPE: web
DATA: {"browser":{"fullName":"Chrome","name":"chrome","version":"55.0.2883","majorVersion":55,"minorVersion":0,"patchVersion":2883,"engine":"webkit"},"os":{"fullName":"Windows","name":"win","version":"10.0","versionName":"10","versionAltNames":[],"majorVersion":10,"minorVersion":0,"patchVersion":null},"features":{"bw":false,"mobile":false,"tv":false,"proxy":false}}
DID: SCREEN: {"width":1366,"height":768}
http://fy/#::load-page
IP: 127.0.0.1

#####
[2018-11-19 09:44:07]
TYPE: web
DATA: {"browser":{"fullName":"Chrome","name":"chrome","version":"55.0.2883","majorVersion":55,"minorVersion":0,"patchVersion":2883,"engine":"webkit"},"os":{"fullName":"Windows","name":"win","version":"10.0","versionName":"10","versionAltNames":[],"majorVersion":10,"minorVersion":0,"patchVersion":null},"features":{"bw":false,"mobile":false,"tv":false,"proxy":false}}
DID: SCREEN: {"width":1366,"height":768}
http://fy/#::load-page
IP: 127.0.0.1

#####
[2018-11-19 09:44:09]
TYPE: web
DATA: {"browser":{"fullName":"Chrome","name":"chrome","version":"55.0.2883","majorVersion":55,"minorVersion":0,"patchVersion":2883,"engine":"webkit"},"os":{"fullName":"Windows","name":"win","version":"10.0","versionName":"10","versionAltNames":[],"majorVersion":10,"minorVersion":0,"patchVersion":null},"features":{"bw":false,"mobile":false,"tv":false,"proxy":false}}
DID: SCREEN: {"width":1366,"height":768}
http://fy/#::load-page
IP: 127.0.0.1

#####
[2018-11-19 09:44:21]
TYPE: web
DATA: {"browser":{"fullName":"Chrome","name":"chrome","version":"55.0.2883","majorVersion":55,"minorVersion":0,"patchVersion":2883,"engine":"webkit"},"os":{"fullName":"Windows","name":"win","version":"10.0","versionName":"10","versionAltNames":[],"majorVersion":10,"minorVersion":0,"patchVersion":null},"features":{"bw":false,"mobile":false,"tv":false,"proxy":false}}
DID: SCREEN: {"width":1366,"height":768}
http://fy/#::load-page
IP: 127.0.0.1

#####
[2018-11-19 09:44:36]
TYPE: web
DATA: {"browser":{"fullName":"Chrome","name":"chrome","version":"55.0.2883","majorVersion":55,"minorVersion":0,"patchVersion":2883,"engine":"webkit"},"os":{"fullName":"Windows","name":"win","version":"10.0","versionName":"10","versionAltNames":[],"majorVersion":10,"minorVersion":0,"patchVersion":null},"features":{"bw":false,"mobile":false,"tv":false,"proxy":false}}
DID: SCREEN: {"width":1366,"height":768}
http://fy/#::load-page
IP: 127.0.0.1

#####
[2018-11-19 09:44:53]
TYPE: web
DATA: {"browser":{"fullName":"Chrome","name":"chrome","version":"55.0.2883","majorVersion":55,"minorVersion":0,"patchVersion":2883,"engine":"webkit"},"os":{"fullName":"Windows","name":"win","version":"10.0","versionName":"10","versionAltNames":[],"majorVersion":10,"minorVersion":0,"patchVersion":null},"features":{"bw":false,"mobile":false,"tv":false,"proxy":false}}
DID: SCREEN: {"width":1366,"height":768}
http://fy/#::load-page
IP: 127.0.0.1

#####
[2018-11-19 09:45:13]
TYPE: web
DATA: {"browser":{"fullName":"Chrome","name":"chrome","version":"55.0.2883","majorVersion":55,"minorVersion":0,"patchVersion":2883,"engine":"webkit"},"os":{"fullName":"Windows","name":"win","version":"10.0","versionName":"10","versionAltNames":[],"majorVersion":10,"minorVersion":0,"patchVersion":null},"features":{"bw":false,"mobile":false,"tv":false,"proxy":false}}
DID: SCREEN: {"width":1366,"height":768}
http://fy/#::load-page
IP: 127.0.0.1

#####
[2018-11-19 09:45:20]
TYPE: web
DATA: {"browser":{"fullName":"Chrome","name":"chrome","version":"55.0.2883","majorVersion":55,"minorVersion":0,"patchVersion":2883,"engine":"webkit"},"os":{"fullName":"Windows","name":"win","version":"10.0","versionName":"10","versionAltNames":[],"majorVersion":10,"minorVersion":0,"patchVersion":null},"features":{"bw":false,"mobile":false,"tv":false,"proxy":false}}
DID: SCREEN: {"width":1366,"height":768}
http://fy/#::load-page
IP: 127.0.0.1

#####
[2018-11-19 09:47:46]
TYPE: web
DATA: {"browser":{"fullName":"Chrome","name":"chrome","version":"55.0.2883","majorVersion":55,"minorVersion":0,"patchVersion":2883,"engine":"webkit"},"os":{"fullName":"Windows","name":"win","version":"10.0","versionName":"10","versionAltNames":[],"majorVersion":10,"minorVersion":0,"patchVersion":null},"features":{"bw":false,"mobile":false,"tv":false,"proxy":false}}
DID: SCREEN: {"width":1366,"height":768}
http://fy/#::load-page
IP: 127.0.0.1

#####
[2018-11-19 09:47:59]
TYPE: web
DATA: {"browser":{"fullName":"Chrome","name":"chrome","version":"55.0.2883","majorVersion":55,"minorVersion":0,"patchVersion":2883,"engine":"webkit"},"os":{"fullName":"Windows","name":"win","version":"10.0","versionName":"10","versionAltNames":[],"majorVersion":10,"minorVersion":0,"patchVersion":null},"features":{"bw":false,"mobile":false,"tv":false,"proxy":false}}
DID: SCREEN: {"width":1366,"height":768}
http://fy/#::load-page
IP: 127.0.0.1

#####
[2018-11-19 09:49:01]
TYPE: web
DATA: {"browser":{"fullName":"Chrome","name":"chrome","version":"55.0.2883","majorVersion":55,"minorVersion":0,"patchVersion":2883,"engine":"webkit"},"os":{"fullName":"Windows","name":"win","version":"10.0","versionName":"10","versionAltNames":[],"majorVersion":10,"minorVersion":0,"patchVersion":null},"features":{"bw":false,"mobile":false,"tv":false,"proxy":false}}
DID: SCREEN: {"width":1366,"height":768}
http://fy/#::load-page
IP: 127.0.0.1

#####
[2018-11-19 09:49:39]
TYPE: web
DATA: {"browser":{"fullName":"Chrome","name":"chrome","version":"55.0.2883","majorVersion":55,"minorVersion":0,"patchVersion":2883,"engine":"webkit"},"os":{"fullName":"Windows","name":"win","version":"10.0","versionName":"10","versionAltNames":[],"majorVersion":10,"minorVersion":0,"patchVersion":null},"features":{"bw":false,"mobile":false,"tv":false,"proxy":false}}
DID: SCREEN: {"width":1366,"height":768}
http://fy/#::load-page
IP: 127.0.0.1

#####
[2018-11-19 09:50:43]
TYPE: web
DATA: {"browser":{"fullName":"Chrome","name":"chrome","version":"55.0.2883","majorVersion":55,"minorVersion":0,"patchVersion":2883,"engine":"webkit"},"os":{"fullName":"Windows","name":"win","version":"10.0","versionName":"10","versionAltNames":[],"majorVersion":10,"minorVersion":0,"patchVersion":null},"features":{"bw":false,"mobile":false,"tv":false,"proxy":false}}
DID: SCREEN: {"width":1366,"height":768}
http://fy/#::load-page
IP: 127.0.0.1

#####
[2018-11-19 09:51:05]
TYPE: web
DATA: {"browser":{"fullName":"Chrome","name":"chrome","version":"55.0.2883","majorVersion":55,"minorVersion":0,"patchVersion":2883,"engine":"webkit"},"os":{"fullName":"Windows","name":"win","version":"10.0","versionName":"10","versionAltNames":[],"majorVersion":10,"minorVersion":0,"patchVersion":null},"features":{"bw":false,"mobile":false,"tv":false,"proxy":false}}
DID: SCREEN: {"width":1366,"height":768}
http://fy/#::load-page
IP: 127.0.0.1

#####
[2018-11-19 09:51:49]
TYPE: web
DATA: {"browser":{"fullName":"Chrome","name":"chrome","version":"55.0.2883","majorVersion":55,"minorVersion":0,"patchVersion":2883,"engine":"webkit"},"os":{"fullName":"Windows","name":"win","version":"10.0","versionName":"10","versionAltNames":[],"majorVersion":10,"minorVersion":0,"patchVersion":null},"features":{"bw":false,"mobile":false,"tv":false,"proxy":false}}
DID: SCREEN: {"width":1366,"height":768}
http://fy/#::load-page
IP: 127.0.0.1

#####
[2018-11-19 09:53:38]
TYPE: web
DATA: {"browser":{"fullName":"Chrome","name":"chrome","version":"55.0.2883","majorVersion":55,"minorVersion":0,"patchVersion":2883,"engine":"webkit"},"os":{"fullName":"Windows","name":"win","version":"10.0","versionName":"10","versionAltNames":[],"majorVersion":10,"minorVersion":0,"patchVersion":null},"features":{"bw":false,"mobile":false,"tv":false,"proxy":false}}
DID: SCREEN: {"width":1366,"height":768}
http://fy/#::load-page
IP: 127.0.0.1

#####
[2018-11-19 09:56:54]
TYPE: web
DATA: {"browser":{"fullName":"Chrome","name":"chrome","version":"55.0.2883","majorVersion":55,"minorVersion":0,"patchVersion":2883,"engine":"webkit"},"os":{"fullName":"Windows","name":"win","version":"10.0","versionName":"10","versionAltNames":[],"majorVersion":10,"minorVersion":0,"patchVersion":null},"features":{"bw":false,"mobile":false,"tv":false,"proxy":false}}
DID: SCREEN: {"width":1366,"height":768}
http://fy/#::load-page
IP: 127.0.0.1

#####
[2018-11-19 09:57:04]
TYPE: web
DATA: {"browser":{"fullName":"Chrome","name":"chrome","version":"55.0.2883","majorVersion":55,"minorVersion":0,"patchVersion":2883,"engine":"webkit"},"os":{"fullName":"Windows","name":"win","version":"10.0","versionName":"10","versionAltNames":[],"majorVersion":10,"minorVersion":0,"patchVersion":null},"features":{"bw":false,"mobile":false,"tv":false,"proxy":false}}
DID: SCREEN: {"width":1366,"height":768}
http://fy/#::load-page
IP: 127.0.0.1

#####
[2018-11-19 09:57:12]
TYPE: web
DATA: {"browser":{"fullName":"Chrome","name":"chrome","version":"55.0.2883","majorVersion":55,"minorVersion":0,"patchVersion":2883,"engine":"webkit"},"os":{"fullName":"Windows","name":"win","version":"10.0","versionName":"10","versionAltNames":[],"majorVersion":10,"minorVersion":0,"patchVersion":null},"features":{"bw":false,"mobile":false,"tv":false,"proxy":false}}
DID: SCREEN: {"width":1366,"height":768}
http://fy/#::load-page
IP: 127.0.0.1

#####
[2018-11-19 09:59:03]
TYPE: web
DATA: {"browser":{"fullName":"Chrome","name":"chrome","version":"55.0.2883","majorVersion":55,"minorVersion":0,"patchVersion":2883,"engine":"webkit"},"os":{"fullName":"Windows","name":"win","version":"10.0","versionName":"10","versionAltNames":[],"majorVersion":10,"minorVersion":0,"patchVersion":null},"features":{"bw":false,"mobile":false,"tv":false,"proxy":false}}
DID: SCREEN: {"width":1366,"height":768}
http://fy/#::load-page
IP: 127.0.0.1

#####
[2018-11-19 09:59:04]
TYPE: web
DATA: {"browser":{"fullName":"Chrome","name":"chrome","version":"55.0.2883","majorVersion":55,"minorVersion":0,"patchVersion":2883,"engine":"webkit"},"os":{"fullName":"Windows","name":"win","version":"10.0","versionName":"10","versionAltNames":[],"majorVersion":10,"minorVersion":0,"patchVersion":null},"features":{"bw":false,"mobile":false,"tv":false,"proxy":false}}
DID: SCREEN: {"width":1366,"height":768}
http://fy/#::load-page
IP: 127.0.0.1

#####
[2018-11-19 09:59:49]
TYPE: web
DATA: {"browser":{"fullName":"Chrome","name":"chrome","version":"55.0.2883","majorVersion":55,"minorVersion":0,"patchVersion":2883,"engine":"webkit"},"os":{"fullName":"Windows","name":"win","version":"10.0","versionName":"10","versionAltNames":[],"majorVersion":10,"minorVersion":0,"patchVersion":null},"features":{"bw":false,"mobile":false,"tv":false,"proxy":false}}
DID: SCREEN: {"width":1366,"height":768}
http://fy/#::load-page
IP: 127.0.0.1

#####
[2018-11-19 10:01:58]
TYPE: web
DATA: {"browser":{"fullName":"Chrome","name":"chrome","version":"55.0.2883","majorVersion":55,"minorVersion":0,"patchVersion":2883,"engine":"webkit"},"os":{"fullName":"Windows","name":"win","version":"10.0","versionName":"10","versionAltNames":[],"majorVersion":10,"minorVersion":0,"patchVersion":null},"features":{"bw":false,"mobile":false,"tv":false,"proxy":false}}
DID: SCREEN: {"width":1366,"height":768}
http://fy/#::load-page
IP: 127.0.0.1

#####
[2018-11-19 10:02:06]
TYPE: web
DATA: {"browser":{"fullName":"Chrome","name":"chrome","version":"55.0.2883","majorVersion":55,"minorVersion":0,"patchVersion":2883,"engine":"webkit"},"os":{"fullName":"Windows","name":"win","version":"10.0","versionName":"10","versionAltNames":[],"majorVersion":10,"minorVersion":0,"patchVersion":null},"features":{"bw":false,"mobile":false,"tv":false,"proxy":false}}
DID: SCREEN: {"width":1366,"height":768}
http://fy/#::load-page
IP: 127.0.0.1

#####
[2018-11-19 10:03:33]
TYPE: web
DATA: {"browser":{"fullName":"Chrome","name":"chrome","version":"55.0.2883","majorVersion":55,"minorVersion":0,"patchVersion":2883,"engine":"webkit"},"os":{"fullName":"Windows","name":"win","version":"10.0","versionName":"10","versionAltNames":[],"majorVersion":10,"minorVersion":0,"patchVersion":null},"features":{"bw":false,"mobile":false,"tv":false,"proxy":false}}
DID: SCREEN: {"width":1366,"height":768}
http://fy/#::load-page
IP: 127.0.0.1

#####
[2018-11-19 10:04:41]
TYPE: web
DATA: {"browser":{"fullName":"Chrome","name":"chrome","version":"55.0.2883","majorVersion":55,"minorVersion":0,"patchVersion":2883,"engine":"webkit"},"os":{"fullName":"Windows","name":"win","version":"10.0","versionName":"10","versionAltNames":[],"majorVersion":10,"minorVersion":0,"patchVersion":null},"features":{"bw":false,"mobile":false,"tv":false,"proxy":false}}
DID: SCREEN: {"width":1366,"height":768}
http://fy/#::load-page
IP: 127.0.0.1

#####
[2018-11-19 10:23:58]
TYPE: web
DATA: {"browser":{"fullName":"Chrome","name":"chrome","version":"55.0.2883","majorVersion":55,"minorVersion":0,"patchVersion":2883,"engine":"webkit"},"os":{"fullName":"Windows","name":"win","version":"10.0","versionName":"10","versionAltNames":[],"majorVersion":10,"minorVersion":0,"patchVersion":null},"features":{"bw":false,"mobile":false,"tv":false,"proxy":false}}
DID: SCREEN: {"width":1366,"height":768}
http://fy/#::load-page
IP: 127.0.0.1

#####
[2018-11-19 10:24:31]
TYPE: web
DATA: {"browser":{"fullName":"Chrome","name":"chrome","version":"55.0.2883","majorVersion":55,"minorVersion":0,"patchVersion":2883,"engine":"webkit"},"os":{"fullName":"Windows","name":"win","version":"10.0","versionName":"10","versionAltNames":[],"majorVersion":10,"minorVersion":0,"patchVersion":null},"features":{"bw":false,"mobile":false,"tv":false,"proxy":false}}
DID: SCREEN: {"width":1366,"height":768}
http://fy/#::load-page
IP: 127.0.0.1

#####
[2018-11-19 10:25:04]
TYPE: web
DATA: {"browser":{"fullName":"Chrome","name":"chrome","version":"55.0.2883","majorVersion":55,"minorVersion":0,"patchVersion":2883,"engine":"webkit"},"os":{"fullName":"Windows","name":"win","version":"10.0","versionName":"10","versionAltNames":[],"majorVersion":10,"minorVersion":0,"patchVersion":null},"features":{"bw":false,"mobile":false,"tv":false,"proxy":false}}
DID: SCREEN: {"width":1366,"height":768}
http://fy/#::load-page
IP: 127.0.0.1

#####
[2018-11-19 10:25:12]
TYPE: web
DATA: {"browser":{"fullName":"Chrome","name":"chrome","version":"55.0.2883","majorVersion":55,"minorVersion":0,"patchVersion":2883,"engine":"webkit"},"os":{"fullName":"Windows","name":"win","version":"10.0","versionName":"10","versionAltNames":[],"majorVersion":10,"minorVersion":0,"patchVersion":null},"features":{"bw":false,"mobile":false,"tv":false,"proxy":false}}
DID: SCREEN: {"width":1366,"height":768}
http://fy/#::load-page
IP: 127.0.0.1

#####
[2018-11-19 10:26:21]
TYPE: web
DATA: {"browser":{"fullName":"Chrome","name":"chrome","version":"55.0.2883","majorVersion":55,"minorVersion":0,"patchVersion":2883,"engine":"webkit"},"os":{"fullName":"Windows","name":"win","version":"10.0","versionName":"10","versionAltNames":[],"majorVersion":10,"minorVersion":0,"patchVersion":null},"features":{"bw":false,"mobile":false,"tv":false,"proxy":false}}
DID: SCREEN: {"width":1366,"height":768}
http://fy/#::load-page
IP: 127.0.0.1

#####
[2018-11-19 10:27:52]
TYPE: web
DATA: {"browser":{"fullName":"Chrome","name":"chrome","version":"55.0.2883","majorVersion":55,"minorVersion":0,"patchVersion":2883,"engine":"webkit"},"os":{"fullName":"Windows","name":"win","version":"10.0","versionName":"10","versionAltNames":[],"majorVersion":10,"minorVersion":0,"patchVersion":null},"features":{"bw":false,"mobile":false,"tv":false,"proxy":false}}
DID: SCREEN: {"width":1366,"height":768}
http://fy/#::load-page
IP: 127.0.0.1

#####
[2018-11-19 10:30:54]
TYPE: web
DATA: {"browser":{"fullName":"Chrome","name":"chrome","version":"55.0.2883","majorVersion":55,"minorVersion":0,"patchVersion":2883,"engine":"webkit"},"os":{"fullName":"Windows","name":"win","version":"10.0","versionName":"10","versionAltNames":[],"majorVersion":10,"minorVersion":0,"patchVersion":null},"features":{"bw":false,"mobile":false,"tv":false,"proxy":false}}
DID: SCREEN: {"width":1366,"height":768}
http://fy/#::load-page
IP: 127.0.0.1

#####
[2018-11-19 10:31:09]
TYPE: web
DATA: {"browser":{"fullName":"Chrome","name":"chrome","version":"55.0.2883","majorVersion":55,"minorVersion":0,"patchVersion":2883,"engine":"webkit"},"os":{"fullName":"Windows","name":"win","version":"10.0","versionName":"10","versionAltNames":[],"majorVersion":10,"minorVersion":0,"patchVersion":null},"features":{"bw":false,"mobile":false,"tv":false,"proxy":false}}
DID: SCREEN: {"width":1366,"height":768}
http://fy/#::load-page
IP: 127.0.0.1

#####
[2018-11-19 10:38:15]
TYPE: web
DATA: {"browser":{"fullName":"Chrome","name":"chrome","version":"55.0.2883","majorVersion":55,"minorVersion":0,"patchVersion":2883,"engine":"webkit"},"os":{"fullName":"Windows","name":"win","version":"10.0","versionName":"10","versionAltNames":[],"majorVersion":10,"minorVersion":0,"patchVersion":null},"features":{"bw":false,"mobile":false,"tv":false,"proxy":false}}
DID: SCREEN: {"width":1366,"height":768}
http://fy/#::load-page
IP: 127.0.0.1

#####
[2018-11-19 10:39:45]
TYPE: web
DATA: {"browser":{"fullName":"Chrome","name":"chrome","version":"55.0.2883","majorVersion":55,"minorVersion":0,"patchVersion":2883,"engine":"webkit"},"os":{"fullName":"Windows","name":"win","version":"10.0","versionName":"10","versionAltNames":[],"majorVersion":10,"minorVersion":0,"patchVersion":null},"features":{"bw":false,"mobile":false,"tv":false,"proxy":false}}
DID: SCREEN: {"width":1366,"height":768}
http://fy/#::load-page
IP: 127.0.0.1

#####
[2018-11-19 10:39:56]
TYPE: web
DATA: {"browser":{"fullName":"Chrome","name":"chrome","version":"55.0.2883","majorVersion":55,"minorVersion":0,"patchVersion":2883,"engine":"webkit"},"os":{"fullName":"Windows","name":"win","version":"10.0","versionName":"10","versionAltNames":[],"majorVersion":10,"minorVersion":0,"patchVersion":null},"features":{"bw":false,"mobile":false,"tv":false,"proxy":false}}
DID: SCREEN: {"width":1366,"height":768}
http://fy/#::load-page
IP: 127.0.0.1

#####
[2018-11-19 10:40:56]
TYPE: web
DATA: {"browser":{"fullName":"Chrome","name":"chrome","version":"55.0.2883","majorVersion":55,"minorVersion":0,"patchVersion":2883,"engine":"webkit"},"os":{"fullName":"Windows","name":"win","version":"10.0","versionName":"10","versionAltNames":[],"majorVersion":10,"minorVersion":0,"patchVersion":null},"features":{"bw":false,"mobile":false,"tv":false,"proxy":false}}
DID: SCREEN: {"width":1366,"height":768}
http://fy/#::load-page
IP: 127.0.0.1

#####
[2018-11-19 10:49:12]
TYPE: web
DATA: {"browser":{"fullName":"Chrome","name":"chrome","version":"55.0.2883","majorVersion":55,"minorVersion":0,"patchVersion":2883,"engine":"webkit"},"os":{"fullName":"Windows","name":"win","version":"10.0","versionName":"10","versionAltNames":[],"majorVersion":10,"minorVersion":0,"patchVersion":null},"features":{"bw":false,"mobile":false,"tv":false,"proxy":false}}
DID: SCREEN: {"width":1366,"height":768}
http://fy/#::load-page
IP: 127.0.0.1

#####
[2018-11-19 10:51:45]
TYPE: web
DATA: {"browser":{"fullName":"Chrome","name":"chrome","version":"55.0.2883","majorVersion":55,"minorVersion":0,"patchVersion":2883,"engine":"webkit"},"os":{"fullName":"Windows","name":"win","version":"10.0","versionName":"10","versionAltNames":[],"majorVersion":10,"minorVersion":0,"patchVersion":null},"features":{"bw":false,"mobile":false,"tv":false,"proxy":false}}
DID: SCREEN: {"width":1366,"height":768}
http://fy/#::load-page
IP: 127.0.0.1

#####
[2018-11-19 10:51:57]
TYPE: web
DATA: {"browser":{"fullName":"Chrome","name":"chrome","version":"55.0.2883","majorVersion":55,"minorVersion":0,"patchVersion":2883,"engine":"webkit"},"os":{"fullName":"Windows","name":"win","version":"10.0","versionName":"10","versionAltNames":[],"majorVersion":10,"minorVersion":0,"patchVersion":null},"features":{"bw":false,"mobile":false,"tv":false,"proxy":false}}
DID: SCREEN: {"width":1366,"height":768}
http://fy/#::load-page
IP: 127.0.0.1

#####
[2018-11-19 10:52:19]
TYPE: web
DATA: {"browser":{"fullName":"Chrome","name":"chrome","version":"55.0.2883","majorVersion":55,"minorVersion":0,"patchVersion":2883,"engine":"webkit"},"os":{"fullName":"Windows","name":"win","version":"10.0","versionName":"10","versionAltNames":[],"majorVersion":10,"minorVersion":0,"patchVersion":null},"features":{"bw":false,"mobile":false,"tv":false,"proxy":false}}
DID: SCREEN: {"width":1366,"height":768}
http://fy/::load-page
IP: 127.0.0.1

#####
[2018-11-19 10:53:55]
TYPE: web
DATA: {"browser":{"fullName":"Chrome","name":"chrome","version":"55.0.2883","majorVersion":55,"minorVersion":0,"patchVersion":2883,"engine":"webkit"},"os":{"fullName":"Windows","name":"win","version":"10.0","versionName":"10","versionAltNames":[],"majorVersion":10,"minorVersion":0,"patchVersion":null},"features":{"bw":false,"mobile":false,"tv":false,"proxy":false}}
DID: SCREEN: {"width":1366,"height":768}
http://fy/::load-page
IP: 127.0.0.1

#####
[2018-11-19 10:55:30]
TYPE: web
DATA: {"browser":{"fullName":"Chrome","name":"chrome","version":"55.0.2883","majorVersion":55,"minorVersion":0,"patchVersion":2883,"engine":"webkit"},"os":{"fullName":"Windows","name":"win","version":"10.0","versionName":"10","versionAltNames":[],"majorVersion":10,"minorVersion":0,"patchVersion":null},"features":{"bw":false,"mobile":false,"tv":false,"proxy":false}}
DID: SCREEN: {"width":1366,"height":768}
http://fy/::load-page
IP: 127.0.0.1

#####
[2018-11-19 10:56:27]
TYPE: web
DATA: {"browser":{"fullName":"Chrome","name":"chrome","version":"55.0.2883","majorVersion":55,"minorVersion":0,"patchVersion":2883,"engine":"webkit"},"os":{"fullName":"Windows","name":"win","version":"10.0","versionName":"10","versionAltNames":[],"majorVersion":10,"minorVersion":0,"patchVersion":null},"features":{"bw":false,"mobile":false,"tv":false,"proxy":false}}
DID: SCREEN: {"width":1366,"height":768}
http://fy/::load-page
IP: 127.0.0.1

#####
[2018-11-19 10:56:33]
TYPE: web
DATA: {"browser":{"fullName":"Chrome","name":"chrome","version":"55.0.2883","majorVersion":55,"minorVersion":0,"patchVersion":2883,"engine":"webkit"},"os":{"fullName":"Windows","name":"win","version":"10.0","versionName":"10","versionAltNames":[],"majorVersion":10,"minorVersion":0,"patchVersion":null},"features":{"bw":false,"mobile":false,"tv":false,"proxy":false}}
DID: SCREEN: {"width":1366,"height":768}
http://fy/::load-page
IP: 127.0.0.1

#####
[2018-11-19 10:56:53]
TYPE: web
DATA: {"browser":{"fullName":"Chrome","name":"chrome","version":"55.0.2883","majorVersion":55,"minorVersion":0,"patchVersion":2883,"engine":"webkit"},"os":{"fullName":"Windows","name":"win","version":"10.0","versionName":"10","versionAltNames":[],"majorVersion":10,"minorVersion":0,"patchVersion":null},"features":{"bw":false,"mobile":false,"tv":false,"proxy":false}}
DID: SCREEN: {"width":1366,"height":768}
http://fy/::load-page
IP: 127.0.0.1

#####
[2018-11-19 10:56:58]
TYPE: web
DATA: {"browser":{"fullName":"Chrome","name":"chrome","version":"55.0.2883","majorVersion":55,"minorVersion":0,"patchVersion":2883,"engine":"webkit"},"os":{"fullName":"Windows","name":"win","version":"10.0","versionName":"10","versionAltNames":[],"majorVersion":10,"minorVersion":0,"patchVersion":null},"features":{"bw":false,"mobile":false,"tv":false,"proxy":false}}
DID: SCREEN: {"width":1366,"height":768}
http://fy/::load-page
IP: 127.0.0.1

#####
[2018-11-19 10:57:06]
TYPE: web
DATA: {"browser":{"fullName":"Chrome","name":"chrome","version":"55.0.2883","majorVersion":55,"minorVersion":0,"patchVersion":2883,"engine":"webkit"},"os":{"fullName":"Windows","name":"win","version":"10.0","versionName":"10","versionAltNames":[],"majorVersion":10,"minorVersion":0,"patchVersion":null},"features":{"bw":false,"mobile":false,"tv":false,"proxy":false}}
DID: SCREEN: {"width":1366,"height":768}
http://fy/::load-page
IP: 127.0.0.1

#####
[2018-11-19 10:57:16]
TYPE: web
DATA: {"browser":{"fullName":"Chrome","name":"chrome","version":"55.0.2883","majorVersion":55,"minorVersion":0,"patchVersion":2883,"engine":"webkit"},"os":{"fullName":"Windows","name":"win","version":"10.0","versionName":"10","versionAltNames":[],"majorVersion":10,"minorVersion":0,"patchVersion":null},"features":{"bw":false,"mobile":false,"tv":false,"proxy":false}}
DID: SCREEN: {"width":1366,"height":768}
http://fy/::load-page
IP: 127.0.0.1

#####
[2018-11-19 10:59:44]
TYPE: web
DATA: {"browser":{"fullName":"Chrome","name":"chrome","version":"55.0.2883","majorVersion":55,"minorVersion":0,"patchVersion":2883,"engine":"webkit"},"os":{"fullName":"Windows","name":"win","version":"10.0","versionName":"10","versionAltNames":[],"majorVersion":10,"minorVersion":0,"patchVersion":null},"features":{"bw":false,"mobile":false,"tv":false,"proxy":false}}
DID: SCREEN: {"width":1366,"height":768}
http://fy/::load-page
IP: 127.0.0.1

#####
[2018-11-19 10:59:53]
TYPE: web
DATA: {"browser":{"fullName":"Chrome","name":"chrome","version":"55.0.2883","majorVersion":55,"minorVersion":0,"patchVersion":2883,"engine":"webkit"},"os":{"fullName":"Windows","name":"win","version":"10.0","versionName":"10","versionAltNames":[],"majorVersion":10,"minorVersion":0,"patchVersion":null},"features":{"bw":false,"mobile":false,"tv":false,"proxy":false}}
DID: SCREEN: {"width":1366,"height":768}
http://fy/::load-page
IP: 127.0.0.1

#####
[2018-11-19 11:00:19]
TYPE: web
DATA: {"browser":{"fullName":"Chrome","name":"chrome","version":"55.0.2883","majorVersion":55,"minorVersion":0,"patchVersion":2883,"engine":"webkit"},"os":{"fullName":"Windows","name":"win","version":"10.0","versionName":"10","versionAltNames":[],"majorVersion":10,"minorVersion":0,"patchVersion":null},"features":{"bw":false,"mobile":false,"tv":false,"proxy":false}}
DID: SCREEN: {"width":1366,"height":768}
http://fy/::load-page
IP: 127.0.0.1

#####
[2018-11-19 11:01:01]
TYPE: web
DATA: {"browser":{"fullName":"Chrome","name":"chrome","version":"55.0.2883","majorVersion":55,"minorVersion":0,"patchVersion":2883,"engine":"webkit"},"os":{"fullName":"Windows","name":"win","version":"10.0","versionName":"10","versionAltNames":[],"majorVersion":10,"minorVersion":0,"patchVersion":null},"features":{"bw":false,"mobile":false,"tv":false,"proxy":false}}
DID: SCREEN: {"width":1366,"height":768}
http://fy/::load-page
IP: 127.0.0.1

#####
[2018-11-19 11:01:03]
TYPE: web
DATA: {"browser":{"fullName":"Chrome","name":"chrome","version":"55.0.2883","majorVersion":55,"minorVersion":0,"patchVersion":2883,"engine":"webkit"},"os":{"fullName":"Windows","name":"win","version":"10.0","versionName":"10","versionAltNames":[],"majorVersion":10,"minorVersion":0,"patchVersion":null},"features":{"bw":false,"mobile":false,"tv":false,"proxy":false}}
DID: SCREEN: {"width":1366,"height":768}
http://fy/::load-page
IP: 127.0.0.1

#####
[2018-11-19 11:02:54]
TYPE: web
DATA: {"browser":{"fullName":"Chrome","name":"chrome","version":"55.0.2883","majorVersion":55,"minorVersion":0,"patchVersion":2883,"engine":"webkit"},"os":{"fullName":"Windows","name":"win","version":"10.0","versionName":"10","versionAltNames":[],"majorVersion":10,"minorVersion":0,"patchVersion":null},"features":{"bw":false,"mobile":false,"tv":false,"proxy":false}}
DID: SCREEN: {"width":1366,"height":768}
http://fy/::load-page
IP: 127.0.0.1

#####
[2018-11-19 11:03:10]
TYPE: web
DATA: {"browser":{"fullName":"Chrome","name":"chrome","version":"55.0.2883","majorVersion":55,"minorVersion":0,"patchVersion":2883,"engine":"webkit"},"os":{"fullName":"Windows","name":"win","version":"10.0","versionName":"10","versionAltNames":[],"majorVersion":10,"minorVersion":0,"patchVersion":null},"features":{"bw":false,"mobile":false,"tv":false,"proxy":false}}
DID: SCREEN: {"width":1366,"height":768}
http://fy/::load-page
IP: 127.0.0.1

#####
[2018-11-19 11:07:35]
TYPE: web
DATA: {"browser":{"fullName":"Chrome","name":"chrome","version":"55.0.2883","majorVersion":55,"minorVersion":0,"patchVersion":2883,"engine":"webkit"},"os":{"fullName":"Windows","name":"win","version":"10.0","versionName":"10","versionAltNames":[],"majorVersion":10,"minorVersion":0,"patchVersion":null},"features":{"bw":false,"mobile":false,"tv":false,"proxy":false}}
DID: SCREEN: {"width":1366,"height":768}
http://fy/::load-page
IP: 127.0.0.1

#####
[2018-11-19 11:08:37]
TYPE: web
DATA: {"browser":{"fullName":"Chrome","name":"chrome","version":"55.0.2883","majorVersion":55,"minorVersion":0,"patchVersion":2883,"engine":"webkit"},"os":{"fullName":"Windows","name":"win","version":"10.0","versionName":"10","versionAltNames":[],"majorVersion":10,"minorVersion":0,"patchVersion":null},"features":{"bw":false,"mobile":false,"tv":false,"proxy":false}}
DID: SCREEN: {"width":1366,"height":768}
http://fy/::load-page
IP: 127.0.0.1

#####
[2018-11-19 11:09:04]
TYPE: web
DATA: {"browser":{"fullName":"Chrome","name":"chrome","version":"55.0.2883","majorVersion":55,"minorVersion":0,"patchVersion":2883,"engine":"webkit"},"os":{"fullName":"Windows","name":"win","version":"10.0","versionName":"10","versionAltNames":[],"majorVersion":10,"minorVersion":0,"patchVersion":null},"features":{"bw":false,"mobile":false,"tv":false,"proxy":false}}
DID: SCREEN: {"width":1366,"height":768}
http://fy/::load-page
IP: 127.0.0.1

#####
[2018-11-19 11:10:53]
TYPE: web
DATA: {"browser":{"fullName":"Chrome","name":"chrome","version":"55.0.2883","majorVersion":55,"minorVersion":0,"patchVersion":2883,"engine":"webkit"},"os":{"fullName":"Windows","name":"win","version":"10.0","versionName":"10","versionAltNames":[],"majorVersion":10,"minorVersion":0,"patchVersion":null},"features":{"bw":false,"mobile":false,"tv":false,"proxy":false}}
DID: SCREEN: {"width":1366,"height":768}
http://fy/::load-page
IP: 127.0.0.1

#####
[2018-11-19 11:12:32]
TYPE: web
DATA: {"browser":{"fullName":"Chrome","name":"chrome","version":"55.0.2883","majorVersion":55,"minorVersion":0,"patchVersion":2883,"engine":"webkit"},"os":{"fullName":"Windows","name":"win","version":"10.0","versionName":"10","versionAltNames":[],"majorVersion":10,"minorVersion":0,"patchVersion":null},"features":{"bw":false,"mobile":false,"tv":false,"proxy":false}}
DID: SCREEN: {"width":1366,"height":768}
http://fy/::load-page
IP: 127.0.0.1

#####
[2018-11-19 11:12:46]
TYPE: web
DATA: {"browser":{"fullName":"Chrome","name":"chrome","version":"55.0.2883","majorVersion":55,"minorVersion":0,"patchVersion":2883,"engine":"webkit"},"os":{"fullName":"Windows","name":"win","version":"10.0","versionName":"10","versionAltNames":[],"majorVersion":10,"minorVersion":0,"patchVersion":null},"features":{"bw":false,"mobile":false,"tv":false,"proxy":false}}
DID: SCREEN: {"width":1366,"height":768}
http://fy/::load-page
IP: 127.0.0.1

#####
[2018-11-19 11:12:46]
TYPE: web
DATA: {"browser":{"fullName":"Chrome","name":"chrome","version":"55.0.2883","majorVersion":55,"minorVersion":0,"patchVersion":2883,"engine":"webkit"},"os":{"fullName":"Windows","name":"win","version":"10.0","versionName":"10","versionAltNames":[],"majorVersion":10,"minorVersion":0,"patchVersion":null},"features":{"bw":false,"mobile":false,"tv":false,"proxy":false}}
DID: SCREEN: {"width":1366,"height":768}
http://fy/::load-page
IP: 127.0.0.1

#####
[2018-11-19 11:13:15]
TYPE: web
DATA: {"browser":{"fullName":"Chrome","name":"chrome","version":"55.0.2883","majorVersion":55,"minorVersion":0,"patchVersion":2883,"engine":"webkit"},"os":{"fullName":"Windows","name":"win","version":"10.0","versionName":"10","versionAltNames":[],"majorVersion":10,"minorVersion":0,"patchVersion":null},"features":{"bw":false,"mobile":false,"tv":false,"proxy":false}}
DID: SCREEN: {"width":1366,"height":768}
http://fy/::load-page
IP: 127.0.0.1

#####
[2018-11-19 11:13:17]
TYPE: web
DATA: {"browser":{"fullName":"Chrome","name":"chrome","version":"55.0.2883","majorVersion":55,"minorVersion":0,"patchVersion":2883,"engine":"webkit"},"os":{"fullName":"Windows","name":"win","version":"10.0","versionName":"10","versionAltNames":[],"majorVersion":10,"minorVersion":0,"patchVersion":null},"features":{"bw":false,"mobile":false,"tv":false,"proxy":false}}
DID: SCREEN: {"width":1366,"height":768}
http://fy/test/::load-page
IP: 127.0.0.1

#####
[2018-11-19 11:13:35]
TYPE: web
DATA: {"browser":{"fullName":"Chrome","name":"chrome","version":"55.0.2883","majorVersion":55,"minorVersion":0,"patchVersion":2883,"engine":"webkit"},"os":{"fullName":"Windows","name":"win","version":"10.0","versionName":"10","versionAltNames":[],"majorVersion":10,"minorVersion":0,"patchVersion":null},"features":{"bw":false,"mobile":false,"tv":false,"proxy":false}}
DID: SCREEN: {"width":1366,"height":768}
http://fy/#::load-page
IP: 127.0.0.1

#####
[2018-11-19 11:16:47]
TYPE: web
DATA: {"browser":{"fullName":"Chrome","name":"chrome","version":"55.0.2883","majorVersion":55,"minorVersion":0,"patchVersion":2883,"engine":"webkit"},"os":{"fullName":"Windows","name":"win","version":"10.0","versionName":"10","versionAltNames":[],"majorVersion":10,"minorVersion":0,"patchVersion":null},"features":{"bw":false,"mobile":false,"tv":false,"proxy":false}}
DID: SCREEN: {"width":1366,"height":768}
http://fy/#::load-page
IP: 127.0.0.1

#####
[2018-11-19 11:19:15]
TYPE: web
DATA: {"browser":{"fullName":"Chrome","name":"chrome","version":"55.0.2883","majorVersion":55,"minorVersion":0,"patchVersion":2883,"engine":"webkit"},"os":{"fullName":"Windows","name":"win","version":"10.0","versionName":"10","versionAltNames":[],"majorVersion":10,"minorVersion":0,"patchVersion":null},"features":{"bw":false,"mobile":false,"tv":false,"proxy":false}}
DID: SCREEN: {"width":1366,"height":768}
http://fy/#::load-page
IP: 127.0.0.1

#####
[2018-11-19 11:19:38]
TYPE: web
DATA: {"browser":{"fullName":"Chrome","name":"chrome","version":"55.0.2883","majorVersion":55,"minorVersion":0,"patchVersion":2883,"engine":"webkit"},"os":{"fullName":"Windows","name":"win","version":"10.0","versionName":"10","versionAltNames":[],"majorVersion":10,"minorVersion":0,"patchVersion":null},"features":{"bw":false,"mobile":false,"tv":false,"proxy":false}}
DID: SCREEN: {"width":1366,"height":768}
http://fy/#::load-page
IP: 127.0.0.1

#####
[2018-11-19 11:20:12]
TYPE: web
DATA: {"browser":{"fullName":"Chrome","name":"chrome","version":"55.0.2883","majorVersion":55,"minorVersion":0,"patchVersion":2883,"engine":"webkit"},"os":{"fullName":"Windows","name":"win","version":"10.0","versionName":"10","versionAltNames":[],"majorVersion":10,"minorVersion":0,"patchVersion":null},"features":{"bw":false,"mobile":false,"tv":false,"proxy":false}}
DID: SCREEN: {"width":1366,"height":768}
http://fy/#::load-page
IP: 127.0.0.1

#####
[2018-11-19 11:20:24]
TYPE: web
DATA: {"browser":{"fullName":"Chrome","name":"chrome","version":"55.0.2883","majorVersion":55,"minorVersion":0,"patchVersion":2883,"engine":"webkit"},"os":{"fullName":"Windows","name":"win","version":"10.0","versionName":"10","versionAltNames":[],"majorVersion":10,"minorVersion":0,"patchVersion":null},"features":{"bw":false,"mobile":false,"tv":false,"proxy":false}}
DID: SCREEN: {"width":1366,"height":768}
http://fy/#::load-page
IP: 127.0.0.1

#####
[2018-11-19 11:21:05]
TYPE: web
DATA: {"browser":{"fullName":"Chrome","name":"chrome","version":"55.0.2883","majorVersion":55,"minorVersion":0,"patchVersion":2883,"engine":"webkit"},"os":{"fullName":"Windows","name":"win","version":"10.0","versionName":"10","versionAltNames":[],"majorVersion":10,"minorVersion":0,"patchVersion":null},"features":{"bw":false,"mobile":false,"tv":false,"proxy":false}}
DID: SCREEN: {"width":1366,"height":768}
http://fy/#::load-page
IP: 127.0.0.1

#####
[2018-11-19 11:22:27]
TYPE: web
DATA: {"browser":{"fullName":"Chrome","name":"chrome","version":"55.0.2883","majorVersion":55,"minorVersion":0,"patchVersion":2883,"engine":"webkit"},"os":{"fullName":"Windows","name":"win","version":"10.0","versionName":"10","versionAltNames":[],"majorVersion":10,"minorVersion":0,"patchVersion":null},"features":{"bw":false,"mobile":false,"tv":false,"proxy":false}}
DID: SCREEN: {"width":1366,"height":768}
http://fy/#::load-page
IP: 127.0.0.1

#####
[2018-11-19 11:40:45]
TYPE: web
DATA: {"browser":{"fullName":"Chrome","name":"chrome","version":"55.0.2883","majorVersion":55,"minorVersion":0,"patchVersion":2883,"engine":"webkit"},"os":{"fullName":"Windows","name":"win","version":"10.0","versionName":"10","versionAltNames":[],"majorVersion":10,"minorVersion":0,"patchVersion":null},"features":{"bw":false,"mobile":false,"tv":false,"proxy":false}}
DID: SCREEN: {"width":1366,"height":768}
http://fy/#::load-page
IP: 127.0.0.1

#####
[2018-11-19 11:42:33]
TYPE: web
DATA: {"browser":{"fullName":"Chrome","name":"chrome","version":"55.0.2883","majorVersion":55,"minorVersion":0,"patchVersion":2883,"engine":"webkit"},"os":{"fullName":"Windows","name":"win","version":"10.0","versionName":"10","versionAltNames":[],"majorVersion":10,"minorVersion":0,"patchVersion":null},"features":{"bw":false,"mobile":false,"tv":false,"proxy":false}}
DID: SCREEN: {"width":1366,"height":768}
http://fy/#::load-page
IP: 127.0.0.1

#####
[2018-11-19 11:43:17]
TYPE: web
DATA: {"browser":{"fullName":"Chrome","name":"chrome","version":"55.0.2883","majorVersion":55,"minorVersion":0,"patchVersion":2883,"engine":"webkit"},"os":{"fullName":"Windows","name":"win","version":"10.0","versionName":"10","versionAltNames":[],"majorVersion":10,"minorVersion":0,"patchVersion":null},"features":{"bw":false,"mobile":false,"tv":false,"proxy":false}}
DID: SCREEN: {"width":1366,"height":768}
http://fy/#::load-page
IP: 127.0.0.1

#####
[2018-11-19 11:43:30]
TYPE: web
DATA: {"browser":{"fullName":"Chrome","name":"chrome","version":"55.0.2883","majorVersion":55,"minorVersion":0,"patchVersion":2883,"engine":"webkit"},"os":{"fullName":"Windows","name":"win","version":"10.0","versionName":"10","versionAltNames":[],"majorVersion":10,"minorVersion":0,"patchVersion":null},"features":{"bw":false,"mobile":false,"tv":false,"proxy":false}}
DID: SCREEN: {"width":1366,"height":768}
http://fy/#::load-page
IP: 127.0.0.1

#####
[2018-11-19 11:44:38]
TYPE: web
DATA: {"browser":{"fullName":"Chrome","name":"chrome","version":"55.0.2883","majorVersion":55,"minorVersion":0,"patchVersion":2883,"engine":"webkit"},"os":{"fullName":"Windows","name":"win","version":"10.0","versionName":"10","versionAltNames":[],"majorVersion":10,"minorVersion":0,"patchVersion":null},"features":{"bw":false,"mobile":false,"tv":false,"proxy":false}}
DID: SCREEN: {"width":1366,"height":768}
http://fy/#::load-page
IP: 127.0.0.1

#####
[2018-11-19 11:45:06]
TYPE: web
DATA: {"browser":{"fullName":"Chrome","name":"chrome","version":"55.0.2883","majorVersion":55,"minorVersion":0,"patchVersion":2883,"engine":"webkit"},"os":{"fullName":"Windows","name":"win","version":"10.0","versionName":"10","versionAltNames":[],"majorVersion":10,"minorVersion":0,"patchVersion":null},"features":{"bw":false,"mobile":false,"tv":false,"proxy":false}}
DID: SCREEN: {"width":1366,"height":768}
http://fy/#::load-page
IP: 127.0.0.1

#####
[2018-11-19 11:45:16]
TYPE: web
DATA: {"browser":{"fullName":"Chrome","name":"chrome","version":"55.0.2883","majorVersion":55,"minorVersion":0,"patchVersion":2883,"engine":"webkit"},"os":{"fullName":"Windows","name":"win","version":"10.0","versionName":"10","versionAltNames":[],"majorVersion":10,"minorVersion":0,"patchVersion":null},"features":{"bw":false,"mobile":false,"tv":false,"proxy":false}}
DID: SCREEN: {"width":1366,"height":768}
http://fy/#::load-page
IP: 127.0.0.1

#####
[2018-11-19 11:46:01]
TYPE: web
DATA: {"browser":{"fullName":"Chrome","name":"chrome","version":"55.0.2883","majorVersion":55,"minorVersion":0,"patchVersion":2883,"engine":"webkit"},"os":{"fullName":"Windows","name":"win","version":"10.0","versionName":"10","versionAltNames":[],"majorVersion":10,"minorVersion":0,"patchVersion":null},"features":{"bw":false,"mobile":false,"tv":false,"proxy":false}}
DID: SCREEN: {"width":1366,"height":768}
http://fy/#::load-page
IP: 127.0.0.1

#####
[2018-11-19 11:46:13]
TYPE: web
DATA: {"browser":{"fullName":"Chrome","name":"chrome","version":"55.0.2883","majorVersion":55,"minorVersion":0,"patchVersion":2883,"engine":"webkit"},"os":{"fullName":"Windows","name":"win","version":"10.0","versionName":"10","versionAltNames":[],"majorVersion":10,"minorVersion":0,"patchVersion":null},"features":{"bw":false,"mobile":false,"tv":false,"proxy":false}}
DID: SCREEN: {"width":1366,"height":768}
http://fy/#::load-page
IP: 127.0.0.1

#####
[2018-11-19 11:47:09]
TYPE: web
DATA: {"browser":{"fullName":"Chrome","name":"chrome","version":"55.0.2883","majorVersion":55,"minorVersion":0,"patchVersion":2883,"engine":"webkit"},"os":{"fullName":"Windows","name":"win","version":"10.0","versionName":"10","versionAltNames":[],"majorVersion":10,"minorVersion":0,"patchVersion":null},"features":{"bw":false,"mobile":false,"tv":false,"proxy":false}}
DID: SCREEN: {"width":1366,"height":768}
http://fy/#::load-page
IP: 127.0.0.1

#####
[2018-11-19 11:47:54]
TYPE: web
DATA: {"browser":{"fullName":"Chrome","name":"chrome","version":"55.0.2883","majorVersion":55,"minorVersion":0,"patchVersion":2883,"engine":"webkit"},"os":{"fullName":"Windows","name":"win","version":"10.0","versionName":"10","versionAltNames":[],"majorVersion":10,"minorVersion":0,"patchVersion":null},"features":{"bw":false,"mobile":false,"tv":false,"proxy":false}}
DID: SCREEN: {"width":1366,"height":768}
http://fy/#::load-page
IP: 127.0.0.1

#####
[2018-11-19 11:49:15]
TYPE: web
DATA: {"browser":{"fullName":"Chrome","name":"chrome","version":"55.0.2883","majorVersion":55,"minorVersion":0,"patchVersion":2883,"engine":"webkit"},"os":{"fullName":"Windows","name":"win","version":"10.0","versionName":"10","versionAltNames":[],"majorVersion":10,"minorVersion":0,"patchVersion":null},"features":{"bw":false,"mobile":false,"tv":false,"proxy":false}}
DID: SCREEN: {"width":1366,"height":768}
http://fy/test/::load-page
IP: 127.0.0.1

#####
[2018-11-19 11:50:10]
TYPE: web
DATA: {"browser":{"fullName":"Chrome","name":"chrome","version":"55.0.2883","majorVersion":55,"minorVersion":0,"patchVersion":2883,"engine":"webkit"},"os":{"fullName":"Windows","name":"win","version":"10.0","versionName":"10","versionAltNames":[],"majorVersion":10,"minorVersion":0,"patchVersion":null},"features":{"bw":false,"mobile":false,"tv":false,"proxy":false}}
DID: SCREEN: {"width":1366,"height":768}
http://fy/test/::load-page
IP: 127.0.0.1

#####
[2018-11-19 11:50:25]
TYPE: web
DATA: {"browser":{"fullName":"Chrome","name":"chrome","version":"55.0.2883","majorVersion":55,"minorVersion":0,"patchVersion":2883,"engine":"webkit"},"os":{"fullName":"Windows","name":"win","version":"10.0","versionName":"10","versionAltNames":[],"majorVersion":10,"minorVersion":0,"patchVersion":null},"features":{"bw":false,"mobile":false,"tv":false,"proxy":false}}
DID: SCREEN: {"width":1366,"height":768}
http://fy/test/::load-page
IP: 127.0.0.1

#####
[2018-11-19 11:51:12]
TYPE: web
DATA: {"browser":{"fullName":"Chrome","name":"chrome","version":"55.0.2883","majorVersion":55,"minorVersion":0,"patchVersion":2883,"engine":"webkit"},"os":{"fullName":"Windows","name":"win","version":"10.0","versionName":"10","versionAltNames":[],"majorVersion":10,"minorVersion":0,"patchVersion":null},"features":{"bw":false,"mobile":false,"tv":false,"proxy":false}}
DID: SCREEN: {"width":1366,"height":768}
http://fy/test/::load-page
IP: 127.0.0.1

#####
[2018-11-19 11:51:49]
TYPE: web
DATA: {"browser":{"fullName":"Chrome","name":"chrome","version":"55.0.2883","majorVersion":55,"minorVersion":0,"patchVersion":2883,"engine":"webkit"},"os":{"fullName":"Windows","name":"win","version":"10.0","versionName":"10","versionAltNames":[],"majorVersion":10,"minorVersion":0,"patchVersion":null},"features":{"bw":false,"mobile":false,"tv":false,"proxy":false}}
DID: SCREEN: {"width":1366,"height":768}
http://fy/test/::load-page
IP: 127.0.0.1

#####
[2018-11-19 11:53:36]
TYPE: web
DATA: {"browser":{"fullName":"Chrome","name":"chrome","version":"55.0.2883","majorVersion":55,"minorVersion":0,"patchVersion":2883,"engine":"webkit"},"os":{"fullName":"Windows","name":"win","version":"10.0","versionName":"10","versionAltNames":[],"majorVersion":10,"minorVersion":0,"patchVersion":null},"features":{"bw":false,"mobile":false,"tv":false,"proxy":false}}
DID: SCREEN: {"width":1366,"height":768}
http://fy/#::load-page
IP: 127.0.0.1

#####
[2018-11-19 17:27:48]
TYPE: web
DATA: {"browser":{"fullName":"Chrome","name":"chrome","version":"55.0.2883","majorVersion":55,"minorVersion":0,"patchVersion":2883,"engine":"webkit"},"os":{"fullName":"Windows","name":"win","version":"10.0","versionName":"10","versionAltNames":[],"majorVersion":10,"minorVersion":0,"patchVersion":null},"features":{"bw":false,"mobile":false,"tv":false,"proxy":false}}
DID: SCREEN: {"width":1366,"height":768}
http://fy/::load-page
IP: 127.0.0.1

#####
[2018-11-19 17:32:07]
TYPE: web
DATA: {"browser":{"fullName":"Chrome","name":"chrome","version":"55.0.2883","majorVersion":55,"minorVersion":0,"patchVersion":2883,"engine":"webkit"},"os":{"fullName":"Windows","name":"win","version":"10.0","versionName":"10","versionAltNames":[],"majorVersion":10,"minorVersion":0,"patchVersion":null},"features":{"bw":false,"mobile":false,"tv":false,"proxy":false}}
DID: SCREEN: {"width":1366,"height":768}
http://fy/::load-page
IP: 127.0.0.1

#####
[2018-11-19 17:32:12]
TYPE: web
DATA: {"browser":{"fullName":"Chrome","name":"chrome","version":"55.0.2883","majorVersion":55,"minorVersion":0,"patchVersion":2883,"engine":"webkit"},"os":{"fullName":"Windows","name":"win","version":"10.0","versionName":"10","versionAltNames":[],"majorVersion":10,"minorVersion":0,"patchVersion":null},"features":{"bw":false,"mobile":false,"tv":false,"proxy":false}}
DID: SCREEN: {"width":1366,"height":768}
http://fy/::load-page
IP: 127.0.0.1

#####
[2018-11-19 17:32:12]
TYPE: web
DATA: {"browser":{"fullName":"Chrome","name":"chrome","version":"55.0.2883","majorVersion":55,"minorVersion":0,"patchVersion":2883,"engine":"webkit"},"os":{"fullName":"Windows","name":"win","version":"10.0","versionName":"10","versionAltNames":[],"majorVersion":10,"minorVersion":0,"patchVersion":null},"features":{"bw":false,"mobile":false,"tv":false,"proxy":false}}
DID: SCREEN: {"width":1366,"height":768}
http://fy/::load-page
IP: 127.0.0.1

#####
[2018-11-19 17:33:58]
TYPE: web
DATA: {"browser":{"fullName":"Chrome","name":"chrome","version":"55.0.2883","majorVersion":55,"minorVersion":0,"patchVersion":2883,"engine":"webkit"},"os":{"fullName":"Windows","name":"win","version":"10.0","versionName":"10","versionAltNames":[],"majorVersion":10,"minorVersion":0,"patchVersion":null},"features":{"bw":false,"mobile":false,"tv":false,"proxy":false}}
DID: SCREEN: {"width":1366,"height":768}
http://fy/download-app/::load-page
IP: 127.0.0.1

#####
[2018-11-19 17:34:00]
TYPE: web
DATA: {"browser":{"fullName":"Chrome","name":"chrome","version":"55.0.2883","majorVersion":55,"minorVersion":0,"patchVersion":2883,"engine":"webkit"},"os":{"fullName":"Windows","name":"win","version":"10.0","versionName":"10","versionAltNames":[],"majorVersion":10,"minorVersion":0,"patchVersion":null},"features":{"bw":false,"mobile":false,"tv":false,"proxy":false}}
DID: SCREEN: {"width":1366,"height":768}
http://fy/test/::load-page
IP: 127.0.0.1

#####
[2018-11-19 18:08:51]
TYPE: web
DATA: {"browser":{"fullName":"Chrome","name":"chrome","version":"55.0.2883","majorVersion":55,"minorVersion":0,"patchVersion":2883,"engine":"webkit"},"os":{"fullName":"Windows","name":"win","version":"10.0","versionName":"10","versionAltNames":[],"majorVersion":10,"minorVersion":0,"patchVersion":null},"features":{"bw":false,"mobile":false,"tv":false,"proxy":false}}
DID: SCREEN: {"width":1366,"height":768}
http://fy/::load-page
IP: 127.0.0.1

#####
[2018-11-19 18:08:58]
TYPE: web
DATA: {"browser":{"fullName":"Chrome","name":"chrome","version":"55.0.2883","majorVersion":55,"minorVersion":0,"patchVersion":2883,"engine":"webkit"},"os":{"fullName":"Windows","name":"win","version":"10.0","versionName":"10","versionAltNames":[],"majorVersion":10,"minorVersion":0,"patchVersion":null},"features":{"bw":false,"mobile":false,"tv":false,"proxy":false}}
DID: SCREEN: {"width":1366,"height":768}
http://fy/::load-page
IP: 127.0.0.1

#####
[2018-11-19 18:09:02]
TYPE: web
DATA: {"browser":{"fullName":"Chrome","name":"chrome","version":"55.0.2883","majorVersion":55,"minorVersion":0,"patchVersion":2883,"engine":"webkit"},"os":{"fullName":"Windows","name":"win","version":"10.0","versionName":"10","versionAltNames":[],"majorVersion":10,"minorVersion":0,"patchVersion":null},"features":{"bw":false,"mobile":false,"tv":false,"proxy":false}}
DID: SCREEN: {"width":1366,"height":768}
http://fy/::load-page
IP: 127.0.0.1

#####
[2018-11-19 18:11:01]
TYPE: web
DATA: {"browser":{"fullName":"Chrome","name":"chrome","version":"55.0.2883","majorVersion":55,"minorVersion":0,"patchVersion":2883,"engine":"webkit"},"os":{"fullName":"Windows","name":"win","version":"10.0","versionName":"10","versionAltNames":[],"majorVersion":10,"minorVersion":0,"patchVersion":null},"features":{"bw":false,"mobile":false,"tv":false,"proxy":false}}
DID: SCREEN: {"width":1366,"height":768}
http://fy/::load-page
IP: 127.0.0.1

#####
[2018-11-19 18:11:08]
TYPE: web
DATA: {"browser":{"fullName":"Chrome","name":"chrome","version":"55.0.2883","majorVersion":55,"minorVersion":0,"patchVersion":2883,"engine":"webkit"},"os":{"fullName":"Windows","name":"win","version":"10.0","versionName":"10","versionAltNames":[],"majorVersion":10,"minorVersion":0,"patchVersion":null},"features":{"bw":false,"mobile":false,"tv":false,"proxy":false}}
DID: SCREEN: {"width":1366,"height":768}
http://fy/test/::load-page
IP: 127.0.0.1

#####
[2018-11-19 18:14:33]
TYPE: web
DATA: {"browser":{"fullName":"Chrome","name":"chrome","version":"55.0.2883","majorVersion":55,"minorVersion":0,"patchVersion":2883,"engine":"webkit"},"os":{"fullName":"Windows","name":"win","version":"10.0","versionName":"10","versionAltNames":[],"majorVersion":10,"minorVersion":0,"patchVersion":null},"features":{"bw":false,"mobile":false,"tv":false,"proxy":false}}
DID: SCREEN: {"width":1366,"height":768}
http://fy/test/::test-result::[{"result":[20,60,60,50,71,69]}]
IP: 127.0.0.1

#####
[2018-11-19 18:20:46]
TYPE: web
DATA: {"browser":{"fullName":"Chrome","name":"chrome","version":"55.0.2883","majorVersion":55,"minorVersion":0,"patchVersion":2883,"engine":"webkit"},"os":{"fullName":"Windows","name":"win","version":"10.0","versionName":"10","versionAltNames":[],"majorVersion":10,"minorVersion":0,"patchVersion":null},"features":{"bw":false,"mobile":false,"tv":false,"proxy":false}}
DID: SCREEN: {"width":1366,"height":768}
http://fy/#::load-page
IP: 127.0.0.1
