
#####
[2018-11-29 14:05:13]
TYPE: web
DATA: {"browser":{"fullName":"Chrome","name":"chrome","version":"70.0.3538","majorVersion":70,"minorVersion":0,"patchVersion":3538,"engine":"webkit"},"os":{"fullName":"Windows","name":"win","version":"10.0","versionName":"10","versionAltNames":[],"majorVersion":10,"minorVersion":0,"patchVersion":null},"features":{"bw":false,"mobile":false,"tv":false,"proxy":false}}
DID: SCREEN: {"width":1600,"height":900}
http://project/::load-page
IP: 127.0.0.1

#####
[2018-11-29 14:05:18]
TYPE: web
DATA: {"browser":{"fullName":"Chrome","name":"chrome","version":"70.0.3538","majorVersion":70,"minorVersion":0,"patchVersion":3538,"engine":"webkit"},"os":{"fullName":"Windows","name":"win","version":"10.0","versionName":"10","versionAltNames":[],"majorVersion":10,"minorVersion":0,"patchVersion":null},"features":{"bw":false,"mobile":false,"tv":false,"proxy":false}}
DID: SCREEN: {"width":1600,"height":900}
http://project/::load-page
IP: 127.0.0.1

#####
[2018-11-29 14:05:40]
TYPE: web
DATA: {"browser":{"fullName":"Chrome","name":"chrome","version":"70.0.3538","majorVersion":70,"minorVersion":0,"patchVersion":3538,"engine":"webkit"},"os":{"fullName":"Windows","name":"win","version":"10.0","versionName":"10","versionAltNames":[],"majorVersion":10,"minorVersion":0,"patchVersion":null},"features":{"bw":false,"mobile":false,"tv":false,"proxy":false}}
DID: SCREEN: {"width":1600,"height":900}
http://project/::load-page
IP: 127.0.0.1

#####
[2018-11-29 14:05:44]
TYPE: web
DATA: {"browser":{"fullName":"Chrome","name":"chrome","version":"70.0.3538","majorVersion":70,"minorVersion":0,"patchVersion":3538,"engine":"webkit"},"os":{"fullName":"Windows","name":"win","version":"10.0","versionName":"10","versionAltNames":[],"majorVersion":10,"minorVersion":0,"patchVersion":null},"features":{"bw":false,"mobile":false,"tv":false,"proxy":false}}
DID: SCREEN: {"width":1600,"height":900}
http://project/news/17/::load-page
IP: 127.0.0.1

#####
[2018-11-29 14:05:51]
TYPE: web
DATA: {"browser":{"fullName":"Chrome","name":"chrome","version":"70.0.3538","majorVersion":70,"minorVersion":0,"patchVersion":3538,"engine":"webkit"},"os":{"fullName":"Windows","name":"win","version":"10.0","versionName":"10","versionAltNames":[],"majorVersion":10,"minorVersion":0,"patchVersion":null},"features":{"bw":false,"mobile":false,"tv":false,"proxy":false}}
DID: SCREEN: {"width":1600,"height":900}
http://project/news/17/::load-page
IP: 127.0.0.1

#####
[2018-11-29 14:05:52]
TYPE: web
DATA: {"browser":{"fullName":"Chrome","name":"chrome","version":"70.0.3538","majorVersion":70,"minorVersion":0,"patchVersion":3538,"engine":"webkit"},"os":{"fullName":"Windows","name":"win","version":"10.0","versionName":"10","versionAltNames":[],"majorVersion":10,"minorVersion":0,"patchVersion":null},"features":{"bw":false,"mobile":false,"tv":false,"proxy":false}}
DID: SCREEN: {"width":1600,"height":900}
http://project/news/17/::load-page
IP: 127.0.0.1

#####
[2018-11-29 14:06:20]
TYPE: web
DATA: {"browser":{"fullName":"Chrome","name":"chrome","version":"70.0.3538","majorVersion":70,"minorVersion":0,"patchVersion":3538,"engine":"webkit"},"os":{"fullName":"Windows","name":"win","version":"10.0","versionName":"10","versionAltNames":[],"majorVersion":10,"minorVersion":0,"patchVersion":null},"features":{"bw":false,"mobile":false,"tv":false,"proxy":false}}
DID: SCREEN: {"width":1600,"height":900}
http://project/news/17/::load-page
IP: 127.0.0.1

#####
[2018-11-29 14:07:22]
TYPE: web
DATA: {"browser":{"fullName":"Chrome","name":"chrome","version":"70.0.3538","majorVersion":70,"minorVersion":0,"patchVersion":3538,"engine":"webkit"},"os":{"fullName":"Windows","name":"win","version":"10.0","versionName":"10","versionAltNames":[],"majorVersion":10,"minorVersion":0,"patchVersion":null},"features":{"bw":false,"mobile":false,"tv":false,"proxy":false}}
DID: SCREEN: {"width":1600,"height":900}
http://project/news/17/::load-page
IP: 127.0.0.1

#####
[2018-11-29 14:07:26]
TYPE: web
DATA: {"browser":{"fullName":"Chrome","name":"chrome","version":"70.0.3538","majorVersion":70,"minorVersion":0,"patchVersion":3538,"engine":"webkit"},"os":{"fullName":"Windows","name":"win","version":"10.0","versionName":"10","versionAltNames":[],"majorVersion":10,"minorVersion":0,"patchVersion":null},"features":{"bw":false,"mobile":false,"tv":false,"proxy":false}}
DID: SCREEN: {"width":1600,"height":900}
http://project/news/17/::load-page
IP: 127.0.0.1

#####
[2018-11-29 14:07:27]
TYPE: web
DATA: {"browser":{"fullName":"Chrome","name":"chrome","version":"70.0.3538","majorVersion":70,"minorVersion":0,"patchVersion":3538,"engine":"webkit"},"os":{"fullName":"Windows","name":"win","version":"10.0","versionName":"10","versionAltNames":[],"majorVersion":10,"minorVersion":0,"patchVersion":null},"features":{"bw":false,"mobile":false,"tv":false,"proxy":false}}
DID: SCREEN: {"width":1600,"height":900}
http://project/news/17/::load-page
IP: 127.0.0.1

#####
[2018-11-29 14:08:16]
TYPE: web
DATA: {"browser":{"fullName":"Chrome","name":"chrome","version":"70.0.3538","majorVersion":70,"minorVersion":0,"patchVersion":3538,"engine":"webkit"},"os":{"fullName":"Windows","name":"win","version":"10.0","versionName":"10","versionAltNames":[],"majorVersion":10,"minorVersion":0,"patchVersion":null},"features":{"bw":false,"mobile":false,"tv":false,"proxy":false}}
DID: SCREEN: {"width":1600,"height":900}
http://project/news/17/::load-page
IP: 127.0.0.1

#####
[2018-11-29 14:09:00]
TYPE: web
DATA: {"browser":{"fullName":"Chrome","name":"chrome","version":"70.0.3538","majorVersion":70,"minorVersion":0,"patchVersion":3538,"engine":"webkit"},"os":{"fullName":"Windows","name":"win","version":"10.0","versionName":"10","versionAltNames":[],"majorVersion":10,"minorVersion":0,"patchVersion":null},"features":{"bw":false,"mobile":false,"tv":false,"proxy":false}}
DID: SCREEN: {"width":1600,"height":900}
http://project/news/17/::load-page
IP: 127.0.0.1

#####
[2018-11-29 14:09:00]
TYPE: web
DATA: {"browser":{"fullName":"Chrome","name":"chrome","version":"70.0.3538","majorVersion":70,"minorVersion":0,"patchVersion":3538,"engine":"webkit"},"os":{"fullName":"Windows","name":"win","version":"10.0","versionName":"10","versionAltNames":[],"majorVersion":10,"minorVersion":0,"patchVersion":null},"features":{"bw":false,"mobile":false,"tv":false,"proxy":false}}
DID: SCREEN: {"width":1600,"height":900}
http://project/news/17/::load-page
IP: 127.0.0.1

#####
[2018-11-29 14:09:58]
TYPE: web
DATA: {"browser":{"fullName":"Chrome","name":"chrome","version":"70.0.3538","majorVersion":70,"minorVersion":0,"patchVersion":3538,"engine":"webkit"},"os":{"fullName":"Windows","name":"win","version":"10.0","versionName":"10","versionAltNames":[],"majorVersion":10,"minorVersion":0,"patchVersion":null},"features":{"bw":false,"mobile":false,"tv":false,"proxy":false}}
DID: SCREEN: {"width":1600,"height":900}
http://project/::load-page
IP: 127.0.0.1

#####
[2018-11-29 14:10:01]
TYPE: web
DATA: {"browser":{"fullName":"Chrome","name":"chrome","version":"70.0.3538","majorVersion":70,"minorVersion":0,"patchVersion":3538,"engine":"webkit"},"os":{"fullName":"Windows","name":"win","version":"10.0","versionName":"10","versionAltNames":[],"majorVersion":10,"minorVersion":0,"patchVersion":null},"features":{"bw":false,"mobile":false,"tv":false,"proxy":false}}
DID: SCREEN: {"width":1600,"height":900}
http://project/::load-page
IP: 127.0.0.1

#####
[2018-11-29 14:14:26]
TYPE: web
DATA: {"browser":{"fullName":"Chrome","name":"chrome","version":"70.0.3538","majorVersion":70,"minorVersion":0,"patchVersion":3538,"engine":"webkit"},"os":{"fullName":"Windows","name":"win","version":"10.0","versionName":"10","versionAltNames":[],"majorVersion":10,"minorVersion":0,"patchVersion":null},"features":{"bw":false,"mobile":false,"tv":false,"proxy":false}}
DID: SCREEN: {"width":1600,"height":900}
http://project/news/2/::load-page
IP: 127.0.0.1

#####
[2018-11-29 14:14:29]
TYPE: web
DATA: {"browser":{"fullName":"Chrome","name":"chrome","version":"70.0.3538","majorVersion":70,"minorVersion":0,"patchVersion":3538,"engine":"webkit"},"os":{"fullName":"Windows","name":"win","version":"10.0","versionName":"10","versionAltNames":[],"majorVersion":10,"minorVersion":0,"patchVersion":null},"features":{"bw":false,"mobile":false,"tv":false,"proxy":false}}
DID: SCREEN: {"width":1600,"height":900}
http://project/::load-page
IP: 127.0.0.1

#####
[2018-11-29 14:16:22]
TYPE: web
DATA: {"browser":{"fullName":"Chrome","name":"chrome","version":"70.0.3538","majorVersion":70,"minorVersion":0,"patchVersion":3538,"engine":"webkit"},"os":{"fullName":"Windows","name":"win","version":"10.0","versionName":"10","versionAltNames":[],"majorVersion":10,"minorVersion":0,"patchVersion":null},"features":{"bw":false,"mobile":false,"tv":false,"proxy":false}}
DID: SCREEN: {"width":1600,"height":900}
http://project/news/17/::load-page
IP: 127.0.0.1

#####
[2018-11-29 14:17:21]
TYPE: web
DATA: {"browser":{"fullName":"Chrome","name":"chrome","version":"70.0.3538","majorVersion":70,"minorVersion":0,"patchVersion":3538,"engine":"webkit"},"os":{"fullName":"Windows","name":"win","version":"10.0","versionName":"10","versionAltNames":[],"majorVersion":10,"minorVersion":0,"patchVersion":null},"features":{"bw":false,"mobile":false,"tv":false,"proxy":false}}
DID: SCREEN: {"width":1600,"height":900}
http://project/admin/::load-page
IP: 127.0.0.1

#####
[2018-11-29 14:18:16]
TYPE: web
DATA: {"browser":{"fullName":"Chrome","name":"chrome","version":"70.0.3538","majorVersion":70,"minorVersion":0,"patchVersion":3538,"engine":"webkit"},"os":{"fullName":"Windows","name":"win","version":"10.0","versionName":"10","versionAltNames":[],"majorVersion":10,"minorVersion":0,"patchVersion":null},"features":{"bw":false,"mobile":false,"tv":false,"proxy":false}}
DID: SCREEN: {"width":1600,"height":900}
http://project/admin/::load-page
IP: 127.0.0.1

#####
[2018-11-29 14:18:18]
TYPE: web
DATA: {"browser":{"fullName":"Chrome","name":"chrome","version":"70.0.3538","majorVersion":70,"minorVersion":0,"patchVersion":3538,"engine":"webkit"},"os":{"fullName":"Windows","name":"win","version":"10.0","versionName":"10","versionAltNames":[],"majorVersion":10,"minorVersion":0,"patchVersion":null},"features":{"bw":false,"mobile":false,"tv":false,"proxy":false}}
DID: SCREEN: {"width":1600,"height":900}
http://project/admin/::load-page
IP: 127.0.0.1

#####
[2018-11-29 14:18:20]
TYPE: web
DATA: {"browser":{"fullName":"Chrome","name":"chrome","version":"70.0.3538","majorVersion":70,"minorVersion":0,"patchVersion":3538,"engine":"webkit"},"os":{"fullName":"Windows","name":"win","version":"10.0","versionName":"10","versionAltNames":[],"majorVersion":10,"minorVersion":0,"patchVersion":null},"features":{"bw":false,"mobile":false,"tv":false,"proxy":false}}
DID: SCREEN: {"width":1600,"height":900}
http://project/download-app/::load-page
IP: 127.0.0.1

#####
[2018-11-29 14:18:22]
TYPE: web
DATA: {"browser":{"fullName":"Chrome","name":"chrome","version":"70.0.3538","majorVersion":70,"minorVersion":0,"patchVersion":3538,"engine":"webkit"},"os":{"fullName":"Windows","name":"win","version":"10.0","versionName":"10","versionAltNames":[],"majorVersion":10,"minorVersion":0,"patchVersion":null},"features":{"bw":false,"mobile":false,"tv":false,"proxy":false}}
DID: SCREEN: {"width":1600,"height":900}
http://project/admin/::load-page
IP: 127.0.0.1

#####
[2018-11-29 14:35:57]
TYPE: web
DATA: {"browser":{"fullName":"Chrome","name":"chrome","version":"70.0.3538","majorVersion":70,"minorVersion":0,"patchVersion":3538,"engine":"webkit"},"os":{"fullName":"Windows","name":"win","version":"10.0","versionName":"10","versionAltNames":[],"majorVersion":10,"minorVersion":0,"patchVersion":null},"features":{"bw":false,"mobile":false,"tv":false,"proxy":false}}
DID: SCREEN: {"width":1600,"height":900}
http://project/admin/::load-page
IP: 127.0.0.1

#####
[2018-11-29 14:36:02]
TYPE: web
DATA: {"browser":{"fullName":"Chrome","name":"chrome","version":"70.0.3538","majorVersion":70,"minorVersion":0,"patchVersion":3538,"engine":"webkit"},"os":{"fullName":"Windows","name":"win","version":"10.0","versionName":"10","versionAltNames":[],"majorVersion":10,"minorVersion":0,"patchVersion":null},"features":{"bw":false,"mobile":false,"tv":false,"proxy":false}}
DID: SCREEN: {"width":1600,"height":900}
http://project/admin/::load-page
IP: 127.0.0.1

#####
[2018-11-29 14:36:10]
TYPE: web
DATA: {"browser":{"fullName":"Chrome","name":"chrome","version":"70.0.3538","majorVersion":70,"minorVersion":0,"patchVersion":3538,"engine":"webkit"},"os":{"fullName":"Windows","name":"win","version":"10.0","versionName":"10","versionAltNames":[],"majorVersion":10,"minorVersion":0,"patchVersion":null},"features":{"bw":false,"mobile":false,"tv":false,"proxy":false}}
DID: SCREEN: {"width":1600,"height":900}
http://project/news/17/::load-page
IP: 127.0.0.1

#####
[2018-11-29 14:36:11]
TYPE: web
DATA: {"browser":{"fullName":"Chrome","name":"chrome","version":"70.0.3538","majorVersion":70,"minorVersion":0,"patchVersion":3538,"engine":"webkit"},"os":{"fullName":"Windows","name":"win","version":"10.0","versionName":"10","versionAltNames":[],"majorVersion":10,"minorVersion":0,"patchVersion":null},"features":{"bw":false,"mobile":false,"tv":false,"proxy":false}}
DID: SCREEN: {"width":1600,"height":900}
http://project/admin/::load-page
IP: 127.0.0.1

#####
[2018-11-29 14:36:24]
TYPE: web
DATA: {"browser":{"fullName":"Chrome","name":"chrome","version":"70.0.3538","majorVersion":70,"minorVersion":0,"patchVersion":3538,"engine":"webkit"},"os":{"fullName":"Windows","name":"win","version":"10.0","versionName":"10","versionAltNames":[],"majorVersion":10,"minorVersion":0,"patchVersion":null},"features":{"bw":false,"mobile":false,"tv":false,"proxy":false}}
DID: SCREEN: {"width":1600,"height":900}
http://project/admin/::load-page
IP: 127.0.0.1

#####
[2018-11-29 14:36:27]
TYPE: web
DATA: {"browser":{"fullName":"Chrome","name":"chrome","version":"70.0.3538","majorVersion":70,"minorVersion":0,"patchVersion":3538,"engine":"webkit"},"os":{"fullName":"Windows","name":"win","version":"10.0","versionName":"10","versionAltNames":[],"majorVersion":10,"minorVersion":0,"patchVersion":null},"features":{"bw":false,"mobile":false,"tv":false,"proxy":false}}
DID: SCREEN: {"width":1600,"height":900}
http://project/admin/::load-page
IP: 127.0.0.1

#####
[2018-11-29 14:36:43]
TYPE: web
DATA: {"browser":{"fullName":"Chrome","name":"chrome","version":"70.0.3538","majorVersion":70,"minorVersion":0,"patchVersion":3538,"engine":"webkit"},"os":{"fullName":"Windows","name":"win","version":"10.0","versionName":"10","versionAltNames":[],"majorVersion":10,"minorVersion":0,"patchVersion":null},"features":{"bw":false,"mobile":false,"tv":false,"proxy":false}}
DID: SCREEN: {"width":1600,"height":900}
http://project/admin/::load-page
IP: 127.0.0.1

#####
[2018-11-29 14:36:47]
TYPE: web
DATA: {"browser":{"fullName":"Chrome","name":"chrome","version":"70.0.3538","majorVersion":70,"minorVersion":0,"patchVersion":3538,"engine":"webkit"},"os":{"fullName":"Windows","name":"win","version":"10.0","versionName":"10","versionAltNames":[],"majorVersion":10,"minorVersion":0,"patchVersion":null},"features":{"bw":false,"mobile":false,"tv":false,"proxy":false}}
DID: SCREEN: {"width":1600,"height":900}
http://project/admin/::load-page
IP: 127.0.0.1

#####
[2018-11-29 14:37:17]
TYPE: web
DATA: {"browser":{"fullName":"Chrome","name":"chrome","version":"70.0.3538","majorVersion":70,"minorVersion":0,"patchVersion":3538,"engine":"webkit"},"os":{"fullName":"Windows","name":"win","version":"10.0","versionName":"10","versionAltNames":[],"majorVersion":10,"minorVersion":0,"patchVersion":null},"features":{"bw":false,"mobile":false,"tv":false,"proxy":false}}
DID: SCREEN: {"width":1600,"height":900}
http://project/admin/::load-page
IP: 127.0.0.1

#####
[2018-11-29 14:37:19]
TYPE: web
DATA: {"browser":{"fullName":"Chrome","name":"chrome","version":"70.0.3538","majorVersion":70,"minorVersion":0,"patchVersion":3538,"engine":"webkit"},"os":{"fullName":"Windows","name":"win","version":"10.0","versionName":"10","versionAltNames":[],"majorVersion":10,"minorVersion":0,"patchVersion":null},"features":{"bw":false,"mobile":false,"tv":false,"proxy":false}}
DID: SCREEN: {"width":1600,"height":900}
http://project/admin/::load-page
IP: 127.0.0.1

#####
[2018-11-29 14:37:42]
TYPE: web
DATA: {"browser":{"fullName":"Chrome","name":"chrome","version":"70.0.3538","majorVersion":70,"minorVersion":0,"patchVersion":3538,"engine":"webkit"},"os":{"fullName":"Windows","name":"win","version":"10.0","versionName":"10","versionAltNames":[],"majorVersion":10,"minorVersion":0,"patchVersion":null},"features":{"bw":false,"mobile":false,"tv":false,"proxy":false}}
DID: SCREEN: {"width":1600,"height":900}
http://project/admin/::load-page
IP: 127.0.0.1

#####
[2018-11-29 14:37:47]
TYPE: web
DATA: {"browser":{"fullName":"Chrome","name":"chrome","version":"70.0.3538","majorVersion":70,"minorVersion":0,"patchVersion":3538,"engine":"webkit"},"os":{"fullName":"Windows","name":"win","version":"10.0","versionName":"10","versionAltNames":[],"majorVersion":10,"minorVersion":0,"patchVersion":null},"features":{"bw":false,"mobile":false,"tv":false,"proxy":false}}
DID: SCREEN: {"width":1600,"height":900}
http://project/#::load-page
IP: 127.0.0.1

#####
[2018-11-29 14:37:51]
TYPE: web
DATA: {"browser":{"fullName":"Chrome","name":"chrome","version":"70.0.3538","majorVersion":70,"minorVersion":0,"patchVersion":3538,"engine":"webkit"},"os":{"fullName":"Windows","name":"win","version":"10.0","versionName":"10","versionAltNames":[],"majorVersion":10,"minorVersion":0,"patchVersion":null},"features":{"bw":false,"mobile":false,"tv":false,"proxy":false}}
DID: SCREEN: {"width":1600,"height":900}
http://project/news/20/::load-page
IP: 127.0.0.1

#####
[2018-11-29 14:37:54]
TYPE: web
DATA: {"browser":{"fullName":"Chrome","name":"chrome","version":"70.0.3538","majorVersion":70,"minorVersion":0,"patchVersion":3538,"engine":"webkit"},"os":{"fullName":"Windows","name":"win","version":"10.0","versionName":"10","versionAltNames":[],"majorVersion":10,"minorVersion":0,"patchVersion":null},"features":{"bw":false,"mobile":false,"tv":false,"proxy":false}}
DID: SCREEN: {"width":1600,"height":900}
http://project/#::load-page
IP: 127.0.0.1

#####
[2018-11-29 14:37:58]
TYPE: web
DATA: {"browser":{"fullName":"Chrome","name":"chrome","version":"70.0.3538","majorVersion":70,"minorVersion":0,"patchVersion":3538,"engine":"webkit"},"os":{"fullName":"Windows","name":"win","version":"10.0","versionName":"10","versionAltNames":[],"majorVersion":10,"minorVersion":0,"patchVersion":null},"features":{"bw":false,"mobile":false,"tv":false,"proxy":false}}
DID: SCREEN: {"width":1600,"height":900}
http://project/admin/::load-page
IP: 127.0.0.1

#####
[2018-11-29 14:37:58]
TYPE: web
DATA: {"browser":{"fullName":"Chrome","name":"chrome","version":"70.0.3538","majorVersion":70,"minorVersion":0,"patchVersion":3538,"engine":"webkit"},"os":{"fullName":"Windows","name":"win","version":"10.0","versionName":"10","versionAltNames":[],"majorVersion":10,"minorVersion":0,"patchVersion":null},"features":{"bw":false,"mobile":false,"tv":false,"proxy":false}}
DID: SCREEN: {"width":1600,"height":900}
http://project/news/17/::load-page
IP: 127.0.0.1

#####
[2018-11-29 14:37:59]
TYPE: web
DATA: {"browser":{"fullName":"Chrome","name":"chrome","version":"70.0.3538","majorVersion":70,"minorVersion":0,"patchVersion":3538,"engine":"webkit"},"os":{"fullName":"Windows","name":"win","version":"10.0","versionName":"10","versionAltNames":[],"majorVersion":10,"minorVersion":0,"patchVersion":null},"features":{"bw":false,"mobile":false,"tv":false,"proxy":false}}
DID: SCREEN: {"width":1600,"height":900}
http://project/admin/::load-page
IP: 127.0.0.1

#####
[2018-11-29 14:38:04]
TYPE: web
DATA: {"browser":{"fullName":"Chrome","name":"chrome","version":"70.0.3538","majorVersion":70,"minorVersion":0,"patchVersion":3538,"engine":"webkit"},"os":{"fullName":"Windows","name":"win","version":"10.0","versionName":"10","versionAltNames":[],"majorVersion":10,"minorVersion":0,"patchVersion":null},"features":{"bw":false,"mobile":false,"tv":false,"proxy":false}}
DID: SCREEN: {"width":1600,"height":900}
http://project/admin/::load-page
IP: 127.0.0.1

#####
[2018-11-29 14:38:41]
TYPE: web
DATA: {"browser":{"fullName":"Chrome","name":"chrome","version":"70.0.3538","majorVersion":70,"minorVersion":0,"patchVersion":3538,"engine":"webkit"},"os":{"fullName":"Windows","name":"win","version":"10.0","versionName":"10","versionAltNames":[],"majorVersion":10,"minorVersion":0,"patchVersion":null},"features":{"bw":false,"mobile":false,"tv":false,"proxy":false}}
DID: SCREEN: {"width":1600,"height":900}
http://project/admin/::load-page
IP: 127.0.0.1

#####
[2018-11-29 14:38:56]
TYPE: web
DATA: {"browser":{"fullName":"Chrome","name":"chrome","version":"70.0.3538","majorVersion":70,"minorVersion":0,"patchVersion":3538,"engine":"webkit"},"os":{"fullName":"Windows","name":"win","version":"10.0","versionName":"10","versionAltNames":[],"majorVersion":10,"minorVersion":0,"patchVersion":null},"features":{"bw":false,"mobile":false,"tv":false,"proxy":false}}
DID: SCREEN: {"width":1600,"height":900}
http://project/admin/::load-page
IP: 127.0.0.1

#####
[2018-11-29 14:38:59]
TYPE: web
DATA: {"browser":{"fullName":"Chrome","name":"chrome","version":"70.0.3538","majorVersion":70,"minorVersion":0,"patchVersion":3538,"engine":"webkit"},"os":{"fullName":"Windows","name":"win","version":"10.0","versionName":"10","versionAltNames":[],"majorVersion":10,"minorVersion":0,"patchVersion":null},"features":{"bw":false,"mobile":false,"tv":false,"proxy":false}}
DID: SCREEN: {"width":1600,"height":900}
http://project/admin/::load-page
IP: 127.0.0.1

#####
[2018-11-29 14:39:42]
TYPE: web
DATA: {"browser":{"fullName":"Chrome","name":"chrome","version":"70.0.3538","majorVersion":70,"minorVersion":0,"patchVersion":3538,"engine":"webkit"},"os":{"fullName":"Windows","name":"win","version":"10.0","versionName":"10","versionAltNames":[],"majorVersion":10,"minorVersion":0,"patchVersion":null},"features":{"bw":false,"mobile":false,"tv":false,"proxy":false}}
DID: SCREEN: {"width":1600,"height":900}
http://project/admin/::load-page
IP: 127.0.0.1

#####
[2018-11-29 14:39:45]
TYPE: web
DATA: {"browser":{"fullName":"Chrome","name":"chrome","version":"70.0.3538","majorVersion":70,"minorVersion":0,"patchVersion":3538,"engine":"webkit"},"os":{"fullName":"Windows","name":"win","version":"10.0","versionName":"10","versionAltNames":[],"majorVersion":10,"minorVersion":0,"patchVersion":null},"features":{"bw":false,"mobile":false,"tv":false,"proxy":false}}
DID: SCREEN: {"width":1600,"height":900}
http://project/admin/::load-page
IP: 127.0.0.1

#####
[2018-11-29 14:40:00]
TYPE: web
DATA: {"browser":{"fullName":"Chrome","name":"chrome","version":"70.0.3538","majorVersion":70,"minorVersion":0,"patchVersion":3538,"engine":"webkit"},"os":{"fullName":"Windows","name":"win","version":"10.0","versionName":"10","versionAltNames":[],"majorVersion":10,"minorVersion":0,"patchVersion":null},"features":{"bw":false,"mobile":false,"tv":false,"proxy":false}}
DID: SCREEN: {"width":1600,"height":900}
http://project/admin/::load-page
IP: 127.0.0.1

#####
[2018-11-29 14:40:13]
TYPE: web
DATA: {"browser":{"fullName":"Chrome","name":"chrome","version":"70.0.3538","majorVersion":70,"minorVersion":0,"patchVersion":3538,"engine":"webkit"},"os":{"fullName":"Windows","name":"win","version":"10.0","versionName":"10","versionAltNames":[],"majorVersion":10,"minorVersion":0,"patchVersion":null},"features":{"bw":false,"mobile":false,"tv":false,"proxy":false}}
DID: SCREEN: {"width":1600,"height":900}
http://project/admin/::load-page
IP: 127.0.0.1

#####
[2018-11-29 14:40:18]
TYPE: web
DATA: {"browser":{"fullName":"Chrome","name":"chrome","version":"70.0.3538","majorVersion":70,"minorVersion":0,"patchVersion":3538,"engine":"webkit"},"os":{"fullName":"Windows","name":"win","version":"10.0","versionName":"10","versionAltNames":[],"majorVersion":10,"minorVersion":0,"patchVersion":null},"features":{"bw":false,"mobile":false,"tv":false,"proxy":false}}
DID: SCREEN: {"width":1600,"height":900}
http://project/admin/::load-page
IP: 127.0.0.1

#####
[2018-11-29 14:42:09]
TYPE: web
DATA: {"browser":{"fullName":"Chrome","name":"chrome","version":"70.0.3538","majorVersion":70,"minorVersion":0,"patchVersion":3538,"engine":"webkit"},"os":{"fullName":"Windows","name":"win","version":"10.0","versionName":"10","versionAltNames":[],"majorVersion":10,"minorVersion":0,"patchVersion":null},"features":{"bw":false,"mobile":false,"tv":false,"proxy":false}}
DID: SCREEN: {"width":1600,"height":900}
http://project/admin/::load-page
IP: 127.0.0.1

#####
[2018-11-29 14:43:01]
TYPE: web
DATA: {"browser":{"fullName":"Chrome","name":"chrome","version":"70.0.3538","majorVersion":70,"minorVersion":0,"patchVersion":3538,"engine":"webkit"},"os":{"fullName":"Windows","name":"win","version":"10.0","versionName":"10","versionAltNames":[],"majorVersion":10,"minorVersion":0,"patchVersion":null},"features":{"bw":false,"mobile":false,"tv":false,"proxy":false}}
DID: SCREEN: {"width":1600,"height":900}
http://project/admin/::load-page
IP: 127.0.0.1

#####
[2018-11-29 14:43:08]
TYPE: web
DATA: {"browser":{"fullName":"Chrome","name":"chrome","version":"70.0.3538","majorVersion":70,"minorVersion":0,"patchVersion":3538,"engine":"webkit"},"os":{"fullName":"Windows","name":"win","version":"10.0","versionName":"10","versionAltNames":[],"majorVersion":10,"minorVersion":0,"patchVersion":null},"features":{"bw":false,"mobile":false,"tv":false,"proxy":false}}
DID: SCREEN: {"width":1600,"height":900}
http://project/admin/::load-page
IP: 127.0.0.1

#####
[2018-11-29 15:20:12]
TYPE: web
DATA: {"browser":{"fullName":"Chrome","name":"chrome","version":"70.0.3538","majorVersion":70,"minorVersion":0,"patchVersion":3538,"engine":"webkit"},"os":{"fullName":"Windows","name":"win","version":"10.0","versionName":"10","versionAltNames":[],"majorVersion":10,"minorVersion":0,"patchVersion":null},"features":{"bw":false,"mobile":false,"tv":false,"proxy":false}}
DID: SCREEN: {"width":1600,"height":900}
http://project/admin/::load-page
IP: 127.0.0.1

#####
[2018-11-29 15:23:29]
TYPE: web
DATA: {"browser":{"fullName":"Chrome","name":"chrome","version":"70.0.3538","majorVersion":70,"minorVersion":0,"patchVersion":3538,"engine":"webkit"},"os":{"fullName":"Windows","name":"win","version":"10.0","versionName":"10","versionAltNames":[],"majorVersion":10,"minorVersion":0,"patchVersion":null},"features":{"bw":false,"mobile":false,"tv":false,"proxy":false}}
DID: SCREEN: {"width":1600,"height":900}
http://project/admin/::load-page
IP: 127.0.0.1

#####
[2018-11-29 15:25:04]
TYPE: web
DATA: {"browser":{"fullName":"Chrome","name":"chrome","version":"70.0.3538","majorVersion":70,"minorVersion":0,"patchVersion":3538,"engine":"webkit"},"os":{"fullName":"Windows","name":"win","version":"10.0","versionName":"10","versionAltNames":[],"majorVersion":10,"minorVersion":0,"patchVersion":null},"features":{"bw":false,"mobile":false,"tv":false,"proxy":false}}
DID: SCREEN: {"width":1600,"height":900}
http://project/admin/::load-page
IP: 127.0.0.1

#####
[2018-11-29 15:25:09]
TYPE: web
DATA: {"browser":{"fullName":"Chrome","name":"chrome","version":"70.0.3538","majorVersion":70,"minorVersion":0,"patchVersion":3538,"engine":"webkit"},"os":{"fullName":"Windows","name":"win","version":"10.0","versionName":"10","versionAltNames":[],"majorVersion":10,"minorVersion":0,"patchVersion":null},"features":{"bw":false,"mobile":false,"tv":false,"proxy":false}}
DID: SCREEN: {"width":1600,"height":900}
http://project/#::load-page
IP: 127.0.0.1

#####
[2018-11-29 15:25:13]
TYPE: web
DATA: {"browser":{"fullName":"Chrome","name":"chrome","version":"70.0.3538","majorVersion":70,"minorVersion":0,"patchVersion":3538,"engine":"webkit"},"os":{"fullName":"Windows","name":"win","version":"10.0","versionName":"10","versionAltNames":[],"majorVersion":10,"minorVersion":0,"patchVersion":null},"features":{"bw":false,"mobile":false,"tv":false,"proxy":false}}
DID: SCREEN: {"width":1600,"height":900}
http://project/news/18/::load-page
IP: 127.0.0.1

#####
[2018-11-29 15:25:23]
TYPE: web
DATA: {"browser":{"fullName":"Chrome","name":"chrome","version":"70.0.3538","majorVersion":70,"minorVersion":0,"patchVersion":3538,"engine":"webkit"},"os":{"fullName":"Windows","name":"win","version":"10.0","versionName":"10","versionAltNames":[],"majorVersion":10,"minorVersion":0,"patchVersion":null},"features":{"bw":false,"mobile":false,"tv":false,"proxy":false}}
DID: SCREEN: {"width":1600,"height":900}
http://project/news/18/::load-page
IP: 127.0.0.1

#####
[2018-11-29 16:53:11]
TYPE: web
DATA: {"browser":{"fullName":"Chrome","name":"chrome","version":"70.0.3538","majorVersion":70,"minorVersion":0,"patchVersion":3538,"engine":"webkit"},"os":{"fullName":"Windows","name":"win","version":"10.0","versionName":"10","versionAltNames":[],"majorVersion":10,"minorVersion":0,"patchVersion":null},"features":{"bw":false,"mobile":false,"tv":false,"proxy":false}}
DID: SCREEN: {"width":1600,"height":900}
http://project/news/18/::load-page
IP: 127.0.0.1

#####
[2018-11-29 22:58:29]
TYPE: web
DATA: {"browser":{"fullName":"Chrome","name":"chrome","version":"70.0.3538","majorVersion":70,"minorVersion":0,"patchVersion":3538,"engine":"webkit"},"os":{"fullName":"Windows","name":"win","version":"10.0","versionName":"10","versionAltNames":[],"majorVersion":10,"minorVersion":0,"patchVersion":null},"features":{"bw":false,"mobile":false,"tv":false,"proxy":false}}
DID: SCREEN: {"width":1600,"height":900}
http://project/news/18/::load-page
IP: 127.0.0.1

#####
[2018-11-29 22:58:31]
TYPE: web
DATA: {"browser":{"fullName":"Chrome","name":"chrome","version":"70.0.3538","majorVersion":70,"minorVersion":0,"patchVersion":3538,"engine":"webkit"},"os":{"fullName":"Windows","name":"win","version":"10.0","versionName":"10","versionAltNames":[],"majorVersion":10,"minorVersion":0,"patchVersion":null},"features":{"bw":false,"mobile":false,"tv":false,"proxy":false}}
DID: SCREEN: {"width":1600,"height":900}
http://project/index.php::load-page
IP: 127.0.0.1

#####
[2018-11-29 22:59:00]
TYPE: web
DATA: {"browser":{"fullName":"Chrome","name":"chrome","version":"70.0.3538","majorVersion":70,"minorVersion":0,"patchVersion":3538,"engine":"webkit"},"os":{"fullName":"Windows","name":"win","version":"10.0","versionName":"10","versionAltNames":[],"majorVersion":10,"minorVersion":0,"patchVersion":null},"features":{"bw":false,"mobile":false,"tv":false,"proxy":false}}
DID: SCREEN: {"width":1600,"height":900}
http://project/index.php::load-page
IP: 127.0.0.1

#####
[2018-11-29 22:59:03]
TYPE: web
DATA: {"browser":{"fullName":"Chrome","name":"chrome","version":"70.0.3538","majorVersion":70,"minorVersion":0,"patchVersion":3538,"engine":"webkit"},"os":{"fullName":"Windows","name":"win","version":"10.0","versionName":"10","versionAltNames":[],"majorVersion":10,"minorVersion":0,"patchVersion":null},"features":{"bw":false,"mobile":false,"tv":false,"proxy":false}}
DID: SCREEN: {"width":1600,"height":900}
http://project/news/4/::load-page
IP: 127.0.0.1

#####
[2018-11-29 22:59:08]
TYPE: web
DATA: {"browser":{"fullName":"Chrome","name":"chrome","version":"70.0.3538","majorVersion":70,"minorVersion":0,"patchVersion":3538,"engine":"webkit"},"os":{"fullName":"Windows","name":"win","version":"10.0","versionName":"10","versionAltNames":[],"majorVersion":10,"minorVersion":0,"patchVersion":null},"features":{"bw":false,"mobile":false,"tv":false,"proxy":false}}
DID: SCREEN: {"width":1600,"height":900}
http://project/::load-page
IP: 127.0.0.1

#####
[2018-11-29 22:59:26]
TYPE: web
DATA: {"browser":{"fullName":"Chrome","name":"chrome","version":"70.0.3538","majorVersion":70,"minorVersion":0,"patchVersion":3538,"engine":"webkit"},"os":{"fullName":"Windows","name":"win","version":"10.0","versionName":"10","versionAltNames":[],"majorVersion":10,"minorVersion":0,"patchVersion":null},"features":{"bw":false,"mobile":false,"tv":false,"proxy":false}}
DID: SCREEN: {"width":1600,"height":900}
http://project/news/17/::load-page
IP: 127.0.0.1

#####
[2018-11-29 22:59:31]
TYPE: web
DATA: {"browser":{"fullName":"Chrome","name":"chrome","version":"70.0.3538","majorVersion":70,"minorVersion":0,"patchVersion":3538,"engine":"webkit"},"os":{"fullName":"Windows","name":"win","version":"10.0","versionName":"10","versionAltNames":[],"majorVersion":10,"minorVersion":0,"patchVersion":null},"features":{"bw":false,"mobile":false,"tv":false,"proxy":false}}
DID: SCREEN: {"width":1600,"height":900}
http://project/::load-page
IP: 127.0.0.1

#####
[2018-11-29 23:01:31]
TYPE: web
DATA: {"browser":{"fullName":"Chrome","name":"chrome","version":"70.0.3538","majorVersion":70,"minorVersion":0,"patchVersion":3538,"engine":"webkit"},"os":{"fullName":"Windows","name":"win","version":"10.0","versionName":"10","versionAltNames":[],"majorVersion":10,"minorVersion":0,"patchVersion":null},"features":{"bw":false,"mobile":false,"tv":false,"proxy":false}}
DID: SCREEN: {"width":1600,"height":900}
http://project/#::load-page
IP: 127.0.0.1

#####
[2018-11-29 23:01:36]
TYPE: web
DATA: {"browser":{"fullName":"Chrome","name":"chrome","version":"70.0.3538","majorVersion":70,"minorVersion":0,"patchVersion":3538,"engine":"webkit"},"os":{"fullName":"Windows","name":"win","version":"10.0","versionName":"10","versionAltNames":[],"majorVersion":10,"minorVersion":0,"patchVersion":null},"features":{"bw":false,"mobile":false,"tv":false,"proxy":false}}
DID: SCREEN: {"width":1600,"height":900}
http://project/news/18/::load-page
IP: 127.0.0.1

#####
[2018-11-29 23:01:55]
TYPE: web
DATA: {"browser":{"fullName":"Chrome","name":"chrome","version":"70.0.3538","majorVersion":70,"minorVersion":0,"patchVersion":3538,"engine":"webkit"},"os":{"fullName":"Windows","name":"win","version":"10.0","versionName":"10","versionAltNames":[],"majorVersion":10,"minorVersion":0,"patchVersion":null},"features":{"bw":false,"mobile":false,"tv":false,"proxy":false}}
DID: SCREEN: {"width":1600,"height":900}
http://project/#::load-page
IP: 127.0.0.1

#####
[2018-11-29 23:02:25]
TYPE: web
DATA: {"browser":{"fullName":"Chrome","name":"chrome","version":"70.0.3538","majorVersion":70,"minorVersion":0,"patchVersion":3538,"engine":"webkit"},"os":{"fullName":"Windows","name":"win","version":"10.0","versionName":"10","versionAltNames":[],"majorVersion":10,"minorVersion":0,"patchVersion":null},"features":{"bw":false,"mobile":false,"tv":false,"proxy":false}}
DID: SCREEN: {"width":1600,"height":900}
http://project/news/17/::load-page
IP: 127.0.0.1

#####
[2018-11-29 23:02:40]
TYPE: web
DATA: {"browser":{"fullName":"Chrome","name":"chrome","version":"70.0.3538","majorVersion":70,"minorVersion":0,"patchVersion":3538,"engine":"webkit"},"os":{"fullName":"Windows","name":"win","version":"10.0","versionName":"10","versionAltNames":[],"majorVersion":10,"minorVersion":0,"patchVersion":null},"features":{"bw":false,"mobile":false,"tv":false,"proxy":false}}
DID: SCREEN: {"width":1600,"height":900}
http://project/#::load-page
IP: 127.0.0.1

#####
[2018-11-29 23:02:41]
TYPE: web
DATA: {"browser":{"fullName":"Chrome","name":"chrome","version":"70.0.3538","majorVersion":70,"minorVersion":0,"patchVersion":3538,"engine":"webkit"},"os":{"fullName":"Windows","name":"win","version":"10.0","versionName":"10","versionAltNames":[],"majorVersion":10,"minorVersion":0,"patchVersion":null},"features":{"bw":false,"mobile":false,"tv":false,"proxy":false}}
DID: SCREEN: {"width":1600,"height":900}
http://project/news/4/::load-page
IP: 127.0.0.1

#####
[2018-11-29 23:02:49]
TYPE: web
DATA: {"browser":{"fullName":"Chrome","name":"chrome","version":"70.0.3538","majorVersion":70,"minorVersion":0,"patchVersion":3538,"engine":"webkit"},"os":{"fullName":"Windows","name":"win","version":"10.0","versionName":"10","versionAltNames":[],"majorVersion":10,"minorVersion":0,"patchVersion":null},"features":{"bw":false,"mobile":false,"tv":false,"proxy":false}}
DID: SCREEN: {"width":1600,"height":900}
http://project/#::load-page
IP: 127.0.0.1
