
#####
[2018-11-15 01:11:54]
TYPE: web
DATA: 
DID: 
IP: 127.0.0.1

#####
[2018-11-15 01:13:42]
TYPE: web
DATA: 
DID: 
IP: 127.0.0.1

#####
[2018-11-15 01:14:25]
TYPE: web
DATA: {"browser":{"fullName":"Chrome","name":"chrome","version":"70.0.3538","majorVersion":70,"minorVersion":0,"patchVersion":3538,"engine":"webkit"},"os":{"fullName":"Windows","name":"win","version":"10.0","versionName":"10","versionAltNames":[],"majorVersion":10,"minorVersion":0,"patchVersion":null},"features":{"bw":false,"mobile":false,"tv":false,"proxy":false}}
DID: SCREEN: {"width":1600,"height":900}
http://project/download-app/::load-page
IP: 127.0.0.1

#####
[2018-11-15 01:19:00]
TYPE: web
DATA: 
DID: 
IP: 127.0.0.1

#####
[2018-11-15 01:20:28]
TYPE: web
DATA: 
DID: 
IP: 127.0.0.1

#####
[2018-11-15 01:29:11]
TYPE: web
DATA: {"browser":{"fullName":"Chrome","name":"chrome","version":"70.0.3538","majorVersion":70,"minorVersion":0,"patchVersion":3538,"engine":"webkit"},"os":{"fullName":"Windows","name":"win","version":"10.0","versionName":"10","versionAltNames":[],"majorVersion":10,"minorVersion":0,"patchVersion":null},"features":{"bw":false,"mobile":false,"tv":false,"proxy":false}}
DID: SCREEN: {"width":1600,"height":900}
http://project/test/::load-page
IP: 127.0.0.1

#####
[2018-11-15 01:29:16]
TYPE: web
DATA: {"browser":{"fullName":"Chrome","name":"chrome","version":"70.0.3538","majorVersion":70,"minorVersion":0,"patchVersion":3538,"engine":"webkit"},"os":{"fullName":"Windows","name":"win","version":"10.0","versionName":"10","versionAltNames":[],"majorVersion":10,"minorVersion":0,"patchVersion":null},"features":{"bw":false,"mobile":false,"tv":false,"proxy":false}}
DID: SCREEN: {"width":1600,"height":900}
http://project/download-app/::load-page
IP: 127.0.0.1

#####
[2018-11-15 01:34:07]
TYPE: web
DATA: {"browser":{"fullName":"Chrome","name":"chrome","version":"70.0.3538","majorVersion":70,"minorVersion":0,"patchVersion":3538,"engine":"webkit"},"os":{"fullName":"Windows","name":"win","version":"10.0","versionName":"10","versionAltNames":[],"majorVersion":10,"minorVersion":0,"patchVersion":null},"features":{"bw":false,"mobile":false,"tv":false,"proxy":false}}
DID: SCREEN: {"width":1600,"height":900}
http://project/test/::load-page
IP: 127.0.0.1

#####
[2018-11-15 01:34:08]
TYPE: web
DATA: {"browser":{"fullName":"Chrome","name":"chrome","version":"70.0.3538","majorVersion":70,"minorVersion":0,"patchVersion":3538,"engine":"webkit"},"os":{"fullName":"Windows","name":"win","version":"10.0","versionName":"10","versionAltNames":[],"majorVersion":10,"minorVersion":0,"patchVersion":null},"features":{"bw":false,"mobile":false,"tv":false,"proxy":false}}
DID: SCREEN: {"width":1600,"height":900}
http://project/download-app/::load-page
IP: 127.0.0.1

#####
[2018-11-15 01:36:16]
TYPE: web
DATA: {"browser":{"fullName":"Chrome","name":"chrome","version":"70.0.3538","majorVersion":70,"minorVersion":0,"patchVersion":3538,"engine":"webkit"},"os":{"fullName":"Windows","name":"win","version":"10.0","versionName":"10","versionAltNames":[],"majorVersion":10,"minorVersion":0,"patchVersion":null},"features":{"bw":false,"mobile":false,"tv":false,"proxy":false}}
DID: SCREEN: {"width":1600,"height":900}
http://project/download-app/::load-page
IP: 127.0.0.1

#####
[2018-11-15 01:36:50]
TYPE: web
DATA: {"browser":{"fullName":"Chrome","name":"chrome","version":"70.0.3538","majorVersion":70,"minorVersion":0,"patchVersion":3538,"engine":"webkit"},"os":{"fullName":"Windows","name":"win","version":"10.0","versionName":"10","versionAltNames":[],"majorVersion":10,"minorVersion":0,"patchVersion":null},"features":{"bw":false,"mobile":false,"tv":false,"proxy":false}}
DID: SCREEN: {"width":1600,"height":900}
http://project/download-app/::load-page
IP: 127.0.0.1

#####
[2018-11-15 01:37:36]
TYPE: web
DATA: {"browser":{"fullName":"Chrome","name":"chrome","version":"70.0.3538","majorVersion":70,"minorVersion":0,"patchVersion":3538,"engine":"webkit"},"os":{"fullName":"Windows","name":"win","version":"10.0","versionName":"10","versionAltNames":[],"majorVersion":10,"minorVersion":0,"patchVersion":null},"features":{"bw":false,"mobile":false,"tv":false,"proxy":false}}
DID: SCREEN: {"width":1600,"height":900}
http://project/download-app/::load-page
IP: 127.0.0.1

#####
[2018-11-15 01:40:46]
TYPE: web
DATA: {"browser":{"fullName":"Chrome","name":"chrome","version":"70.0.3538","majorVersion":70,"minorVersion":0,"patchVersion":3538,"engine":"webkit"},"os":{"fullName":"Windows","name":"win","version":"10.0","versionName":"10","versionAltNames":[],"majorVersion":10,"minorVersion":0,"patchVersion":null},"features":{"bw":false,"mobile":false,"tv":false,"proxy":false}}
DID: SCREEN: {"width":1600,"height":900}
http://project/download-app/::load-page
IP: 127.0.0.1

#####
[2018-11-15 01:45:04]
TYPE: web
DATA: {"browser":{"fullName":"Chrome","name":"chrome","version":"70.0.3538","majorVersion":70,"minorVersion":0,"patchVersion":3538,"engine":"webkit"},"os":{"fullName":"Windows","name":"win","version":"10.0","versionName":"10","versionAltNames":[],"majorVersion":10,"minorVersion":0,"patchVersion":null},"features":{"bw":false,"mobile":false,"tv":false,"proxy":false}}
DID: SCREEN: {"width":1600,"height":900}
http://project/download-app/::load-page
IP: 127.0.0.1

#####
[2018-11-15 01:46:12]
TYPE: web
DATA: {"browser":{"fullName":"Chrome","name":"chrome","version":"70.0.3538","majorVersion":70,"minorVersion":0,"patchVersion":3538,"engine":"webkit"},"os":{"fullName":"Windows","name":"win","version":"10.0","versionName":"10","versionAltNames":[],"majorVersion":10,"minorVersion":0,"patchVersion":null},"features":{"bw":false,"mobile":false,"tv":false,"proxy":false}}
DID: SCREEN: {"width":1600,"height":900}
http://project/download-app/::load-page
IP: 127.0.0.1

#####
[2018-11-15 01:49:24]
TYPE: web
DATA: {"browser":{"fullName":"Chrome","name":"chrome","version":"70.0.3538","majorVersion":70,"minorVersion":0,"patchVersion":3538,"engine":"webkit"},"os":{"fullName":"Windows","name":"win","version":"10.0","versionName":"10","versionAltNames":[],"majorVersion":10,"minorVersion":0,"patchVersion":null},"features":{"bw":false,"mobile":false,"tv":false,"proxy":false}}
DID: SCREEN: {"width":1600,"height":900}
http://project/download-app/::load-page
IP: 127.0.0.1

#####
[2018-11-15 01:49:26]
TYPE: web
DATA: {"browser":{"fullName":"Chrome","name":"chrome","version":"70.0.3538","majorVersion":70,"minorVersion":0,"patchVersion":3538,"engine":"webkit"},"os":{"fullName":"Windows","name":"win","version":"10.0","versionName":"10","versionAltNames":[],"majorVersion":10,"minorVersion":0,"patchVersion":null},"features":{"bw":false,"mobile":false,"tv":false,"proxy":false}}
DID: SCREEN: {"width":1600,"height":900}
http://project/download-app/::load-page
IP: 127.0.0.1

#####
[2018-11-15 01:52:09]
TYPE: web
DATA: {"browser":{"fullName":"Chrome","name":"chrome","version":"70.0.3538","majorVersion":70,"minorVersion":0,"patchVersion":3538,"engine":"webkit"},"os":{"fullName":"Windows","name":"win","version":"10.0","versionName":"10","versionAltNames":[],"majorVersion":10,"minorVersion":0,"patchVersion":null},"features":{"bw":false,"mobile":false,"tv":false,"proxy":false}}
DID: SCREEN: {"width":1600,"height":900}
http://project/download-app/::load-page
IP: 127.0.0.1

#####
[2018-11-15 01:52:40]
TYPE: web
DATA: {"browser":{"fullName":"Chrome","name":"chrome","version":"70.0.3538","majorVersion":70,"minorVersion":0,"patchVersion":3538,"engine":"webkit"},"os":{"fullName":"Windows","name":"win","version":"10.0","versionName":"10","versionAltNames":[],"majorVersion":10,"minorVersion":0,"patchVersion":null},"features":{"bw":false,"mobile":false,"tv":false,"proxy":false}}
DID: SCREEN: {"width":1600,"height":900}
http://project/download-app/::load-page
IP: 127.0.0.1

#####
[2018-11-15 01:56:08]
TYPE: web
DATA: {"browser":{"fullName":"Chrome","name":"chrome","version":"70.0.3538","majorVersion":70,"minorVersion":0,"patchVersion":3538,"engine":"webkit"},"os":{"fullName":"Windows","name":"win","version":"10.0","versionName":"10","versionAltNames":[],"majorVersion":10,"minorVersion":0,"patchVersion":null},"features":{"bw":false,"mobile":false,"tv":false,"proxy":false}}
DID: SCREEN: {"width":1600,"height":900}
http://project/download-app/::load-page
IP: 127.0.0.1

#####
[2018-11-15 01:57:15]
TYPE: web
DATA: {"browser":{"fullName":"Chrome","name":"chrome","version":"70.0.3538","majorVersion":70,"minorVersion":0,"patchVersion":3538,"engine":"webkit"},"os":{"fullName":"Windows","name":"win","version":"10.0","versionName":"10","versionAltNames":[],"majorVersion":10,"minorVersion":0,"patchVersion":null},"features":{"bw":false,"mobile":false,"tv":false,"proxy":false}}
DID: SCREEN: {"width":1600,"height":900}
http://project/download-app/::load-page
IP: 127.0.0.1

#####
[2018-11-15 01:57:37]
TYPE: web
DATA: {"browser":{"fullName":"Chrome","name":"chrome","version":"70.0.3538","majorVersion":70,"minorVersion":0,"patchVersion":3538,"engine":"webkit"},"os":{"fullName":"Windows","name":"win","version":"10.0","versionName":"10","versionAltNames":[],"majorVersion":10,"minorVersion":0,"patchVersion":null},"features":{"bw":false,"mobile":false,"tv":false,"proxy":false}}
DID: SCREEN: {"width":1600,"height":900}
http://project/download-app/::load-page
IP: 127.0.0.1

#####
[2018-11-15 01:58:29]
TYPE: web
DATA: {"browser":{"fullName":"Chrome","name":"chrome","version":"70.0.3538","majorVersion":70,"minorVersion":0,"patchVersion":3538,"engine":"webkit"},"os":{"fullName":"Windows","name":"win","version":"10.0","versionName":"10","versionAltNames":[],"majorVersion":10,"minorVersion":0,"patchVersion":null},"features":{"bw":false,"mobile":false,"tv":false,"proxy":false}}
DID: SCREEN: {"width":1600,"height":900}
http://project/download-app/::load-page
IP: 127.0.0.1

#####
[2018-11-15 01:58:50]
TYPE: web
DATA: {"browser":{"fullName":"Chrome","name":"chrome","version":"70.0.3538","majorVersion":70,"minorVersion":0,"patchVersion":3538,"engine":"webkit"},"os":{"fullName":"Windows","name":"win","version":"10.0","versionName":"10","versionAltNames":[],"majorVersion":10,"minorVersion":0,"patchVersion":null},"features":{"bw":false,"mobile":false,"tv":false,"proxy":false}}
DID: SCREEN: {"width":1600,"height":900}
http://project/download-app/::load-page
IP: 127.0.0.1

#####
[2018-11-15 01:58:59]
TYPE: web
DATA: {"browser":{"fullName":"Chrome","name":"chrome","version":"70.0.3538","majorVersion":70,"minorVersion":0,"patchVersion":3538,"engine":"webkit"},"os":{"fullName":"Windows","name":"win","version":"10.0","versionName":"10","versionAltNames":[],"majorVersion":10,"minorVersion":0,"patchVersion":null},"features":{"bw":false,"mobile":false,"tv":false,"proxy":false}}
DID: SCREEN: {"width":1600,"height":900}
http://project/download-app/::load-page
IP: 127.0.0.1

#####
[2018-11-15 02:09:40]
TYPE: web
DATA: {"browser":{"fullName":"Chrome","name":"chrome","version":"70.0.3538","majorVersion":70,"minorVersion":0,"patchVersion":3538,"engine":"webkit"},"os":{"fullName":"Windows","name":"win","version":"10.0","versionName":"10","versionAltNames":[],"majorVersion":10,"minorVersion":0,"patchVersion":null},"features":{"bw":false,"mobile":false,"tv":false,"proxy":false}}
DID: SCREEN: {"width":1600,"height":900}
http://project/::load-page
IP: 127.0.0.1

#####
[2018-11-15 02:09:46]
TYPE: web
DATA: {"browser":{"fullName":"Chrome","name":"chrome","version":"70.0.3538","majorVersion":70,"minorVersion":0,"patchVersion":3538,"engine":"webkit"},"os":{"fullName":"Windows","name":"win","version":"10.0","versionName":"10","versionAltNames":[],"majorVersion":10,"minorVersion":0,"patchVersion":null},"features":{"bw":false,"mobile":false,"tv":false,"proxy":false}}
DID: SCREEN: {"width":1600,"height":900}
http://project/download-app/::load-page
IP: 127.0.0.1

#####
[2018-11-15 02:10:30]
TYPE: web
DATA: {"browser":{"fullName":"Chrome","name":"chrome","version":"70.0.3538","majorVersion":70,"minorVersion":0,"patchVersion":3538,"engine":"webkit"},"os":{"fullName":"Windows","name":"win","version":"10.0","versionName":"10","versionAltNames":[],"majorVersion":10,"minorVersion":0,"patchVersion":null},"features":{"bw":false,"mobile":false,"tv":false,"proxy":false}}
DID: SCREEN: {"width":1600,"height":900}
http://project/test/::load-page
IP: 127.0.0.1

#####
[2018-11-15 02:10:40]
TYPE: web
DATA: {"browser":{"fullName":"Chrome","name":"chrome","version":"70.0.3538","majorVersion":70,"minorVersion":0,"patchVersion":3538,"engine":"webkit"},"os":{"fullName":"Windows","name":"win","version":"10.0","versionName":"10","versionAltNames":[],"majorVersion":10,"minorVersion":0,"patchVersion":null},"features":{"bw":false,"mobile":false,"tv":false,"proxy":false}}
DID: SCREEN: {"width":1600,"height":900}
http://project/test/::test-result::[{"result":[0,0,7,0,14,8]}]
IP: 127.0.0.1

#####
[2018-11-15 02:12:03]
TYPE: web
DATA: {"browser":{"fullName":"Chrome","name":"chrome","version":"70.0.3538","majorVersion":70,"minorVersion":0,"patchVersion":3538,"engine":"webkit"},"os":{"fullName":"Windows","name":"win","version":"10.0","versionName":"10","versionAltNames":[],"majorVersion":10,"minorVersion":0,"patchVersion":null},"features":{"bw":false,"mobile":false,"tv":false,"proxy":false}}
DID: SCREEN: {"width":1600,"height":900}
http://project/test/::load-page
IP: 127.0.0.1

#####
[2018-11-15 02:12:13]
TYPE: web
DATA: {"browser":{"fullName":"Chrome","name":"chrome","version":"70.0.3538","majorVersion":70,"minorVersion":0,"patchVersion":3538,"engine":"webkit"},"os":{"fullName":"Windows","name":"win","version":"10.0","versionName":"10","versionAltNames":[],"majorVersion":10,"minorVersion":0,"patchVersion":null},"features":{"bw":false,"mobile":false,"tv":false,"proxy":false}}
DID: SCREEN: {"width":1600,"height":900}
http://project/test/::test-result::[{"result":[0,7,20,7,7,8]}]
IP: 127.0.0.1

#####
[2018-11-15 02:13:18]
TYPE: web
DATA: {"browser":{"fullName":"Chrome","name":"chrome","version":"70.0.3538","majorVersion":70,"minorVersion":0,"patchVersion":3538,"engine":"webkit"},"os":{"fullName":"Windows","name":"win","version":"10.0","versionName":"10","versionAltNames":[],"majorVersion":10,"minorVersion":0,"patchVersion":null},"features":{"bw":false,"mobile":false,"tv":false,"proxy":false}}
DID: SCREEN: {"width":1600,"height":900}
http://project/test/::load-page
IP: 127.0.0.1

#####
[2018-11-15 02:13:25]
TYPE: web
DATA: {"browser":{"fullName":"Chrome","name":"chrome","version":"70.0.3538","majorVersion":70,"minorVersion":0,"patchVersion":3538,"engine":"webkit"},"os":{"fullName":"Windows","name":"win","version":"10.0","versionName":"10","versionAltNames":[],"majorVersion":10,"minorVersion":0,"patchVersion":null},"features":{"bw":false,"mobile":false,"tv":false,"proxy":false}}
DID: SCREEN: {"width":1600,"height":900}
http://project/#::load-page
IP: 127.0.0.1

#####
[2018-11-15 02:13:27]
TYPE: web
DATA: {"browser":{"fullName":"Chrome","name":"chrome","version":"70.0.3538","majorVersion":70,"minorVersion":0,"patchVersion":3538,"engine":"webkit"},"os":{"fullName":"Windows","name":"win","version":"10.0","versionName":"10","versionAltNames":[],"majorVersion":10,"minorVersion":0,"patchVersion":null},"features":{"bw":false,"mobile":false,"tv":false,"proxy":false}}
DID: SCREEN: {"width":1600,"height":900}
http://project/download-app/::load-page
IP: 127.0.0.1

#####
[2018-11-15 02:13:49]
TYPE: web
DATA: {"browser":{"fullName":"Chrome","name":"chrome","version":"70.0.3538","majorVersion":70,"minorVersion":0,"patchVersion":3538,"engine":"webkit"},"os":{"fullName":"Windows","name":"win","version":"10.0","versionName":"10","versionAltNames":[],"majorVersion":10,"minorVersion":0,"patchVersion":null},"features":{"bw":false,"mobile":false,"tv":false,"proxy":false}}
DID: SCREEN: {"width":1600,"height":900}
http://project/#::load-page
IP: 127.0.0.1

#####
[2018-11-15 02:13:53]
TYPE: web
DATA: {"browser":{"fullName":"Chrome","name":"chrome","version":"70.0.3538","majorVersion":70,"minorVersion":0,"patchVersion":3538,"engine":"webkit"},"os":{"fullName":"Windows","name":"win","version":"10.0","versionName":"10","versionAltNames":[],"majorVersion":10,"minorVersion":0,"patchVersion":null},"features":{"bw":false,"mobile":false,"tv":false,"proxy":false}}
DID: SCREEN: {"width":1600,"height":900}
http://project/test/::load-page
IP: 127.0.0.1

#####
[2018-11-15 02:13:56]
TYPE: web
DATA: {"browser":{"fullName":"Chrome","name":"chrome","version":"70.0.3538","majorVersion":70,"minorVersion":0,"patchVersion":3538,"engine":"webkit"},"os":{"fullName":"Windows","name":"win","version":"10.0","versionName":"10","versionAltNames":[],"majorVersion":10,"minorVersion":0,"patchVersion":null},"features":{"bw":false,"mobile":false,"tv":false,"proxy":false}}
DID: SCREEN: {"width":1600,"height":900}
http://project/download-app/::load-page
IP: 127.0.0.1

#####
[2018-11-15 02:16:13]
TYPE: web
DATA: {"browser":{"fullName":"Chrome","name":"chrome","version":"70.0.3538","majorVersion":70,"minorVersion":0,"patchVersion":3538,"engine":"webkit"},"os":{"fullName":"Windows","name":"win","version":"10.0","versionName":"10","versionAltNames":[],"majorVersion":10,"minorVersion":0,"patchVersion":null},"features":{"bw":false,"mobile":false,"tv":false,"proxy":false}}
DID: SCREEN: {"width":1600,"height":900}
http://project/test/::load-page
IP: 127.0.0.1

#####
[2018-11-15 02:16:16]
TYPE: web
DATA: {"browser":{"fullName":"Chrome","name":"chrome","version":"70.0.3538","majorVersion":70,"minorVersion":0,"patchVersion":3538,"engine":"webkit"},"os":{"fullName":"Windows","name":"win","version":"10.0","versionName":"10","versionAltNames":[],"majorVersion":10,"minorVersion":0,"patchVersion":null},"features":{"bw":false,"mobile":false,"tv":false,"proxy":false}}
DID: SCREEN: {"width":1600,"height":900}
http://project/test/::test-result::[{"result":[0,0,13,7,0,0]}]
IP: 127.0.0.1

#####
[2018-11-15 02:19:51]
TYPE: web
DATA: {"browser":{"fullName":"Chrome","name":"chrome","version":"70.0.3538","majorVersion":70,"minorVersion":0,"patchVersion":3538,"engine":"webkit"},"os":{"fullName":"Windows","name":"win","version":"10.0","versionName":"10","versionAltNames":[],"majorVersion":10,"minorVersion":0,"patchVersion":null},"features":{"bw":false,"mobile":false,"tv":false,"proxy":false}}
DID: SCREEN: {"width":1600,"height":900}
http://project/test/::load-page
IP: 127.0.0.1

#####
[2018-11-15 02:21:44]
TYPE: web
DATA: {"browser":{"fullName":"Chrome","name":"chrome","version":"70.0.3538","majorVersion":70,"minorVersion":0,"patchVersion":3538,"engine":"webkit"},"os":{"fullName":"Windows","name":"win","version":"10.0","versionName":"10","versionAltNames":[],"majorVersion":10,"minorVersion":0,"patchVersion":null},"features":{"bw":false,"mobile":false,"tv":false,"proxy":false}}
DID: SCREEN: {"width":1600,"height":900}
http://project/test/::load-page
IP: 127.0.0.1

#####
[2018-11-15 02:21:52]
TYPE: web
DATA: {"browser":{"fullName":"Chrome","name":"chrome","version":"70.0.3538","majorVersion":70,"minorVersion":0,"patchVersion":3538,"engine":"webkit"},"os":{"fullName":"Windows","name":"win","version":"10.0","versionName":"10","versionAltNames":[],"majorVersion":10,"minorVersion":0,"patchVersion":null},"features":{"bw":false,"mobile":false,"tv":false,"proxy":false}}
DID: SCREEN: {"width":1600,"height":900}
http://project/test/::load-page
IP: 127.0.0.1

#####
[2018-11-15 02:22:37]
TYPE: web
DATA: {"browser":{"fullName":"Chrome","name":"chrome","version":"70.0.3538","majorVersion":70,"minorVersion":0,"patchVersion":3538,"engine":"webkit"},"os":{"fullName":"Windows","name":"win","version":"10.0","versionName":"10","versionAltNames":[],"majorVersion":10,"minorVersion":0,"patchVersion":null},"features":{"bw":false,"mobile":false,"tv":false,"proxy":false}}
DID: SCREEN: {"width":1600,"height":900}
http://project/test/::load-page
IP: 127.0.0.1

#####
[2018-11-15 02:25:15]
TYPE: web
DATA: {"browser":{"fullName":"Chrome","name":"chrome","version":"70.0.3538","majorVersion":70,"minorVersion":0,"patchVersion":3538,"engine":"webkit"},"os":{"fullName":"Windows","name":"win","version":"10.0","versionName":"10","versionAltNames":[],"majorVersion":10,"minorVersion":0,"patchVersion":null},"features":{"bw":false,"mobile":false,"tv":false,"proxy":false}}
DID: SCREEN: {"width":1600,"height":900}
http://project/test/::load-page
IP: 127.0.0.1

#####
[2018-11-15 02:33:06]
TYPE: web
DATA: {"browser":{"fullName":"Chrome","name":"chrome","version":"70.0.3538","majorVersion":70,"minorVersion":0,"patchVersion":3538,"engine":"webkit"},"os":{"fullName":"Windows","name":"win","version":"10.0","versionName":"10","versionAltNames":[],"majorVersion":10,"minorVersion":0,"patchVersion":null},"features":{"bw":false,"mobile":false,"tv":false,"proxy":false}}
DID: SCREEN: {"width":1600,"height":900}
http://project/::load-page
IP: 127.0.0.1

#####
[2018-11-15 02:34:51]
TYPE: web
DATA: {"browser":{"fullName":"Chrome","name":"chrome","version":"70.0.3538","majorVersion":70,"minorVersion":0,"patchVersion":3538,"engine":"webkit"},"os":{"fullName":"Windows","name":"win","version":"10.0","versionName":"10","versionAltNames":[],"majorVersion":10,"minorVersion":0,"patchVersion":null},"features":{"bw":false,"mobile":false,"tv":false,"proxy":false}}
DID: SCREEN: {"width":1600,"height":900}
http://project/::load-page
IP: 127.0.0.1

#####
[2018-11-15 02:34:55]
TYPE: web
DATA: {"browser":{"fullName":"Chrome","name":"chrome","version":"70.0.3538","majorVersion":70,"minorVersion":0,"patchVersion":3538,"engine":"webkit"},"os":{"fullName":"Windows","name":"win","version":"10.0","versionName":"10","versionAltNames":[],"majorVersion":10,"minorVersion":0,"patchVersion":null},"features":{"bw":false,"mobile":false,"tv":false,"proxy":false}}
DID: SCREEN: {"width":1600,"height":900}
http://project/download-app/::load-page
IP: 127.0.0.1

#####
[2018-11-15 14:09:41]
TYPE: web
DATA: {"browser":{"fullName":"Chrome","name":"chrome","version":"70.0.3538","majorVersion":70,"minorVersion":0,"patchVersion":3538,"engine":"webkit"},"os":{"fullName":"Windows","name":"win","version":"10.0","versionName":"10","versionAltNames":[],"majorVersion":10,"minorVersion":0,"patchVersion":null},"features":{"bw":false,"mobile":false,"tv":false,"proxy":false}}
DID: SCREEN: {"width":1366,"height":768}
http://project/#::load-page
IP: 127.0.0.1

#####
[2018-11-15 14:10:02]
TYPE: web
DATA: {"browser":{"fullName":"Chrome","name":"chrome","version":"70.0.3538","majorVersion":70,"minorVersion":0,"patchVersion":3538,"engine":"webkit"},"os":{"fullName":"Windows","name":"win","version":"10.0","versionName":"10","versionAltNames":[],"majorVersion":10,"minorVersion":0,"patchVersion":null},"features":{"bw":false,"mobile":false,"tv":false,"proxy":false}}
DID: SCREEN: {"width":1366,"height":768}
http://project/download-app/::load-page
IP: 127.0.0.1

#####
[2018-11-15 14:11:43]
TYPE: web
DATA: {"browser":{"fullName":"Chrome","name":"chrome","version":"70.0.3538","majorVersion":70,"minorVersion":0,"patchVersion":3538,"engine":"webkit"},"os":{"fullName":"Windows","name":"win","version":"10.0","versionName":"10","versionAltNames":[],"majorVersion":10,"minorVersion":0,"patchVersion":null},"features":{"bw":false,"mobile":false,"tv":false,"proxy":false}}
DID: SCREEN: {"width":1366,"height":768}
http://project/download-app/::load-page
IP: 127.0.0.1

#####
[2018-11-15 14:16:29]
TYPE: web
DATA: {"browser":{"fullName":"Chrome","name":"chrome","version":"70.0.3538","majorVersion":70,"minorVersion":0,"patchVersion":3538,"engine":"webkit"},"os":{"fullName":"Windows","name":"win","version":"10.0","versionName":"10","versionAltNames":[],"majorVersion":10,"minorVersion":0,"patchVersion":null},"features":{"bw":false,"mobile":false,"tv":false,"proxy":false}}
DID: SCREEN: {"width":1366,"height":768}
http://project/::load-page
IP: 127.0.0.1

#####
[2018-11-15 14:31:04]
TYPE: web
DATA: {"browser":{"fullName":"Chrome","name":"chrome","version":"70.0.3538","majorVersion":70,"minorVersion":0,"patchVersion":3538,"engine":"webkit"},"os":{"fullName":"Windows","name":"win","version":"10.0","versionName":"10","versionAltNames":[],"majorVersion":10,"minorVersion":0,"patchVersion":null},"features":{"bw":false,"mobile":false,"tv":false,"proxy":false}}
DID: SCREEN: {"width":1366,"height":768}
http://project/#::load-page
IP: 127.0.0.1

#####
[2018-11-15 14:31:15]
TYPE: web
DATA: {"browser":{"fullName":"Chrome","name":"chrome","version":"70.0.3538","majorVersion":70,"minorVersion":0,"patchVersion":3538,"engine":"webkit"},"os":{"fullName":"Windows","name":"win","version":"10.0","versionName":"10","versionAltNames":[],"majorVersion":10,"minorVersion":0,"patchVersion":null},"features":{"bw":false,"mobile":false,"tv":false,"proxy":false}}
DID: SCREEN: {"width":1366,"height":768}
http://project/download-app/::load-page
IP: 127.0.0.1

#####
[2018-11-15 14:34:45]
TYPE: web
DATA: {"browser":{"fullName":"Chrome","name":"chrome","version":"70.0.3538","majorVersion":70,"minorVersion":0,"patchVersion":3538,"engine":"webkit"},"os":{"fullName":"Windows","name":"win","version":"10.0","versionName":"10","versionAltNames":[],"majorVersion":10,"minorVersion":0,"patchVersion":null},"features":{"bw":false,"mobile":false,"tv":false,"proxy":false}}
DID: SCREEN: {"width":1366,"height":768}
http://project/#::load-page
IP: 127.0.0.1

#####
[2018-11-15 14:35:37]
TYPE: web
DATA: {"browser":{"fullName":"Chrome","name":"chrome","version":"70.0.3538","majorVersion":70,"minorVersion":0,"patchVersion":3538,"engine":"webkit"},"os":{"fullName":"Windows","name":"win","version":"10.0","versionName":"10","versionAltNames":[],"majorVersion":10,"minorVersion":0,"patchVersion":null},"features":{"bw":false,"mobile":false,"tv":false,"proxy":false}}
DID: SCREEN: {"width":1366,"height":768}
http://project/download-app/::load-page
IP: 127.0.0.1

#####
[2018-11-15 15:32:44]
TYPE: web
DATA: {"browser":{"fullName":"Chrome","name":"chrome","version":"70.0.3538","majorVersion":70,"minorVersion":0,"patchVersion":3538,"engine":"webkit"},"os":{"fullName":"Windows","name":"win","version":"10.0","versionName":"10","versionAltNames":[],"majorVersion":10,"minorVersion":0,"patchVersion":null},"features":{"bw":false,"mobile":false,"tv":false,"proxy":false}}
DID: SCREEN: {"width":1366,"height":768}
http://project/test/::load-page
IP: 127.0.0.1

#####
[2018-11-15 15:32:51]
TYPE: web
DATA: {"browser":{"fullName":"Chrome","name":"chrome","version":"70.0.3538","majorVersion":70,"minorVersion":0,"patchVersion":3538,"engine":"webkit"},"os":{"fullName":"Windows","name":"win","version":"10.0","versionName":"10","versionAltNames":[],"majorVersion":10,"minorVersion":0,"patchVersion":null},"features":{"bw":false,"mobile":false,"tv":false,"proxy":false}}
DID: SCREEN: {"width":1366,"height":768}
http://project/#::load-page
IP: 127.0.0.1

#####
[2018-11-15 15:47:05]
TYPE: web
DATA: {"browser":{"fullName":"Chrome","name":"chrome","version":"70.0.3538","majorVersion":70,"minorVersion":0,"patchVersion":3538,"engine":"webkit"},"os":{"fullName":"Windows","name":"win","version":"10.0","versionName":"10","versionAltNames":[],"majorVersion":10,"minorVersion":0,"patchVersion":null},"features":{"bw":false,"mobile":false,"tv":false,"proxy":false}}
DID: SCREEN: {"width":1600,"height":900}
http://project/#::load-page
IP: 127.0.0.1

#####
[2018-11-15 15:47:07]
TYPE: web
DATA: {"browser":{"fullName":"Chrome","name":"chrome","version":"70.0.3538","majorVersion":70,"minorVersion":0,"patchVersion":3538,"engine":"webkit"},"os":{"fullName":"Windows","name":"win","version":"10.0","versionName":"10","versionAltNames":[],"majorVersion":10,"minorVersion":0,"patchVersion":null},"features":{"bw":false,"mobile":false,"tv":false,"proxy":false}}
DID: SCREEN: {"width":1600,"height":900}
http://project/download-app/::load-page
IP: 127.0.0.1

#####
[2018-11-15 15:47:14]
TYPE: web
DATA: {"browser":{"fullName":"Chrome","name":"chrome","version":"70.0.3538","majorVersion":70,"minorVersion":0,"patchVersion":3538,"engine":"webkit"},"os":{"fullName":"Windows","name":"win","version":"10.0","versionName":"10","versionAltNames":[],"majorVersion":10,"minorVersion":0,"patchVersion":null},"features":{"bw":false,"mobile":false,"tv":false,"proxy":false}}
DID: SCREEN: {"width":1600,"height":900}
http://project/#::load-page
IP: 127.0.0.1

#####
[2018-11-15 15:47:49]
TYPE: web
DATA: {"browser":{"fullName":"Chrome","name":"chrome","version":"70.0.3538","majorVersion":70,"minorVersion":0,"patchVersion":3538,"engine":"webkit"},"os":{"fullName":"Windows","name":"win","version":"10.0","versionName":"10","versionAltNames":[],"majorVersion":10,"minorVersion":0,"patchVersion":null},"features":{"bw":false,"mobile":false,"tv":false,"proxy":false}}
DID: SCREEN: {"width":1600,"height":900}
http://project/download-app/::load-page
IP: 127.0.0.1

#####
[2018-11-15 15:54:33]
TYPE: web
DATA: {"browser":{"fullName":"Chrome","name":"chrome","version":"70.0.3538","majorVersion":70,"minorVersion":0,"patchVersion":3538,"engine":"webkit"},"os":{"fullName":"Windows","name":"win","version":"10.0","versionName":"10","versionAltNames":[],"majorVersion":10,"minorVersion":0,"patchVersion":null},"features":{"bw":false,"mobile":false,"tv":false,"proxy":false}}
DID: SCREEN: {"width":1600,"height":900}
http://project/download-app/::load-page
IP: 127.0.0.1

#####
[2018-11-15 15:55:03]
TYPE: web
DATA: {"browser":{"fullName":"Chrome","name":"chrome","version":"70.0.3538","majorVersion":70,"minorVersion":0,"patchVersion":3538,"engine":"webkit"},"os":{"fullName":"Windows","name":"win","version":"10.0","versionName":"10","versionAltNames":[],"majorVersion":10,"minorVersion":0,"patchVersion":null},"features":{"bw":false,"mobile":false,"tv":false,"proxy":false}}
DID: SCREEN: {"width":1600,"height":900}
http://project/#::load-page
IP: 127.0.0.1

#####
[2018-11-15 15:59:40]
TYPE: web
DATA: {"browser":{"fullName":"Chrome","name":"chrome","version":"70.0.3538","majorVersion":70,"minorVersion":0,"patchVersion":3538,"engine":"webkit"},"os":{"fullName":"Windows","name":"win","version":"10.0","versionName":"10","versionAltNames":[],"majorVersion":10,"minorVersion":0,"patchVersion":null},"features":{"bw":false,"mobile":false,"tv":false,"proxy":false}}
DID: SCREEN: {"width":1600,"height":900}
http://project/test/::load-page
IP: 127.0.0.1

#####
[2018-11-15 16:01:03]
TYPE: web
DATA: {"browser":{"fullName":"Chrome","name":"chrome","version":"70.0.3538","majorVersion":70,"minorVersion":0,"patchVersion":3538,"engine":"webkit"},"os":{"fullName":"Windows","name":"win","version":"10.0","versionName":"10","versionAltNames":[],"majorVersion":10,"minorVersion":0,"patchVersion":null},"features":{"bw":false,"mobile":false,"tv":false,"proxy":false}}
DID: SCREEN: {"width":1600,"height":900}
http://project/test/::test-result::[{"result":[0,0,7,0,0,23]}]
IP: 127.0.0.1

#####
[2018-11-15 16:01:42]
TYPE: web
DATA: {"browser":{"fullName":"Chrome","name":"chrome","version":"70.0.3538","majorVersion":70,"minorVersion":0,"patchVersion":3538,"engine":"webkit"},"os":{"fullName":"Windows","name":"win","version":"10.0","versionName":"10","versionAltNames":[],"majorVersion":10,"minorVersion":0,"patchVersion":null},"features":{"bw":false,"mobile":false,"tv":false,"proxy":false}}
DID: SCREEN: {"width":1600,"height":900}
http://project/#::load-page
IP: 127.0.0.1

#####
[2018-11-15 16:16:18]
TYPE: web
DATA: {"browser":{"fullName":"Chrome","name":"chrome","version":"70.0.3538","majorVersion":70,"minorVersion":0,"patchVersion":3538,"engine":"webkit"},"os":{"fullName":"Windows","name":"win","version":"10.0","versionName":"10","versionAltNames":[],"majorVersion":10,"minorVersion":0,"patchVersion":null},"features":{"bw":false,"mobile":false,"tv":false,"proxy":false}}
DID: SCREEN: {"width":1600,"height":900}
http://project/#::load-page
IP: 127.0.0.1

#####
[2018-11-15 16:17:16]
TYPE: web
DATA: {"browser":{"fullName":"Chrome","name":"chrome","version":"70.0.3538","majorVersion":70,"minorVersion":0,"patchVersion":3538,"engine":"webkit"},"os":{"fullName":"Windows","name":"win","version":"10.0","versionName":"10","versionAltNames":[],"majorVersion":10,"minorVersion":0,"patchVersion":null},"features":{"bw":false,"mobile":false,"tv":false,"proxy":false}}
DID: SCREEN: {"width":1600,"height":900}
http://project/download-app/::load-page
IP: 127.0.0.1

#####
[2018-11-15 16:46:36]
TYPE: web
DATA: {"browser":{"fullName":"Chrome","name":"chrome","version":"70.0.3538","majorVersion":70,"minorVersion":0,"patchVersion":3538,"engine":"webkit"},"os":{"fullName":"Windows","name":"win","version":"10.0","versionName":"10","versionAltNames":[],"majorVersion":10,"minorVersion":0,"patchVersion":null},"features":{"bw":false,"mobile":false,"tv":false,"proxy":false}}
DID: SCREEN: {"width":1600,"height":900}
http://project/test/::load-page
IP: 127.0.0.1

#####
[2018-11-15 16:49:41]
TYPE: web
DATA: {"browser":{"fullName":"Chrome","name":"chrome","version":"70.0.3538","majorVersion":70,"minorVersion":0,"patchVersion":3538,"engine":"webkit"},"os":{"fullName":"Windows","name":"win","version":"10.0","versionName":"10","versionAltNames":[],"majorVersion":10,"minorVersion":0,"patchVersion":null},"features":{"bw":false,"mobile":false,"tv":false,"proxy":false}}
DID: SCREEN: {"width":1600,"height":900}
http://project/test/::load-page
IP: 127.0.0.1

#####
[2018-11-15 17:15:59]
TYPE: web
DATA: {"browser":{"fullName":"Chrome","name":"chrome","version":"70.0.3538","majorVersion":70,"minorVersion":0,"patchVersion":3538,"engine":"webkit"},"os":{"fullName":"Windows","name":"win","version":"10.0","versionName":"10","versionAltNames":[],"majorVersion":10,"minorVersion":0,"patchVersion":null},"features":{"bw":false,"mobile":false,"tv":false,"proxy":false}}
DID: SCREEN: {"width":1600,"height":900}
http://project/download-app/::load-page
IP: 127.0.0.1

#####
[2018-11-15 17:17:28]
TYPE: web
DATA: {"browser":{"fullName":"Chrome","name":"chrome","version":"70.0.3538","majorVersion":70,"minorVersion":0,"patchVersion":3538,"engine":"webkit"},"os":{"fullName":"Windows","name":"win","version":"10.0","versionName":"10","versionAltNames":[],"majorVersion":10,"minorVersion":0,"patchVersion":null},"features":{"bw":false,"mobile":false,"tv":false,"proxy":false}}
DID: SCREEN: {"width":1600,"height":900}
http://project/download-app/::load-page
IP: 127.0.0.1

#####
[2018-11-15 17:18:12]
TYPE: web
DATA: {"browser":{"fullName":"Chrome","name":"chrome","version":"70.0.3538","majorVersion":70,"minorVersion":0,"patchVersion":3538,"engine":"webkit"},"os":{"fullName":"Windows","name":"win","version":"10.0","versionName":"10","versionAltNames":[],"majorVersion":10,"minorVersion":0,"patchVersion":null},"features":{"bw":false,"mobile":false,"tv":false,"proxy":false}}
DID: SCREEN: {"width":1600,"height":900}
http://project/#::load-page
IP: 127.0.0.1

#####
[2018-11-15 22:08:56]
TYPE: web
DATA: {"browser":{"fullName":"Chrome","name":"chrome","version":"70.0.3538","majorVersion":70,"minorVersion":0,"patchVersion":3538,"engine":"webkit"},"os":{"fullName":"Windows","name":"win","version":"10.0","versionName":"10","versionAltNames":[],"majorVersion":10,"minorVersion":0,"patchVersion":null},"features":{"bw":false,"mobile":false,"tv":false,"proxy":false}}
DID: SCREEN: {"width":1600,"height":900}
http://project/#::load-page
IP: 127.0.0.1

#####
[2018-11-15 22:09:36]
TYPE: web
DATA: {"browser":{"fullName":"Chrome","name":"chrome","version":"70.0.3538","majorVersion":70,"minorVersion":0,"patchVersion":3538,"engine":"webkit"},"os":{"fullName":"Windows","name":"win","version":"10.0","versionName":"10","versionAltNames":[],"majorVersion":10,"minorVersion":0,"patchVersion":null},"features":{"bw":false,"mobile":false,"tv":false,"proxy":false}}
DID: SCREEN: {"width":1600,"height":900}
http://project/#::load-page
IP: 127.0.0.1

#####
[2018-11-15 22:10:20]
TYPE: web
DATA: {"browser":{"fullName":"Chrome","name":"chrome","version":"70.0.3538","majorVersion":70,"minorVersion":0,"patchVersion":3538,"engine":"webkit"},"os":{"fullName":"Windows","name":"win","version":"10.0","versionName":"10","versionAltNames":[],"majorVersion":10,"minorVersion":0,"patchVersion":null},"features":{"bw":false,"mobile":false,"tv":false,"proxy":false}}
DID: SCREEN: {"width":1600,"height":900}
http://project/#::load-page
IP: 127.0.0.1

#####
[2018-11-15 22:10:33]
TYPE: web
DATA: {"browser":{"fullName":"Chrome","name":"chrome","version":"70.0.3538","majorVersion":70,"minorVersion":0,"patchVersion":3538,"engine":"webkit"},"os":{"fullName":"Windows","name":"win","version":"10.0","versionName":"10","versionAltNames":[],"majorVersion":10,"minorVersion":0,"patchVersion":null},"features":{"bw":false,"mobile":false,"tv":false,"proxy":false}}
DID: SCREEN: {"width":1600,"height":900}
http://project/#::load-page
IP: 127.0.0.1

#####
[2018-11-15 22:27:43]
TYPE: web
DATA: {"browser":{"fullName":"Chrome","name":"chrome","version":"70.0.3538","majorVersion":70,"minorVersion":0,"patchVersion":3538,"engine":"webkit"},"os":{"fullName":"Windows","name":"win","version":"10.0","versionName":"10","versionAltNames":[],"majorVersion":10,"minorVersion":0,"patchVersion":null},"features":{"bw":false,"mobile":false,"tv":false,"proxy":false}}
DID: SCREEN: {"width":1600,"height":900}
http://project/test/::load-page
IP: 127.0.0.1

#####
[2018-11-15 22:28:04]
TYPE: web
DATA: {"browser":{"fullName":"Chrome","name":"chrome","version":"70.0.3538","majorVersion":70,"minorVersion":0,"patchVersion":3538,"engine":"webkit"},"os":{"fullName":"Windows","name":"win","version":"10.0","versionName":"10","versionAltNames":[],"majorVersion":10,"minorVersion":0,"patchVersion":null},"features":{"bw":false,"mobile":false,"tv":false,"proxy":false}}
DID: SCREEN: {"width":1600,"height":900}
http://project/download-app/::load-page
IP: 127.0.0.1

#####
[2018-11-15 22:28:13]
TYPE: web
DATA: {"browser":{"fullName":"Chrome","name":"chrome","version":"70.0.3538","majorVersion":70,"minorVersion":0,"patchVersion":3538,"engine":"webkit"},"os":{"fullName":"Windows","name":"win","version":"10.0","versionName":"10","versionAltNames":[],"majorVersion":10,"minorVersion":0,"patchVersion":null},"features":{"bw":false,"mobile":false,"tv":false,"proxy":false}}
DID: SCREEN: {"width":1600,"height":900}
http://project/test/::load-page
IP: 127.0.0.1

#####
[2018-11-15 22:39:50]
TYPE: web
DATA: {"browser":{"fullName":"Chrome","name":"chrome","version":"70.0.3538","majorVersion":70,"minorVersion":0,"patchVersion":3538,"engine":"webkit"},"os":{"fullName":"Windows","name":"win","version":"10.0","versionName":"10","versionAltNames":[],"majorVersion":10,"minorVersion":0,"patchVersion":null},"features":{"bw":false,"mobile":false,"tv":false,"proxy":false}}
DID: SCREEN: {"width":1600,"height":900}
http://project/download-app/::load-page
IP: 127.0.0.1

#####
[2018-11-15 23:49:38]
TYPE: web
DATA: {"browser":{"fullName":"Chrome","name":"chrome","version":"70.0.3538","majorVersion":70,"minorVersion":0,"patchVersion":3538,"engine":"webkit"},"os":{"fullName":"Windows","name":"win","version":"10.0","versionName":"10","versionAltNames":[],"majorVersion":10,"minorVersion":0,"patchVersion":null},"features":{"bw":false,"mobile":false,"tv":false,"proxy":false}}
DID: SCREEN: {"width":1600,"height":900}
http://project/download-app/::load-page
IP: 127.0.0.1

#####
[2018-11-15 23:49:40]
TYPE: web
DATA: {"browser":{"fullName":"Chrome","name":"chrome","version":"70.0.3538","majorVersion":70,"minorVersion":0,"patchVersion":3538,"engine":"webkit"},"os":{"fullName":"Windows","name":"win","version":"10.0","versionName":"10","versionAltNames":[],"majorVersion":10,"minorVersion":0,"patchVersion":null},"features":{"bw":false,"mobile":false,"tv":false,"proxy":false}}
DID: SCREEN: {"width":1600,"height":900}
http://project/news/::load-page
IP: 127.0.0.1

#####
[2018-11-15 23:55:43]
TYPE: web
DATA: {"browser":{"fullName":"Chrome","name":"chrome","version":"70.0.3538","majorVersion":70,"minorVersion":0,"patchVersion":3538,"engine":"webkit"},"os":{"fullName":"Windows","name":"win","version":"10.0","versionName":"10","versionAltNames":[],"majorVersion":10,"minorVersion":0,"patchVersion":null},"features":{"bw":false,"mobile":false,"tv":false,"proxy":false}}
DID: SCREEN: {"width":1600,"height":900}
http://project/news/::load-page
IP: 127.0.0.1

#####
[2018-11-15 23:56:36]
TYPE: web
DATA: {"browser":{"fullName":"Chrome","name":"chrome","version":"70.0.3538","majorVersion":70,"minorVersion":0,"patchVersion":3538,"engine":"webkit"},"os":{"fullName":"Windows","name":"win","version":"10.0","versionName":"10","versionAltNames":[],"majorVersion":10,"minorVersion":0,"patchVersion":null},"features":{"bw":false,"mobile":false,"tv":false,"proxy":false}}
DID: SCREEN: {"width":1600,"height":900}
http://project/news/::load-page
IP: 127.0.0.1

#####
[2018-11-15 23:57:49]
TYPE: web
DATA: {"browser":{"fullName":"Chrome","name":"chrome","version":"70.0.3538","majorVersion":70,"minorVersion":0,"patchVersion":3538,"engine":"webkit"},"os":{"fullName":"Windows","name":"win","version":"10.0","versionName":"10","versionAltNames":[],"majorVersion":10,"minorVersion":0,"patchVersion":null},"features":{"bw":false,"mobile":false,"tv":false,"proxy":false}}
DID: SCREEN: {"width":1600,"height":900}
http://project/news/::load-page
IP: 127.0.0.1
