
#####
[2018-11-01 19:59:41]
TYPE: mobile
OS: Android 5.0
Model: Shamu
UUID: 6b356755575fce31
GEO: {"Latitude": 43.46564338060829;"Longitude": -80.49907935484705;"Altitude": 100;"Accuracy": 150;"Altitude Accuracy": 80";"Heading": NaN;"Speed": null;}

#####
[2018-11-01 20:34:03]
TYPE: mobile
OS: Android 5.0
Model: Shamu
UUID: 6b356755575fce31
GEO: {"Latitude": 43.46564338060829;"Longitude": -80.49907935484705;"Altitude": 100;"Accuracy": 150;"Altitude Accuracy": 80";"Heading": NaN;"Speed": null;}

#####
[2018-11-01 20:41:47]
TYPE: mobile
OS: Android 5.0
Model: Shamu
UUID: 6b356755575fce31
GEO: {"Latitude": 43.46564338060829;"Longitude": -80.49907935484705;"Altitude": 100;"Accuracy": 150;"Altitude Accuracy": 80";"Heading": NaN;"Speed": null;}

#####
[2018-11-01 20:45:36]
TYPE: mobile
OS: Android 5.0
Model: Shamu
UUID: 6b356755575fce31
GEO: {"Latitude": 43.46564338060829;"Longitude": -80.49907935484705;"Altitude": 100;"Accuracy": 150;"Altitude Accuracy": 80";"Heading": NaN;"Speed": null;}

#####
[2018-11-01 20:46:20]
TYPE: mobile
OS: Android 5.0
Model: Shamu
UUID: 6b356755575fce31
GEO: {"Latitude": 43.46564338060829;"Longitude": -80.49907935484705;"Altitude": 100;"Accuracy": 150;"Altitude Accuracy": 80";"Heading": NaN;"Speed": null;}

#####
[2018-11-01 20:47:41]
TYPE: mobile
OS: Android 5.0
Model: Shamu
UUID: 6b356755575fce31
GEO: {"Latitude": 43.46564338060829;"Longitude": -80.49907935484705;"Altitude": 100;"Accuracy": 150;"Altitude Accuracy": 80";"Heading": NaN;"Speed": null;}

#####
[2018-11-01 20:56:45]
TYPE: mobile
OS: Android 5.0
Model: Shamu
UUID: 6b356755575fce31
GEO: {"Latitude": 43.46564338060829;"Longitude": -80.49907935484705;"Altitude": 100;"Accuracy": 150;"Altitude Accuracy": 80";"Heading": NaN;"Speed": null;}

#####
[2018-11-01 20:58:33]
TYPE: mobile
OS: Android 5.0
Model: Shamu
UUID: 6b356755575fce31
GEO: {"Latitude": 43.46564338060829;"Longitude": -80.49907935484705;"Altitude": 100;"Accuracy": 150;"Altitude Accuracy": 80";"Heading": NaN;"Speed": null;}

#####
[2018-11-01 21:11:55]
TYPE: mobile
OS: Android 5.0
Model: Shamu
UUID: 6b356755575fce31
GEO: {"Latitude": 43.46564338060829;"Longitude": -80.49907935484705;"Altitude": 100;"Accuracy": 150;"Altitude Accuracy": 80";"Heading": NaN;"Speed": null;}

#####
[2018-11-01 21:13:30]
TYPE: mobile
OS: Android 5.0
Model: Shamu
UUID: 6b356755575fce31
GEO: {"Latitude": 43.46564338060829;"Longitude": -80.49907935484705;"Altitude": 100;"Accuracy": 150;"Altitude Accuracy": 80";"Heading": NaN;"Speed": null;}

#####
[2018-11-01 21:15:38]
TYPE: mobile
OS: Android 5.0
Model: Shamu
UUID: 6b356755575fce31
GEO: {"Latitude": 43.46564338060829;"Longitude": -80.49907935484705;"Altitude": 100;"Accuracy": 150;"Altitude Accuracy": 80";"Heading": NaN;"Speed": null;}

#####
[2018-11-01 21:18:34]
TYPE: mobile
OS: Android 5.0
Model: Shamu
UUID: 6b356755575fce31
GEO: {"Latitude": 43.46564338060829;"Longitude": -80.49907935484705;"Altitude": 100;"Accuracy": 150;"Altitude Accuracy": 80";"Heading": NaN;"Speed": null;}

#####
[2018-11-01 21:21:15]
TYPE: mobile
OS: Android 5.0
Model: Shamu
UUID: 6b356755575fce31
GEO: {"Latitude": 43.46564338060829;"Longitude": -80.49907935484705;"Altitude": 100;"Accuracy": 150;"Altitude Accuracy": 80";"Heading": NaN;"Speed": null;}

#####
[2018-11-01 21:24:42]
TYPE: mobile
OS: Android 5.0
Model: Shamu
UUID: 6b356755575fce31
GEO: {"Latitude": 43.46564338060829;"Longitude": -80.49907935484705;"Altitude": 100;"Accuracy": 150;"Altitude Accuracy": 80";"Heading": NaN;"Speed": null;}

#####
[2018-11-01 21:37:38]
TYPE: mobile
OS: Android 5.0
Model: Shamu
UUID: 6b356755575fce31
GEO: {"Latitude": 43.46564338060829;"Longitude": -80.49907935484705;"Altitude": 100;"Accuracy": 150;"Altitude Accuracy": 80";"Heading": NaN;"Speed": null;}

#####
[2018-11-01 21:42:00]
TYPE: mobile
OS: Android 5.0
Model: Shamu
UUID: 6b356755575fce31
GEO: {"Latitude": 43.46564338060829;"Longitude": -80.49907935484705;"Altitude": 100;"Accuracy": 150;"Altitude Accuracy": 80";"Heading": NaN;"Speed": null;}

#####
[2018-11-01 23:04:21]
TYPE: mobile
OS: Android 5.0
Model: Shamu
UUID: 6b356755575fce31
GEO: {"Latitude": 43.46564338060829;"Longitude": -80.49907935484705;"Altitude": 100;"Accuracy": 150;"Altitude Accuracy": 80";"Heading": NaN;"Speed": null;}

#####
[2018-11-01 23:19:18]
TYPE: mobile
OS: Android 5.0
Model: Shamu
UUID: 6b356755575fce31
GEO: {"Latitude": 43.46564338060829;"Longitude": -80.49907935484705;"Altitude": 100;"Accuracy": 150;"Altitude Accuracy": 80";"Heading": NaN;"Speed": null;}

#####
[2018-11-01 23:34:28]
TYPE: mobile
OS: Android 5.0
Model: Shamu
UUID: 6b356755575fce31
GEO: {"Latitude": 43.46564338060829;"Longitude": -80.49907935484705;"Altitude": 100;"Accuracy": 150;"Altitude Accuracy": 80";"Heading": NaN;"Speed": null;}

#####
[2018-11-01 23:55:20]
TYPE: mobile
OS: Android 5.0
Model: Shamu
UUID: 6b356755575fce31
GEO: {"Latitude": 43.46564338060829;"Longitude": -80.49907935484705;"Altitude": 100;"Accuracy": 150;"Altitude Accuracy": 80";"Heading": NaN;"Speed": null;}

#####
[2018-11-01 23:56:01]
TYPE: mobile
OS: Android 5.0
Model: Shamu
UUID: 6b356755575fce31
GEO: {"Latitude": 43.46564338060829;"Longitude": -80.49907935484705;"Altitude": 100;"Accuracy": 150;"Altitude Accuracy": 80";"Heading": NaN;"Speed": null;}

#####
[2018-11-01 23:56:24]
TYPE: mobile
OS: Android 5.0
Model: Shamu
UUID: 6b356755575fce31
GEO: {"Latitude": 43.46564338060829;"Longitude": -80.49907935484705;"Altitude": 100;"Accuracy": 150;"Altitude Accuracy": 80";"Heading": NaN;"Speed": null;}
