
#####
[2018-11-09 00:24:13]
TYPE: web
DATA: {"browser":{"fullName":"Chrome","name":"chrome","version":"70.0.3538","majorVersion":70,"minorVersion":0,"patchVersion":3538,"engine":"webkit"},"os":{"fullName":"Windows","name":"win","version":"10.0","versionName":"10","versionAltNames":[],"majorVersion":10,"minorVersion":0,"patchVersion":null},"features":{"bw":false,"mobile":false,"tv":false,"proxy":false}}
DID: SCREEN: {"width":1600,"height":900}
http://project/test/::load-page
IP: 127.0.0.1

#####
[2018-11-09 00:25:16]
TYPE: web
DATA: {"browser":{"fullName":"Chrome","name":"chrome","version":"70.0.3538","majorVersion":70,"minorVersion":0,"patchVersion":3538,"engine":"webkit"},"os":{"fullName":"Windows","name":"win","version":"10.0","versionName":"10","versionAltNames":[],"majorVersion":10,"minorVersion":0,"patchVersion":null},"features":{"bw":false,"mobile":false,"tv":false,"proxy":false}}
DID: SCREEN: {"width":1600,"height":900}
http://project/download-app/::load-page
IP: 127.0.0.1

#####
[2018-11-09 01:07:08]
TYPE: web
DATA: {"browser":{"fullName":"Chrome","name":"chrome","version":"70.0.3538","majorVersion":70,"minorVersion":0,"patchVersion":3538,"engine":"webkit"},"os":{"fullName":"Windows","name":"win","version":"10.0","versionName":"10","versionAltNames":[],"majorVersion":10,"minorVersion":0,"patchVersion":null},"features":{"bw":false,"mobile":false,"tv":false,"proxy":false}}
DID: SCREEN: {"width":1600,"height":900}
http://project/download-app/::load-page
IP: 127.0.0.1

#####
[2018-11-09 01:07:21]
TYPE: web
DATA: {"browser":{"fullName":"Chrome","name":"chrome","version":"70.0.3538","majorVersion":70,"minorVersion":0,"patchVersion":3538,"engine":"webkit"},"os":{"fullName":"Windows","name":"win","version":"10.0","versionName":"10","versionAltNames":[],"majorVersion":10,"minorVersion":0,"patchVersion":null},"features":{"bw":false,"mobile":false,"tv":false,"proxy":false}}
DID: SCREEN: {"width":1600,"height":900}
http://project/download-app/::load-page
IP: 127.0.0.1

#####
[2018-11-09 01:07:32]
TYPE: web
DATA: {"browser":{"fullName":"Chrome","name":"chrome","version":"70.0.3538","majorVersion":70,"minorVersion":0,"patchVersion":3538,"engine":"webkit"},"os":{"fullName":"Windows","name":"win","version":"10.0","versionName":"10","versionAltNames":[],"majorVersion":10,"minorVersion":0,"patchVersion":null},"features":{"bw":false,"mobile":false,"tv":false,"proxy":false}}
DID: SCREEN: {"width":1600,"height":900}
http://project/download-app/::load-page
IP: 127.0.0.1

#####
[2018-11-09 01:07:49]
TYPE: web
DATA: {"browser":{"fullName":"Chrome","name":"chrome","version":"70.0.3538","majorVersion":70,"minorVersion":0,"patchVersion":3538,"engine":"webkit"},"os":{"fullName":"Windows","name":"win","version":"10.0","versionName":"10","versionAltNames":[],"majorVersion":10,"minorVersion":0,"patchVersion":null},"features":{"bw":false,"mobile":false,"tv":false,"proxy":false}}
DID: SCREEN: {"width":1600,"height":900}
http://project/download-app/::load-page
IP: 127.0.0.1

#####
[2018-11-09 01:07:52]
TYPE: web
DATA: {"browser":{"fullName":"Chrome","name":"chrome","version":"70.0.3538","majorVersion":70,"minorVersion":0,"patchVersion":3538,"engine":"webkit"},"os":{"fullName":"Windows","name":"win","version":"10.0","versionName":"10","versionAltNames":[],"majorVersion":10,"minorVersion":0,"patchVersion":null},"features":{"bw":false,"mobile":false,"tv":false,"proxy":false}}
DID: SCREEN: {"width":1600,"height":900}
http://project/#::load-page
IP: 127.0.0.1

#####
[2018-11-09 01:07:54]
TYPE: web
DATA: {"browser":{"fullName":"Chrome","name":"chrome","version":"70.0.3538","majorVersion":70,"minorVersion":0,"patchVersion":3538,"engine":"webkit"},"os":{"fullName":"Windows","name":"win","version":"10.0","versionName":"10","versionAltNames":[],"majorVersion":10,"minorVersion":0,"patchVersion":null},"features":{"bw":false,"mobile":false,"tv":false,"proxy":false}}
DID: SCREEN: {"width":1600,"height":900}
http://project/download-app/::load-page
IP: 127.0.0.1

#####
[2018-11-09 01:08:04]
TYPE: web
DATA: {"browser":{"fullName":"Chrome","name":"chrome","version":"70.0.3538","majorVersion":70,"minorVersion":0,"patchVersion":3538,"engine":"webkit"},"os":{"fullName":"Windows","name":"win","version":"10.0","versionName":"10","versionAltNames":[],"majorVersion":10,"minorVersion":0,"patchVersion":null},"features":{"bw":false,"mobile":false,"tv":false,"proxy":false}}
DID: SCREEN: {"width":1600,"height":900}
http://project/download-app/::load-page
IP: 127.0.0.1

#####
[2018-11-09 01:08:27]
TYPE: web
DATA: {"browser":{"fullName":"Chrome","name":"chrome","version":"70.0.3538","majorVersion":70,"minorVersion":0,"patchVersion":3538,"engine":"webkit"},"os":{"fullName":"Windows","name":"win","version":"10.0","versionName":"10","versionAltNames":[],"majorVersion":10,"minorVersion":0,"patchVersion":null},"features":{"bw":false,"mobile":false,"tv":false,"proxy":false}}
DID: SCREEN: {"width":1600,"height":900}
http://project/download-app/::load-page
IP: 127.0.0.1

#####
[2018-11-09 01:08:52]
TYPE: web
DATA: {"browser":{"fullName":"Chrome","name":"chrome","version":"70.0.3538","majorVersion":70,"minorVersion":0,"patchVersion":3538,"engine":"webkit"},"os":{"fullName":"Windows","name":"win","version":"10.0","versionName":"10","versionAltNames":[],"majorVersion":10,"minorVersion":0,"patchVersion":null},"features":{"bw":false,"mobile":false,"tv":false,"proxy":false}}
DID: SCREEN: {"width":1600,"height":900}
http://project/download-app/::load-page
IP: 127.0.0.1

#####
[2018-11-09 01:08:59]
TYPE: web
DATA: {"browser":{"fullName":"Chrome","name":"chrome","version":"70.0.3538","majorVersion":70,"minorVersion":0,"patchVersion":3538,"engine":"webkit"},"os":{"fullName":"Windows","name":"win","version":"10.0","versionName":"10","versionAltNames":[],"majorVersion":10,"minorVersion":0,"patchVersion":null},"features":{"bw":false,"mobile":false,"tv":false,"proxy":false}}
DID: SCREEN: {"width":1600,"height":900}
http://project/download-app/::load-page
IP: 127.0.0.1

#####
[2018-11-09 01:09:01]
TYPE: web
DATA: {"browser":{"fullName":"Chrome","name":"chrome","version":"70.0.3538","majorVersion":70,"minorVersion":0,"patchVersion":3538,"engine":"webkit"},"os":{"fullName":"Windows","name":"win","version":"10.0","versionName":"10","versionAltNames":[],"majorVersion":10,"minorVersion":0,"patchVersion":null},"features":{"bw":false,"mobile":false,"tv":false,"proxy":false}}
DID: SCREEN: {"width":1600,"height":900}
http://project/#::load-page
IP: 127.0.0.1

#####
[2018-11-09 01:09:03]
TYPE: web
DATA: {"browser":{"fullName":"Chrome","name":"chrome","version":"70.0.3538","majorVersion":70,"minorVersion":0,"patchVersion":3538,"engine":"webkit"},"os":{"fullName":"Windows","name":"win","version":"10.0","versionName":"10","versionAltNames":[],"majorVersion":10,"minorVersion":0,"patchVersion":null},"features":{"bw":false,"mobile":false,"tv":false,"proxy":false}}
DID: SCREEN: {"width":1600,"height":900}
http://project/download-app/::load-page
IP: 127.0.0.1

#####
[2018-11-09 01:09:56]
TYPE: web
DATA: {"browser":{"fullName":"Chrome","name":"chrome","version":"70.0.3538","majorVersion":70,"minorVersion":0,"patchVersion":3538,"engine":"webkit"},"os":{"fullName":"Windows","name":"win","version":"10.0","versionName":"10","versionAltNames":[],"majorVersion":10,"minorVersion":0,"patchVersion":null},"features":{"bw":false,"mobile":false,"tv":false,"proxy":false}}
DID: SCREEN: {"width":1600,"height":900}
http://project/download-app/::load-page
IP: 127.0.0.1

#####
[2018-11-09 01:12:24]
TYPE: web
DATA: {"browser":{"fullName":"Chrome","name":"chrome","version":"70.0.3538","majorVersion":70,"minorVersion":0,"patchVersion":3538,"engine":"webkit"},"os":{"fullName":"Windows","name":"win","version":"10.0","versionName":"10","versionAltNames":[],"majorVersion":10,"minorVersion":0,"patchVersion":null},"features":{"bw":false,"mobile":false,"tv":false,"proxy":false}}
DID: SCREEN: {"width":1600,"height":900}
http://project/download-app/::load-page
IP: 127.0.0.1

#####
[2018-11-09 01:12:41]
TYPE: web
DATA: {"browser":{"fullName":"Chrome","name":"chrome","version":"70.0.3538","majorVersion":70,"minorVersion":0,"patchVersion":3538,"engine":"webkit"},"os":{"fullName":"Windows","name":"win","version":"10.0","versionName":"10","versionAltNames":[],"majorVersion":10,"minorVersion":0,"patchVersion":null},"features":{"bw":false,"mobile":false,"tv":false,"proxy":false}}
DID: SCREEN: {"width":1600,"height":900}
http://project/download-app/::load-page
IP: 127.0.0.1

#####
[2018-11-09 01:13:24]
TYPE: web
DATA: {"browser":{"fullName":"Chrome","name":"chrome","version":"70.0.3538","majorVersion":70,"minorVersion":0,"patchVersion":3538,"engine":"webkit"},"os":{"fullName":"Windows","name":"win","version":"10.0","versionName":"10","versionAltNames":[],"majorVersion":10,"minorVersion":0,"patchVersion":null},"features":{"bw":false,"mobile":false,"tv":false,"proxy":false}}
DID: SCREEN: {"width":1600,"height":900}
http://project/download-app/::load-page
IP: 127.0.0.1

#####
[2018-11-09 01:14:36]
TYPE: web
DATA: {"browser":{"fullName":"Chrome","name":"chrome","version":"70.0.3538","majorVersion":70,"minorVersion":0,"patchVersion":3538,"engine":"webkit"},"os":{"fullName":"Windows","name":"win","version":"10.0","versionName":"10","versionAltNames":[],"majorVersion":10,"minorVersion":0,"patchVersion":null},"features":{"bw":false,"mobile":false,"tv":false,"proxy":false}}
DID: SCREEN: {"width":1600,"height":900}
http://project/download-app/::load-page
IP: 127.0.0.1

#####
[2018-11-09 01:20:02]
TYPE: web
DATA: {"browser":{"fullName":"Chrome","name":"chrome","version":"70.0.3538","majorVersion":70,"minorVersion":0,"patchVersion":3538,"engine":"webkit"},"os":{"fullName":"Windows","name":"win","version":"10.0","versionName":"10","versionAltNames":[],"majorVersion":10,"minorVersion":0,"patchVersion":null},"features":{"bw":false,"mobile":false,"tv":false,"proxy":false}}
DID: SCREEN: {"width":1600,"height":900}
http://project/download-app/::load-page
IP: 127.0.0.1

#####
[2018-11-09 01:20:22]
TYPE: web
DATA: {"browser":{"fullName":"Chrome","name":"chrome","version":"70.0.3538","majorVersion":70,"minorVersion":0,"patchVersion":3538,"engine":"webkit"},"os":{"fullName":"Windows","name":"win","version":"10.0","versionName":"10","versionAltNames":[],"majorVersion":10,"minorVersion":0,"patchVersion":null},"features":{"bw":false,"mobile":false,"tv":false,"proxy":false}}
DID: SCREEN: {"width":1600,"height":900}
http://project/download-app/::load-page
IP: 127.0.0.1

#####
[2018-11-09 03:43:49]
TYPE: web
DATA: {"browser":{"fullName":"Chrome","name":"chrome","version":"70.0.3538","majorVersion":70,"minorVersion":0,"patchVersion":3538,"engine":"webkit"},"os":{"fullName":"Windows","name":"win","version":"10.0","versionName":"10","versionAltNames":[],"majorVersion":10,"minorVersion":0,"patchVersion":null},"features":{"bw":false,"mobile":false,"tv":false,"proxy":false}}
DID: SCREEN: {"width":1600,"height":900}
http://project/download-app/::load-page
IP: 127.0.0.1

#####
[2018-11-09 03:44:15]
TYPE: web
DATA: {"browser":{"fullName":"Chrome","name":"chrome","version":"70.0.3538","majorVersion":70,"minorVersion":0,"patchVersion":3538,"engine":"webkit"},"os":{"fullName":"Windows","name":"win","version":"10.0","versionName":"10","versionAltNames":[],"majorVersion":10,"minorVersion":0,"patchVersion":null},"features":{"bw":false,"mobile":false,"tv":false,"proxy":false}}
DID: SCREEN: {"width":1600,"height":900}
http://project/download-app/::load-page
IP: 127.0.0.1

#####
[2018-11-09 03:46:38]
TYPE: web
DATA: {"browser":{"fullName":"Chrome","name":"chrome","version":"70.0.3538","majorVersion":70,"minorVersion":0,"patchVersion":3538,"engine":"webkit"},"os":{"fullName":"Windows","name":"win","version":"10.0","versionName":"10","versionAltNames":[],"majorVersion":10,"minorVersion":0,"patchVersion":null},"features":{"bw":false,"mobile":false,"tv":false,"proxy":false}}
DID: SCREEN: {"width":1600,"height":900}
http://project/download-app/::load-page
IP: 127.0.0.1

#####
[2018-11-09 03:47:13]
TYPE: web
DATA: {"browser":{"fullName":"Chrome","name":"chrome","version":"70.0.3538","majorVersion":70,"minorVersion":0,"patchVersion":3538,"engine":"webkit"},"os":{"fullName":"Windows","name":"win","version":"10.0","versionName":"10","versionAltNames":[],"majorVersion":10,"minorVersion":0,"patchVersion":null},"features":{"bw":false,"mobile":false,"tv":false,"proxy":false}}
DID: SCREEN: {"width":1600,"height":900}
http://project/download-app/::load-page
IP: 127.0.0.1

#####
[2018-11-09 03:47:45]
TYPE: web
DATA: {"browser":{"fullName":"Chrome","name":"chrome","version":"70.0.3538","majorVersion":70,"minorVersion":0,"patchVersion":3538,"engine":"webkit"},"os":{"fullName":"Windows","name":"win","version":"10.0","versionName":"10","versionAltNames":[],"majorVersion":10,"minorVersion":0,"patchVersion":null},"features":{"bw":false,"mobile":false,"tv":false,"proxy":false}}
DID: SCREEN: {"width":1600,"height":900}
http://project/download-app/::load-page
IP: 127.0.0.1

#####
[2018-11-09 03:48:07]
TYPE: web
DATA: {"browser":{"fullName":"Chrome","name":"chrome","version":"70.0.3538","majorVersion":70,"minorVersion":0,"patchVersion":3538,"engine":"webkit"},"os":{"fullName":"Windows","name":"win","version":"10.0","versionName":"10","versionAltNames":[],"majorVersion":10,"minorVersion":0,"patchVersion":null},"features":{"bw":false,"mobile":false,"tv":false,"proxy":false}}
DID: SCREEN: {"width":1600,"height":900}
http://project/download-app/::load-page
IP: 127.0.0.1

#####
[2018-11-09 11:47:41]
TYPE: web
DATA: {"browser":{"fullName":"Chrome","name":"chrome","version":"70.0.3538","majorVersion":70,"minorVersion":0,"patchVersion":3538,"engine":"webkit"},"os":{"fullName":"Windows","name":"win","version":"10.0","versionName":"10","versionAltNames":[],"majorVersion":10,"minorVersion":0,"patchVersion":null},"features":{"bw":false,"mobile":false,"tv":false,"proxy":false}}
DID: SCREEN: {"width":1600,"height":900}
http://project/download-app/::load-page
IP: 127.0.0.1

#####
[2018-11-09 11:50:10]
TYPE: web
DATA: {"browser":{"fullName":"Chrome","name":"chrome","version":"70.0.3538","majorVersion":70,"minorVersion":0,"patchVersion":3538,"engine":"webkit"},"os":{"fullName":"Windows","name":"win","version":"10.0","versionName":"10","versionAltNames":[],"majorVersion":10,"minorVersion":0,"patchVersion":null},"features":{"bw":false,"mobile":false,"tv":false,"proxy":false}}
DID: SCREEN: {"width":1600,"height":900}
http://project/download-app/::load-page
IP: 127.0.0.1

#####
[2018-11-09 11:53:46]
TYPE: web
DATA: {"browser":{"fullName":"Chrome","name":"chrome","version":"70.0.3538","majorVersion":70,"minorVersion":0,"patchVersion":3538,"engine":"webkit"},"os":{"fullName":"Windows","name":"win","version":"10.0","versionName":"10","versionAltNames":[],"majorVersion":10,"minorVersion":0,"patchVersion":null},"features":{"bw":false,"mobile":false,"tv":false,"proxy":false}}
DID: SCREEN: {"width":1600,"height":900}
http://project/download-app/::load-page
IP: 127.0.0.1

#####
[2018-11-09 11:57:36]
TYPE: web
DATA: {"browser":{"fullName":"Chrome","name":"chrome","version":"70.0.3538","majorVersion":70,"minorVersion":0,"patchVersion":3538,"engine":"webkit"},"os":{"fullName":"Windows","name":"win","version":"10.0","versionName":"10","versionAltNames":[],"majorVersion":10,"minorVersion":0,"patchVersion":null},"features":{"bw":false,"mobile":false,"tv":false,"proxy":false}}
DID: SCREEN: {"width":1600,"height":900}
http://project/download-app/::load-page
IP: 127.0.0.1

#####
[2018-11-09 11:57:51]
TYPE: web
DATA: {"browser":{"fullName":"Chrome","name":"chrome","version":"70.0.3538","majorVersion":70,"minorVersion":0,"patchVersion":3538,"engine":"webkit"},"os":{"fullName":"Windows","name":"win","version":"10.0","versionName":"10","versionAltNames":[],"majorVersion":10,"minorVersion":0,"patchVersion":null},"features":{"bw":false,"mobile":false,"tv":false,"proxy":false}}
DID: SCREEN: {"width":1600,"height":900}
http://project/#::load-page
IP: 127.0.0.1

#####
[2018-11-09 11:57:53]
TYPE: web
DATA: {"browser":{"fullName":"Chrome","name":"chrome","version":"70.0.3538","majorVersion":70,"minorVersion":0,"patchVersion":3538,"engine":"webkit"},"os":{"fullName":"Windows","name":"win","version":"10.0","versionName":"10","versionAltNames":[],"majorVersion":10,"minorVersion":0,"patchVersion":null},"features":{"bw":false,"mobile":false,"tv":false,"proxy":false}}
DID: SCREEN: {"width":1600,"height":900}
http://project/download-app/::load-page
IP: 127.0.0.1

#####
[2018-11-09 16:50:37]
TYPE: web
DATA: {"browser":{"fullName":"Chrome","name":"chrome","version":"70.0.3538","majorVersion":70,"minorVersion":0,"patchVersion":3538,"engine":"webkit"},"os":{"fullName":"Windows","name":"win","version":"10.0","versionName":"10","versionAltNames":[],"majorVersion":10,"minorVersion":0,"patchVersion":null},"features":{"bw":false,"mobile":false,"tv":false,"proxy":false}}
DID: SCREEN: {"width":1600,"height":900}
http://project/#::load-page
IP: 127.0.0.1

#####
[2018-11-09 18:14:17]
TYPE: web
DATA: {"browser":{"fullName":"Chrome","name":"chrome","version":"70.0.3538","majorVersion":70,"minorVersion":0,"patchVersion":3538,"engine":"webkit"},"os":{"fullName":"Windows","name":"win","version":"10.0","versionName":"10","versionAltNames":[],"majorVersion":10,"minorVersion":0,"patchVersion":null},"features":{"bw":false,"mobile":false,"tv":false,"proxy":false}}
DID: SCREEN: {"width":1600,"height":900}
http://project/download-app/::load-page
IP: 127.0.0.1
