
#####
[2019-03-01 21:00:29]
TYPE: web
DATA: {"browser":{"fullName":"Chrome","name":"chrome","version":"68.0.3440","majorVersion":68,"minorVersion":0,"patchVersion":3440,"engine":"webkit"},"os":{"fullName":"Windows","name":"win","version":"10.0","versionName":"10","versionAltNames":[],"majorVersion":10,"minorVersion":0,"patchVersion":null},"features":{"bw":false,"mobile":false,"tv":false,"proxy":false}}
DID: SCREEN: {"width":1366,"height":768}
http://findyourself/::load-page
IP: 127.0.0.1

#####
[2019-03-01 21:00:52]
TYPE: web
DATA: {"browser":{"fullName":"Chrome","name":"chrome","version":"68.0.3440","majorVersion":68,"minorVersion":0,"patchVersion":3440,"engine":"webkit"},"os":{"fullName":"Windows","name":"win","version":"10.0","versionName":"10","versionAltNames":[],"majorVersion":10,"minorVersion":0,"patchVersion":null},"features":{"bw":false,"mobile":false,"tv":false,"proxy":false}}
DID: SCREEN: {"width":1366,"height":768}
http://findyourself/professions/::load-page
IP: 127.0.0.1

#####
[2019-03-01 21:01:04]
TYPE: web
DATA: {"browser":{"fullName":"Chrome","name":"chrome","version":"68.0.3440","majorVersion":68,"minorVersion":0,"patchVersion":3440,"engine":"webkit"},"os":{"fullName":"Windows","name":"win","version":"10.0","versionName":"10","versionAltNames":[],"majorVersion":10,"minorVersion":0,"patchVersion":null},"features":{"bw":false,"mobile":false,"tv":false,"proxy":false}}
DID: SCREEN: {"width":1366,"height":768}
http://findyourself/#::load-page
IP: 127.0.0.1

#####
[2019-03-01 21:03:29]
TYPE: web
DATA: {"browser":{"fullName":"Chrome","name":"chrome","version":"68.0.3440","majorVersion":68,"minorVersion":0,"patchVersion":3440,"engine":"webkit"},"os":{"fullName":"Windows","name":"win","version":"10.0","versionName":"10","versionAltNames":[],"majorVersion":10,"minorVersion":0,"patchVersion":null},"features":{"bw":false,"mobile":false,"tv":false,"proxy":false}}
DID: SCREEN: {"width":1366,"height":768}
http://findyourself/#::load-page
IP: 127.0.0.1

#####
[2019-03-01 21:03:34]
TYPE: web
DATA: {"browser":{"fullName":"Chrome","name":"chrome","version":"68.0.3440","majorVersion":68,"minorVersion":0,"patchVersion":3440,"engine":"webkit"},"os":{"fullName":"Windows","name":"win","version":"10.0","versionName":"10","versionAltNames":[],"majorVersion":10,"minorVersion":0,"patchVersion":null},"features":{"bw":false,"mobile":false,"tv":false,"proxy":false}}
DID: SCREEN: {"width":1366,"height":768}
http://findyourself/#::load-page
IP: 127.0.0.1

#####
[2019-03-01 21:14:10]
TYPE: web
DATA: {"browser":{"fullName":"Chrome","name":"chrome","version":"68.0.3440","majorVersion":68,"minorVersion":0,"patchVersion":3440,"engine":"webkit"},"os":{"fullName":"Windows","name":"win","version":"10.0","versionName":"10","versionAltNames":[],"majorVersion":10,"minorVersion":0,"patchVersion":null},"features":{"bw":false,"mobile":false,"tv":false,"proxy":false}}
DID: SCREEN: {"width":1366,"height":768}
http://findyourself/#::load-page
IP: 127.0.0.1

#####
[2019-03-01 21:14:55]
TYPE: web
DATA: {"browser":{"fullName":"Chrome","name":"chrome","version":"68.0.3440","majorVersion":68,"minorVersion":0,"patchVersion":3440,"engine":"webkit"},"os":{"fullName":"Windows","name":"win","version":"10.0","versionName":"10","versionAltNames":[],"majorVersion":10,"minorVersion":0,"patchVersion":null},"features":{"bw":false,"mobile":false,"tv":false,"proxy":false}}
DID: SCREEN: {"width":1366,"height":768}
http://findyourself/news/19/V Rossii nachnut razrabotku prilodzjeniya dlya udostovereniya lichnosti/::load-page
IP: 127.0.0.1

#####
[2019-03-01 21:15:13]
TYPE: web
DATA: {"browser":{"fullName":"Chrome","name":"chrome","version":"68.0.3440","majorVersion":68,"minorVersion":0,"patchVersion":3440,"engine":"webkit"},"os":{"fullName":"Windows","name":"win","version":"10.0","versionName":"10","versionAltNames":[],"majorVersion":10,"minorVersion":0,"patchVersion":null},"features":{"bw":false,"mobile":false,"tv":false,"proxy":false}}
DID: SCREEN: {"width":1366,"height":768}
http://findyourself/::load-page
IP: 127.0.0.1

#####
[2019-03-01 21:40:47]
TYPE: web
DATA: {"browser":{"fullName":"Chrome","name":"chrome","version":"68.0.3440","majorVersion":68,"minorVersion":0,"patchVersion":3440,"engine":"webkit"},"os":{"fullName":"Windows","name":"win","version":"10.0","versionName":"10","versionAltNames":[],"majorVersion":10,"minorVersion":0,"patchVersion":null},"features":{"bw":false,"mobile":false,"tv":false,"proxy":false}}
DID: SCREEN: {"width":1366,"height":768}
http://findyourself/::load-page
IP: 127.0.0.1

#####
[2019-03-01 22:10:17]
TYPE: web
DATA: {"browser":{"fullName":"Chrome","name":"chrome","version":"68.0.3440","majorVersion":68,"minorVersion":0,"patchVersion":3440,"engine":"webkit"},"os":{"fullName":"Windows","name":"win","version":"10.0","versionName":"10","versionAltNames":[],"majorVersion":10,"minorVersion":0,"patchVersion":null},"features":{"bw":false,"mobile":false,"tv":false,"proxy":false}}
DID: SCREEN: {"width":1366,"height":768}
http://findyourself/::load-page
IP: 127.0.0.1

#####
[2019-03-01 22:10:18]
TYPE: web
DATA: {"browser":{"fullName":"Chrome","name":"chrome","version":"68.0.3440","majorVersion":68,"minorVersion":0,"patchVersion":3440,"engine":"webkit"},"os":{"fullName":"Windows","name":"win","version":"10.0","versionName":"10","versionAltNames":[],"majorVersion":10,"minorVersion":0,"patchVersion":null},"features":{"bw":false,"mobile":false,"tv":false,"proxy":false}}
DID: SCREEN: {"width":1366,"height":768}
http://findyourself/::load-page
IP: 127.0.0.1

#####
[2019-03-01 22:10:19]
TYPE: web
DATA: {"browser":{"fullName":"Chrome","name":"chrome","version":"68.0.3440","majorVersion":68,"minorVersion":0,"patchVersion":3440,"engine":"webkit"},"os":{"fullName":"Windows","name":"win","version":"10.0","versionName":"10","versionAltNames":[],"majorVersion":10,"minorVersion":0,"patchVersion":null},"features":{"bw":false,"mobile":false,"tv":false,"proxy":false}}
DID: SCREEN: {"width":1366,"height":768}
http://findyourself/::load-page
IP: 127.0.0.1

#####
[2019-03-01 22:10:19]
TYPE: web
DATA: {"browser":{"fullName":"Chrome","name":"chrome","version":"68.0.3440","majorVersion":68,"minorVersion":0,"patchVersion":3440,"engine":"webkit"},"os":{"fullName":"Windows","name":"win","version":"10.0","versionName":"10","versionAltNames":[],"majorVersion":10,"minorVersion":0,"patchVersion":null},"features":{"bw":false,"mobile":false,"tv":false,"proxy":false}}
DID: SCREEN: {"width":1366,"height":768}
http://findyourself/::load-page
IP: 127.0.0.1

#####
[2019-03-01 22:11:09]
TYPE: web
DATA: {"browser":{"fullName":"Chrome","name":"chrome","version":"68.0.3440","majorVersion":68,"minorVersion":0,"patchVersion":3440,"engine":"webkit"},"os":{"fullName":"Windows","name":"win","version":"10.0","versionName":"10","versionAltNames":[],"majorVersion":10,"minorVersion":0,"patchVersion":null},"features":{"bw":false,"mobile":false,"tv":false,"proxy":false}}
DID: SCREEN: {"width":1366,"height":768}
http://findyourself/#::load-page
IP: 127.0.0.1

#####
[2019-03-01 22:11:10]
TYPE: web
DATA: {"browser":{"fullName":"Chrome","name":"chrome","version":"68.0.3440","majorVersion":68,"minorVersion":0,"patchVersion":3440,"engine":"webkit"},"os":{"fullName":"Windows","name":"win","version":"10.0","versionName":"10","versionAltNames":[],"majorVersion":10,"minorVersion":0,"patchVersion":null},"features":{"bw":false,"mobile":false,"tv":false,"proxy":false}}
DID: SCREEN: {"width":1366,"height":768}
http://findyourself/#::load-page
IP: 127.0.0.1

#####
[2019-03-01 22:11:27]
TYPE: web
DATA: {"browser":{"fullName":"Chrome","name":"chrome","version":"68.0.3440","majorVersion":68,"minorVersion":0,"patchVersion":3440,"engine":"webkit"},"os":{"fullName":"Windows","name":"win","version":"10.0","versionName":"10","versionAltNames":[],"majorVersion":10,"minorVersion":0,"patchVersion":null},"features":{"bw":false,"mobile":false,"tv":false,"proxy":false}}
DID: SCREEN: {"width":1366,"height":768}
http://findyourself/#::load-page
IP: 127.0.0.1

#####
[2019-03-01 22:11:33]
TYPE: web
DATA: {"browser":{"fullName":"Chrome","name":"chrome","version":"68.0.3440","majorVersion":68,"minorVersion":0,"patchVersion":3440,"engine":"webkit"},"os":{"fullName":"Windows","name":"win","version":"10.0","versionName":"10","versionAltNames":[],"majorVersion":10,"minorVersion":0,"patchVersion":null},"features":{"bw":false,"mobile":false,"tv":false,"proxy":false}}
DID: SCREEN: {"width":1366,"height":768}
http://findyourself/#::load-page
IP: 127.0.0.1

#####
[2019-03-01 22:11:50]
TYPE: web
DATA: {"browser":{"fullName":"Chrome","name":"chrome","version":"68.0.3440","majorVersion":68,"minorVersion":0,"patchVersion":3440,"engine":"webkit"},"os":{"fullName":"Windows","name":"win","version":"10.0","versionName":"10","versionAltNames":[],"majorVersion":10,"minorVersion":0,"patchVersion":null},"features":{"bw":false,"mobile":false,"tv":false,"proxy":false}}
DID: SCREEN: {"width":1366,"height":768}
http://findyourself/#::load-page
IP: 127.0.0.1

#####
[2019-03-01 22:11:59]
TYPE: web
DATA: {"browser":{"fullName":"Chrome","name":"chrome","version":"68.0.3440","majorVersion":68,"minorVersion":0,"patchVersion":3440,"engine":"webkit"},"os":{"fullName":"Windows","name":"win","version":"10.0","versionName":"10","versionAltNames":[],"majorVersion":10,"minorVersion":0,"patchVersion":null},"features":{"bw":false,"mobile":false,"tv":false,"proxy":false}}
DID: SCREEN: {"width":1366,"height":768}
http://findyourself/#::load-page
IP: 127.0.0.1

#####
[2019-03-01 22:12:05]
TYPE: web
DATA: {"browser":{"fullName":"Chrome","name":"chrome","version":"68.0.3440","majorVersion":68,"minorVersion":0,"patchVersion":3440,"engine":"webkit"},"os":{"fullName":"Windows","name":"win","version":"10.0","versionName":"10","versionAltNames":[],"majorVersion":10,"minorVersion":0,"patchVersion":null},"features":{"bw":false,"mobile":false,"tv":false,"proxy":false}}
DID: SCREEN: {"width":1366,"height":768}
http://findyourself/#::load-page
IP: 127.0.0.1

#####
[2019-03-01 22:12:11]
TYPE: web
DATA: {"browser":{"fullName":"Chrome","name":"chrome","version":"68.0.3440","majorVersion":68,"minorVersion":0,"patchVersion":3440,"engine":"webkit"},"os":{"fullName":"Windows","name":"win","version":"10.0","versionName":"10","versionAltNames":[],"majorVersion":10,"minorVersion":0,"patchVersion":null},"features":{"bw":false,"mobile":false,"tv":false,"proxy":false}}
DID: SCREEN: {"width":1366,"height":768}
http://findyourself/#::load-page
IP: 127.0.0.1

#####
[2019-03-01 22:12:17]
TYPE: web
DATA: {"browser":{"fullName":"Chrome","name":"chrome","version":"68.0.3440","majorVersion":68,"minorVersion":0,"patchVersion":3440,"engine":"webkit"},"os":{"fullName":"Windows","name":"win","version":"10.0","versionName":"10","versionAltNames":[],"majorVersion":10,"minorVersion":0,"patchVersion":null},"features":{"bw":false,"mobile":false,"tv":false,"proxy":false}}
DID: SCREEN: {"width":1366,"height":768}
http://findyourself/#::load-page
IP: 127.0.0.1

#####
[2019-03-01 22:12:23]
TYPE: web
DATA: {"browser":{"fullName":"Chrome","name":"chrome","version":"68.0.3440","majorVersion":68,"minorVersion":0,"patchVersion":3440,"engine":"webkit"},"os":{"fullName":"Windows","name":"win","version":"10.0","versionName":"10","versionAltNames":[],"majorVersion":10,"minorVersion":0,"patchVersion":null},"features":{"bw":false,"mobile":false,"tv":false,"proxy":false}}
DID: SCREEN: {"width":1366,"height":768}
http://findyourself/#::load-page
IP: 127.0.0.1

#####
[2019-03-01 22:12:54]
TYPE: web
DATA: {"browser":{"fullName":"Chrome","name":"chrome","version":"68.0.3440","majorVersion":68,"minorVersion":0,"patchVersion":3440,"engine":"webkit"},"os":{"fullName":"Windows","name":"win","version":"10.0","versionName":"10","versionAltNames":[],"majorVersion":10,"minorVersion":0,"patchVersion":null},"features":{"bw":false,"mobile":false,"tv":false,"proxy":false}}
DID: SCREEN: {"width":1366,"height":768}
http://findyourself/#::load-page
IP: 127.0.0.1

#####
[2019-03-01 22:13:00]
TYPE: web
DATA: {"browser":{"fullName":"Chrome","name":"chrome","version":"68.0.3440","majorVersion":68,"minorVersion":0,"patchVersion":3440,"engine":"webkit"},"os":{"fullName":"Windows","name":"win","version":"10.0","versionName":"10","versionAltNames":[],"majorVersion":10,"minorVersion":0,"patchVersion":null},"features":{"bw":false,"mobile":false,"tv":false,"proxy":false}}
DID: SCREEN: {"width":1366,"height":768}
http://findyourself/#::load-page
IP: 127.0.0.1

#####
[2019-03-01 22:13:24]
TYPE: web
DATA: {"browser":{"fullName":"Chrome","name":"chrome","version":"68.0.3440","majorVersion":68,"minorVersion":0,"patchVersion":3440,"engine":"webkit"},"os":{"fullName":"Windows","name":"win","version":"10.0","versionName":"10","versionAltNames":[],"majorVersion":10,"minorVersion":0,"patchVersion":null},"features":{"bw":false,"mobile":false,"tv":false,"proxy":false}}
DID: SCREEN: {"width":1366,"height":768}
http://findyourself/#::load-page
IP: 127.0.0.1

#####
[2019-03-01 22:21:48]
TYPE: web
DATA: {"browser":{"fullName":"Chrome","name":"chrome","version":"68.0.3440","majorVersion":68,"minorVersion":0,"patchVersion":3440,"engine":"webkit"},"os":{"fullName":"Windows","name":"win","version":"10.0","versionName":"10","versionAltNames":[],"majorVersion":10,"minorVersion":0,"patchVersion":null},"features":{"bw":false,"mobile":false,"tv":false,"proxy":false}}
DID: SCREEN: {"width":1366,"height":768}
http://findyourself/#::load-page
IP: 127.0.0.1

#####
[2019-03-01 22:21:57]
TYPE: web
DATA: {"browser":{"fullName":"Chrome","name":"chrome","version":"68.0.3440","majorVersion":68,"minorVersion":0,"patchVersion":3440,"engine":"webkit"},"os":{"fullName":"Windows","name":"win","version":"10.0","versionName":"10","versionAltNames":[],"majorVersion":10,"minorVersion":0,"patchVersion":null},"features":{"bw":false,"mobile":false,"tv":false,"proxy":false}}
DID: SCREEN: {"width":1366,"height":768}
http://findyourself/#::load-page
IP: 127.0.0.1

#####
[2019-03-01 22:22:00]
TYPE: web
DATA: {"browser":{"fullName":"Chrome","name":"chrome","version":"68.0.3440","majorVersion":68,"minorVersion":0,"patchVersion":3440,"engine":"webkit"},"os":{"fullName":"Windows","name":"win","version":"10.0","versionName":"10","versionAltNames":[],"majorVersion":10,"minorVersion":0,"patchVersion":null},"features":{"bw":false,"mobile":false,"tv":false,"proxy":false}}
DID: SCREEN: {"width":1366,"height":768}
http://findyourself/#::load-page
IP: 127.0.0.1

#####
[2019-03-01 22:22:02]
TYPE: web
DATA: {"browser":{"fullName":"Chrome","name":"chrome","version":"68.0.3440","majorVersion":68,"minorVersion":0,"patchVersion":3440,"engine":"webkit"},"os":{"fullName":"Windows","name":"win","version":"10.0","versionName":"10","versionAltNames":[],"majorVersion":10,"minorVersion":0,"patchVersion":null},"features":{"bw":false,"mobile":false,"tv":false,"proxy":false}}
DID: SCREEN: {"width":1366,"height":768}
http://findyourself/#::load-page
IP: 127.0.0.1

#####
[2019-03-01 22:22:08]
TYPE: web
DATA: {"browser":{"fullName":"Chrome","name":"chrome","version":"68.0.3440","majorVersion":68,"minorVersion":0,"patchVersion":3440,"engine":"webkit"},"os":{"fullName":"Windows","name":"win","version":"10.0","versionName":"10","versionAltNames":[],"majorVersion":10,"minorVersion":0,"patchVersion":null},"features":{"bw":false,"mobile":false,"tv":false,"proxy":false}}
DID: SCREEN: {"width":1366,"height":768}
http://findyourself/#::load-page
IP: 127.0.0.1

#####
[2019-03-01 22:22:11]
TYPE: web
DATA: {"browser":{"fullName":"Chrome","name":"chrome","version":"68.0.3440","majorVersion":68,"minorVersion":0,"patchVersion":3440,"engine":"webkit"},"os":{"fullName":"Windows","name":"win","version":"10.0","versionName":"10","versionAltNames":[],"majorVersion":10,"minorVersion":0,"patchVersion":null},"features":{"bw":false,"mobile":false,"tv":false,"proxy":false}}
DID: SCREEN: {"width":1366,"height":768}
http://findyourself/#::load-page
IP: 127.0.0.1

#####
[2019-03-01 22:22:15]
TYPE: web
DATA: {"browser":{"fullName":"Chrome","name":"chrome","version":"68.0.3440","majorVersion":68,"minorVersion":0,"patchVersion":3440,"engine":"webkit"},"os":{"fullName":"Windows","name":"win","version":"10.0","versionName":"10","versionAltNames":[],"majorVersion":10,"minorVersion":0,"patchVersion":null},"features":{"bw":false,"mobile":false,"tv":false,"proxy":false}}
DID: SCREEN: {"width":1366,"height":768}
http://findyourself/#::load-page
IP: 127.0.0.1

#####
[2019-03-01 22:22:23]
TYPE: web
DATA: {"browser":{"fullName":"Chrome","name":"chrome","version":"68.0.3440","majorVersion":68,"minorVersion":0,"patchVersion":3440,"engine":"webkit"},"os":{"fullName":"Windows","name":"win","version":"10.0","versionName":"10","versionAltNames":[],"majorVersion":10,"minorVersion":0,"patchVersion":null},"features":{"bw":false,"mobile":false,"tv":false,"proxy":false}}
DID: SCREEN: {"width":1366,"height":768}
http://findyourself/#::load-page
IP: 127.0.0.1

#####
[2019-03-01 22:23:49]
TYPE: web
DATA: {"browser":{"fullName":"Chrome","name":"chrome","version":"68.0.3440","majorVersion":68,"minorVersion":0,"patchVersion":3440,"engine":"webkit"},"os":{"fullName":"Windows","name":"win","version":"10.0","versionName":"10","versionAltNames":[],"majorVersion":10,"minorVersion":0,"patchVersion":null},"features":{"bw":false,"mobile":false,"tv":false,"proxy":false}}
DID: SCREEN: {"width":1366,"height":768}
http://findyourself/professions/::load-page
IP: 127.0.0.1

#####
[2019-03-01 22:23:52]
TYPE: web
DATA: {"browser":{"fullName":"Chrome","name":"chrome","version":"68.0.3440","majorVersion":68,"minorVersion":0,"patchVersion":3440,"engine":"webkit"},"os":{"fullName":"Windows","name":"win","version":"10.0","versionName":"10","versionAltNames":[],"majorVersion":10,"minorVersion":0,"patchVersion":null},"features":{"bw":false,"mobile":false,"tv":false,"proxy":false}}
DID: SCREEN: {"width":1366,"height":768}
http://findyourself/#::load-page
IP: 127.0.0.1

#####
[2019-03-01 22:23:55]
TYPE: web
DATA: {"browser":{"fullName":"Chrome","name":"chrome","version":"68.0.3440","majorVersion":68,"minorVersion":0,"patchVersion":3440,"engine":"webkit"},"os":{"fullName":"Windows","name":"win","version":"10.0","versionName":"10","versionAltNames":[],"majorVersion":10,"minorVersion":0,"patchVersion":null},"features":{"bw":false,"mobile":false,"tv":false,"proxy":false}}
DID: SCREEN: {"width":1366,"height":768}
http://findyourself/test/::load-page
IP: 127.0.0.1

#####
[2019-03-01 22:24:00]
TYPE: web
DATA: {"browser":{"fullName":"Chrome","name":"chrome","version":"68.0.3440","majorVersion":68,"minorVersion":0,"patchVersion":3440,"engine":"webkit"},"os":{"fullName":"Windows","name":"win","version":"10.0","versionName":"10","versionAltNames":[],"majorVersion":10,"minorVersion":0,"patchVersion":null},"features":{"bw":false,"mobile":false,"tv":false,"proxy":false}}
DID: SCREEN: {"width":1366,"height":768}
http://findyourself/download-app/::load-page
IP: 127.0.0.1

#####
[2019-03-01 22:24:05]
TYPE: web
DATA: {"browser":{"fullName":"Chrome","name":"chrome","version":"68.0.3440","majorVersion":68,"minorVersion":0,"patchVersion":3440,"engine":"webkit"},"os":{"fullName":"Windows","name":"win","version":"10.0","versionName":"10","versionAltNames":[],"majorVersion":10,"minorVersion":0,"patchVersion":null},"features":{"bw":false,"mobile":false,"tv":false,"proxy":false}}
DID: SCREEN: {"width":1366,"height":768}
http://findyourself/professions/::load-page
IP: 127.0.0.1

#####
[2019-03-01 22:24:06]
TYPE: web
DATA: {"browser":{"fullName":"Chrome","name":"chrome","version":"68.0.3440","majorVersion":68,"minorVersion":0,"patchVersion":3440,"engine":"webkit"},"os":{"fullName":"Windows","name":"win","version":"10.0","versionName":"10","versionAltNames":[],"majorVersion":10,"minorVersion":0,"patchVersion":null},"features":{"bw":false,"mobile":false,"tv":false,"proxy":false}}
DID: SCREEN: {"width":1366,"height":768}
http://findyourself/test/::load-page
IP: 127.0.0.1

#####
[2019-03-01 22:24:07]
TYPE: web
DATA: {"browser":{"fullName":"Chrome","name":"chrome","version":"68.0.3440","majorVersion":68,"minorVersion":0,"patchVersion":3440,"engine":"webkit"},"os":{"fullName":"Windows","name":"win","version":"10.0","versionName":"10","versionAltNames":[],"majorVersion":10,"minorVersion":0,"patchVersion":null},"features":{"bw":false,"mobile":false,"tv":false,"proxy":false}}
DID: SCREEN: {"width":1366,"height":768}
http://findyourself/#::load-page
IP: 127.0.0.1

#####
[2019-03-01 22:24:09]
TYPE: web
DATA: {"browser":{"fullName":"Chrome","name":"chrome","version":"68.0.3440","majorVersion":68,"minorVersion":0,"patchVersion":3440,"engine":"webkit"},"os":{"fullName":"Windows","name":"win","version":"10.0","versionName":"10","versionAltNames":[],"majorVersion":10,"minorVersion":0,"patchVersion":null},"features":{"bw":false,"mobile":false,"tv":false,"proxy":false}}
DID: SCREEN: {"width":1366,"height":768}
http://findyourself/test/::load-page
IP: 127.0.0.1

#####
[2019-03-01 22:24:11]
TYPE: web
DATA: {"browser":{"fullName":"Chrome","name":"chrome","version":"68.0.3440","majorVersion":68,"minorVersion":0,"patchVersion":3440,"engine":"webkit"},"os":{"fullName":"Windows","name":"win","version":"10.0","versionName":"10","versionAltNames":[],"majorVersion":10,"minorVersion":0,"patchVersion":null},"features":{"bw":false,"mobile":false,"tv":false,"proxy":false}}
DID: SCREEN: {"width":1366,"height":768}
http://findyourself/#::load-page
IP: 127.0.0.1

#####
[2019-03-01 22:25:49]
TYPE: web
DATA: {"browser":{"fullName":"Chrome","name":"chrome","version":"68.0.3440","majorVersion":68,"minorVersion":0,"patchVersion":3440,"engine":"webkit"},"os":{"fullName":"Windows","name":"win","version":"10.0","versionName":"10","versionAltNames":[],"majorVersion":10,"minorVersion":0,"patchVersion":null},"features":{"bw":false,"mobile":false,"tv":false,"proxy":false}}
DID: SCREEN: {"width":1366,"height":768}
http://findyourself/news/17/Top-10 samih visokooplachivaemih professii v Belarusi/::load-page
IP: 127.0.0.1

#####
[2019-03-01 22:25:58]
TYPE: web
DATA: {"browser":{"fullName":"Chrome","name":"chrome","version":"68.0.3440","majorVersion":68,"minorVersion":0,"patchVersion":3440,"engine":"webkit"},"os":{"fullName":"Windows","name":"win","version":"10.0","versionName":"10","versionAltNames":[],"majorVersion":10,"minorVersion":0,"patchVersion":null},"features":{"bw":false,"mobile":false,"tv":false,"proxy":false}}
DID: SCREEN: {"width":1366,"height":768}
http://findyourself/::load-page
IP: 127.0.0.1

#####
[2019-03-01 22:26:15]
TYPE: web
DATA: {"browser":{"fullName":"Chrome","name":"chrome","version":"68.0.3440","majorVersion":68,"minorVersion":0,"patchVersion":3440,"engine":"webkit"},"os":{"fullName":"Android","name":"android","version":"6.0","versionName":"","versionAltNames":[],"majorVersion":6,"minorVersion":0,"patchVersion":null},"features":{"bw":false,"mobile":true,"tv":false,"proxy":false}}
DID: SCREEN: {"width":400,"height":575}
http://findyourself/::load-page
IP: 127.0.0.1

#####
[2019-03-01 22:30:44]
TYPE: web
DATA: {"browser":{"fullName":"Chrome","name":"chrome","version":"68.0.3440","majorVersion":68,"minorVersion":0,"patchVersion":3440,"engine":"webkit"},"os":{"fullName":"Windows","name":"win","version":"10.0","versionName":"10","versionAltNames":[],"majorVersion":10,"minorVersion":0,"patchVersion":null},"features":{"bw":false,"mobile":false,"tv":false,"proxy":false}}
DID: SCREEN: {"width":1366,"height":768}
http://findyourself/::load-page
IP: 127.0.0.1

#####
[2019-03-01 22:38:22]
TYPE: web
DATA: {"browser":{"fullName":"Chrome","name":"chrome","version":"68.0.3440","majorVersion":68,"minorVersion":0,"patchVersion":3440,"engine":"webkit"},"os":{"fullName":"Windows","name":"win","version":"10.0","versionName":"10","versionAltNames":[],"majorVersion":10,"minorVersion":0,"patchVersion":null},"features":{"bw":false,"mobile":false,"tv":false,"proxy":false}}
DID: SCREEN: {"width":1366,"height":768}
http://findyourself/::load-page
IP: 127.0.0.1

#####
[2019-03-01 22:38:42]
TYPE: web
DATA: {"browser":{"fullName":"Chrome","name":"chrome","version":"68.0.3440","majorVersion":68,"minorVersion":0,"patchVersion":3440,"engine":"webkit"},"os":{"fullName":"Windows","name":"win","version":"10.0","versionName":"10","versionAltNames":[],"majorVersion":10,"minorVersion":0,"patchVersion":null},"features":{"bw":false,"mobile":false,"tv":false,"proxy":false}}
DID: SCREEN: {"width":1366,"height":768}
http://findyourself/::load-page
IP: 127.0.0.1

#####
[2019-03-01 22:38:48]
TYPE: web
DATA: {"browser":{"fullName":"Chrome","name":"chrome","version":"68.0.3440","majorVersion":68,"minorVersion":0,"patchVersion":3440,"engine":"webkit"},"os":{"fullName":"Windows","name":"win","version":"10.0","versionName":"10","versionAltNames":[],"majorVersion":10,"minorVersion":0,"patchVersion":null},"features":{"bw":false,"mobile":false,"tv":false,"proxy":false}}
DID: SCREEN: {"width":1366,"height":768}
http://findyourself/professions.php::load-page
IP: 127.0.0.1

#####
[2019-03-01 22:38:50]
TYPE: web
DATA: {"browser":{"fullName":"Chrome","name":"chrome","version":"68.0.3440","majorVersion":68,"minorVersion":0,"patchVersion":3440,"engine":"webkit"},"os":{"fullName":"Windows","name":"win","version":"10.0","versionName":"10","versionAltNames":[],"majorVersion":10,"minorVersion":0,"patchVersion":null},"features":{"bw":false,"mobile":false,"tv":false,"proxy":false}}
DID: SCREEN: {"width":1366,"height":768}
http://findyourself/#::load-page
IP: 127.0.0.1

#####
[2019-03-01 22:39:12]
TYPE: web
DATA: {"browser":{"fullName":"Chrome","name":"chrome","version":"68.0.3440","majorVersion":68,"minorVersion":0,"patchVersion":3440,"engine":"webkit"},"os":{"fullName":"Windows","name":"win","version":"10.0","versionName":"10","versionAltNames":[],"majorVersion":10,"minorVersion":0,"patchVersion":null},"features":{"bw":false,"mobile":false,"tv":false,"proxy":false}}
DID: SCREEN: {"width":1366,"height":768}
http://findyourself/professions.php::load-page
IP: 127.0.0.1

#####
[2019-03-01 22:39:19]
TYPE: web
DATA: {"browser":{"fullName":"Chrome","name":"chrome","version":"68.0.3440","majorVersion":68,"minorVersion":0,"patchVersion":3440,"engine":"webkit"},"os":{"fullName":"Windows","name":"win","version":"10.0","versionName":"10","versionAltNames":[],"majorVersion":10,"minorVersion":0,"patchVersion":null},"features":{"bw":false,"mobile":false,"tv":false,"proxy":false}}
DID: SCREEN: {"width":1366,"height":768}
http://findyourself/professions.php::load-page
IP: 127.0.0.1

#####
[2019-03-01 22:39:20]
TYPE: web
DATA: {"browser":{"fullName":"Chrome","name":"chrome","version":"68.0.3440","majorVersion":68,"minorVersion":0,"patchVersion":3440,"engine":"webkit"},"os":{"fullName":"Windows","name":"win","version":"10.0","versionName":"10","versionAltNames":[],"majorVersion":10,"minorVersion":0,"patchVersion":null},"features":{"bw":false,"mobile":false,"tv":false,"proxy":false}}
DID: SCREEN: {"width":1366,"height":768}
http://findyourself/#::load-page
IP: 127.0.0.1

#####
[2019-03-01 22:39:45]
TYPE: web
DATA: {"browser":{"fullName":"Chrome","name":"chrome","version":"68.0.3440","majorVersion":68,"minorVersion":0,"patchVersion":3440,"engine":"webkit"},"os":{"fullName":"Windows","name":"win","version":"10.0","versionName":"10","versionAltNames":[],"majorVersion":10,"minorVersion":0,"patchVersion":null},"features":{"bw":false,"mobile":false,"tv":false,"proxy":false}}
DID: SCREEN: {"width":1366,"height":768}
http://findyourself/professions.php::load-page
IP: 127.0.0.1

#####
[2019-03-01 22:39:47]
TYPE: web
DATA: {"browser":{"fullName":"Chrome","name":"chrome","version":"68.0.3440","majorVersion":68,"minorVersion":0,"patchVersion":3440,"engine":"webkit"},"os":{"fullName":"Windows","name":"win","version":"10.0","versionName":"10","versionAltNames":[],"majorVersion":10,"minorVersion":0,"patchVersion":null},"features":{"bw":false,"mobile":false,"tv":false,"proxy":false}}
DID: SCREEN: {"width":1366,"height":768}
http://findyourself/#::load-page
IP: 127.0.0.1

#####
[2019-03-01 22:41:04]
TYPE: web
DATA: {"browser":{"fullName":"Chrome","name":"chrome","version":"68.0.3440","majorVersion":68,"minorVersion":0,"patchVersion":3440,"engine":"webkit"},"os":{"fullName":"Windows","name":"win","version":"10.0","versionName":"10","versionAltNames":[],"majorVersion":10,"minorVersion":0,"patchVersion":null},"features":{"bw":false,"mobile":false,"tv":false,"proxy":false}}
DID: SCREEN: {"width":1366,"height":768}
http://findyourself/professions.php::load-page
IP: 127.0.0.1

#####
[2019-03-01 22:41:05]
TYPE: web
DATA: {"browser":{"fullName":"Chrome","name":"chrome","version":"68.0.3440","majorVersion":68,"minorVersion":0,"patchVersion":3440,"engine":"webkit"},"os":{"fullName":"Windows","name":"win","version":"10.0","versionName":"10","versionAltNames":[],"majorVersion":10,"minorVersion":0,"patchVersion":null},"features":{"bw":false,"mobile":false,"tv":false,"proxy":false}}
DID: SCREEN: {"width":1366,"height":768}
http://findyourself/#::load-page
IP: 127.0.0.1

#####
[2019-03-01 22:41:17]
TYPE: web
DATA: {"browser":{"fullName":"Chrome","name":"chrome","version":"68.0.3440","majorVersion":68,"minorVersion":0,"patchVersion":3440,"engine":"webkit"},"os":{"fullName":"Windows","name":"win","version":"10.0","versionName":"10","versionAltNames":[],"majorVersion":10,"minorVersion":0,"patchVersion":null},"features":{"bw":false,"mobile":false,"tv":false,"proxy":false}}
DID: SCREEN: {"width":1366,"height":768}
http://findyourself/professions/::load-page
IP: 127.0.0.1

#####
[2019-03-01 23:00:08]
TYPE: web
DATA: {"browser":{"fullName":"Chrome","name":"chrome","version":"68.0.3440","majorVersion":68,"minorVersion":0,"patchVersion":3440,"engine":"webkit"},"os":{"fullName":"Windows","name":"win","version":"10.0","versionName":"10","versionAltNames":[],"majorVersion":10,"minorVersion":0,"patchVersion":null},"features":{"bw":false,"mobile":false,"tv":false,"proxy":false}}
DID: SCREEN: {"width":1366,"height":768}
http://findyourself/#::load-page
IP: 127.0.0.1

#####
[2019-03-01 23:01:18]
TYPE: web
DATA: {"browser":{"fullName":"Chrome","name":"chrome","version":"68.0.3440","majorVersion":68,"minorVersion":0,"patchVersion":3440,"engine":"webkit"},"os":{"fullName":"Windows","name":"win","version":"10.0","versionName":"10","versionAltNames":[],"majorVersion":10,"minorVersion":0,"patchVersion":null},"features":{"bw":false,"mobile":false,"tv":false,"proxy":false}}
DID: SCREEN: {"width":1366,"height":768}
http://findyourself/test/::load-page
IP: 127.0.0.1

#####
[2019-03-01 23:01:20]
TYPE: web
DATA: {"browser":{"fullName":"Chrome","name":"chrome","version":"68.0.3440","majorVersion":68,"minorVersion":0,"patchVersion":3440,"engine":"webkit"},"os":{"fullName":"Windows","name":"win","version":"10.0","versionName":"10","versionAltNames":[],"majorVersion":10,"minorVersion":0,"patchVersion":null},"features":{"bw":false,"mobile":false,"tv":false,"proxy":false}}
DID: SCREEN: {"width":1366,"height":768}
http://findyourself/#::load-page
IP: 127.0.0.1

#####
[2019-03-01 23:01:28]
TYPE: web
DATA: {"browser":{"fullName":"Chrome","name":"chrome","version":"68.0.3440","majorVersion":68,"minorVersion":0,"patchVersion":3440,"engine":"webkit"},"os":{"fullName":"Windows","name":"win","version":"10.0","versionName":"10","versionAltNames":[],"majorVersion":10,"minorVersion":0,"patchVersion":null},"features":{"bw":false,"mobile":false,"tv":false,"proxy":false}}
DID: SCREEN: {"width":1366,"height":768}
http://findyourself/test/::load-page
IP: 127.0.0.1

#####
[2019-03-01 23:01:30]
TYPE: web
DATA: {"browser":{"fullName":"Chrome","name":"chrome","version":"68.0.3440","majorVersion":68,"minorVersion":0,"patchVersion":3440,"engine":"webkit"},"os":{"fullName":"Windows","name":"win","version":"10.0","versionName":"10","versionAltNames":[],"majorVersion":10,"minorVersion":0,"patchVersion":null},"features":{"bw":false,"mobile":false,"tv":false,"proxy":false}}
DID: SCREEN: {"width":1366,"height":768}
http://findyourself/professions/::load-page
IP: 127.0.0.1

#####
[2019-03-01 23:01:31]
TYPE: web
DATA: {"browser":{"fullName":"Chrome","name":"chrome","version":"68.0.3440","majorVersion":68,"minorVersion":0,"patchVersion":3440,"engine":"webkit"},"os":{"fullName":"Windows","name":"win","version":"10.0","versionName":"10","versionAltNames":[],"majorVersion":10,"minorVersion":0,"patchVersion":null},"features":{"bw":false,"mobile":false,"tv":false,"proxy":false}}
DID: SCREEN: {"width":1366,"height":768}
http://findyourself/#::load-page
IP: 127.0.0.1

#####
[2019-03-01 23:02:41]
TYPE: web
DATA: {"browser":{"fullName":"Chrome","name":"chrome","version":"68.0.3440","majorVersion":68,"minorVersion":0,"patchVersion":3440,"engine":"webkit"},"os":{"fullName":"Windows","name":"win","version":"10.0","versionName":"10","versionAltNames":[],"majorVersion":10,"minorVersion":0,"patchVersion":null},"features":{"bw":false,"mobile":false,"tv":false,"proxy":false}}
DID: SCREEN: {"width":1366,"height":768}
http://findyourself/#::load-page
IP: 127.0.0.1

#####
[2019-03-01 23:03:01]
TYPE: web
DATA: {"browser":{"fullName":"Chrome","name":"chrome","version":"68.0.3440","majorVersion":68,"minorVersion":0,"patchVersion":3440,"engine":"webkit"},"os":{"fullName":"Windows","name":"win","version":"10.0","versionName":"10","versionAltNames":[],"majorVersion":10,"minorVersion":0,"patchVersion":null},"features":{"bw":false,"mobile":false,"tv":false,"proxy":false}}
DID: SCREEN: {"width":1366,"height":768}
http://findyourself/#::load-page
IP: 127.0.0.1

#####
[2019-03-01 23:07:15]
TYPE: web
DATA: {"browser":{"fullName":"Chrome","name":"chrome","version":"68.0.3440","majorVersion":68,"minorVersion":0,"patchVersion":3440,"engine":"webkit"},"os":{"fullName":"Windows","name":"win","version":"10.0","versionName":"10","versionAltNames":[],"majorVersion":10,"minorVersion":0,"patchVersion":null},"features":{"bw":false,"mobile":false,"tv":false,"proxy":false}}
DID: SCREEN: {"width":1366,"height":768}
http://findyourself/professions/::load-page
IP: 127.0.0.1

#####
[2019-03-01 23:07:17]
TYPE: web
DATA: {"browser":{"fullName":"Chrome","name":"chrome","version":"68.0.3440","majorVersion":68,"minorVersion":0,"patchVersion":3440,"engine":"webkit"},"os":{"fullName":"Windows","name":"win","version":"10.0","versionName":"10","versionAltNames":[],"majorVersion":10,"minorVersion":0,"patchVersion":null},"features":{"bw":false,"mobile":false,"tv":false,"proxy":false}}
DID: SCREEN: {"width":1366,"height":768}
http://findyourself/test/::load-page
IP: 127.0.0.1

#####
[2019-03-01 23:07:18]
TYPE: web
DATA: {"browser":{"fullName":"Chrome","name":"chrome","version":"68.0.3440","majorVersion":68,"minorVersion":0,"patchVersion":3440,"engine":"webkit"},"os":{"fullName":"Windows","name":"win","version":"10.0","versionName":"10","versionAltNames":[],"majorVersion":10,"minorVersion":0,"patchVersion":null},"features":{"bw":false,"mobile":false,"tv":false,"proxy":false}}
DID: SCREEN: {"width":1366,"height":768}
http://findyourself/professions/::load-page
IP: 127.0.0.1

#####
[2019-03-01 23:07:22]
TYPE: web
DATA: {"browser":{"fullName":"Chrome","name":"chrome","version":"68.0.3440","majorVersion":68,"minorVersion":0,"patchVersion":3440,"engine":"webkit"},"os":{"fullName":"Windows","name":"win","version":"10.0","versionName":"10","versionAltNames":[],"majorVersion":10,"minorVersion":0,"patchVersion":null},"features":{"bw":false,"mobile":false,"tv":false,"proxy":false}}
DID: SCREEN: {"width":1366,"height":768}
http://findyourself/#::load-page
IP: 127.0.0.1

#####
[2019-03-01 23:07:24]
TYPE: web
DATA: {"browser":{"fullName":"Chrome","name":"chrome","version":"68.0.3440","majorVersion":68,"minorVersion":0,"patchVersion":3440,"engine":"webkit"},"os":{"fullName":"Windows","name":"win","version":"10.0","versionName":"10","versionAltNames":[],"majorVersion":10,"minorVersion":0,"patchVersion":null},"features":{"bw":false,"mobile":false,"tv":false,"proxy":false}}
DID: SCREEN: {"width":1366,"height":768}
http://findyourself/test/::load-page
IP: 127.0.0.1

#####
[2019-03-01 23:08:57]
TYPE: web
DATA: {"browser":{"fullName":"Chrome","name":"chrome","version":"68.0.3440","majorVersion":68,"minorVersion":0,"patchVersion":3440,"engine":"webkit"},"os":{"fullName":"Windows","name":"win","version":"10.0","versionName":"10","versionAltNames":[],"majorVersion":10,"minorVersion":0,"patchVersion":null},"features":{"bw":false,"mobile":false,"tv":false,"proxy":false}}
DID: SCREEN: {"width":1366,"height":768}
http://findyourself/#::load-page
IP: 127.0.0.1

#####
[2019-03-01 23:09:02]
TYPE: web
DATA: {"browser":{"fullName":"Chrome","name":"chrome","version":"68.0.3440","majorVersion":68,"minorVersion":0,"patchVersion":3440,"engine":"webkit"},"os":{"fullName":"Windows","name":"win","version":"10.0","versionName":"10","versionAltNames":[],"majorVersion":10,"minorVersion":0,"patchVersion":null},"features":{"bw":false,"mobile":false,"tv":false,"proxy":false}}
DID: SCREEN: {"width":1366,"height":768}
http://findyourself/#::load-page
IP: 127.0.0.1

#####
[2019-03-01 23:09:09]
TYPE: web
DATA: {"browser":{"fullName":"Chrome","name":"chrome","version":"68.0.3440","majorVersion":68,"minorVersion":0,"patchVersion":3440,"engine":"webkit"},"os":{"fullName":"Windows","name":"win","version":"10.0","versionName":"10","versionAltNames":[],"majorVersion":10,"minorVersion":0,"patchVersion":null},"features":{"bw":false,"mobile":false,"tv":false,"proxy":false}}
DID: SCREEN: {"width":1366,"height":768}
http://findyourself/#::load-page
IP: 127.0.0.1

#####
[2019-03-01 23:10:53]
TYPE: web
DATA: {"browser":{"fullName":"Chrome","name":"chrome","version":"68.0.3440","majorVersion":68,"minorVersion":0,"patchVersion":3440,"engine":"webkit"},"os":{"fullName":"Windows","name":"win","version":"10.0","versionName":"10","versionAltNames":[],"majorVersion":10,"minorVersion":0,"patchVersion":null},"features":{"bw":false,"mobile":false,"tv":false,"proxy":false}}
DID: SCREEN: {"width":1366,"height":768}
http://findyourself/professions.php::load-page
IP: 127.0.0.1

#####
[2019-03-01 23:23:37]
TYPE: web
DATA: {"browser":{"fullName":"Chrome","name":"chrome","version":"68.0.3440","majorVersion":68,"minorVersion":0,"patchVersion":3440,"engine":"webkit"},"os":{"fullName":"Windows","name":"win","version":"10.0","versionName":"10","versionAltNames":[],"majorVersion":10,"minorVersion":0,"patchVersion":null},"features":{"bw":false,"mobile":false,"tv":false,"proxy":false}}
DID: SCREEN: {"width":1366,"height":768}
http://findyourself/professions.php::load-page
IP: 127.0.0.1

#####
[2019-03-01 23:23:39]
TYPE: web
DATA: {"browser":{"fullName":"Chrome","name":"chrome","version":"68.0.3440","majorVersion":68,"minorVersion":0,"patchVersion":3440,"engine":"webkit"},"os":{"fullName":"Windows","name":"win","version":"10.0","versionName":"10","versionAltNames":[],"majorVersion":10,"minorVersion":0,"patchVersion":null},"features":{"bw":false,"mobile":false,"tv":false,"proxy":false}}
DID: SCREEN: {"width":1366,"height":768}
http://findyourself/#::load-page
IP: 127.0.0.1

#####
[2019-03-01 23:24:04]
TYPE: web
DATA: {"browser":{"fullName":"Chrome","name":"chrome","version":"68.0.3440","majorVersion":68,"minorVersion":0,"patchVersion":3440,"engine":"webkit"},"os":{"fullName":"Windows","name":"win","version":"10.0","versionName":"10","versionAltNames":[],"majorVersion":10,"minorVersion":0,"patchVersion":null},"features":{"bw":false,"mobile":false,"tv":false,"proxy":false}}
DID: SCREEN: {"width":1366,"height":768}
http://findyourself/#::load-page
IP: 127.0.0.1

#####
[2019-03-01 23:25:37]
TYPE: web
DATA: {"browser":{"fullName":"Chrome","name":"chrome","version":"68.0.3440","majorVersion":68,"minorVersion":0,"patchVersion":3440,"engine":"webkit"},"os":{"fullName":"Windows","name":"win","version":"10.0","versionName":"10","versionAltNames":[],"majorVersion":10,"minorVersion":0,"patchVersion":null},"features":{"bw":false,"mobile":false,"tv":false,"proxy":false}}
DID: SCREEN: {"width":1366,"height":768}
http://findyourself/#::load-page
IP: 127.0.0.1

#####
[2019-03-01 23:25:59]
TYPE: web
DATA: {"browser":{"fullName":"Chrome","name":"chrome","version":"68.0.3440","majorVersion":68,"minorVersion":0,"patchVersion":3440,"engine":"webkit"},"os":{"fullName":"Windows","name":"win","version":"10.0","versionName":"10","versionAltNames":[],"majorVersion":10,"minorVersion":0,"patchVersion":null},"features":{"bw":false,"mobile":false,"tv":false,"proxy":false}}
DID: SCREEN: {"width":1366,"height":768}
http://findyourself/#::load-page
IP: 127.0.0.1

#####
[2019-03-01 23:26:38]
TYPE: web
DATA: {"browser":{"fullName":"Chrome","name":"chrome","version":"68.0.3440","majorVersion":68,"minorVersion":0,"patchVersion":3440,"engine":"webkit"},"os":{"fullName":"Windows","name":"win","version":"10.0","versionName":"10","versionAltNames":[],"majorVersion":10,"minorVersion":0,"patchVersion":null},"features":{"bw":false,"mobile":false,"tv":false,"proxy":false}}
DID: SCREEN: {"width":1366,"height":768}
http://findyourself/#::load-page
IP: 127.0.0.1

#####
[2019-03-01 23:26:40]
TYPE: web
DATA: {"browser":{"fullName":"Chrome","name":"chrome","version":"68.0.3440","majorVersion":68,"minorVersion":0,"patchVersion":3440,"engine":"webkit"},"os":{"fullName":"Windows","name":"win","version":"10.0","versionName":"10","versionAltNames":[],"majorVersion":10,"minorVersion":0,"patchVersion":null},"features":{"bw":false,"mobile":false,"tv":false,"proxy":false}}
DID: SCREEN: {"width":1366,"height":768}
http://findyourself/#::load-page
IP: 127.0.0.1
