
#####
[2019-02-20 15:11:42]
TYPE: web
DATA: {"browser":{"fullName":"Chrome","name":"chrome","version":"72.0.3626","majorVersion":72,"minorVersion":0,"patchVersion":3626,"engine":"webkit"},"os":{"fullName":"Windows","name":"win","version":"10.0","versionName":"10","versionAltNames":[],"majorVersion":10,"minorVersion":0,"patchVersion":null},"features":{"bw":false,"mobile":false,"tv":false,"proxy":false}}
DID: SCREEN: {"width":1600,"height":900}
http://project/admin/::load-page
IP: 127.0.0.1

#####
[2019-02-20 15:11:56]
TYPE: web
DATA: {"browser":{"fullName":"Chrome","name":"chrome","version":"72.0.3626","majorVersion":72,"minorVersion":0,"patchVersion":3626,"engine":"webkit"},"os":{"fullName":"Windows","name":"win","version":"10.0","versionName":"10","versionAltNames":[],"majorVersion":10,"minorVersion":0,"patchVersion":null},"features":{"bw":false,"mobile":false,"tv":false,"proxy":false}}
DID: SCREEN: {"width":1600,"height":900}
http://project/#::load-page
IP: 127.0.0.1

#####
[2019-02-20 15:11:59]
TYPE: web
DATA: {"browser":{"fullName":"Chrome","name":"chrome","version":"72.0.3626","majorVersion":72,"minorVersion":0,"patchVersion":3626,"engine":"webkit"},"os":{"fullName":"Windows","name":"win","version":"10.0","versionName":"10","versionAltNames":[],"majorVersion":10,"minorVersion":0,"patchVersion":null},"features":{"bw":false,"mobile":false,"tv":false,"proxy":false}}
DID: SCREEN: {"width":1600,"height":900}
http://project/help/::load-page
IP: 127.0.0.1

#####
[2019-02-20 15:13:33]
TYPE: web
DATA: {"browser":{"fullName":"Chrome","name":"chrome","version":"72.0.3626","majorVersion":72,"minorVersion":0,"patchVersion":3626,"engine":"webkit"},"os":{"fullName":"Windows","name":"win","version":"10.0","versionName":"10","versionAltNames":[],"majorVersion":10,"minorVersion":0,"patchVersion":null},"features":{"bw":false,"mobile":false,"tv":false,"proxy":false}}
DID: SCREEN: {"width":1600,"height":900}
http://project/#::load-page
IP: 127.0.0.1

#####
[2019-02-20 15:13:57]
TYPE: web
DATA: {"browser":{"fullName":"Chrome","name":"chrome","version":"72.0.3626","majorVersion":72,"minorVersion":0,"patchVersion":3626,"engine":"webkit"},"os":{"fullName":"Windows","name":"win","version":"10.0","versionName":"10","versionAltNames":[],"majorVersion":10,"minorVersion":0,"patchVersion":null},"features":{"bw":false,"mobile":false,"tv":false,"proxy":false}}
DID: SCREEN: {"width":1600,"height":900}
http://project/#::load-page
IP: 127.0.0.1

#####
[2019-02-20 15:14:37]
TYPE: web
DATA: {"browser":{"fullName":"Chrome","name":"chrome","version":"72.0.3626","majorVersion":72,"minorVersion":0,"patchVersion":3626,"engine":"webkit"},"os":{"fullName":"Windows","name":"win","version":"10.0","versionName":"10","versionAltNames":[],"majorVersion":10,"minorVersion":0,"patchVersion":null},"features":{"bw":false,"mobile":false,"tv":false,"proxy":false}}
DID: SCREEN: {"width":1600,"height":900}
http://project/download-app/::load-page
IP: 127.0.0.1

#####
[2019-02-20 15:14:48]
TYPE: web
DATA: {"browser":{"fullName":"Chrome","name":"chrome","version":"72.0.3626","majorVersion":72,"minorVersion":0,"patchVersion":3626,"engine":"webkit"},"os":{"fullName":"Windows","name":"win","version":"10.0","versionName":"10","versionAltNames":[],"majorVersion":10,"minorVersion":0,"patchVersion":null},"features":{"bw":false,"mobile":false,"tv":false,"proxy":false}}
DID: SCREEN: {"width":1600,"height":900}
http://project/#::load-page
IP: 127.0.0.1

#####
[2019-02-20 15:15:09]
TYPE: web
DATA: {"browser":{"fullName":"Chrome","name":"chrome","version":"72.0.3626","majorVersion":72,"minorVersion":0,"patchVersion":3626,"engine":"webkit"},"os":{"fullName":"Windows","name":"win","version":"10.0","versionName":"10","versionAltNames":[],"majorVersion":10,"minorVersion":0,"patchVersion":null},"features":{"bw":false,"mobile":false,"tv":false,"proxy":false}}
DID: SCREEN: {"width":1600,"height":900}
http://project/help/::load-page
IP: 127.0.0.1

#####
[2019-02-20 15:15:56]
TYPE: web
DATA: {"browser":{"fullName":"Chrome","name":"chrome","version":"72.0.3626","majorVersion":72,"minorVersion":0,"patchVersion":3626,"engine":"webkit"},"os":{"fullName":"Windows","name":"win","version":"10.0","versionName":"10","versionAltNames":[],"majorVersion":10,"minorVersion":0,"patchVersion":null},"features":{"bw":false,"mobile":false,"tv":false,"proxy":false}}
DID: SCREEN: {"width":1600,"height":900}
http://project/download-app/#::load-page
IP: 127.0.0.1

#####
[2019-02-20 15:16:14]
TYPE: web
DATA: {"browser":{"fullName":"Chrome","name":"chrome","version":"72.0.3626","majorVersion":72,"minorVersion":0,"patchVersion":3626,"engine":"webkit"},"os":{"fullName":"Windows","name":"win","version":"10.0","versionName":"10","versionAltNames":[],"majorVersion":10,"minorVersion":0,"patchVersion":null},"features":{"bw":false,"mobile":false,"tv":false,"proxy":false}}
DID: SCREEN: {"width":1600,"height":900}
http://project/test/::load-page
IP: 127.0.0.1

#####
[2019-02-20 15:17:31]
TYPE: web
DATA: {"browser":{"fullName":"Chrome","name":"chrome","version":"72.0.3626","majorVersion":72,"minorVersion":0,"patchVersion":3626,"engine":"webkit"},"os":{"fullName":"Windows","name":"win","version":"10.0","versionName":"10","versionAltNames":[],"majorVersion":10,"minorVersion":0,"patchVersion":null},"features":{"bw":false,"mobile":false,"tv":false,"proxy":false}}
DID: SCREEN: {"width":1600,"height":900}
http://project/test/::load-page
IP: 127.0.0.1

#####
[2019-02-20 15:17:35]
TYPE: web
DATA: {"browser":{"fullName":"Chrome","name":"chrome","version":"72.0.3626","majorVersion":72,"minorVersion":0,"patchVersion":3626,"engine":"webkit"},"os":{"fullName":"Windows","name":"win","version":"10.0","versionName":"10","versionAltNames":[],"majorVersion":10,"minorVersion":0,"patchVersion":null},"features":{"bw":false,"mobile":false,"tv":false,"proxy":false}}
DID: SCREEN: {"width":1600,"height":900}
http://project/help/::load-page
IP: 127.0.0.1

#####
[2019-02-20 20:05:07]
TYPE: web
DATA: {"browser":{"fullName":"Chrome","name":"chrome","version":"72.0.3626","majorVersion":72,"minorVersion":0,"patchVersion":3626,"engine":"webkit"},"os":{"fullName":"Windows","name":"win","version":"10.0","versionName":"10","versionAltNames":[],"majorVersion":10,"minorVersion":0,"patchVersion":null},"features":{"bw":false,"mobile":false,"tv":false,"proxy":false}}
DID: SCREEN: {"width":1600,"height":900}
http://project/#::load-page
IP: 127.0.0.1

#####
[2019-02-20 20:06:32]
TYPE: web
DATA: {"browser":{"fullName":"Chrome","name":"chrome","version":"72.0.3626","majorVersion":72,"minorVersion":0,"patchVersion":3626,"engine":"webkit"},"os":{"fullName":"Windows","name":"win","version":"10.0","versionName":"10","versionAltNames":[],"majorVersion":10,"minorVersion":0,"patchVersion":null},"features":{"bw":false,"mobile":false,"tv":false,"proxy":false}}
DID: SCREEN: {"width":1600,"height":900}
http://project/download-app/::load-page
IP: 127.0.0.1

#####
[2019-02-20 20:27:26]
TYPE: web
DATA: {"browser":{"fullName":"Chrome","name":"chrome","version":"72.0.3626","majorVersion":72,"minorVersion":0,"patchVersion":3626,"engine":"webkit"},"os":{"fullName":"Windows","name":"win","version":"10.0","versionName":"10","versionAltNames":[],"majorVersion":10,"minorVersion":0,"patchVersion":null},"features":{"bw":false,"mobile":false,"tv":false,"proxy":false}}
DID: SCREEN: {"width":1600,"height":900}
http://project/help/::load-page
IP: 127.0.0.1

#####
[2019-02-20 20:27:28]
TYPE: web
DATA: {"browser":{"fullName":"Chrome","name":"chrome","version":"72.0.3626","majorVersion":72,"minorVersion":0,"patchVersion":3626,"engine":"webkit"},"os":{"fullName":"Windows","name":"win","version":"10.0","versionName":"10","versionAltNames":[],"majorVersion":10,"minorVersion":0,"patchVersion":null},"features":{"bw":false,"mobile":false,"tv":false,"proxy":false}}
DID: SCREEN: {"width":1600,"height":900}
http://project/#::load-page
IP: 127.0.0.1

#####
[2019-02-20 20:27:28]
TYPE: web
DATA: {"browser":{"fullName":"Chrome","name":"chrome","version":"72.0.3626","majorVersion":72,"minorVersion":0,"patchVersion":3626,"engine":"webkit"},"os":{"fullName":"Windows","name":"win","version":"10.0","versionName":"10","versionAltNames":[],"majorVersion":10,"minorVersion":0,"patchVersion":null},"features":{"bw":false,"mobile":false,"tv":false,"proxy":false}}
DID: SCREEN: {"width":1600,"height":900}
http://project/help/::load-page
IP: 127.0.0.1

#####
[2019-02-20 20:27:30]
TYPE: web
DATA: {"browser":{"fullName":"Chrome","name":"chrome","version":"72.0.3626","majorVersion":72,"minorVersion":0,"patchVersion":3626,"engine":"webkit"},"os":{"fullName":"Windows","name":"win","version":"10.0","versionName":"10","versionAltNames":[],"majorVersion":10,"minorVersion":0,"patchVersion":null},"features":{"bw":false,"mobile":false,"tv":false,"proxy":false}}
DID: SCREEN: {"width":1600,"height":900}
http://project/help/::load-page
IP: 127.0.0.1

#####
[2019-02-20 20:27:31]
TYPE: web
DATA: {"browser":{"fullName":"Chrome","name":"chrome","version":"72.0.3626","majorVersion":72,"minorVersion":0,"patchVersion":3626,"engine":"webkit"},"os":{"fullName":"Windows","name":"win","version":"10.0","versionName":"10","versionAltNames":[],"majorVersion":10,"minorVersion":0,"patchVersion":null},"features":{"bw":false,"mobile":false,"tv":false,"proxy":false}}
DID: SCREEN: {"width":1600,"height":900}
http://project/#::load-page
IP: 127.0.0.1

#####
[2019-02-20 20:27:32]
TYPE: web
DATA: {"browser":{"fullName":"Chrome","name":"chrome","version":"72.0.3626","majorVersion":72,"minorVersion":0,"patchVersion":3626,"engine":"webkit"},"os":{"fullName":"Windows","name":"win","version":"10.0","versionName":"10","versionAltNames":[],"majorVersion":10,"minorVersion":0,"patchVersion":null},"features":{"bw":false,"mobile":false,"tv":false,"proxy":false}}
DID: SCREEN: {"width":1600,"height":900}
http://project/help/::load-page
IP: 127.0.0.1

#####
[2019-02-20 20:27:46]
TYPE: web
DATA: {"browser":{"fullName":"Chrome","name":"chrome","version":"72.0.3626","majorVersion":72,"minorVersion":0,"patchVersion":3626,"engine":"webkit"},"os":{"fullName":"Windows","name":"win","version":"10.0","versionName":"10","versionAltNames":[],"majorVersion":10,"minorVersion":0,"patchVersion":null},"features":{"bw":false,"mobile":false,"tv":false,"proxy":false}}
DID: SCREEN: {"width":1600,"height":900}
http://project/help/::load-page
IP: 127.0.0.1

#####
[2019-02-20 20:27:52]
TYPE: web
DATA: {"browser":{"fullName":"Chrome","name":"chrome","version":"72.0.3626","majorVersion":72,"minorVersion":0,"patchVersion":3626,"engine":"webkit"},"os":{"fullName":"Windows","name":"win","version":"10.0","versionName":"10","versionAltNames":[],"majorVersion":10,"minorVersion":0,"patchVersion":null},"features":{"bw":false,"mobile":false,"tv":false,"proxy":false}}
DID: SCREEN: {"width":1600,"height":900}
http://project/::load-page
IP: 127.0.0.1

#####
[2019-02-20 20:27:55]
TYPE: web
DATA: {"browser":{"fullName":"Chrome","name":"chrome","version":"72.0.3626","majorVersion":72,"minorVersion":0,"patchVersion":3626,"engine":"webkit"},"os":{"fullName":"Windows","name":"win","version":"10.0","versionName":"10","versionAltNames":[],"majorVersion":10,"minorVersion":0,"patchVersion":null},"features":{"bw":false,"mobile":false,"tv":false,"proxy":false}}
DID: SCREEN: {"width":1600,"height":900}
http://project/help/::load-page
IP: 127.0.0.1

#####
[2019-02-20 20:27:56]
TYPE: web
DATA: {"browser":{"fullName":"Chrome","name":"chrome","version":"72.0.3626","majorVersion":72,"minorVersion":0,"patchVersion":3626,"engine":"webkit"},"os":{"fullName":"Windows","name":"win","version":"10.0","versionName":"10","versionAltNames":[],"majorVersion":10,"minorVersion":0,"patchVersion":null},"features":{"bw":false,"mobile":false,"tv":false,"proxy":false}}
DID: SCREEN: {"width":1600,"height":900}
http://project/#::load-page
IP: 127.0.0.1

#####
[2019-02-20 20:27:57]
TYPE: web
DATA: {"browser":{"fullName":"Chrome","name":"chrome","version":"72.0.3626","majorVersion":72,"minorVersion":0,"patchVersion":3626,"engine":"webkit"},"os":{"fullName":"Windows","name":"win","version":"10.0","versionName":"10","versionAltNames":[],"majorVersion":10,"minorVersion":0,"patchVersion":null},"features":{"bw":false,"mobile":false,"tv":false,"proxy":false}}
DID: SCREEN: {"width":1600,"height":900}
http://project/help/::load-page
IP: 127.0.0.1
