
#####
[2019-02-28 11:34:52]
TYPE: web
DATA: {"browser":{"fullName":"Chrome","name":"chrome","version":"68.0.3440","majorVersion":68,"minorVersion":0,"patchVersion":3440,"engine":"webkit"},"os":{"fullName":"Windows","name":"win","version":"10.0","versionName":"10","versionAltNames":[],"majorVersion":10,"minorVersion":0,"patchVersion":null},"features":{"bw":false,"mobile":false,"tv":false,"proxy":false}}
DID: SCREEN: {"width":1366,"height":768}
http://findyourself/::load-page
IP: 127.0.0.1

#####
[2019-02-28 11:35:21]
TYPE: web
DATA: {"browser":{"fullName":"Chrome","name":"chrome","version":"68.0.3440","majorVersion":68,"minorVersion":0,"patchVersion":3440,"engine":"webkit"},"os":{"fullName":"Windows","name":"win","version":"10.0","versionName":"10","versionAltNames":[],"majorVersion":10,"minorVersion":0,"patchVersion":null},"features":{"bw":false,"mobile":false,"tv":false,"proxy":false}}
DID: SCREEN: {"width":1366,"height":768}
http://findyourself/::load-page
IP: 127.0.0.1

#####
[2019-02-28 11:35:34]
TYPE: web
DATA: {"browser":{"fullName":"Chrome","name":"chrome","version":"68.0.3440","majorVersion":68,"minorVersion":0,"patchVersion":3440,"engine":"webkit"},"os":{"fullName":"Windows","name":"win","version":"10.0","versionName":"10","versionAltNames":[],"majorVersion":10,"minorVersion":0,"patchVersion":null},"features":{"bw":false,"mobile":false,"tv":false,"proxy":false}}
DID: SCREEN: {"width":1366,"height":768}
http://findyourself/::load-page
IP: 127.0.0.1

#####
[2019-02-28 11:41:24]
TYPE: web
DATA: {"browser":{"fullName":"Chrome","name":"chrome","version":"68.0.3440","majorVersion":68,"minorVersion":0,"patchVersion":3440,"engine":"webkit"},"os":{"fullName":"Windows","name":"win","version":"10.0","versionName":"10","versionAltNames":[],"majorVersion":10,"minorVersion":0,"patchVersion":null},"features":{"bw":false,"mobile":false,"tv":false,"proxy":false}}
DID: SCREEN: {"width":1366,"height":768}
http://findyourself/::load-page
IP: 127.0.0.1

#####
[2019-02-28 11:41:27]
TYPE: web
DATA: {"browser":{"fullName":"Chrome","name":"chrome","version":"68.0.3440","majorVersion":68,"minorVersion":0,"patchVersion":3440,"engine":"webkit"},"os":{"fullName":"Windows","name":"win","version":"10.0","versionName":"10","versionAltNames":[],"majorVersion":10,"minorVersion":0,"patchVersion":null},"features":{"bw":false,"mobile":false,"tv":false,"proxy":false}}
DID: SCREEN: {"width":1366,"height":768}
http://findyourself/test/::load-page
IP: 127.0.0.1

#####
[2019-02-28 11:41:43]
TYPE: web
DATA: {"browser":{"fullName":"Chrome","name":"chrome","version":"68.0.3440","majorVersion":68,"minorVersion":0,"patchVersion":3440,"engine":"webkit"},"os":{"fullName":"Windows","name":"win","version":"10.0","versionName":"10","versionAltNames":[],"majorVersion":10,"minorVersion":0,"patchVersion":null},"features":{"bw":false,"mobile":false,"tv":false,"proxy":false}}
DID: SCREEN: {"width":1366,"height":768}
http://findyourself/#::load-page
IP: 127.0.0.1

#####
[2019-02-28 11:41:44]
TYPE: web
DATA: {"browser":{"fullName":"Chrome","name":"chrome","version":"68.0.3440","majorVersion":68,"minorVersion":0,"patchVersion":3440,"engine":"webkit"},"os":{"fullName":"Windows","name":"win","version":"10.0","versionName":"10","versionAltNames":[],"majorVersion":10,"minorVersion":0,"patchVersion":null},"features":{"bw":false,"mobile":false,"tv":false,"proxy":false}}
DID: SCREEN: {"width":1366,"height":768}
http://findyourself/#::load-page
IP: 127.0.0.1

#####
[2019-02-28 11:42:11]
TYPE: web
DATA: {"browser":{"fullName":"Chrome","name":"chrome","version":"68.0.3440","majorVersion":68,"minorVersion":0,"patchVersion":3440,"engine":"webkit"},"os":{"fullName":"Windows","name":"win","version":"10.0","versionName":"10","versionAltNames":[],"majorVersion":10,"minorVersion":0,"patchVersion":null},"features":{"bw":false,"mobile":false,"tv":false,"proxy":false}}
DID: SCREEN: {"width":1366,"height":768}
http://findyourself/news/17/Top-10 samih visokooplachivaemih professii v Belarusi/::load-page
IP: 127.0.0.1

#####
[2019-02-28 11:42:20]
TYPE: web
DATA: {"browser":{"fullName":"Chrome","name":"chrome","version":"68.0.3440","majorVersion":68,"minorVersion":0,"patchVersion":3440,"engine":"webkit"},"os":{"fullName":"Windows","name":"win","version":"10.0","versionName":"10","versionAltNames":[],"majorVersion":10,"minorVersion":0,"patchVersion":null},"features":{"bw":false,"mobile":false,"tv":false,"proxy":false}}
DID: SCREEN: {"width":1366,"height":768}
http://findyourself/test/::load-page
IP: 127.0.0.1

#####
[2019-02-28 11:42:27]
TYPE: web
DATA: {"browser":{"fullName":"Chrome","name":"chrome","version":"68.0.3440","majorVersion":68,"minorVersion":0,"patchVersion":3440,"engine":"webkit"},"os":{"fullName":"Windows","name":"win","version":"10.0","versionName":"10","versionAltNames":[],"majorVersion":10,"minorVersion":0,"patchVersion":null},"features":{"bw":false,"mobile":false,"tv":false,"proxy":false}}
DID: SCREEN: {"width":1366,"height":768}
http://findyourself/test/::test-result::[{"result":[0,7,7,0,7,8]}]
IP: 127.0.0.1

#####
[2019-02-28 11:42:50]
TYPE: web
DATA: {"browser":{"fullName":"Chrome","name":"chrome","version":"68.0.3440","majorVersion":68,"minorVersion":0,"patchVersion":3440,"engine":"webkit"},"os":{"fullName":"Windows","name":"win","version":"10.0","versionName":"10","versionAltNames":[],"majorVersion":10,"minorVersion":0,"patchVersion":null},"features":{"bw":false,"mobile":false,"tv":false,"proxy":false}}
DID: SCREEN: {"width":1366,"height":768}
http://findyourself/#::load-page
IP: 127.0.0.1

#####
[2019-02-28 11:44:09]
TYPE: web
DATA: {"browser":{"fullName":"Chrome","name":"chrome","version":"68.0.3440","majorVersion":68,"minorVersion":0,"patchVersion":3440,"engine":"webkit"},"os":{"fullName":"Windows","name":"win","version":"10.0","versionName":"10","versionAltNames":[],"majorVersion":10,"minorVersion":0,"patchVersion":null},"features":{"bw":false,"mobile":false,"tv":false,"proxy":false}}
DID: SCREEN: {"width":1366,"height":768}
http://findyourself/news/19/V Rossii nachnut razrabotku prilodzjeniya dlya udostovereniya lichnosti/::load-page
IP: 127.0.0.1

#####
[2019-02-28 11:44:14]
TYPE: web
DATA: {"browser":{"fullName":"Chrome","name":"chrome","version":"68.0.3440","majorVersion":68,"minorVersion":0,"patchVersion":3440,"engine":"webkit"},"os":{"fullName":"Windows","name":"win","version":"10.0","versionName":"10","versionAltNames":[],"majorVersion":10,"minorVersion":0,"patchVersion":null},"features":{"bw":false,"mobile":false,"tv":false,"proxy":false}}
DID: SCREEN: {"width":1366,"height":768}
http://findyourself/news/19/V Rossii nachnut razrabotku prilodzjeniya dlya udostovereniya lichnosti/::load-page
IP: 127.0.0.1

#####
[2019-02-28 11:44:15]
TYPE: web
DATA: {"browser":{"fullName":"Chrome","name":"chrome","version":"68.0.3440","majorVersion":68,"minorVersion":0,"patchVersion":3440,"engine":"webkit"},"os":{"fullName":"Windows","name":"win","version":"10.0","versionName":"10","versionAltNames":[],"majorVersion":10,"minorVersion":0,"patchVersion":null},"features":{"bw":false,"mobile":false,"tv":false,"proxy":false}}
DID: SCREEN: {"width":1366,"height":768}
http://findyourself/news/19/V Rossii nachnut razrabotku prilodzjeniya dlya udostovereniya lichnosti/::load-page
IP: 127.0.0.1

#####
[2019-02-28 11:44:16]
TYPE: web
DATA: {"browser":{"fullName":"Chrome","name":"chrome","version":"68.0.3440","majorVersion":68,"minorVersion":0,"patchVersion":3440,"engine":"webkit"},"os":{"fullName":"Windows","name":"win","version":"10.0","versionName":"10","versionAltNames":[],"majorVersion":10,"minorVersion":0,"patchVersion":null},"features":{"bw":false,"mobile":false,"tv":false,"proxy":false}}
DID: SCREEN: {"width":1366,"height":768}
http://findyourself/news/19/V Rossii nachnut razrabotku prilodzjeniya dlya udostovereniya lichnosti/::load-page
IP: 127.0.0.1

#####
[2019-02-28 11:44:16]
TYPE: web
DATA: {"browser":{"fullName":"Chrome","name":"chrome","version":"68.0.3440","majorVersion":68,"minorVersion":0,"patchVersion":3440,"engine":"webkit"},"os":{"fullName":"Windows","name":"win","version":"10.0","versionName":"10","versionAltNames":[],"majorVersion":10,"minorVersion":0,"patchVersion":null},"features":{"bw":false,"mobile":false,"tv":false,"proxy":false}}
DID: SCREEN: {"width":1366,"height":768}
http://findyourself/news/19/V Rossii nachnut razrabotku prilodzjeniya dlya udostovereniya lichnosti/::load-page
IP: 127.0.0.1

#####
[2019-02-28 11:44:17]
TYPE: web
DATA: {"browser":{"fullName":"Chrome","name":"chrome","version":"68.0.3440","majorVersion":68,"minorVersion":0,"patchVersion":3440,"engine":"webkit"},"os":{"fullName":"Windows","name":"win","version":"10.0","versionName":"10","versionAltNames":[],"majorVersion":10,"minorVersion":0,"patchVersion":null},"features":{"bw":false,"mobile":false,"tv":false,"proxy":false}}
DID: SCREEN: {"width":1366,"height":768}
http://findyourself/news/19/V Rossii nachnut razrabotku prilodzjeniya dlya udostovereniya lichnosti/::load-page
IP: 127.0.0.1

#####
[2019-02-28 11:44:17]
TYPE: web
DATA: {"browser":{"fullName":"Chrome","name":"chrome","version":"68.0.3440","majorVersion":68,"minorVersion":0,"patchVersion":3440,"engine":"webkit"},"os":{"fullName":"Windows","name":"win","version":"10.0","versionName":"10","versionAltNames":[],"majorVersion":10,"minorVersion":0,"patchVersion":null},"features":{"bw":false,"mobile":false,"tv":false,"proxy":false}}
DID: SCREEN: {"width":1366,"height":768}
http://findyourself/news/19/V Rossii nachnut razrabotku prilodzjeniya dlya udostovereniya lichnosti/::load-page
IP: 127.0.0.1

#####
[2019-02-28 11:44:19]
TYPE: web
DATA: {"browser":{"fullName":"Chrome","name":"chrome","version":"68.0.3440","majorVersion":68,"minorVersion":0,"patchVersion":3440,"engine":"webkit"},"os":{"fullName":"Windows","name":"win","version":"10.0","versionName":"10","versionAltNames":[],"majorVersion":10,"minorVersion":0,"patchVersion":null},"features":{"bw":false,"mobile":false,"tv":false,"proxy":false}}
DID: SCREEN: {"width":1366,"height":768}
http://findyourself/news/19/V Rossii nachnut razrabotku prilodzjeniya dlya udostovereniya lichnosti/::load-page
IP: 127.0.0.1

#####
[2019-02-28 11:44:20]
TYPE: web
DATA: {"browser":{"fullName":"Chrome","name":"chrome","version":"68.0.3440","majorVersion":68,"minorVersion":0,"patchVersion":3440,"engine":"webkit"},"os":{"fullName":"Windows","name":"win","version":"10.0","versionName":"10","versionAltNames":[],"majorVersion":10,"minorVersion":0,"patchVersion":null},"features":{"bw":false,"mobile":false,"tv":false,"proxy":false}}
DID: SCREEN: {"width":1366,"height":768}
http://findyourself/news/19/V Rossii nachnut razrabotku prilodzjeniya dlya udostovereniya lichnosti/::load-page
IP: 127.0.0.1

#####
[2019-02-28 11:44:20]
TYPE: web
DATA: {"browser":{"fullName":"Chrome","name":"chrome","version":"68.0.3440","majorVersion":68,"minorVersion":0,"patchVersion":3440,"engine":"webkit"},"os":{"fullName":"Windows","name":"win","version":"10.0","versionName":"10","versionAltNames":[],"majorVersion":10,"minorVersion":0,"patchVersion":null},"features":{"bw":false,"mobile":false,"tv":false,"proxy":false}}
DID: SCREEN: {"width":1366,"height":768}
http://findyourself/news/19/V Rossii nachnut razrabotku prilodzjeniya dlya udostovereniya lichnosti/::load-page
IP: 127.0.0.1

#####
[2019-02-28 11:44:21]
TYPE: web
DATA: {"browser":{"fullName":"Chrome","name":"chrome","version":"68.0.3440","majorVersion":68,"minorVersion":0,"patchVersion":3440,"engine":"webkit"},"os":{"fullName":"Windows","name":"win","version":"10.0","versionName":"10","versionAltNames":[],"majorVersion":10,"minorVersion":0,"patchVersion":null},"features":{"bw":false,"mobile":false,"tv":false,"proxy":false}}
DID: SCREEN: {"width":1366,"height":768}
http://findyourself/news/19/V Rossii nachnut razrabotku prilodzjeniya dlya udostovereniya lichnosti/::load-page
IP: 127.0.0.1

#####
[2019-02-28 11:44:22]
TYPE: web
DATA: {"browser":{"fullName":"Chrome","name":"chrome","version":"68.0.3440","majorVersion":68,"minorVersion":0,"patchVersion":3440,"engine":"webkit"},"os":{"fullName":"Windows","name":"win","version":"10.0","versionName":"10","versionAltNames":[],"majorVersion":10,"minorVersion":0,"patchVersion":null},"features":{"bw":false,"mobile":false,"tv":false,"proxy":false}}
DID: SCREEN: {"width":1366,"height":768}
http://findyourself/news/19/V Rossii nachnut razrabotku prilodzjeniya dlya udostovereniya lichnosti/::load-page
IP: 127.0.0.1

#####
[2019-02-28 11:44:22]
TYPE: web
DATA: {"browser":{"fullName":"Chrome","name":"chrome","version":"68.0.3440","majorVersion":68,"minorVersion":0,"patchVersion":3440,"engine":"webkit"},"os":{"fullName":"Windows","name":"win","version":"10.0","versionName":"10","versionAltNames":[],"majorVersion":10,"minorVersion":0,"patchVersion":null},"features":{"bw":false,"mobile":false,"tv":false,"proxy":false}}
DID: SCREEN: {"width":1366,"height":768}
http://findyourself/news/19/V Rossii nachnut razrabotku prilodzjeniya dlya udostovereniya lichnosti/::load-page
IP: 127.0.0.1

#####
[2019-02-28 11:44:23]
TYPE: web
DATA: {"browser":{"fullName":"Chrome","name":"chrome","version":"68.0.3440","majorVersion":68,"minorVersion":0,"patchVersion":3440,"engine":"webkit"},"os":{"fullName":"Windows","name":"win","version":"10.0","versionName":"10","versionAltNames":[],"majorVersion":10,"minorVersion":0,"patchVersion":null},"features":{"bw":false,"mobile":false,"tv":false,"proxy":false}}
DID: SCREEN: {"width":1366,"height":768}
http://findyourself/news/19/V Rossii nachnut razrabotku prilodzjeniya dlya udostovereniya lichnosti/::load-page
IP: 127.0.0.1

#####
[2019-02-28 11:44:24]
TYPE: web
DATA: {"browser":{"fullName":"Chrome","name":"chrome","version":"68.0.3440","majorVersion":68,"minorVersion":0,"patchVersion":3440,"engine":"webkit"},"os":{"fullName":"Windows","name":"win","version":"10.0","versionName":"10","versionAltNames":[],"majorVersion":10,"minorVersion":0,"patchVersion":null},"features":{"bw":false,"mobile":false,"tv":false,"proxy":false}}
DID: SCREEN: {"width":1366,"height":768}
http://findyourself/news/19/V Rossii nachnut razrabotku prilodzjeniya dlya udostovereniya lichnosti/::load-page
IP: 127.0.0.1

#####
[2019-02-28 11:44:24]
TYPE: web
DATA: {"browser":{"fullName":"Chrome","name":"chrome","version":"68.0.3440","majorVersion":68,"minorVersion":0,"patchVersion":3440,"engine":"webkit"},"os":{"fullName":"Windows","name":"win","version":"10.0","versionName":"10","versionAltNames":[],"majorVersion":10,"minorVersion":0,"patchVersion":null},"features":{"bw":false,"mobile":false,"tv":false,"proxy":false}}
DID: SCREEN: {"width":1366,"height":768}
http://findyourself/news/19/V Rossii nachnut razrabotku prilodzjeniya dlya udostovereniya lichnosti/::load-page
IP: 127.0.0.1

#####
[2019-02-28 11:44:25]
TYPE: web
DATA: {"browser":{"fullName":"Chrome","name":"chrome","version":"68.0.3440","majorVersion":68,"minorVersion":0,"patchVersion":3440,"engine":"webkit"},"os":{"fullName":"Windows","name":"win","version":"10.0","versionName":"10","versionAltNames":[],"majorVersion":10,"minorVersion":0,"patchVersion":null},"features":{"bw":false,"mobile":false,"tv":false,"proxy":false}}
DID: SCREEN: {"width":1366,"height":768}
http://findyourself/news/19/V Rossii nachnut razrabotku prilodzjeniya dlya udostovereniya lichnosti/::load-page
IP: 127.0.0.1

#####
[2019-02-28 11:45:29]
TYPE: web
DATA: {"browser":{"fullName":"Chrome","name":"chrome","version":"68.0.3440","majorVersion":68,"minorVersion":0,"patchVersion":3440,"engine":"webkit"},"os":{"fullName":"Windows","name":"win","version":"10.0","versionName":"10","versionAltNames":[],"majorVersion":10,"minorVersion":0,"patchVersion":null},"features":{"bw":false,"mobile":false,"tv":false,"proxy":false}}
DID: SCREEN: {"width":1366,"height":768}
http://findyourself/download-app/::load-page
IP: 127.0.0.1

#####
[2019-02-28 11:47:10]
TYPE: web
DATA: {"browser":{"fullName":"Chrome","name":"chrome","version":"68.0.3440","majorVersion":68,"minorVersion":0,"patchVersion":3440,"engine":"webkit"},"os":{"fullName":"Windows","name":"win","version":"10.0","versionName":"10","versionAltNames":[],"majorVersion":10,"minorVersion":0,"patchVersion":null},"features":{"bw":false,"mobile":false,"tv":false,"proxy":false}}
DID: SCREEN: {"width":1366,"height":768}
http://findyourself/#::load-page
IP: 127.0.0.1

#####
[2019-02-28 11:53:59]
TYPE: web
DATA: {"browser":{"fullName":"Chrome","name":"chrome","version":"68.0.3440","majorVersion":68,"minorVersion":0,"patchVersion":3440,"engine":"webkit"},"os":{"fullName":"Windows","name":"win","version":"10.0","versionName":"10","versionAltNames":[],"majorVersion":10,"minorVersion":0,"patchVersion":null},"features":{"bw":false,"mobile":false,"tv":false,"proxy":false}}
DID: SCREEN: {"width":1366,"height":768}
http://findyourself/#::load-page
IP: 127.0.0.1

#####
[2019-02-28 11:56:43]
TYPE: web
DATA: {"browser":{"fullName":"Chrome","name":"chrome","version":"68.0.3440","majorVersion":68,"minorVersion":0,"patchVersion":3440,"engine":"webkit"},"os":{"fullName":"Windows","name":"win","version":"10.0","versionName":"10","versionAltNames":[],"majorVersion":10,"minorVersion":0,"patchVersion":null},"features":{"bw":false,"mobile":false,"tv":false,"proxy":false}}
DID: SCREEN: {"width":1366,"height":768}
http://findyourself/#::load-page
IP: 127.0.0.1

#####
[2019-02-28 12:01:02]
TYPE: web
DATA: {"browser":{"fullName":"Chrome","name":"chrome","version":"68.0.3440","majorVersion":68,"minorVersion":0,"patchVersion":3440,"engine":"webkit"},"os":{"fullName":"Windows","name":"win","version":"10.0","versionName":"10","versionAltNames":[],"majorVersion":10,"minorVersion":0,"patchVersion":null},"features":{"bw":false,"mobile":false,"tv":false,"proxy":false}}
DID: SCREEN: {"width":1366,"height":768}
http://findyourself/#::load-page
IP: 127.0.0.1

#####
[2019-02-28 12:01:20]
TYPE: web
DATA: {"browser":{"fullName":"Chrome","name":"chrome","version":"68.0.3440","majorVersion":68,"minorVersion":0,"patchVersion":3440,"engine":"webkit"},"os":{"fullName":"Windows","name":"win","version":"10.0","versionName":"10","versionAltNames":[],"majorVersion":10,"minorVersion":0,"patchVersion":null},"features":{"bw":false,"mobile":false,"tv":false,"proxy":false}}
DID: SCREEN: {"width":1366,"height":768}
http://findyourself/#::load-page
IP: 127.0.0.1

#####
[2019-02-28 12:01:47]
TYPE: web
DATA: {"browser":{"fullName":"Chrome","name":"chrome","version":"68.0.3440","majorVersion":68,"minorVersion":0,"patchVersion":3440,"engine":"webkit"},"os":{"fullName":"Windows","name":"win","version":"10.0","versionName":"10","versionAltNames":[],"majorVersion":10,"minorVersion":0,"patchVersion":null},"features":{"bw":false,"mobile":false,"tv":false,"proxy":false}}
DID: SCREEN: {"width":1366,"height":768}
http://findyourself/#::load-page
IP: 127.0.0.1

#####
[2019-02-28 19:56:13]
TYPE: web
DATA: {"browser":{"fullName":"Chrome","name":"chrome","version":"68.0.3440","majorVersion":68,"minorVersion":0,"patchVersion":3440,"engine":"webkit"},"os":{"fullName":"Windows","name":"win","version":"10.0","versionName":"10","versionAltNames":[],"majorVersion":10,"minorVersion":0,"patchVersion":null},"features":{"bw":false,"mobile":false,"tv":false,"proxy":false}}
DID: SCREEN: {"width":1366,"height":768}
http://findyourself/::load-page
IP: 127.0.0.1

#####
[2019-02-28 19:57:05]
TYPE: web
DATA: {"browser":{"fullName":"Chrome","name":"chrome","version":"68.0.3440","majorVersion":68,"minorVersion":0,"patchVersion":3440,"engine":"webkit"},"os":{"fullName":"Windows","name":"win","version":"10.0","versionName":"10","versionAltNames":[],"majorVersion":10,"minorVersion":0,"patchVersion":null},"features":{"bw":false,"mobile":false,"tv":false,"proxy":false}}
DID: SCREEN: {"width":1366,"height":768}
http://findyourself/test/::load-page
IP: 127.0.0.1

#####
[2019-02-28 19:57:18]
TYPE: web
DATA: {"browser":{"fullName":"Chrome","name":"chrome","version":"68.0.3440","majorVersion":68,"minorVersion":0,"patchVersion":3440,"engine":"webkit"},"os":{"fullName":"Windows","name":"win","version":"10.0","versionName":"10","versionAltNames":[],"majorVersion":10,"minorVersion":0,"patchVersion":null},"features":{"bw":false,"mobile":false,"tv":false,"proxy":false}}
DID: SCREEN: {"width":1366,"height":768}
http://findyourself/test/::test-result::[{"result":[0,0,7,7,14,15]}]
IP: 127.0.0.1

#####
[2019-02-28 19:57:24]
TYPE: web
DATA: {"browser":{"fullName":"Chrome","name":"chrome","version":"68.0.3440","majorVersion":68,"minorVersion":0,"patchVersion":3440,"engine":"webkit"},"os":{"fullName":"Windows","name":"win","version":"10.0","versionName":"10","versionAltNames":[],"majorVersion":10,"minorVersion":0,"patchVersion":null},"features":{"bw":false,"mobile":false,"tv":false,"proxy":false}}
DID: SCREEN: {"width":1366,"height":768}
http://findyourself/download-app/::load-page
IP: 127.0.0.1

#####
[2019-02-28 19:57:33]
TYPE: web
DATA: {"browser":{"fullName":"Chrome","name":"chrome","version":"68.0.3440","majorVersion":68,"minorVersion":0,"patchVersion":3440,"engine":"webkit"},"os":{"fullName":"Windows","name":"win","version":"10.0","versionName":"10","versionAltNames":[],"majorVersion":10,"minorVersion":0,"patchVersion":null},"features":{"bw":false,"mobile":false,"tv":false,"proxy":false}}
DID: SCREEN: {"width":1366,"height":768}
http://findyourself/#::load-page
IP: 127.0.0.1

#####
[2019-02-28 19:59:17]
TYPE: web
DATA: {"browser":{"fullName":"Chrome","name":"chrome","version":"68.0.3440","majorVersion":68,"minorVersion":0,"patchVersion":3440,"engine":"webkit"},"os":{"fullName":"Windows","name":"win","version":"10.0","versionName":"10","versionAltNames":[],"majorVersion":10,"minorVersion":0,"patchVersion":null},"features":{"bw":false,"mobile":false,"tv":false,"proxy":false}}
DID: SCREEN: {"width":1366,"height":768}
http://findyourself/#::load-page
IP: 127.0.0.1

#####
[2019-02-28 19:59:24]
TYPE: web
DATA: {"browser":{"fullName":"Chrome","name":"chrome","version":"68.0.3440","majorVersion":68,"minorVersion":0,"patchVersion":3440,"engine":"webkit"},"os":{"fullName":"Windows","name":"win","version":"10.0","versionName":"10","versionAltNames":[],"majorVersion":10,"minorVersion":0,"patchVersion":null},"features":{"bw":false,"mobile":false,"tv":false,"proxy":false}}
DID: SCREEN: {"width":1366,"height":768}
http://findyourself/#::load-page
IP: 127.0.0.1

#####
[2019-02-28 20:00:48]
TYPE: web
DATA: {"browser":{"fullName":"Chrome","name":"chrome","version":"68.0.3440","majorVersion":68,"minorVersion":0,"patchVersion":3440,"engine":"webkit"},"os":{"fullName":"Windows","name":"win","version":"10.0","versionName":"10","versionAltNames":[],"majorVersion":10,"minorVersion":0,"patchVersion":null},"features":{"bw":false,"mobile":false,"tv":false,"proxy":false}}
DID: SCREEN: {"width":1366,"height":768}
http://findyourself/test/::load-page
IP: 127.0.0.1

#####
[2019-02-28 20:00:56]
TYPE: web
DATA: {"browser":{"fullName":"Chrome","name":"chrome","version":"68.0.3440","majorVersion":68,"minorVersion":0,"patchVersion":3440,"engine":"webkit"},"os":{"fullName":"Windows","name":"win","version":"10.0","versionName":"10","versionAltNames":[],"majorVersion":10,"minorVersion":0,"patchVersion":null},"features":{"bw":false,"mobile":false,"tv":false,"proxy":false}}
DID: SCREEN: {"width":1366,"height":768}
http://findyourself/test/::test-result::[{"result":[0,0,7,14,0,8]}]
IP: 127.0.0.1

#####
[2019-02-28 20:01:02]
TYPE: web
DATA: {"browser":{"fullName":"Chrome","name":"chrome","version":"68.0.3440","majorVersion":68,"minorVersion":0,"patchVersion":3440,"engine":"webkit"},"os":{"fullName":"Windows","name":"win","version":"10.0","versionName":"10","versionAltNames":[],"majorVersion":10,"minorVersion":0,"patchVersion":null},"features":{"bw":false,"mobile":false,"tv":false,"proxy":false}}
DID: SCREEN: {"width":1366,"height":768}
http://findyourself/download-app/::load-page
IP: 127.0.0.1

#####
[2019-02-28 20:01:06]
TYPE: web
DATA: {"browser":{"fullName":"Chrome","name":"chrome","version":"68.0.3440","majorVersion":68,"minorVersion":0,"patchVersion":3440,"engine":"webkit"},"os":{"fullName":"Windows","name":"win","version":"10.0","versionName":"10","versionAltNames":[],"majorVersion":10,"minorVersion":0,"patchVersion":null},"features":{"bw":false,"mobile":false,"tv":false,"proxy":false}}
DID: SCREEN: {"width":1366,"height":768}
http://findyourself/#::load-page
IP: 127.0.0.1

#####
[2019-02-28 20:02:15]
TYPE: web
DATA: {"browser":{"fullName":"Chrome","name":"chrome","version":"68.0.3440","majorVersion":68,"minorVersion":0,"patchVersion":3440,"engine":"webkit"},"os":{"fullName":"Windows","name":"win","version":"10.0","versionName":"10","versionAltNames":[],"majorVersion":10,"minorVersion":0,"patchVersion":null},"features":{"bw":false,"mobile":false,"tv":false,"proxy":false}}
DID: SCREEN: {"width":1366,"height":768}
http://findyourself/#::load-page
IP: 127.0.0.1

#####
[2019-02-28 20:02:17]
TYPE: web
DATA: {"browser":{"fullName":"Chrome","name":"chrome","version":"68.0.3440","majorVersion":68,"minorVersion":0,"patchVersion":3440,"engine":"webkit"},"os":{"fullName":"Windows","name":"win","version":"10.0","versionName":"10","versionAltNames":[],"majorVersion":10,"minorVersion":0,"patchVersion":null},"features":{"bw":false,"mobile":false,"tv":false,"proxy":false}}
DID: SCREEN: {"width":1366,"height":768}
http://findyourself/#::load-page
IP: 127.0.0.1

#####
[2019-02-28 20:02:51]
TYPE: web
DATA: {"browser":{"fullName":"Chrome","name":"chrome","version":"68.0.3440","majorVersion":68,"minorVersion":0,"patchVersion":3440,"engine":"webkit"},"os":{"fullName":"Windows","name":"win","version":"10.0","versionName":"10","versionAltNames":[],"majorVersion":10,"minorVersion":0,"patchVersion":null},"features":{"bw":false,"mobile":false,"tv":false,"proxy":false}}
DID: SCREEN: {"width":1366,"height":768}
http://findyourself/news/17/Top-10 samih visokooplachivaemih professii v Belarusi/::load-page
IP: 127.0.0.1

#####
[2019-02-28 20:02:57]
TYPE: web
DATA: {"browser":{"fullName":"Chrome","name":"chrome","version":"68.0.3440","majorVersion":68,"minorVersion":0,"patchVersion":3440,"engine":"webkit"},"os":{"fullName":"Windows","name":"win","version":"10.0","versionName":"10","versionAltNames":[],"majorVersion":10,"minorVersion":0,"patchVersion":null},"features":{"bw":false,"mobile":false,"tv":false,"proxy":false}}
DID: SCREEN: {"width":1366,"height":768}
http://findyourself/test/::load-page
IP: 127.0.0.1

#####
[2019-02-28 20:03:09]
TYPE: web
DATA: {"browser":{"fullName":"Chrome","name":"chrome","version":"68.0.3440","majorVersion":68,"minorVersion":0,"patchVersion":3440,"engine":"webkit"},"os":{"fullName":"Windows","name":"win","version":"10.0","versionName":"10","versionAltNames":[],"majorVersion":10,"minorVersion":0,"patchVersion":null},"features":{"bw":false,"mobile":false,"tv":false,"proxy":false}}
DID: SCREEN: {"width":1366,"height":768}
http://findyourself/test/::test-result::[{"result":[13,7,13,0,7,0]}]
IP: 127.0.0.1

#####
[2019-02-28 20:03:14]
TYPE: web
DATA: {"browser":{"fullName":"Chrome","name":"chrome","version":"68.0.3440","majorVersion":68,"minorVersion":0,"patchVersion":3440,"engine":"webkit"},"os":{"fullName":"Windows","name":"win","version":"10.0","versionName":"10","versionAltNames":[],"majorVersion":10,"minorVersion":0,"patchVersion":null},"features":{"bw":false,"mobile":false,"tv":false,"proxy":false}}
DID: SCREEN: {"width":1366,"height":768}
http://findyourself/download-app/::load-page
IP: 127.0.0.1

#####
[2019-02-28 20:03:20]
TYPE: web
DATA: {"browser":{"fullName":"Chrome","name":"chrome","version":"68.0.3440","majorVersion":68,"minorVersion":0,"patchVersion":3440,"engine":"webkit"},"os":{"fullName":"Windows","name":"win","version":"10.0","versionName":"10","versionAltNames":[],"majorVersion":10,"minorVersion":0,"patchVersion":null},"features":{"bw":false,"mobile":false,"tv":false,"proxy":false}}
DID: SCREEN: {"width":1366,"height":768}
http://findyourself/#::load-page
IP: 127.0.0.1
